[ 2016-05-24T15:46:57+08:00 ] 127.0.0.1 /index.php/Note/Index/index.shtml
INFO: [ app_init ] --START--
INFO: Run Behavior\BuildLiteBehavior [ RunTime:0.000000s ]
INFO: [ app_init ] --END-- [ RunTime:0.000000s ]
INFO: [ app_begin ] --START--
INFO: Run Behavior\ReadHtmlCacheBehavior [ RunTime:0.002000s ]
INFO: [ app_begin ] --END-- [ RunTime:0.002000s ]
SQL: SHOW COLUMNS FROM `nb_note` [ RunTime:0.0040s ]
SQL: SELECT COUNT(*) AS tp_count FROM `nb_note` WHERE ( username="Echo"and notetitle like "%%" and noteremark1 like "%%" ) LIMIT 1   [ RunTime:0.0000s ]
SQL: SELECT * FROM `nb_note` WHERE ( username="Echo"and notetitle like "%%" and noteremark1 like "%%" ) ORDER BY noteid desc LIMIT 0,12   [ RunTime:0.0010s ]
ERR: 1146:Table 'noteblog.nb_cat' doesn't exist
 [ SQL语句 ] : SHOW COLUMNS FROM `nb_cat`
ERR: 1146:Table 'noteblog.nb_cat' doesn't exist
 [ SQL语句 ] : SHOW COLUMNS FROM `nb_cat`

[ 2016-05-24T15:54:19+08:00 ] 127.0.0.1 /index.php/Note/Index/index.shtml
INFO: [ app_init ] --START--
INFO: Run Behavior\BuildLiteBehavior [ RunTime:0.000000s ]
INFO: [ app_init ] --END-- [ RunTime:0.000000s ]
INFO: [ app_begin ] --START--
INFO: Run Behavior\ReadHtmlCacheBehavior [ RunTime:0.000000s ]
INFO: [ app_begin ] --END-- [ RunTime:0.000000s ]
SQL: SHOW COLUMNS FROM `nb_note` [ RunTime:0.0050s ]
SQL: SELECT COUNT(*) AS tp_count FROM `nb_note` WHERE ( username="Echo"and notetitle like "%%" and noteremark1 like "%%" ) LIMIT 1   [ RunTime:0.0000s ]
SQL: SELECT * FROM `nb_note` WHERE ( username="Echo"and notetitle like "%%" and noteremark1 like "%%" ) ORDER BY noteid desc LIMIT 0,12   [ RunTime:0.0010s ]
SQL: SHOW COLUMNS FROM `nb_cat` [ RunTime:0.0040s ]
SQL: SELECT * FROM `nb_cat` WHERE ( username="Echo" )  [ RunTime:0.0000s ]
INFO: [ view_parse ] --START--
INFO: [ template_filter ] --START--
INFO: Run Behavior\ContentReplaceBehavior [ RunTime:0.000000s ]
INFO: [ template_filter ] --END-- [ RunTime:0.000000s ]
INFO: Run Behavior\ParseTemplateBehavior [ RunTime:0.083005s ]
INFO: [ view_parse ] --END-- [ RunTime:0.083005s ]
INFO: [ view_filter ] --START--
INFO: Run Behavior\WriteHtmlCacheBehavior [ RunTime:0.001000s ]
INFO: [ view_filter ] --END-- [ RunTime:0.001000s ]
INFO: [ app_end ] --START--
INFO: Run Behavior\ShowPageTraceBehavior [ RunTime:0.002000s ]
INFO: [ app_end ] --END-- [ RunTime:0.002000s ]

[ 2016-05-24T15:54:30+08:00 ] 127.0.0.1 /index.php/Note/Index/index.shtml
INFO: [ app_init ] --START--
INFO: Run Behavior\BuildLiteBehavior [ RunTime:0.000000s ]
INFO: [ app_init ] --END-- [ RunTime:0.000000s ]
INFO: [ app_begin ] --START--
INFO: Run Behavior\ReadHtmlCacheBehavior [ RunTime:0.001000s ]
INFO: [ app_begin ] --END-- [ RunTime:0.001000s ]
SQL: SHOW COLUMNS FROM `nb_note` [ RunTime:0.0060s ]
SQL: SELECT COUNT(*) AS tp_count FROM `nb_note` WHERE ( username="Echo"and notetitle like "%%" and noteremark1 like "%%" ) LIMIT 1   [ RunTime:0.0010s ]
SQL: SELECT * FROM `nb_note` WHERE ( username="Echo"and notetitle like "%%" and noteremark1 like "%%" ) ORDER BY noteid desc LIMIT 0,12   [ RunTime:0.0000s ]
SQL: SHOW COLUMNS FROM `nb_cat` [ RunTime:0.0050s ]
SQL: SELECT * FROM `nb_cat` WHERE ( username="Echo" )  [ RunTime:0.0010s ]
INFO: [ view_parse ] --START--
INFO: [ template_filter ] --START--
INFO: Run Behavior\ContentReplaceBehavior [ RunTime:0.000000s ]
INFO: [ template_filter ] --END-- [ RunTime:0.000000s ]
INFO: Run Behavior\ParseTemplateBehavior [ RunTime:0.023002s ]
INFO: [ view_parse ] --END-- [ RunTime:0.023002s ]
INFO: [ view_filter ] --START--
INFO: Run Behavior\WriteHtmlCacheBehavior [ RunTime:0.001000s ]
INFO: [ view_filter ] --END-- [ RunTime:0.001000s ]
INFO: [ app_end ] --START--
INFO: Run Behavior\ShowPageTraceBehavior [ RunTime:0.001000s ]
INFO: [ app_end ] --END-- [ RunTime:0.001000s ]

[ 2016-05-24T16:08:11+08:00 ] 127.0.0.1 /index.php/Note/Index/index.shtml
INFO: [ app_init ] --START--
INFO: Run Behavior\BuildLiteBehavior [ RunTime:0.000000s ]
INFO: [ app_init ] --END-- [ RunTime:0.001000s ]
INFO: [ app_begin ] --START--
INFO: Run Behavior\ReadHtmlCacheBehavior [ RunTime:0.014001s ]
INFO: [ app_begin ] --END-- [ RunTime:0.015001s ]
SQL: SHOW COLUMNS FROM `nb_note` [ RunTime:0.0090s ]
SQL: SELECT COUNT(*) AS tp_count FROM `nb_note` WHERE ( username="Echo"and notetitle like "%%" and noteremark1 like "%%" ) LIMIT 1   [ RunTime:0.0010s ]
SQL: SELECT * FROM `nb_note` WHERE ( username="Echo"and notetitle like "%%" and noteremark1 like "%%" ) ORDER BY noteid desc LIMIT 0,12   [ RunTime:0.0010s ]
SQL: SHOW COLUMNS FROM `nb_cat` [ RunTime:0.0070s ]
SQL: SELECT * FROM `nb_cat` WHERE ( username="Echo" )  [ RunTime:0.0020s ]
INFO: [ view_parse ] --START--
INFO: [ template_filter ] --START--
INFO: Run Behavior\ContentReplaceBehavior [ RunTime:0.000000s ]
INFO: [ template_filter ] --END-- [ RunTime:0.000000s ]
INFO: Run Behavior\ParseTemplateBehavior [ RunTime:0.192011s ]
INFO: [ view_parse ] --END-- [ RunTime:0.192011s ]
INFO: [ view_filter ] --START--
INFO: Run Behavior\WriteHtmlCacheBehavior [ RunTime:0.015001s ]
INFO: [ view_filter ] --END-- [ RunTime:0.015001s ]
INFO: [ app_end ] --START--
INFO: Run Behavior\ShowPageTraceBehavior [ RunTime:0.012001s ]
INFO: [ app_end ] --END-- [ RunTime:0.012001s ]

[ 2016-05-24T16:09:03+08:00 ] 127.0.0.1 /index.php/Note/Index/index.shtml
INFO: [ app_init ] --START--
INFO: Run Behavior\BuildLiteBehavior [ RunTime:0.000000s ]
INFO: [ app_init ] --END-- [ RunTime:0.000000s ]
INFO: [ app_begin ] --START--
INFO: Run Behavior\ReadHtmlCacheBehavior [ RunTime:0.001000s ]
INFO: [ app_begin ] --END-- [ RunTime:0.001000s ]
SQL: SHOW COLUMNS FROM `nb_note` [ RunTime:0.0160s ]
SQL: SELECT COUNT(*) AS tp_count FROM `nb_note` WHERE ( username="Echo"and notetitle like "%%" and noteremark1 like "%%" ) LIMIT 1   [ RunTime:0.0010s ]
SQL: SELECT * FROM `nb_note` WHERE ( username="Echo"and notetitle like "%%" and noteremark1 like "%%" ) ORDER BY noteid desc LIMIT 0,12   [ RunTime:0.0000s ]
SQL: SHOW COLUMNS FROM `nb_cat` [ RunTime:0.0060s ]
SQL: SELECT * FROM `nb_cat` WHERE ( username="Echo" )  [ RunTime:0.0010s ]
INFO: [ view_parse ] --START--
INFO: [ template_filter ] --START--
INFO: Run Behavior\ContentReplaceBehavior [ RunTime:0.000000s ]
INFO: [ template_filter ] --END-- [ RunTime:0.000000s ]

[ 2016-05-24T16:09:13+08:00 ] 127.0.0.1 /index.php/Note/Index/index.shtml
INFO: [ app_init ] --START--
INFO: Run Behavior\BuildLiteBehavior [ RunTime:0.000000s ]
INFO: [ app_init ] --END-- [ RunTime:0.001000s ]
INFO: [ app_begin ] --START--
INFO: Run Behavior\ReadHtmlCacheBehavior [ RunTime:0.000000s ]
INFO: [ app_begin ] --END-- [ RunTime:0.001000s ]
SQL: SHOW COLUMNS FROM `nb_note` [ RunTime:0.0040s ]
SQL: SELECT COUNT(*) AS tp_count FROM `nb_note` WHERE ( username="Echo"and notetitle like "%%" and noteremark1 like "%%" ) LIMIT 1   [ RunTime:0.0000s ]
SQL: SELECT * FROM `nb_note` WHERE ( username="Echo"and notetitle like "%%" and noteremark1 like "%%" ) ORDER BY noteid desc LIMIT 0,12   [ RunTime:0.0000s ]
SQL: SHOW COLUMNS FROM `nb_cat` [ RunTime:0.0030s ]
SQL: SELECT * FROM `nb_cat` WHERE ( username="Echo" )  [ RunTime:0.0000s ]
INFO: [ view_parse ] --START--
INFO: [ template_filter ] --START--
INFO: Run Behavior\ContentReplaceBehavior [ RunTime:0.000000s ]
INFO: [ template_filter ] --END-- [ RunTime:0.000000s ]

[ 2016-05-24T16:09:23+08:00 ] 127.0.0.1 /index.php/Note/Index/index.shtml
INFO: [ app_init ] --START--
INFO: Run Behavior\BuildLiteBehavior [ RunTime:0.000000s ]
INFO: [ app_init ] --END-- [ RunTime:0.001000s ]
INFO: [ app_begin ] --START--
INFO: Run Behavior\ReadHtmlCacheBehavior [ RunTime:0.001000s ]
INFO: [ app_begin ] --END-- [ RunTime:0.001000s ]
SQL: SHOW COLUMNS FROM `nb_note` [ RunTime:0.0030s ]
SQL: SELECT COUNT(*) AS tp_count FROM `nb_note` WHERE ( username="Echo"and notetitle like "%%" and noteremark1 like "%%" ) LIMIT 1   [ RunTime:0.0010s ]
SQL: SELECT * FROM `nb_note` WHERE ( username="Echo"and notetitle like "%%" and noteremark1 like "%%" ) ORDER BY noteid desc LIMIT 0,12   [ RunTime:0.0000s ]
SQL: SHOW COLUMNS FROM `nb_cat` [ RunTime:0.0030s ]
SQL: SELECT * FROM `nb_cat` WHERE ( username="Echo" )  [ RunTime:0.0000s ]
INFO: [ view_parse ] --START--
INFO: [ template_filter ] --START--
INFO: Run Behavior\ContentReplaceBehavior [ RunTime:0.000000s ]
INFO: [ template_filter ] --END-- [ RunTime:0.001000s ]
NOTIC: [8] Use of undefined constant noteurl - assumed 'noteurl' D:\wamp\www\wht\Application\Runtime\Cache\Note\b2300c7ce5ab4f83937b911a6a0e3d9e.php 第 206 行.
NOTIC: [8] Array to string conversion D:\wamp\www\wht\Application\Runtime\Cache\Note\b2300c7ce5ab4f83937b911a6a0e3d9e.php 第 206 行.
NOTIC: [8] Use of undefined constant noteurl - assumed 'noteurl' D:\wamp\www\wht\Application\Runtime\Cache\Note\b2300c7ce5ab4f83937b911a6a0e3d9e.php 第 206 行.
NOTIC: [8] Array to string conversion D:\wamp\www\wht\Application\Runtime\Cache\Note\b2300c7ce5ab4f83937b911a6a0e3d9e.php 第 206 行.
NOTIC: [8] Use of undefined constant noteurl - assumed 'noteurl' D:\wamp\www\wht\Application\Runtime\Cache\Note\b2300c7ce5ab4f83937b911a6a0e3d9e.php 第 206 行.
NOTIC: [8] Array to string conversion D:\wamp\www\wht\Application\Runtime\Cache\Note\b2300c7ce5ab4f83937b911a6a0e3d9e.php 第 206 行.
NOTIC: [8] Use of undefined constant noteurl - assumed 'noteurl' D:\wamp\www\wht\Application\Runtime\Cache\Note\b2300c7ce5ab4f83937b911a6a0e3d9e.php 第 206 行.
NOTIC: [8] Array to string conversion D:\wamp\www\wht\Application\Runtime\Cache\Note\b2300c7ce5ab4f83937b911a6a0e3d9e.php 第 206 行.
NOTIC: [8] Use of undefined constant noteurl - assumed 'noteurl' D:\wamp\www\wht\Application\Runtime\Cache\Note\b2300c7ce5ab4f83937b911a6a0e3d9e.php 第 206 行.
NOTIC: [8] Array to string conversion D:\wamp\www\wht\Application\Runtime\Cache\Note\b2300c7ce5ab4f83937b911a6a0e3d9e.php 第 206 行.
NOTIC: [8] Use of undefined constant noteurl - assumed 'noteurl' D:\wamp\www\wht\Application\Runtime\Cache\Note\b2300c7ce5ab4f83937b911a6a0e3d9e.php 第 206 行.
NOTIC: [8] Array to string conversion D:\wamp\www\wht\Application\Runtime\Cache\Note\b2300c7ce5ab4f83937b911a6a0e3d9e.php 第 206 行.
NOTIC: [8] Use of undefined constant noteurl - assumed 'noteurl' D:\wamp\www\wht\Application\Runtime\Cache\Note\b2300c7ce5ab4f83937b911a6a0e3d9e.php 第 206 行.
NOTIC: [8] Array to string conversion D:\wamp\www\wht\Application\Runtime\Cache\Note\b2300c7ce5ab4f83937b911a6a0e3d9e.php 第 206 行.
NOTIC: [8] Use of undefined constant noteurl - assumed 'noteurl' D:\wamp\www\wht\Application\Runtime\Cache\Note\b2300c7ce5ab4f83937b911a6a0e3d9e.php 第 206 行.
NOTIC: [8] Array to string conversion D:\wamp\www\wht\Application\Runtime\Cache\Note\b2300c7ce5ab4f83937b911a6a0e3d9e.php 第 206 行.
NOTIC: [8] Use of undefined constant noteurl - assumed 'noteurl' D:\wamp\www\wht\Application\Runtime\Cache\Note\b2300c7ce5ab4f83937b911a6a0e3d9e.php 第 206 行.
NOTIC: [8] Array to string conversion D:\wamp\www\wht\Application\Runtime\Cache\Note\b2300c7ce5ab4f83937b911a6a0e3d9e.php 第 206 行.
NOTIC: [8] Use of undefined constant noteurl - assumed 'noteurl' D:\wamp\www\wht\Application\Runtime\Cache\Note\b2300c7ce5ab4f83937b911a6a0e3d9e.php 第 206 行.
NOTIC: [8] Array to string conversion D:\wamp\www\wht\Application\Runtime\Cache\Note\b2300c7ce5ab4f83937b911a6a0e3d9e.php 第 206 行.
NOTIC: [8] Use of undefined constant noteurl - assumed 'noteurl' D:\wamp\www\wht\Application\Runtime\Cache\Note\b2300c7ce5ab4f83937b911a6a0e3d9e.php 第 206 行.
NOTIC: [8] Array to string conversion D:\wamp\www\wht\Application\Runtime\Cache\Note\b2300c7ce5ab4f83937b911a6a0e3d9e.php 第 206 行.
NOTIC: [8] Use of undefined constant noteurl - assumed 'noteurl' D:\wamp\www\wht\Application\Runtime\Cache\Note\b2300c7ce5ab4f83937b911a6a0e3d9e.php 第 206 行.
NOTIC: [8] Array to string conversion D:\wamp\www\wht\Application\Runtime\Cache\Note\b2300c7ce5ab4f83937b911a6a0e3d9e.php 第 206 行.
INFO: Run Behavior\ParseTemplateBehavior [ RunTime:0.022002s ]
INFO: [ view_parse ] --END-- [ RunTime:0.022002s ]
INFO: [ view_filter ] --START--
INFO: Run Behavior\WriteHtmlCacheBehavior [ RunTime:0.010000s ]
INFO: [ view_filter ] --END-- [ RunTime:0.010000s ]
INFO: [ app_end ] --START--
INFO: Run Behavior\ShowPageTraceBehavior [ RunTime:0.010001s ]
INFO: [ app_end ] --END-- [ RunTime:0.010001s ]

[ 2016-05-24T16:09:23+08:00 ] 127.0.0.1 /index.php/Note/Index/Arraynoteurl
INFO: [ app_init ] --START--
INFO: Run Behavior\BuildLiteBehavior [ RunTime:0.000000s ]
INFO: [ app_init ] --END-- [ RunTime:0.001000s ]
INFO: [ app_begin ] --START--
INFO: Run Behavior\ReadHtmlCacheBehavior [ RunTime:0.001000s ]
INFO: [ app_begin ] --END-- [ RunTime:0.002000s ]
ERR: 非法操作:Arraynoteurl

[ 2016-05-24T16:09:57+08:00 ] 127.0.0.1 /index.php/Note/Index/index.shtml
INFO: [ app_init ] --START--
INFO: Run Behavior\BuildLiteBehavior [ RunTime:0.000000s ]
INFO: [ app_init ] --END-- [ RunTime:0.000000s ]
INFO: [ app_begin ] --START--
INFO: Run Behavior\ReadHtmlCacheBehavior [ RunTime:0.001000s ]
INFO: [ app_begin ] --END-- [ RunTime:0.001000s ]
SQL: SHOW COLUMNS FROM `nb_note` [ RunTime:0.0020s ]
SQL: SELECT COUNT(*) AS tp_count FROM `nb_note` WHERE ( username="Echo"and notetitle like "%%" and noteremark1 like "%%" ) LIMIT 1   [ RunTime:0.0010s ]
SQL: SELECT * FROM `nb_note` WHERE ( username="Echo"and notetitle like "%%" and noteremark1 like "%%" ) ORDER BY noteid desc LIMIT 0,12   [ RunTime:0.0010s ]
SQL: SHOW COLUMNS FROM `nb_cat` [ RunTime:0.0030s ]
SQL: SELECT * FROM `nb_cat` WHERE ( username="Echo" )  [ RunTime:0.0000s ]
INFO: [ view_parse ] --START--
INFO: [ template_filter ] --START--
INFO: Run Behavior\ContentReplaceBehavior [ RunTime:0.000000s ]
INFO: [ template_filter ] --END-- [ RunTime:0.001001s ]
NOTIC: [8] Use of undefined constant noteurl - assumed 'noteurl' D:\wamp\www\wht\Application\Runtime\Cache\Note\b2300c7ce5ab4f83937b911a6a0e3d9e.php 第 207 行.
NOTIC: [8] Array to string conversion D:\wamp\www\wht\Application\Runtime\Cache\Note\b2300c7ce5ab4f83937b911a6a0e3d9e.php 第 207 行.
NOTIC: [8] Use of undefined constant noteurl - assumed 'noteurl' D:\wamp\www\wht\Application\Runtime\Cache\Note\b2300c7ce5ab4f83937b911a6a0e3d9e.php 第 207 行.
NOTIC: [8] Array to string conversion D:\wamp\www\wht\Application\Runtime\Cache\Note\b2300c7ce5ab4f83937b911a6a0e3d9e.php 第 207 行.
NOTIC: [8] Use of undefined constant noteurl - assumed 'noteurl' D:\wamp\www\wht\Application\Runtime\Cache\Note\b2300c7ce5ab4f83937b911a6a0e3d9e.php 第 207 行.
NOTIC: [8] Array to string conversion D:\wamp\www\wht\Application\Runtime\Cache\Note\b2300c7ce5ab4f83937b911a6a0e3d9e.php 第 207 行.
NOTIC: [8] Use of undefined constant noteurl - assumed 'noteurl' D:\wamp\www\wht\Application\Runtime\Cache\Note\b2300c7ce5ab4f83937b911a6a0e3d9e.php 第 207 行.
NOTIC: [8] Array to string conversion D:\wamp\www\wht\Application\Runtime\Cache\Note\b2300c7ce5ab4f83937b911a6a0e3d9e.php 第 207 行.
NOTIC: [8] Use of undefined constant noteurl - assumed 'noteurl' D:\wamp\www\wht\Application\Runtime\Cache\Note\b2300c7ce5ab4f83937b911a6a0e3d9e.php 第 207 行.
NOTIC: [8] Array to string conversion D:\wamp\www\wht\Application\Runtime\Cache\Note\b2300c7ce5ab4f83937b911a6a0e3d9e.php 第 207 行.
NOTIC: [8] Use of undefined constant noteurl - assumed 'noteurl' D:\wamp\www\wht\Application\Runtime\Cache\Note\b2300c7ce5ab4f83937b911a6a0e3d9e.php 第 207 行.
NOTIC: [8] Array to string conversion D:\wamp\www\wht\Application\Runtime\Cache\Note\b2300c7ce5ab4f83937b911a6a0e3d9e.php 第 207 行.
NOTIC: [8] Use of undefined constant noteurl - assumed 'noteurl' D:\wamp\www\wht\Application\Runtime\Cache\Note\b2300c7ce5ab4f83937b911a6a0e3d9e.php 第 207 行.
NOTIC: [8] Array to string conversion D:\wamp\www\wht\Application\Runtime\Cache\Note\b2300c7ce5ab4f83937b911a6a0e3d9e.php 第 207 行.
NOTIC: [8] Use of undefined constant noteurl - assumed 'noteurl' D:\wamp\www\wht\Application\Runtime\Cache\Note\b2300c7ce5ab4f83937b911a6a0e3d9e.php 第 207 行.
NOTIC: [8] Array to string conversion D:\wamp\www\wht\Application\Runtime\Cache\Note\b2300c7ce5ab4f83937b911a6a0e3d9e.php 第 207 行.
NOTIC: [8] Use of undefined constant noteurl - assumed 'noteurl' D:\wamp\www\wht\Application\Runtime\Cache\Note\b2300c7ce5ab4f83937b911a6a0e3d9e.php 第 207 行.
NOTIC: [8] Array to string conversion D:\wamp\www\wht\Application\Runtime\Cache\Note\b2300c7ce5ab4f83937b911a6a0e3d9e.php 第 207 行.
NOTIC: [8] Use of undefined constant noteurl - assumed 'noteurl' D:\wamp\www\wht\Application\Runtime\Cache\Note\b2300c7ce5ab4f83937b911a6a0e3d9e.php 第 207 行.
NOTIC: [8] Array to string conversion D:\wamp\www\wht\Application\Runtime\Cache\Note\b2300c7ce5ab4f83937b911a6a0e3d9e.php 第 207 行.
NOTIC: [8] Use of undefined constant noteurl - assumed 'noteurl' D:\wamp\www\wht\Application\Runtime\Cache\Note\b2300c7ce5ab4f83937b911a6a0e3d9e.php 第 207 行.
NOTIC: [8] Array to string conversion D:\wamp\www\wht\Application\Runtime\Cache\Note\b2300c7ce5ab4f83937b911a6a0e3d9e.php 第 207 行.
NOTIC: [8] Use of undefined constant noteurl - assumed 'noteurl' D:\wamp\www\wht\Application\Runtime\Cache\Note\b2300c7ce5ab4f83937b911a6a0e3d9e.php 第 207 行.
NOTIC: [8] Array to string conversion D:\wamp\www\wht\Application\Runtime\Cache\Note\b2300c7ce5ab4f83937b911a6a0e3d9e.php 第 207 行.
INFO: Run Behavior\ParseTemplateBehavior [ RunTime:0.036002s ]
INFO: [ view_parse ] --END-- [ RunTime:0.036002s ]
INFO: [ view_filter ] --START--
INFO: Run Behavior\WriteHtmlCacheBehavior [ RunTime:0.000000s ]
INFO: [ view_filter ] --END-- [ RunTime:0.001000s ]
INFO: [ app_end ] --START--
INFO: Run Behavior\ShowPageTraceBehavior [ RunTime:0.001001s ]
INFO: [ app_end ] --END-- [ RunTime:0.001001s ]

[ 2016-05-24T16:10:32+08:00 ] 127.0.0.1 /index.php/Note/Index/index.shtml
INFO: [ app_init ] --START--
INFO: Run Behavior\BuildLiteBehavior [ RunTime:0.000000s ]
INFO: [ app_init ] --END-- [ RunTime:0.000000s ]
INFO: [ app_begin ] --START--
INFO: Run Behavior\ReadHtmlCacheBehavior [ RunTime:0.001000s ]
INFO: [ app_begin ] --END-- [ RunTime:0.001000s ]
SQL: SHOW COLUMNS FROM `nb_note` [ RunTime:0.0040s ]
SQL: SELECT COUNT(*) AS tp_count FROM `nb_note` WHERE ( username="Echo"and notetitle like "%%" and noteremark1 like "%%" ) LIMIT 1   [ RunTime:0.0010s ]
SQL: SELECT * FROM `nb_note` WHERE ( username="Echo"and notetitle like "%%" and noteremark1 like "%%" ) ORDER BY noteid desc LIMIT 0,12   [ RunTime:0.0000s ]
SQL: SHOW COLUMNS FROM `nb_cat` [ RunTime:0.0050s ]
SQL: SELECT * FROM `nb_cat` WHERE ( username="Echo" )  [ RunTime:0.0000s ]
INFO: [ view_parse ] --START--
INFO: [ template_filter ] --START--
INFO: Run Behavior\ContentReplaceBehavior [ RunTime:0.001000s ]
INFO: [ template_filter ] --END-- [ RunTime:0.001000s ]
NOTIC: [8] Use of undefined constant noteurl - assumed 'noteurl' D:\wamp\www\wht\Application\Runtime\Cache\Note\b2300c7ce5ab4f83937b911a6a0e3d9e.php 第 206 行.
NOTIC: [8] Array to string conversion D:\wamp\www\wht\Application\Runtime\Cache\Note\b2300c7ce5ab4f83937b911a6a0e3d9e.php 第 206 行.
NOTIC: [8] Use of undefined constant noteurl - assumed 'noteurl' D:\wamp\www\wht\Application\Runtime\Cache\Note\b2300c7ce5ab4f83937b911a6a0e3d9e.php 第 206 行.
NOTIC: [8] Array to string conversion D:\wamp\www\wht\Application\Runtime\Cache\Note\b2300c7ce5ab4f83937b911a6a0e3d9e.php 第 206 行.
NOTIC: [8] Use of undefined constant noteurl - assumed 'noteurl' D:\wamp\www\wht\Application\Runtime\Cache\Note\b2300c7ce5ab4f83937b911a6a0e3d9e.php 第 206 行.
NOTIC: [8] Array to string conversion D:\wamp\www\wht\Application\Runtime\Cache\Note\b2300c7ce5ab4f83937b911a6a0e3d9e.php 第 206 行.
NOTIC: [8] Use of undefined constant noteurl - assumed 'noteurl' D:\wamp\www\wht\Application\Runtime\Cache\Note\b2300c7ce5ab4f83937b911a6a0e3d9e.php 第 206 行.
NOTIC: [8] Array to string conversion D:\wamp\www\wht\Application\Runtime\Cache\Note\b2300c7ce5ab4f83937b911a6a0e3d9e.php 第 206 行.
NOTIC: [8] Use of undefined constant noteurl - assumed 'noteurl' D:\wamp\www\wht\Application\Runtime\Cache\Note\b2300c7ce5ab4f83937b911a6a0e3d9e.php 第 206 行.
NOTIC: [8] Array to string conversion D:\wamp\www\wht\Application\Runtime\Cache\Note\b2300c7ce5ab4f83937b911a6a0e3d9e.php 第 206 行.
NOTIC: [8] Use of undefined constant noteurl - assumed 'noteurl' D:\wamp\www\wht\Application\Runtime\Cache\Note\b2300c7ce5ab4f83937b911a6a0e3d9e.php 第 206 行.
NOTIC: [8] Array to string conversion D:\wamp\www\wht\Application\Runtime\Cache\Note\b2300c7ce5ab4f83937b911a6a0e3d9e.php 第 206 行.
NOTIC: [8] Use of undefined constant noteurl - assumed 'noteurl' D:\wamp\www\wht\Application\Runtime\Cache\Note\b2300c7ce5ab4f83937b911a6a0e3d9e.php 第 206 行.
NOTIC: [8] Array to string conversion D:\wamp\www\wht\Application\Runtime\Cache\Note\b2300c7ce5ab4f83937b911a6a0e3d9e.php 第 206 行.
NOTIC: [8] Use of undefined constant noteurl - assumed 'noteurl' D:\wamp\www\wht\Application\Runtime\Cache\Note\b2300c7ce5ab4f83937b911a6a0e3d9e.php 第 206 行.
NOTIC: [8] Array to string conversion D:\wamp\www\wht\Application\Runtime\Cache\Note\b2300c7ce5ab4f83937b911a6a0e3d9e.php 第 206 行.
NOTIC: [8] Use of undefined constant noteurl - assumed 'noteurl' D:\wamp\www\wht\Application\Runtime\Cache\Note\b2300c7ce5ab4f83937b911a6a0e3d9e.php 第 206 行.
NOTIC: [8] Array to string conversion D:\wamp\www\wht\Application\Runtime\Cache\Note\b2300c7ce5ab4f83937b911a6a0e3d9e.php 第 206 行.
NOTIC: [8] Use of undefined constant noteurl - assumed 'noteurl' D:\wamp\www\wht\Application\Runtime\Cache\Note\b2300c7ce5ab4f83937b911a6a0e3d9e.php 第 206 行.
NOTIC: [8] Array to string conversion D:\wamp\www\wht\Application\Runtime\Cache\Note\b2300c7ce5ab4f83937b911a6a0e3d9e.php 第 206 行.
NOTIC: [8] Use of undefined constant noteurl - assumed 'noteurl' D:\wamp\www\wht\Application\Runtime\Cache\Note\b2300c7ce5ab4f83937b911a6a0e3d9e.php 第 206 行.
NOTIC: [8] Array to string conversion D:\wamp\www\wht\Application\Runtime\Cache\Note\b2300c7ce5ab4f83937b911a6a0e3d9e.php 第 206 行.
NOTIC: [8] Use of undefined constant noteurl - assumed 'noteurl' D:\wamp\www\wht\Application\Runtime\Cache\Note\b2300c7ce5ab4f83937b911a6a0e3d9e.php 第 206 行.
NOTIC: [8] Array to string conversion D:\wamp\www\wht\Application\Runtime\Cache\Note\b2300c7ce5ab4f83937b911a6a0e3d9e.php 第 206 行.
INFO: Run Behavior\ParseTemplateBehavior [ RunTime:0.020001s ]
INFO: [ view_parse ] --END-- [ RunTime:0.021001s ]
INFO: [ view_filter ] --START--
INFO: Run Behavior\WriteHtmlCacheBehavior [ RunTime:0.000000s ]
INFO: [ view_filter ] --END-- [ RunTime:0.000000s ]
INFO: [ app_end ] --START--
INFO: Run Behavior\ShowPageTraceBehavior [ RunTime:0.000000s ]
INFO: [ app_end ] --END-- [ RunTime:0.000000s ]

[ 2016-05-24T16:10:33+08:00 ] 127.0.0.1 /index.php/Note/Index/Arraynoteurl
INFO: [ app_init ] --START--
INFO: Run Behavior\BuildLiteBehavior [ RunTime:0.000000s ]
INFO: [ app_init ] --END-- [ RunTime:0.000000s ]
INFO: [ app_begin ] --START--
INFO: Run Behavior\ReadHtmlCacheBehavior [ RunTime:0.001000s ]
INFO: [ app_begin ] --END-- [ RunTime:0.002000s ]
ERR: 非法操作:Arraynoteurl

[ 2016-05-24T16:19:35+08:00 ] 127.0.0.1 /index.php/Note/Index/index.shtml
INFO: [ app_init ] --START--
INFO: Run Behavior\BuildLiteBehavior [ RunTime:0.000000s ]
INFO: [ app_init ] --END-- [ RunTime:0.001000s ]
INFO: [ app_begin ] --START--
INFO: Run Behavior\ReadHtmlCacheBehavior [ RunTime:0.001000s ]
INFO: [ app_begin ] --END-- [ RunTime:0.002000s ]
SQL: SHOW COLUMNS FROM `nb_note` [ RunTime:0.0030s ]
SQL: SELECT COUNT(*) AS tp_count FROM `nb_note` WHERE ( username="Echo"and notetitle like "%%" and noteremark1 like "%%" ) LIMIT 1   [ RunTime:0.0010s ]
SQL: SELECT * FROM `nb_note` WHERE ( username="Echo"and notetitle like "%%" and noteremark1 like "%%" ) ORDER BY noteid desc LIMIT 0,12   [ RunTime:0.0000s ]
NOTIC: [8] Undefined index: noteurl D:\wamp\www\wht\Application\Note\Controller\IndexController.class.php 第 32 行.
NOTIC: [8] Undefined index: host D:\wamp\www\wht\Application\Common\Common\function.php 第 151 行.
SQL: SHOW COLUMNS FROM `nb_cat` [ RunTime:0.0070s ]
SQL: SELECT * FROM `nb_cat` WHERE ( username="Echo" )  [ RunTime:0.0010s ]
INFO: [ view_parse ] --START--
INFO: [ template_filter ] --START--
INFO: Run Behavior\ContentReplaceBehavior [ RunTime:0.000000s ]
INFO: [ template_filter ] --END-- [ RunTime:0.000000s ]
NOTIC: [8] Undefined index: urlhost D:\wamp\www\wht\Application\Runtime\Cache\Note\b2300c7ce5ab4f83937b911a6a0e3d9e.php 第 206 行.
NOTIC: [8] Undefined index: urlhost D:\wamp\www\wht\Application\Runtime\Cache\Note\b2300c7ce5ab4f83937b911a6a0e3d9e.php 第 206 行.
NOTIC: [8] Undefined index: urlhost D:\wamp\www\wht\Application\Runtime\Cache\Note\b2300c7ce5ab4f83937b911a6a0e3d9e.php 第 206 行.
NOTIC: [8] Undefined index: urlhost D:\wamp\www\wht\Application\Runtime\Cache\Note\b2300c7ce5ab4f83937b911a6a0e3d9e.php 第 206 行.
NOTIC: [8] Undefined index: urlhost D:\wamp\www\wht\Application\Runtime\Cache\Note\b2300c7ce5ab4f83937b911a6a0e3d9e.php 第 206 行.
NOTIC: [8] Undefined index: urlhost D:\wamp\www\wht\Application\Runtime\Cache\Note\b2300c7ce5ab4f83937b911a6a0e3d9e.php 第 206 行.
NOTIC: [8] Undefined index: urlhost D:\wamp\www\wht\Application\Runtime\Cache\Note\b2300c7ce5ab4f83937b911a6a0e3d9e.php 第 206 行.
NOTIC: [8] Undefined index: urlhost D:\wamp\www\wht\Application\Runtime\Cache\Note\b2300c7ce5ab4f83937b911a6a0e3d9e.php 第 206 行.
NOTIC: [8] Undefined index: urlhost D:\wamp\www\wht\Application\Runtime\Cache\Note\b2300c7ce5ab4f83937b911a6a0e3d9e.php 第 206 行.
NOTIC: [8] Undefined index: urlhost D:\wamp\www\wht\Application\Runtime\Cache\Note\b2300c7ce5ab4f83937b911a6a0e3d9e.php 第 206 行.
NOTIC: [8] Undefined index: urlhost D:\wamp\www\wht\Application\Runtime\Cache\Note\b2300c7ce5ab4f83937b911a6a0e3d9e.php 第 206 行.
NOTIC: [8] Undefined index: urlhost D:\wamp\www\wht\Application\Runtime\Cache\Note\b2300c7ce5ab4f83937b911a6a0e3d9e.php 第 206 行.
INFO: Run Behavior\ParseTemplateBehavior [ RunTime:0.020001s ]
INFO: [ view_parse ] --END-- [ RunTime:0.020001s ]
INFO: [ view_filter ] --START--
INFO: Run Behavior\WriteHtmlCacheBehavior [ RunTime:0.000000s ]
INFO: [ view_filter ] --END-- [ RunTime:0.000000s ]
INFO: [ app_end ] --START--
INFO: Run Behavior\ShowPageTraceBehavior [ RunTime:0.000000s ]
INFO: [ app_end ] --END-- [ RunTime:0.000000s ]

[ 2016-05-24T16:20:27+08:00 ] 127.0.0.1 /index.php/Note/Index/index.shtml
INFO: [ app_init ] --START--
INFO: Run Behavior\BuildLiteBehavior [ RunTime:0.000000s ]
INFO: [ app_init ] --END-- [ RunTime:0.000000s ]
INFO: [ app_begin ] --START--
INFO: Run Behavior\ReadHtmlCacheBehavior [ RunTime:0.001000s ]
INFO: [ app_begin ] --END-- [ RunTime:0.001000s ]
SQL: SHOW COLUMNS FROM `nb_note` [ RunTime:0.0030s ]
SQL: SELECT COUNT(*) AS tp_count FROM `nb_note` WHERE ( username="Echo"and notetitle like "%%" and noteremark1 like "%%" ) LIMIT 1   [ RunTime:0.0000s ]
SQL: SELECT * FROM `nb_note` WHERE ( username="Echo"and notetitle like "%%" and noteremark1 like "%%" ) ORDER BY noteid desc LIMIT 0,12   [ RunTime:0.0000s ]
NOTIC: [8] Undefined index: noteurl D:\wamp\www\wht\Application\Note\Controller\IndexController.class.php 第 32 行.
NOTIC: [8] Undefined index: host D:\wamp\www\wht\Application\Common\Common\function.php 第 151 行.
SQL: SHOW COLUMNS FROM `nb_cat` [ RunTime:0.0110s ]
SQL: SELECT * FROM `nb_cat` WHERE ( username="Echo" )  [ RunTime:0.0020s ]
INFO: [ view_parse ] --START--
INFO: [ template_filter ] --START--
INFO: Run Behavior\ContentReplaceBehavior [ RunTime:0.001000s ]
INFO: [ template_filter ] --END-- [ RunTime:0.001000s ]
NOTIC: [8] Undefined index: urlhost D:\wamp\www\wht\Application\Runtime\Cache\Note\b2300c7ce5ab4f83937b911a6a0e3d9e.php 第 206 行.
NOTIC: [8] Undefined index: urlhost D:\wamp\www\wht\Application\Runtime\Cache\Note\b2300c7ce5ab4f83937b911a6a0e3d9e.php 第 206 行.
NOTIC: [8] Undefined index: urlhost D:\wamp\www\wht\Application\Runtime\Cache\Note\b2300c7ce5ab4f83937b911a6a0e3d9e.php 第 206 行.
NOTIC: [8] Undefined index: urlhost D:\wamp\www\wht\Application\Runtime\Cache\Note\b2300c7ce5ab4f83937b911a6a0e3d9e.php 第 206 行.
NOTIC: [8] Undefined index: urlhost D:\wamp\www\wht\Application\Runtime\Cache\Note\b2300c7ce5ab4f83937b911a6a0e3d9e.php 第 206 行.
NOTIC: [8] Undefined index: urlhost D:\wamp\www\wht\Application\Runtime\Cache\Note\b2300c7ce5ab4f83937b911a6a0e3d9e.php 第 206 行.
NOTIC: [8] Undefined index: urlhost D:\wamp\www\wht\Application\Runtime\Cache\Note\b2300c7ce5ab4f83937b911a6a0e3d9e.php 第 206 行.
NOTIC: [8] Undefined index: urlhost D:\wamp\www\wht\Application\Runtime\Cache\Note\b2300c7ce5ab4f83937b911a6a0e3d9e.php 第 206 行.
NOTIC: [8] Undefined index: urlhost D:\wamp\www\wht\Application\Runtime\Cache\Note\b2300c7ce5ab4f83937b911a6a0e3d9e.php 第 206 行.
NOTIC: [8] Undefined index: urlhost D:\wamp\www\wht\Application\Runtime\Cache\Note\b2300c7ce5ab4f83937b911a6a0e3d9e.php 第 206 行.
NOTIC: [8] Undefined index: urlhost D:\wamp\www\wht\Application\Runtime\Cache\Note\b2300c7ce5ab4f83937b911a6a0e3d9e.php 第 206 行.
NOTIC: [8] Undefined index: urlhost D:\wamp\www\wht\Application\Runtime\Cache\Note\b2300c7ce5ab4f83937b911a6a0e3d9e.php 第 206 行.
INFO: Run Behavior\ParseTemplateBehavior [ RunTime:0.038002s ]
INFO: [ view_parse ] --END-- [ RunTime:0.038002s ]
INFO: [ view_filter ] --START--
INFO: Run Behavior\WriteHtmlCacheBehavior [ RunTime:0.000000s ]
INFO: [ view_filter ] --END-- [ RunTime:0.000000s ]
INFO: [ app_end ] --START--
INFO: Run Behavior\ShowPageTraceBehavior [ RunTime:0.001000s ]
INFO: [ app_end ] --END-- [ RunTime:0.001000s ]

[ 2016-05-24T16:21:15+08:00 ] 127.0.0.1 /index.php/Note/Index/index.shtml
INFO: [ app_init ] --START--
INFO: Run Behavior\BuildLiteBehavior [ RunTime:0.000000s ]
INFO: [ app_init ] --END-- [ RunTime:0.000000s ]
INFO: [ app_begin ] --START--
INFO: Run Behavior\ReadHtmlCacheBehavior [ RunTime:0.001000s ]
INFO: [ app_begin ] --END-- [ RunTime:0.001000s ]
SQL: SHOW COLUMNS FROM `nb_note` [ RunTime:0.0040s ]
SQL: SELECT COUNT(*) AS tp_count FROM `nb_note` WHERE ( username="Echo"and notetitle like "%%" and noteremark1 like "%%" ) LIMIT 1   [ RunTime:0.0000s ]
SQL: SELECT * FROM `nb_note` WHERE ( username="Echo"and notetitle like "%%" and noteremark1 like "%%" ) ORDER BY noteid desc LIMIT 0,12   [ RunTime:0.0000s ]
NOTIC: [8] Undefined index: noteurl D:\wamp\www\wht\Application\Note\Controller\IndexController.class.php 第 32 行.
NOTIC: [8] Undefined index: host D:\wamp\www\wht\Application\Common\Common\function.php 第 151 行.
NOTIC: [8] Undefined index: noteurl D:\wamp\www\wht\Application\Note\Controller\IndexController.class.php 第 33 行.
SQL: SHOW COLUMNS FROM `nb_cat` [ RunTime:0.0060s ]
SQL: SELECT * FROM `nb_cat` WHERE ( username="Echo" )  [ RunTime:0.0000s ]
INFO: [ view_parse ] --START--
INFO: [ template_filter ] --START--
INFO: Run Behavior\ContentReplaceBehavior [ RunTime:0.001000s ]
INFO: [ template_filter ] --END-- [ RunTime:0.001000s ]
NOTIC: [8] Undefined index: urlhost D:\wamp\www\wht\Application\Runtime\Cache\Note\b2300c7ce5ab4f83937b911a6a0e3d9e.php 第 206 行.
NOTIC: [8] Undefined index: urlhost D:\wamp\www\wht\Application\Runtime\Cache\Note\b2300c7ce5ab4f83937b911a6a0e3d9e.php 第 206 行.
NOTIC: [8] Undefined index: urlhost D:\wamp\www\wht\Application\Runtime\Cache\Note\b2300c7ce5ab4f83937b911a6a0e3d9e.php 第 206 行.
NOTIC: [8] Undefined index: urlhost D:\wamp\www\wht\Application\Runtime\Cache\Note\b2300c7ce5ab4f83937b911a6a0e3d9e.php 第 206 行.
NOTIC: [8] Undefined index: urlhost D:\wamp\www\wht\Application\Runtime\Cache\Note\b2300c7ce5ab4f83937b911a6a0e3d9e.php 第 206 行.
NOTIC: [8] Undefined index: urlhost D:\wamp\www\wht\Application\Runtime\Cache\Note\b2300c7ce5ab4f83937b911a6a0e3d9e.php 第 206 行.
NOTIC: [8] Undefined index: urlhost D:\wamp\www\wht\Application\Runtime\Cache\Note\b2300c7ce5ab4f83937b911a6a0e3d9e.php 第 206 行.
NOTIC: [8] Undefined index: urlhost D:\wamp\www\wht\Application\Runtime\Cache\Note\b2300c7ce5ab4f83937b911a6a0e3d9e.php 第 206 行.
NOTIC: [8] Undefined index: urlhost D:\wamp\www\wht\Application\Runtime\Cache\Note\b2300c7ce5ab4f83937b911a6a0e3d9e.php 第 206 行.
NOTIC: [8] Undefined index: urlhost D:\wamp\www\wht\Application\Runtime\Cache\Note\b2300c7ce5ab4f83937b911a6a0e3d9e.php 第 206 行.
NOTIC: [8] Undefined index: urlhost D:\wamp\www\wht\Application\Runtime\Cache\Note\b2300c7ce5ab4f83937b911a6a0e3d9e.php 第 206 行.
NOTIC: [8] Undefined index: urlhost D:\wamp\www\wht\Application\Runtime\Cache\Note\b2300c7ce5ab4f83937b911a6a0e3d9e.php 第 206 行.
INFO: Run Behavior\ParseTemplateBehavior [ RunTime:0.022001s ]
INFO: [ view_parse ] --END-- [ RunTime:0.022001s ]
INFO: [ view_filter ] --START--
INFO: Run Behavior\WriteHtmlCacheBehavior [ RunTime:0.000000s ]
INFO: [ view_filter ] --END-- [ RunTime:0.001000s ]
INFO: [ app_end ] --START--
INFO: Run Behavior\ShowPageTraceBehavior [ RunTime:0.001000s ]
INFO: [ app_end ] --END-- [ RunTime:0.001000s ]

[ 2016-05-24T16:21:16+08:00 ] 127.0.0.1 /index.php/Note/Index/index.shtml
INFO: [ app_init ] --START--
INFO: Run Behavior\BuildLiteBehavior [ RunTime:0.001000s ]
INFO: [ app_init ] --END-- [ RunTime:0.001000s ]
INFO: [ app_begin ] --START--
INFO: Run Behavior\ReadHtmlCacheBehavior [ RunTime:0.001000s ]
INFO: [ app_begin ] --END-- [ RunTime:0.001000s ]
SQL: SHOW COLUMNS FROM `nb_note` [ RunTime:0.0030s ]
SQL: SELECT COUNT(*) AS tp_count FROM `nb_note` WHERE ( username="Echo"and notetitle like "%%" and noteremark1 like "%%" ) LIMIT 1   [ RunTime:0.0000s ]
SQL: SELECT * FROM `nb_note` WHERE ( username="Echo"and notetitle like "%%" and noteremark1 like "%%" ) ORDER BY noteid desc LIMIT 0,12   [ RunTime:0.0010s ]
NOTIC: [8] Undefined index: noteurl D:\wamp\www\wht\Application\Note\Controller\IndexController.class.php 第 32 行.
NOTIC: [8] Undefined index: host D:\wamp\www\wht\Application\Common\Common\function.php 第 151 行.
NOTIC: [8] Undefined index: noteurl D:\wamp\www\wht\Application\Note\Controller\IndexController.class.php 第 33 行.
SQL: SHOW COLUMNS FROM `nb_cat` [ RunTime:0.0030s ]
SQL: SELECT * FROM `nb_cat` WHERE ( username="Echo" )  [ RunTime:0.0000s ]
INFO: [ view_parse ] --START--
INFO: [ template_filter ] --START--
INFO: Run Behavior\ContentReplaceBehavior [ RunTime:0.000000s ]
INFO: [ template_filter ] --END-- [ RunTime:0.001000s ]
NOTIC: [8] Undefined index: urlhost D:\wamp\www\wht\Application\Runtime\Cache\Note\b2300c7ce5ab4f83937b911a6a0e3d9e.php 第 206 行.
NOTIC: [8] Undefined index: urlhost D:\wamp\www\wht\Application\Runtime\Cache\Note\b2300c7ce5ab4f83937b911a6a0e3d9e.php 第 206 行.
NOTIC: [8] Undefined index: urlhost D:\wamp\www\wht\Application\Runtime\Cache\Note\b2300c7ce5ab4f83937b911a6a0e3d9e.php 第 206 行.
NOTIC: [8] Undefined index: urlhost D:\wamp\www\wht\Application\Runtime\Cache\Note\b2300c7ce5ab4f83937b911a6a0e3d9e.php 第 206 行.
NOTIC: [8] Undefined index: urlhost D:\wamp\www\wht\Application\Runtime\Cache\Note\b2300c7ce5ab4f83937b911a6a0e3d9e.php 第 206 行.
NOTIC: [8] Undefined index: urlhost D:\wamp\www\wht\Application\Runtime\Cache\Note\b2300c7ce5ab4f83937b911a6a0e3d9e.php 第 206 行.
NOTIC: [8] Undefined index: urlhost D:\wamp\www\wht\Application\Runtime\Cache\Note\b2300c7ce5ab4f83937b911a6a0e3d9e.php 第 206 行.
NOTIC: [8] Undefined index: urlhost D:\wamp\www\wht\Application\Runtime\Cache\Note\b2300c7ce5ab4f83937b911a6a0e3d9e.php 第 206 行.
NOTIC: [8] Undefined index: urlhost D:\wamp\www\wht\Application\Runtime\Cache\Note\b2300c7ce5ab4f83937b911a6a0e3d9e.php 第 206 行.
NOTIC: [8] Undefined index: urlhost D:\wamp\www\wht\Application\Runtime\Cache\Note\b2300c7ce5ab4f83937b911a6a0e3d9e.php 第 206 行.
NOTIC: [8] Undefined index: urlhost D:\wamp\www\wht\Application\Runtime\Cache\Note\b2300c7ce5ab4f83937b911a6a0e3d9e.php 第 206 行.
NOTIC: [8] Undefined index: urlhost D:\wamp\www\wht\Application\Runtime\Cache\Note\b2300c7ce5ab4f83937b911a6a0e3d9e.php 第 206 行.
INFO: Run Behavior\ParseTemplateBehavior [ RunTime:0.020001s ]
INFO: [ view_parse ] --END-- [ RunTime:0.020001s ]
INFO: [ view_filter ] --START--
INFO: Run Behavior\WriteHtmlCacheBehavior [ RunTime:0.001000s ]
INFO: [ view_filter ] --END-- [ RunTime:0.001000s ]
INFO: [ app_end ] --START--
INFO: Run Behavior\ShowPageTraceBehavior [ RunTime:0.001000s ]
INFO: [ app_end ] --END-- [ RunTime:0.001000s ]

[ 2016-05-24T16:21:17+08:00 ] 127.0.0.1 /index.php/Note/Index/index.shtml
INFO: [ app_init ] --START--
INFO: Run Behavior\BuildLiteBehavior [ RunTime:0.000000s ]
INFO: [ app_init ] --END-- [ RunTime:0.000000s ]
INFO: [ app_begin ] --START--
INFO: Run Behavior\ReadHtmlCacheBehavior [ RunTime:0.001000s ]
INFO: [ app_begin ] --END-- [ RunTime:0.001000s ]
SQL: SHOW COLUMNS FROM `nb_note` [ RunTime:0.0040s ]
SQL: SELECT COUNT(*) AS tp_count FROM `nb_note` WHERE ( username="Echo"and notetitle like "%%" and noteremark1 like "%%" ) LIMIT 1   [ RunTime:0.0010s ]
SQL: SELECT * FROM `nb_note` WHERE ( username="Echo"and notetitle like "%%" and noteremark1 like "%%" ) ORDER BY noteid desc LIMIT 0,12   [ RunTime:0.0000s ]
NOTIC: [8] Undefined index: noteurl D:\wamp\www\wht\Application\Note\Controller\IndexController.class.php 第 32 行.
NOTIC: [8] Undefined index: host D:\wamp\www\wht\Application\Common\Common\function.php 第 151 行.
NOTIC: [8] Undefined index: noteurl D:\wamp\www\wht\Application\Note\Controller\IndexController.class.php 第 33 行.
SQL: SHOW COLUMNS FROM `nb_cat` [ RunTime:0.0060s ]
SQL: SELECT * FROM `nb_cat` WHERE ( username="Echo" )  [ RunTime:0.0010s ]
INFO: [ view_parse ] --START--
INFO: [ template_filter ] --START--
INFO: Run Behavior\ContentReplaceBehavior [ RunTime:0.000000s ]
INFO: [ template_filter ] --END-- [ RunTime:0.000000s ]
NOTIC: [8] Undefined index: urlhost D:\wamp\www\wht\Application\Runtime\Cache\Note\b2300c7ce5ab4f83937b911a6a0e3d9e.php 第 206 行.
NOTIC: [8] Undefined index: urlhost D:\wamp\www\wht\Application\Runtime\Cache\Note\b2300c7ce5ab4f83937b911a6a0e3d9e.php 第 206 行.
NOTIC: [8] Undefined index: urlhost D:\wamp\www\wht\Application\Runtime\Cache\Note\b2300c7ce5ab4f83937b911a6a0e3d9e.php 第 206 行.
NOTIC: [8] Undefined index: urlhost D:\wamp\www\wht\Application\Runtime\Cache\Note\b2300c7ce5ab4f83937b911a6a0e3d9e.php 第 206 行.
NOTIC: [8] Undefined index: urlhost D:\wamp\www\wht\Application\Runtime\Cache\Note\b2300c7ce5ab4f83937b911a6a0e3d9e.php 第 206 行.
NOTIC: [8] Undefined index: urlhost D:\wamp\www\wht\Application\Runtime\Cache\Note\b2300c7ce5ab4f83937b911a6a0e3d9e.php 第 206 行.
NOTIC: [8] Undefined index: urlhost D:\wamp\www\wht\Application\Runtime\Cache\Note\b2300c7ce5ab4f83937b911a6a0e3d9e.php 第 206 行.
NOTIC: [8] Undefined index: urlhost D:\wamp\www\wht\Application\Runtime\Cache\Note\b2300c7ce5ab4f83937b911a6a0e3d9e.php 第 206 行.
NOTIC: [8] Undefined index: urlhost D:\wamp\www\wht\Application\Runtime\Cache\Note\b2300c7ce5ab4f83937b911a6a0e3d9e.php 第 206 行.
NOTIC: [8] Undefined index: urlhost D:\wamp\www\wht\Application\Runtime\Cache\Note\b2300c7ce5ab4f83937b911a6a0e3d9e.php 第 206 行.
NOTIC: [8] Undefined index: urlhost D:\wamp\www\wht\Application\Runtime\Cache\Note\b2300c7ce5ab4f83937b911a6a0e3d9e.php 第 206 行.
NOTIC: [8] Undefined index: urlhost D:\wamp\www\wht\Application\Runtime\Cache\Note\b2300c7ce5ab4f83937b911a6a0e3d9e.php 第 206 行.
INFO: Run Behavior\ParseTemplateBehavior [ RunTime:0.039002s ]
INFO: [ view_parse ] --END-- [ RunTime:0.039002s ]
INFO: [ view_filter ] --START--
INFO: Run Behavior\WriteHtmlCacheBehavior [ RunTime:0.001000s ]
INFO: [ view_filter ] --END-- [ RunTime:0.001000s ]
INFO: [ app_end ] --START--
INFO: Run Behavior\ShowPageTraceBehavior [ RunTime:0.001000s ]
INFO: [ app_end ] --END-- [ RunTime:0.001000s ]

[ 2016-05-24T16:21:41+08:00 ] 127.0.0.1 /index.php/Note/Index/index.shtml
INFO: [ app_init ] --START--
INFO: Run Behavior\BuildLiteBehavior [ RunTime:0.000000s ]
INFO: [ app_init ] --END-- [ RunTime:0.000000s ]
INFO: [ app_begin ] --START--
INFO: Run Behavior\ReadHtmlCacheBehavior [ RunTime:0.000000s ]
INFO: [ app_begin ] --END-- [ RunTime:0.001000s ]
SQL: SHOW COLUMNS FROM `nb_note` [ RunTime:0.0040s ]
SQL: SELECT COUNT(*) AS tp_count FROM `nb_note` WHERE ( username="Echo"and notetitle like "%%" and noteremark1 like "%%" ) LIMIT 1   [ RunTime:0.0010s ]
SQL: SELECT * FROM `nb_note` WHERE ( username="Echo"and notetitle like "%%" and noteremark1 like "%%" ) ORDER BY noteid desc LIMIT 0,12   [ RunTime:0.0010s ]
NOTIC: [8] Undefined index: noteurl D:\wamp\www\wht\Application\Note\Controller\IndexController.class.php 第 32 行.
NOTIC: [8] Undefined index: host D:\wamp\www\wht\Application\Common\Common\function.php 第 151 行.
SQL: SHOW COLUMNS FROM `nb_cat` [ RunTime:0.0040s ]
SQL: SELECT * FROM `nb_cat` WHERE ( username="Echo" )  [ RunTime:0.0000s ]
NOTIC: [2] Cannot modify header information - headers already sent by (output started at D:\wamp\www\wht\ThinkPHP\Common\functions.php:850) D:\wamp\www\wht\ThinkPHP\Common\functions.php 第 1413 行.
INFO: [ view_parse ] --START--
INFO: [ template_filter ] --START--
INFO: Run Behavior\ContentReplaceBehavior [ RunTime:0.001001s ]
INFO: [ template_filter ] --END-- [ RunTime:0.001001s ]
NOTIC: [8] Undefined index: urlhost D:\wamp\www\wht\Application\Runtime\Cache\Note\b2300c7ce5ab4f83937b911a6a0e3d9e.php 第 206 行.
NOTIC: [8] Undefined index: urlhost D:\wamp\www\wht\Application\Runtime\Cache\Note\b2300c7ce5ab4f83937b911a6a0e3d9e.php 第 206 行.
NOTIC: [8] Undefined index: urlhost D:\wamp\www\wht\Application\Runtime\Cache\Note\b2300c7ce5ab4f83937b911a6a0e3d9e.php 第 206 行.
NOTIC: [8] Undefined index: urlhost D:\wamp\www\wht\Application\Runtime\Cache\Note\b2300c7ce5ab4f83937b911a6a0e3d9e.php 第 206 行.
NOTIC: [8] Undefined index: urlhost D:\wamp\www\wht\Application\Runtime\Cache\Note\b2300c7ce5ab4f83937b911a6a0e3d9e.php 第 206 行.
NOTIC: [8] Undefined index: urlhost D:\wamp\www\wht\Application\Runtime\Cache\Note\b2300c7ce5ab4f83937b911a6a0e3d9e.php 第 206 行.
NOTIC: [8] Undefined index: urlhost D:\wamp\www\wht\Application\Runtime\Cache\Note\b2300c7ce5ab4f83937b911a6a0e3d9e.php 第 206 行.
NOTIC: [8] Undefined index: urlhost D:\wamp\www\wht\Application\Runtime\Cache\Note\b2300c7ce5ab4f83937b911a6a0e3d9e.php 第 206 行.
NOTIC: [8] Undefined index: urlhost D:\wamp\www\wht\Application\Runtime\Cache\Note\b2300c7ce5ab4f83937b911a6a0e3d9e.php 第 206 行.
NOTIC: [8] Undefined index: urlhost D:\wamp\www\wht\Application\Runtime\Cache\Note\b2300c7ce5ab4f83937b911a6a0e3d9e.php 第 206 行.
NOTIC: [8] Undefined index: urlhost D:\wamp\www\wht\Application\Runtime\Cache\Note\b2300c7ce5ab4f83937b911a6a0e3d9e.php 第 206 行.
NOTIC: [8] Undefined index: urlhost D:\wamp\www\wht\Application\Runtime\Cache\Note\b2300c7ce5ab4f83937b911a6a0e3d9e.php 第 206 行.
INFO: Run Behavior\ParseTemplateBehavior [ RunTime:0.025001s ]
INFO: [ view_parse ] --END-- [ RunTime:0.025001s ]
INFO: [ view_filter ] --START--
INFO: Run Behavior\WriteHtmlCacheBehavior [ RunTime:0.001000s ]
INFO: [ view_filter ] --END-- [ RunTime:0.001000s ]
NOTIC: [2] Cannot modify header information - headers already sent by (output started at D:\wamp\www\wht\ThinkPHP\Common\functions.php:850) D:\wamp\www\wht\ThinkPHP\Library\Think\View.class.php 第 91 行.
NOTIC: [2] Cannot modify header information - headers already sent by (output started at D:\wamp\www\wht\ThinkPHP\Common\functions.php:850) D:\wamp\www\wht\ThinkPHP\Library\Think\View.class.php 第 92 行.
NOTIC: [2] Cannot modify header information - headers already sent by (output started at D:\wamp\www\wht\ThinkPHP\Common\functions.php:850) D:\wamp\www\wht\ThinkPHP\Library\Think\View.class.php 第 93 行.
INFO: [ app_end ] --START--
INFO: Run Behavior\ShowPageTraceBehavior [ RunTime:0.001000s ]
INFO: [ app_end ] --END-- [ RunTime:0.001000s ]

[ 2016-05-24T16:21:55+08:00 ] 127.0.0.1 /index.php/Note/Index/index.shtml
INFO: [ app_init ] --START--
INFO: Run Behavior\BuildLiteBehavior [ RunTime:0.000000s ]
INFO: [ app_init ] --END-- [ RunTime:0.000000s ]
INFO: [ app_begin ] --START--
INFO: Run Behavior\ReadHtmlCacheBehavior [ RunTime:0.000000s ]
INFO: [ app_begin ] --END-- [ RunTime:0.000000s ]
SQL: SHOW COLUMNS FROM `nb_note` [ RunTime:0.0030s ]
SQL: SELECT COUNT(*) AS tp_count FROM `nb_note` WHERE ( username="Echo"and notetitle like "%%" and noteremark1 like "%%" ) LIMIT 1   [ RunTime:0.0000s ]
SQL: SELECT * FROM `nb_note` WHERE ( username="Echo"and notetitle like "%%" and noteremark1 like "%%" ) ORDER BY noteid desc LIMIT 0,12   [ RunTime:0.0000s ]
NOTIC: [8] Undefined index: noteurl D:\wamp\www\wht\Application\Note\Controller\IndexController.class.php 第 32 行.
NOTIC: [8] Undefined index: host D:\wamp\www\wht\Application\Common\Common\function.php 第 151 行.
NOTIC: [8] Undefined index: noteurl D:\wamp\www\wht\Application\Note\Controller\IndexController.class.php 第 33 行.
SQL: SHOW COLUMNS FROM `nb_cat` [ RunTime:0.0050s ]
SQL: SELECT * FROM `nb_cat` WHERE ( username="Echo" )  [ RunTime:0.0000s ]
INFO: [ view_parse ] --START--
INFO: [ template_filter ] --START--
INFO: Run Behavior\ContentReplaceBehavior [ RunTime:0.001000s ]
INFO: [ template_filter ] --END-- [ RunTime:0.001000s ]
NOTIC: [8] Undefined index: urlhost D:\wamp\www\wht\Application\Runtime\Cache\Note\b2300c7ce5ab4f83937b911a6a0e3d9e.php 第 206 行.
NOTIC: [8] Undefined index: urlhost D:\wamp\www\wht\Application\Runtime\Cache\Note\b2300c7ce5ab4f83937b911a6a0e3d9e.php 第 206 行.
NOTIC: [8] Undefined index: urlhost D:\wamp\www\wht\Application\Runtime\Cache\Note\b2300c7ce5ab4f83937b911a6a0e3d9e.php 第 206 行.
NOTIC: [8] Undefined index: urlhost D:\wamp\www\wht\Application\Runtime\Cache\Note\b2300c7ce5ab4f83937b911a6a0e3d9e.php 第 206 行.
NOTIC: [8] Undefined index: urlhost D:\wamp\www\wht\Application\Runtime\Cache\Note\b2300c7ce5ab4f83937b911a6a0e3d9e.php 第 206 行.
NOTIC: [8] Undefined index: urlhost D:\wamp\www\wht\Application\Runtime\Cache\Note\b2300c7ce5ab4f83937b911a6a0e3d9e.php 第 206 行.
NOTIC: [8] Undefined index: urlhost D:\wamp\www\wht\Application\Runtime\Cache\Note\b2300c7ce5ab4f83937b911a6a0e3d9e.php 第 206 行.
NOTIC: [8] Undefined index: urlhost D:\wamp\www\wht\Application\Runtime\Cache\Note\b2300c7ce5ab4f83937b911a6a0e3d9e.php 第 206 行.
NOTIC: [8] Undefined index: urlhost D:\wamp\www\wht\Application\Runtime\Cache\Note\b2300c7ce5ab4f83937b911a6a0e3d9e.php 第 206 行.
NOTIC: [8] Undefined index: urlhost D:\wamp\www\wht\Application\Runtime\Cache\Note\b2300c7ce5ab4f83937b911a6a0e3d9e.php 第 206 行.
NOTIC: [8] Undefined index: urlhost D:\wamp\www\wht\Application\Runtime\Cache\Note\b2300c7ce5ab4f83937b911a6a0e3d9e.php 第 206 行.
NOTIC: [8] Undefined index: urlhost D:\wamp\www\wht\Application\Runtime\Cache\Note\b2300c7ce5ab4f83937b911a6a0e3d9e.php 第 206 行.
INFO: Run Behavior\ParseTemplateBehavior [ RunTime:0.020001s ]
INFO: [ view_parse ] --END-- [ RunTime:0.020001s ]
INFO: [ view_filter ] --START--
INFO: Run Behavior\WriteHtmlCacheBehavior [ RunTime:0.001000s ]
INFO: [ view_filter ] --END-- [ RunTime:0.001000s ]
INFO: [ app_end ] --START--
INFO: Run Behavior\ShowPageTraceBehavior [ RunTime:0.001000s ]
INFO: [ app_end ] --END-- [ RunTime:0.002000s ]

[ 2016-05-24T16:22:51+08:00 ] 127.0.0.1 /index.php/Note/Index/index.shtml
INFO: [ app_init ] --START--
INFO: Run Behavior\BuildLiteBehavior [ RunTime:0.000000s ]
INFO: [ app_init ] --END-- [ RunTime:0.000000s ]
INFO: [ app_begin ] --START--
INFO: Run Behavior\ReadHtmlCacheBehavior [ RunTime:0.001000s ]
INFO: [ app_begin ] --END-- [ RunTime:0.001000s ]
SQL: SHOW COLUMNS FROM `nb_note` [ RunTime:0.0040s ]
SQL: SELECT COUNT(*) AS tp_count FROM `nb_note` WHERE ( username="Echo"and notetitle like "%%" and noteremark1 like "%%" ) LIMIT 1   [ RunTime:0.0010s ]
SQL: SELECT * FROM `nb_note` WHERE ( username="Echo"and notetitle like "%%" and noteremark1 like "%%" ) ORDER BY noteid desc LIMIT 0,12   [ RunTime:0.0010s ]
SQL: SHOW COLUMNS FROM `nb_cat` [ RunTime:0.0050s ]
SQL: SELECT * FROM `nb_cat` WHERE ( username="Echo" )  [ RunTime:0.0000s ]
INFO: [ view_parse ] --START--
INFO: [ template_filter ] --START--
INFO: Run Behavior\ContentReplaceBehavior [ RunTime:0.000000s ]
INFO: [ template_filter ] --END-- [ RunTime:0.000000s ]
INFO: Run Behavior\ParseTemplateBehavior [ RunTime:0.041002s ]
INFO: [ view_parse ] --END-- [ RunTime:0.041002s ]
INFO: [ view_filter ] --START--
INFO: Run Behavior\WriteHtmlCacheBehavior [ RunTime:0.000000s ]
INFO: [ view_filter ] --END-- [ RunTime:0.000000s ]
INFO: [ app_end ] --START--
INFO: Run Behavior\ShowPageTraceBehavior [ RunTime:0.000000s ]
INFO: [ app_end ] --END-- [ RunTime:0.000000s ]

[ 2016-05-24T16:22:51+08:00 ] 127.0.0.1 /index.php/Note/Index/www.liding.me
INFO: [ app_init ] --START--
INFO: Run Behavior\BuildLiteBehavior [ RunTime:0.000000s ]
INFO: [ app_init ] --END-- [ RunTime:0.000000s ]
INFO: [ app_begin ] --START--
INFO: Run Behavior\ReadHtmlCacheBehavior [ RunTime:0.001001s ]
INFO: [ app_begin ] --END-- [ RunTime:0.001001s ]
ERR: 非法操作:www.liding.me

[ 2016-05-24T16:22:51+08:00 ] 127.0.0.1 /index.php/Note/Index/segmentfault.com
INFO: [ app_init ] --START--
INFO: Run Behavior\BuildLiteBehavior [ RunTime:0.001000s ]
INFO: [ app_init ] --END-- [ RunTime:0.001000s ]
INFO: [ app_begin ] --START--
INFO: Run Behavior\ReadHtmlCacheBehavior [ RunTime:0.001000s ]
INFO: [ app_begin ] --END-- [ RunTime:0.001000s ]
ERR: 非法操作:segmentfault.com

[ 2016-05-24T16:22:51+08:00 ] 127.0.0.1 /index.php/Note/Index/codepen.io
INFO: [ app_init ] --START--
INFO: Run Behavior\BuildLiteBehavior [ RunTime:0.001000s ]
INFO: [ app_init ] --END-- [ RunTime:0.001000s ]
INFO: [ app_begin ] --START--
INFO: Run Behavior\ReadHtmlCacheBehavior [ RunTime:0.002000s ]
INFO: [ app_begin ] --END-- [ RunTime:0.004001s ]
ERR: 非法操作:codepen.io

[ 2016-05-24T16:22:51+08:00 ] 127.0.0.1 /index.php/Note/Index/dabblet.com
INFO: [ app_init ] --START--
INFO: Run Behavior\BuildLiteBehavior [ RunTime:0.001000s ]
INFO: [ app_init ] --END-- [ RunTime:0.002000s ]
INFO: [ app_begin ] --START--
INFO: Run Behavior\ReadHtmlCacheBehavior [ RunTime:0.001000s ]
INFO: [ app_begin ] --END-- [ RunTime:0.003000s ]
ERR: 非法操作:dabblet.com

[ 2016-05-24T16:22:51+08:00 ] 127.0.0.1 /index.php/Note/Index/www.codeceo.com
INFO: [ app_init ] --START--
INFO: Run Behavior\BuildLiteBehavior [ RunTime:0.000000s ]
INFO: [ app_init ] --END-- [ RunTime:0.001000s ]
INFO: [ app_begin ] --START--
INFO: Run Behavior\ReadHtmlCacheBehavior [ RunTime:0.006001s ]
INFO: [ app_begin ] --END-- [ RunTime:0.007001s ]
ERR: 非法操作:www.codeceo.com

[ 2016-05-24T16:22:51+08:00 ] 127.0.0.1 /index.php/Note/Index/www.blskye.com
INFO: [ app_init ] --START--
INFO: Run Behavior\BuildLiteBehavior [ RunTime:0.001001s ]
INFO: [ app_init ] --END-- [ RunTime:0.001001s ]
INFO: [ app_begin ] --START--
INFO: Run Behavior\ReadHtmlCacheBehavior [ RunTime:0.002000s ]
INFO: [ app_begin ] --END-- [ RunTime:0.002000s ]
ERR: 非法操作:www.blskye.com

[ 2016-05-24T16:22:51+08:00 ] 127.0.0.1 /index.php/Note/Index/www.runoob.com
INFO: [ app_init ] --START--
INFO: Run Behavior\BuildLiteBehavior [ RunTime:0.000000s ]
INFO: [ app_init ] --END-- [ RunTime:0.000000s ]
INFO: [ app_begin ] --START--
INFO: Run Behavior\ReadHtmlCacheBehavior [ RunTime:0.001000s ]
INFO: [ app_begin ] --END-- [ RunTime:0.001000s ]
ERR: 非法操作:www.runoob.com

[ 2016-05-24T16:22:51+08:00 ] 127.0.0.1 /index.php/Note/Index/www.apjs.net
INFO: [ app_init ] --START--
INFO: Run Behavior\BuildLiteBehavior [ RunTime:0.000000s ]
INFO: [ app_init ] --END-- [ RunTime:0.001000s ]
INFO: [ app_begin ] --START--
INFO: Run Behavior\ReadHtmlCacheBehavior [ RunTime:0.001000s ]
INFO: [ app_begin ] --END-- [ RunTime:0.001000s ]
ERR: 非法操作:www.apjs.net

[ 2016-05-24T16:22:51+08:00 ] 127.0.0.1 /index.php/Note/Index/s.taobao.com
INFO: [ app_init ] --START--
INFO: Run Behavior\BuildLiteBehavior [ RunTime:0.000000s ]
INFO: [ app_init ] --END-- [ RunTime:0.000000s ]
INFO: [ app_begin ] --START--
INFO: Run Behavior\ReadHtmlCacheBehavior [ RunTime:0.001000s ]
INFO: [ app_begin ] --END-- [ RunTime:0.002000s ]
ERR: 非法操作:s.taobao.com

[ 2016-05-24T16:22:51+08:00 ] 127.0.0.1 /index.php/Note/Index/detail.tmall.com
INFO: [ app_init ] --START--
INFO: Run Behavior\BuildLiteBehavior [ RunTime:0.000000s ]
INFO: [ app_init ] --END-- [ RunTime:0.000000s ]
INFO: [ app_begin ] --START--
INFO: Run Behavior\ReadHtmlCacheBehavior [ RunTime:0.001000s ]
INFO: [ app_begin ] --END-- [ RunTime:0.001000s ]
ERR: 非法操作:detail.tmall.com

[ 2016-05-24T16:22:51+08:00 ] 127.0.0.1 /index.php/Note/Index/developer.51cto.com
INFO: [ app_init ] --START--
INFO: Run Behavior\BuildLiteBehavior [ RunTime:0.000000s ]
INFO: [ app_init ] --END-- [ RunTime:0.000000s ]
INFO: [ app_begin ] --START--
INFO: Run Behavior\ReadHtmlCacheBehavior [ RunTime:0.001000s ]
INFO: [ app_begin ] --END-- [ RunTime:0.001000s ]
ERR: 非法操作:developer.51cto.com

[ 2016-05-24T16:23:27+08:00 ] 127.0.0.1 /index.php/Note/Index/index.shtml
INFO: [ app_init ] --START--
INFO: Run Behavior\BuildLiteBehavior [ RunTime:0.000000s ]
INFO: [ app_init ] --END-- [ RunTime:0.000000s ]
INFO: [ app_begin ] --START--
INFO: Run Behavior\ReadHtmlCacheBehavior [ RunTime:0.001000s ]
INFO: [ app_begin ] --END-- [ RunTime:0.001000s ]
SQL: SHOW COLUMNS FROM `nb_note` [ RunTime:0.0030s ]
SQL: SELECT COUNT(*) AS tp_count FROM `nb_note` WHERE ( username="Echo"and notetitle like "%%" and noteremark1 like "%%" ) LIMIT 1   [ RunTime:0.0000s ]
SQL: SELECT * FROM `nb_note` WHERE ( username="Echo"and notetitle like "%%" and noteremark1 like "%%" ) ORDER BY noteid desc LIMIT 0,12   [ RunTime:0.0000s ]
SQL: SHOW COLUMNS FROM `nb_cat` [ RunTime:0.0030s ]
SQL: SELECT * FROM `nb_cat` WHERE ( username="Echo" )  [ RunTime:0.0000s ]
INFO: [ view_parse ] --START--
INFO: [ template_filter ] --START--
INFO: Run Behavior\ContentReplaceBehavior [ RunTime:0.000000s ]
INFO: [ template_filter ] --END-- [ RunTime:0.000000s ]
INFO: Run Behavior\ParseTemplateBehavior [ RunTime:0.023001s ]
INFO: [ view_parse ] --END-- [ RunTime:0.023001s ]
INFO: [ view_filter ] --START--
INFO: Run Behavior\WriteHtmlCacheBehavior [ RunTime:0.001000s ]
INFO: [ view_filter ] --END-- [ RunTime:0.001000s ]
INFO: [ app_end ] --START--
INFO: Run Behavior\ShowPageTraceBehavior [ RunTime:0.001001s ]
INFO: [ app_end ] --END-- [ RunTime:0.001001s ]

[ 2016-05-24T16:23:50+08:00 ] 127.0.0.1 /index.php/Note/Index/index.shtml
INFO: [ app_init ] --START--
INFO: Run Behavior\BuildLiteBehavior [ RunTime:0.000000s ]
INFO: [ app_init ] --END-- [ RunTime:0.001000s ]
INFO: [ app_begin ] --START--
INFO: Run Behavior\ReadHtmlCacheBehavior [ RunTime:0.001000s ]
INFO: [ app_begin ] --END-- [ RunTime:0.001000s ]
SQL: SHOW COLUMNS FROM `nb_note` [ RunTime:0.0030s ]
SQL: SELECT COUNT(*) AS tp_count FROM `nb_note` WHERE ( username="Echo"and notetitle like "%%" and noteremark1 like "%%" ) LIMIT 1   [ RunTime:0.0000s ]
SQL: SELECT * FROM `nb_note` WHERE ( username="Echo"and notetitle like "%%" and noteremark1 like "%%" ) ORDER BY noteid desc LIMIT 0,12   [ RunTime:0.0000s ]
SQL: SHOW COLUMNS FROM `nb_cat` [ RunTime:0.0070s ]
SQL: SELECT * FROM `nb_cat` WHERE ( username="Echo" )  [ RunTime:0.0010s ]
INFO: [ view_parse ] --START--
INFO: [ template_filter ] --START--
INFO: Run Behavior\ContentReplaceBehavior [ RunTime:0.000000s ]
INFO: [ template_filter ] --END-- [ RunTime:0.000000s ]
INFO: Run Behavior\ParseTemplateBehavior [ RunTime:0.021002s ]
INFO: [ view_parse ] --END-- [ RunTime:0.022002s ]
INFO: [ view_filter ] --START--
INFO: Run Behavior\WriteHtmlCacheBehavior [ RunTime:0.000000s ]
INFO: [ view_filter ] --END-- [ RunTime:0.000000s ]
INFO: [ app_end ] --START--
INFO: Run Behavior\ShowPageTraceBehavior [ RunTime:0.000000s ]
INFO: [ app_end ] --END-- [ RunTime:0.000000s ]

[ 2016-05-24T16:24:22+08:00 ] 127.0.0.1 /index.php/Note/Index/index.shtml
INFO: [ app_init ] --START--
INFO: Run Behavior\BuildLiteBehavior [ RunTime:0.000000s ]
INFO: [ app_init ] --END-- [ RunTime:0.000000s ]
INFO: [ app_begin ] --START--
INFO: Run Behavior\ReadHtmlCacheBehavior [ RunTime:0.000000s ]
INFO: [ app_begin ] --END-- [ RunTime:0.000000s ]
SQL: SHOW COLUMNS FROM `nb_note` [ RunTime:0.0040s ]
SQL: SELECT COUNT(*) AS tp_count FROM `nb_note` WHERE ( username="Echo"and notetitle like "%%" and noteremark1 like "%%" ) LIMIT 1   [ RunTime:0.0010s ]
SQL: SELECT * FROM `nb_note` WHERE ( username="Echo"and notetitle like "%%" and noteremark1 like "%%" ) ORDER BY noteid desc LIMIT 0,12   [ RunTime:0.0000s ]
SQL: SHOW COLUMNS FROM `nb_cat` [ RunTime:0.0030s ]
SQL: SELECT * FROM `nb_cat` WHERE ( username="Echo" )  [ RunTime:0.0010s ]
INFO: [ view_parse ] --START--
INFO: [ template_filter ] --START--
INFO: Run Behavior\ContentReplaceBehavior [ RunTime:0.000000s ]
INFO: [ template_filter ] --END-- [ RunTime:0.000000s ]
INFO: Run Behavior\ParseTemplateBehavior [ RunTime:0.021001s ]
INFO: [ view_parse ] --END-- [ RunTime:0.021001s ]
INFO: [ view_filter ] --START--
INFO: Run Behavior\WriteHtmlCacheBehavior [ RunTime:0.001000s ]
INFO: [ view_filter ] --END-- [ RunTime:0.001000s ]
INFO: [ app_end ] --START--
INFO: Run Behavior\ShowPageTraceBehavior [ RunTime:0.001000s ]
INFO: [ app_end ] --END-- [ RunTime:0.001000s ]

[ 2016-05-24T16:26:32+08:00 ] 127.0.0.1 /index.php/Note/Index/index.shtml
INFO: [ app_init ] --START--
INFO: Run Behavior\BuildLiteBehavior [ RunTime:0.000000s ]
INFO: [ app_init ] --END-- [ RunTime:0.001000s ]
INFO: [ app_begin ] --START--
INFO: Run Behavior\ReadHtmlCacheBehavior [ RunTime:0.000000s ]
INFO: [ app_begin ] --END-- [ RunTime:0.001000s ]
SQL: SHOW COLUMNS FROM `nb_note` [ RunTime:0.0040s ]
SQL: SELECT COUNT(*) AS tp_count FROM `nb_note` WHERE ( username="Echo"and notetitle like "%%" and noteremark1 like "%%" ) LIMIT 1   [ RunTime:0.0000s ]
SQL: SELECT * FROM `nb_note` WHERE ( username="Echo"and notetitle like "%%" and noteremark1 like "%%" ) ORDER BY noteid desc LIMIT 0,12   [ RunTime:0.0000s ]
SQL: SHOW COLUMNS FROM `nb_cat` [ RunTime:0.0040s ]
SQL: SELECT * FROM `nb_cat` WHERE ( username="Echo" )  [ RunTime:0.0000s ]
INFO: [ view_parse ] --START--
INFO: [ template_filter ] --START--
INFO: Run Behavior\ContentReplaceBehavior [ RunTime:0.000000s ]
INFO: [ template_filter ] --END-- [ RunTime:0.000000s ]
INFO: Run Behavior\ParseTemplateBehavior [ RunTime:0.023001s ]
INFO: [ view_parse ] --END-- [ RunTime:0.023001s ]
INFO: [ view_filter ] --START--
INFO: Run Behavior\WriteHtmlCacheBehavior [ RunTime:0.000000s ]
INFO: [ view_filter ] --END-- [ RunTime:0.000000s ]
INFO: [ app_end ] --START--
INFO: Run Behavior\ShowPageTraceBehavior [ RunTime:0.001000s ]
INFO: [ app_end ] --END-- [ RunTime:0.001000s ]

[ 2016-05-24T16:27:32+08:00 ] 127.0.0.1 /index.php/Note/Index/index/p/2.shtml
INFO: [ app_init ] --START--
INFO: Run Behavior\BuildLiteBehavior [ RunTime:0.000000s ]
INFO: [ app_init ] --END-- [ RunTime:0.000000s ]
INFO: [ app_begin ] --START--
INFO: Run Behavior\ReadHtmlCacheBehavior [ RunTime:0.001000s ]
INFO: [ app_begin ] --END-- [ RunTime:0.001000s ]
SQL: SHOW COLUMNS FROM `nb_note` [ RunTime:0.0040s ]
SQL: SELECT COUNT(*) AS tp_count FROM `nb_note` WHERE ( username="Echo"and notetitle like "%%" and noteremark1 like "%%" ) LIMIT 1   [ RunTime:0.0010s ]
SQL: SELECT * FROM `nb_note` WHERE ( username="Echo"and notetitle like "%%" and noteremark1 like "%%" ) ORDER BY noteid desc LIMIT 12,12   [ RunTime:0.0010s ]
SQL: SHOW COLUMNS FROM `nb_cat` [ RunTime:0.0030s ]
SQL: SELECT * FROM `nb_cat` WHERE ( username="Echo" )  [ RunTime:0.0010s ]
INFO: [ view_parse ] --START--
INFO: [ template_filter ] --START--
INFO: Run Behavior\ContentReplaceBehavior [ RunTime:0.000000s ]
INFO: [ template_filter ] --END-- [ RunTime:0.000000s ]
INFO: Run Behavior\ParseTemplateBehavior [ RunTime:0.019001s ]
INFO: [ view_parse ] --END-- [ RunTime:0.019001s ]
INFO: [ view_filter ] --START--
INFO: Run Behavior\WriteHtmlCacheBehavior [ RunTime:0.001000s ]
INFO: [ view_filter ] --END-- [ RunTime:0.001000s ]
INFO: [ app_end ] --START--
INFO: Run Behavior\ShowPageTraceBehavior [ RunTime:0.001000s ]
INFO: [ app_end ] --END-- [ RunTime:0.001000s ]

[ 2016-05-24T16:27:38+08:00 ] 127.0.0.1 /index.php/Note/Index/index/p/3.shtml
INFO: [ app_init ] --START--
INFO: Run Behavior\BuildLiteBehavior [ RunTime:0.000000s ]
INFO: [ app_init ] --END-- [ RunTime:0.001000s ]
INFO: [ app_begin ] --START--
INFO: Run Behavior\ReadHtmlCacheBehavior [ RunTime:0.001000s ]
INFO: [ app_begin ] --END-- [ RunTime:0.001000s ]
SQL: SHOW COLUMNS FROM `nb_note` [ RunTime:0.0040s ]
SQL: SELECT COUNT(*) AS tp_count FROM `nb_note` WHERE ( username="Echo"and notetitle like "%%" and noteremark1 like "%%" ) LIMIT 1   [ RunTime:0.0010s ]
SQL: SELECT * FROM `nb_note` WHERE ( username="Echo"and notetitle like "%%" and noteremark1 like "%%" ) ORDER BY noteid desc LIMIT 24,12   [ RunTime:0.0010s ]
SQL: SHOW COLUMNS FROM `nb_cat` [ RunTime:0.0030s ]
SQL: SELECT * FROM `nb_cat` WHERE ( username="Echo" )  [ RunTime:0.0000s ]
INFO: [ view_parse ] --START--
INFO: [ template_filter ] --START--
INFO: Run Behavior\ContentReplaceBehavior [ RunTime:0.000000s ]
INFO: [ template_filter ] --END-- [ RunTime:0.000000s ]
INFO: Run Behavior\ParseTemplateBehavior [ RunTime:0.022002s ]
INFO: [ view_parse ] --END-- [ RunTime:0.022002s ]
INFO: [ view_filter ] --START--
INFO: Run Behavior\WriteHtmlCacheBehavior [ RunTime:0.000000s ]
INFO: [ view_filter ] --END-- [ RunTime:0.001000s ]
INFO: [ app_end ] --START--
INFO: Run Behavior\ShowPageTraceBehavior [ RunTime:0.004000s ]
INFO: [ app_end ] --END-- [ RunTime:0.004000s ]

[ 2016-05-24T16:27:45+08:00 ] 127.0.0.1 /index.php/Note/Index/index/p/4.shtml
INFO: [ app_init ] --START--
INFO: Run Behavior\BuildLiteBehavior [ RunTime:0.000000s ]
INFO: [ app_init ] --END-- [ RunTime:0.000000s ]
INFO: [ app_begin ] --START--
INFO: Run Behavior\ReadHtmlCacheBehavior [ RunTime:0.001000s ]
INFO: [ app_begin ] --END-- [ RunTime:0.001000s ]
SQL: SHOW COLUMNS FROM `nb_note` [ RunTime:0.0030s ]
SQL: SELECT COUNT(*) AS tp_count FROM `nb_note` WHERE ( username="Echo"and notetitle like "%%" and noteremark1 like "%%" ) LIMIT 1   [ RunTime:0.0010s ]
SQL: SELECT * FROM `nb_note` WHERE ( username="Echo"and notetitle like "%%" and noteremark1 like "%%" ) ORDER BY noteid desc LIMIT 36,12   [ RunTime:0.0010s ]
SQL: SHOW COLUMNS FROM `nb_cat` [ RunTime:0.0040s ]
SQL: SELECT * FROM `nb_cat` WHERE ( username="Echo" )  [ RunTime:0.0000s ]
INFO: [ view_parse ] --START--
INFO: [ template_filter ] --START--
INFO: Run Behavior\ContentReplaceBehavior [ RunTime:0.000000s ]
INFO: [ template_filter ] --END-- [ RunTime:0.000000s ]
INFO: Run Behavior\ParseTemplateBehavior [ RunTime:0.023001s ]
INFO: [ view_parse ] --END-- [ RunTime:0.023001s ]
INFO: [ view_filter ] --START--
INFO: Run Behavior\WriteHtmlCacheBehavior [ RunTime:0.001000s ]
INFO: [ view_filter ] --END-- [ RunTime:0.001000s ]
INFO: [ app_end ] --START--
INFO: Run Behavior\ShowPageTraceBehavior [ RunTime:0.001000s ]
INFO: [ app_end ] --END-- [ RunTime:0.001000s ]

[ 2016-05-24T16:28:20+08:00 ] 127.0.0.1 /index.php/Note/Index/index/p/4.shtml
INFO: [ app_init ] --START--
INFO: Run Behavior\BuildLiteBehavior [ RunTime:0.000000s ]
INFO: [ app_init ] --END-- [ RunTime:0.000000s ]
INFO: [ app_begin ] --START--
INFO: Run Behavior\ReadHtmlCacheBehavior [ RunTime:0.000000s ]
INFO: [ app_begin ] --END-- [ RunTime:0.000000s ]
SQL: SHOW COLUMNS FROM `nb_note` [ RunTime:0.0040s ]
SQL: SELECT COUNT(*) AS tp_count FROM `nb_note` WHERE ( username="Echo"and notetitle like "%%" and noteremark1 like "%%" ) LIMIT 1   [ RunTime:0.0010s ]
SQL: SELECT * FROM `nb_note` WHERE ( username="Echo"and notetitle like "%%" and noteremark1 like "%%" ) ORDER BY noteid desc LIMIT 36,12   [ RunTime:0.0010s ]
SQL: SHOW COLUMNS FROM `nb_cat` [ RunTime:0.0060s ]
SQL: SELECT * FROM `nb_cat` WHERE ( username="Echo" )  [ RunTime:0.0000s ]
INFO: [ view_parse ] --START--
INFO: [ template_filter ] --START--
INFO: Run Behavior\ContentReplaceBehavior [ RunTime:0.000000s ]
INFO: [ template_filter ] --END-- [ RunTime:0.001000s ]
INFO: Run Behavior\ParseTemplateBehavior [ RunTime:0.022001s ]
INFO: [ view_parse ] --END-- [ RunTime:0.022001s ]
INFO: [ view_filter ] --START--
INFO: Run Behavior\WriteHtmlCacheBehavior [ RunTime:0.000000s ]
INFO: [ view_filter ] --END-- [ RunTime:0.000000s ]
INFO: [ app_end ] --START--
INFO: Run Behavior\ShowPageTraceBehavior [ RunTime:0.001000s ]
INFO: [ app_end ] --END-- [ RunTime:0.001000s ]

[ 2016-05-24T16:28:25+08:00 ] 127.0.0.1 /index.php/Note/Index/index/p/1.shtml
INFO: [ app_init ] --START--
INFO: Run Behavior\BuildLiteBehavior [ RunTime:0.000000s ]
INFO: [ app_init ] --END-- [ RunTime:0.000000s ]
INFO: [ app_begin ] --START--
INFO: Run Behavior\ReadHtmlCacheBehavior [ RunTime:0.001000s ]
INFO: [ app_begin ] --END-- [ RunTime:0.001000s ]
SQL: SHOW COLUMNS FROM `nb_note` [ RunTime:0.0050s ]
SQL: SELECT COUNT(*) AS tp_count FROM `nb_note` WHERE ( username="Echo"and notetitle like "%%" and noteremark1 like "%%" ) LIMIT 1   [ RunTime:0.0010s ]
SQL: SELECT * FROM `nb_note` WHERE ( username="Echo"and notetitle like "%%" and noteremark1 like "%%" ) ORDER BY noteid desc LIMIT 0,12   [ RunTime:0.0010s ]
SQL: SHOW COLUMNS FROM `nb_cat` [ RunTime:0.0030s ]
SQL: SELECT * FROM `nb_cat` WHERE ( username="Echo" )  [ RunTime:0.0010s ]
INFO: [ view_parse ] --START--
INFO: [ template_filter ] --START--
INFO: Run Behavior\ContentReplaceBehavior [ RunTime:0.000000s ]
INFO: [ template_filter ] --END-- [ RunTime:0.000000s ]
INFO: Run Behavior\ParseTemplateBehavior [ RunTime:0.019001s ]
INFO: [ view_parse ] --END-- [ RunTime:0.019001s ]
INFO: [ view_filter ] --START--
INFO: Run Behavior\WriteHtmlCacheBehavior [ RunTime:0.000000s ]
INFO: [ view_filter ] --END-- [ RunTime:0.000000s ]
INFO: [ app_end ] --START--
INFO: Run Behavior\ShowPageTraceBehavior [ RunTime:0.001000s ]
INFO: [ app_end ] --END-- [ RunTime:0.001000s ]

[ 2016-05-24T16:29:29+08:00 ] 127.0.0.1 /index.php/Note/Index/index/p/2.shtml
INFO: [ app_init ] --START--
INFO: Run Behavior\BuildLiteBehavior [ RunTime:0.000000s ]
INFO: [ app_init ] --END-- [ RunTime:0.000000s ]
INFO: [ app_begin ] --START--
INFO: Run Behavior\ReadHtmlCacheBehavior [ RunTime:0.000000s ]
INFO: [ app_begin ] --END-- [ RunTime:0.001000s ]
SQL: SHOW COLUMNS FROM `nb_note` [ RunTime:0.0040s ]
SQL: SELECT COUNT(*) AS tp_count FROM `nb_note` WHERE ( username="Echo"and notetitle like "%%" and noteremark1 like "%%" ) LIMIT 1   [ RunTime:0.0010s ]
SQL: SELECT * FROM `nb_note` WHERE ( username="Echo"and notetitle like "%%" and noteremark1 like "%%" ) ORDER BY noteid desc LIMIT 12,12   [ RunTime:0.0010s ]
SQL: SHOW COLUMNS FROM `nb_cat` [ RunTime:0.0060s ]
SQL: SELECT * FROM `nb_cat` WHERE ( username="Echo" )  [ RunTime:0.0000s ]
INFO: [ view_parse ] --START--
INFO: [ template_filter ] --START--
INFO: Run Behavior\ContentReplaceBehavior [ RunTime:0.000000s ]
INFO: [ template_filter ] --END-- [ RunTime:0.000000s ]
INFO: Run Behavior\ParseTemplateBehavior [ RunTime:0.024001s ]
INFO: [ view_parse ] --END-- [ RunTime:0.024001s ]
INFO: [ view_filter ] --START--
INFO: Run Behavior\WriteHtmlCacheBehavior [ RunTime:0.000000s ]
INFO: [ view_filter ] --END-- [ RunTime:0.001000s ]
INFO: [ app_end ] --START--
INFO: Run Behavior\ShowPageTraceBehavior [ RunTime:0.001000s ]
INFO: [ app_end ] --END-- [ RunTime:0.002000s ]

[ 2016-05-24T16:29:32+08:00 ] 127.0.0.1 /index.php/Note/Index/index/p/3.shtml
INFO: [ app_init ] --START--
INFO: Run Behavior\BuildLiteBehavior [ RunTime:0.000000s ]
INFO: [ app_init ] --END-- [ RunTime:0.000000s ]
INFO: [ app_begin ] --START--
INFO: Run Behavior\ReadHtmlCacheBehavior [ RunTime:0.000000s ]
INFO: [ app_begin ] --END-- [ RunTime:0.000000s ]
SQL: SHOW COLUMNS FROM `nb_note` [ RunTime:0.0100s ]
SQL: SELECT COUNT(*) AS tp_count FROM `nb_note` WHERE ( username="Echo"and notetitle like "%%" and noteremark1 like "%%" ) LIMIT 1   [ RunTime:0.0010s ]
SQL: SELECT * FROM `nb_note` WHERE ( username="Echo"and notetitle like "%%" and noteremark1 like "%%" ) ORDER BY noteid desc LIMIT 24,12   [ RunTime:0.0000s ]
SQL: SHOW COLUMNS FROM `nb_cat` [ RunTime:0.0040s ]
SQL: SELECT * FROM `nb_cat` WHERE ( username="Echo" )  [ RunTime:0.0020s ]
INFO: [ view_parse ] --START--
INFO: [ template_filter ] --START--
INFO: Run Behavior\ContentReplaceBehavior [ RunTime:0.000000s ]
INFO: [ template_filter ] --END-- [ RunTime:0.000000s ]
INFO: Run Behavior\ParseTemplateBehavior [ RunTime:0.021001s ]
INFO: [ view_parse ] --END-- [ RunTime:0.021001s ]
INFO: [ view_filter ] --START--
INFO: Run Behavior\WriteHtmlCacheBehavior [ RunTime:0.000000s ]
INFO: [ view_filter ] --END-- [ RunTime:0.001000s ]
INFO: [ app_end ] --START--
INFO: Run Behavior\ShowPageTraceBehavior [ RunTime:0.001000s ]
INFO: [ app_end ] --END-- [ RunTime:0.001000s ]

[ 2016-05-24T16:29:36+08:00 ] 127.0.0.1 /index.php/Note/Index/index/p/4.shtml
INFO: [ app_init ] --START--
INFO: Run Behavior\BuildLiteBehavior [ RunTime:0.000000s ]
INFO: [ app_init ] --END-- [ RunTime:0.000000s ]
INFO: [ app_begin ] --START--
INFO: Run Behavior\ReadHtmlCacheBehavior [ RunTime:0.001000s ]
INFO: [ app_begin ] --END-- [ RunTime:0.001000s ]
SQL: SHOW COLUMNS FROM `nb_note` [ RunTime:0.0030s ]
SQL: SELECT COUNT(*) AS tp_count FROM `nb_note` WHERE ( username="Echo"and notetitle like "%%" and noteremark1 like "%%" ) LIMIT 1   [ RunTime:0.0010s ]
SQL: SELECT * FROM `nb_note` WHERE ( username="Echo"and notetitle like "%%" and noteremark1 like "%%" ) ORDER BY noteid desc LIMIT 36,12   [ RunTime:0.0000s ]
SQL: SHOW COLUMNS FROM `nb_cat` [ RunTime:0.0060s ]
SQL: SELECT * FROM `nb_cat` WHERE ( username="Echo" )  [ RunTime:0.0010s ]
INFO: [ view_parse ] --START--
INFO: [ template_filter ] --START--
INFO: Run Behavior\ContentReplaceBehavior [ RunTime:0.000000s ]
INFO: [ template_filter ] --END-- [ RunTime:0.000000s ]
INFO: Run Behavior\ParseTemplateBehavior [ RunTime:0.021001s ]
INFO: [ view_parse ] --END-- [ RunTime:0.021001s ]
INFO: [ view_filter ] --START--
INFO: Run Behavior\WriteHtmlCacheBehavior [ RunTime:0.000000s ]
INFO: [ view_filter ] --END-- [ RunTime:0.000000s ]
INFO: [ app_end ] --START--
INFO: Run Behavior\ShowPageTraceBehavior [ RunTime:0.001000s ]
INFO: [ app_end ] --END-- [ RunTime:0.001000s ]

[ 2016-05-24T16:30:09+08:00 ] 127.0.0.1 /index.php/Note/Index/index/p/4.shtml
INFO: [ app_init ] --START--
INFO: Run Behavior\BuildLiteBehavior [ RunTime:0.000000s ]
INFO: [ app_init ] --END-- [ RunTime:0.000000s ]
INFO: [ app_begin ] --START--
INFO: Run Behavior\ReadHtmlCacheBehavior [ RunTime:0.001000s ]
INFO: [ app_begin ] --END-- [ RunTime:0.001000s ]
SQL: SHOW COLUMNS FROM `nb_note` [ RunTime:0.0070s ]
SQL: SELECT COUNT(*) AS tp_count FROM `nb_note` WHERE ( username="Echo"and notetitle like "%%" and noteremark1 like "%%" ) LIMIT 1   [ RunTime:0.0010s ]
SQL: SELECT * FROM `nb_note` WHERE ( username="Echo"and notetitle like "%%" and noteremark1 like "%%" ) ORDER BY noteid desc LIMIT 36,12   [ RunTime:0.0010s ]
SQL: SHOW COLUMNS FROM `nb_cat` [ RunTime:0.0060s ]
SQL: SELECT * FROM `nb_cat` WHERE ( username="Echo" )  [ RunTime:0.0000s ]
INFO: [ view_parse ] --START--
INFO: [ template_filter ] --START--
INFO: Run Behavior\ContentReplaceBehavior [ RunTime:0.000000s ]
INFO: [ template_filter ] --END-- [ RunTime:0.000000s ]
INFO: Run Behavior\ParseTemplateBehavior [ RunTime:0.025001s ]
INFO: [ view_parse ] --END-- [ RunTime:0.025001s ]
INFO: [ view_filter ] --START--
INFO: Run Behavior\WriteHtmlCacheBehavior [ RunTime:0.000000s ]
INFO: [ view_filter ] --END-- [ RunTime:0.000000s ]
INFO: [ app_end ] --START--
INFO: Run Behavior\ShowPageTraceBehavior [ RunTime:0.000000s ]
INFO: [ app_end ] --END-- [ RunTime:0.001000s ]

[ 2016-05-24T16:30:58+08:00 ] 127.0.0.1 /index.php/Note/Index/updateNoteTip.shtml
INFO: [ app_init ] --START--
INFO: Run Behavior\BuildLiteBehavior [ RunTime:0.000000s ]
INFO: [ app_init ] --END-- [ RunTime:0.000000s ]
INFO: [ app_begin ] --START--
INFO: Run Behavior\ReadHtmlCacheBehavior [ RunTime:0.001000s ]
INFO: [ app_begin ] --END-- [ RunTime:0.001000s ]
SQL: SHOW COLUMNS FROM `nb_note` [ RunTime:0.0030s ]
SQL: UPDATE `nb_note` SET `noteid`='146',`noteremark1`='bootstrop',`username`='Echo' WHERE ( noteid="146"AND username="Echo" ) [ RunTime:0.0640s ]
INFO: [ app_end ] --START--
INFO: Run Behavior\ShowPageTraceBehavior [ RunTime:0.000000s ]
INFO: [ app_end ] --END-- [ RunTime:0.000000s ]

[ 2016-05-24T16:31:08+08:00 ] 127.0.0.1 /index.php/Note/Index/index/p/5.shtml
INFO: [ app_init ] --START--
INFO: Run Behavior\BuildLiteBehavior [ RunTime:0.000000s ]
INFO: [ app_init ] --END-- [ RunTime:0.000000s ]
INFO: [ app_begin ] --START--
INFO: Run Behavior\ReadHtmlCacheBehavior [ RunTime:0.000000s ]
INFO: [ app_begin ] --END-- [ RunTime:0.001000s ]
SQL: SHOW COLUMNS FROM `nb_note` [ RunTime:0.0040s ]
SQL: SELECT COUNT(*) AS tp_count FROM `nb_note` WHERE ( username="Echo"and notetitle like "%%" and noteremark1 like "%%" ) LIMIT 1   [ RunTime:0.0010s ]
SQL: SELECT * FROM `nb_note` WHERE ( username="Echo"and notetitle like "%%" and noteremark1 like "%%" ) ORDER BY noteid desc LIMIT 48,12   [ RunTime:0.0010s ]
SQL: SHOW COLUMNS FROM `nb_cat` [ RunTime:0.0040s ]
SQL: SELECT * FROM `nb_cat` WHERE ( username="Echo" )  [ RunTime:0.0000s ]
INFO: [ view_parse ] --START--
INFO: [ template_filter ] --START--
INFO: Run Behavior\ContentReplaceBehavior [ RunTime:0.000000s ]
INFO: [ template_filter ] --END-- [ RunTime:0.000000s ]
INFO: Run Behavior\ParseTemplateBehavior [ RunTime:0.021001s ]
INFO: [ view_parse ] --END-- [ RunTime:0.021001s ]
INFO: [ view_filter ] --START--
INFO: Run Behavior\WriteHtmlCacheBehavior [ RunTime:0.000000s ]
INFO: [ view_filter ] --END-- [ RunTime:0.000000s ]
INFO: [ app_end ] --START--
INFO: Run Behavior\ShowPageTraceBehavior [ RunTime:0.000000s ]
INFO: [ app_end ] --END-- [ RunTime:0.001000s ]

[ 2016-05-24T16:31:33+08:00 ] 127.0.0.1 /index.php/Note/Index/index.shtml
INFO: [ app_init ] --START--
INFO: Run Behavior\BuildLiteBehavior [ RunTime:0.000000s ]
INFO: [ app_init ] --END-- [ RunTime:0.000000s ]
INFO: [ app_begin ] --START--
INFO: Run Behavior\ReadHtmlCacheBehavior [ RunTime:0.001000s ]
INFO: [ app_begin ] --END-- [ RunTime:0.001000s ]
SQL: SHOW COLUMNS FROM `nb_note` [ RunTime:0.0040s ]
SQL: SELECT COUNT(*) AS tp_count FROM `nb_note` WHERE ( username="Echo"and notetitle like "%%" and noteremark1 like "%%" ) LIMIT 1   [ RunTime:0.0000s ]
SQL: SELECT * FROM `nb_note` WHERE ( username="Echo"and notetitle like "%%" and noteremark1 like "%%" ) ORDER BY noteid desc LIMIT 0,12   [ RunTime:0.0000s ]
SQL: SHOW COLUMNS FROM `nb_cat` [ RunTime:0.0030s ]
SQL: SELECT * FROM `nb_cat` WHERE ( username="Echo" )  [ RunTime:0.0000s ]
INFO: [ view_parse ] --START--
INFO: [ template_filter ] --START--
INFO: Run Behavior\ContentReplaceBehavior [ RunTime:0.000000s ]
INFO: [ template_filter ] --END-- [ RunTime:0.000000s ]
INFO: Run Behavior\ParseTemplateBehavior [ RunTime:0.021001s ]
INFO: [ view_parse ] --END-- [ RunTime:0.021001s ]
INFO: [ view_filter ] --START--
INFO: Run Behavior\WriteHtmlCacheBehavior [ RunTime:0.000000s ]
INFO: [ view_filter ] --END-- [ RunTime:0.000000s ]
INFO: [ app_end ] --START--
INFO: Run Behavior\ShowPageTraceBehavior [ RunTime:0.002000s ]
INFO: [ app_end ] --END-- [ RunTime:0.002000s ]

[ 2016-05-24T16:46:01+08:00 ] 127.0.0.1 /index.php/Note/Index/index.shtml
INFO: [ app_init ] --START--
INFO: Run Behavior\BuildLiteBehavior [ RunTime:0.000000s ]
INFO: [ app_init ] --END-- [ RunTime:0.000000s ]
INFO: [ app_begin ] --START--
INFO: Run Behavior\ReadHtmlCacheBehavior [ RunTime:0.001000s ]
INFO: [ app_begin ] --END-- [ RunTime:0.002000s ]
SQL: SHOW COLUMNS FROM `nb_note` [ RunTime:0.0040s ]
SQL: SELECT COUNT(*) AS tp_count FROM `nb_note` WHERE ( username="Echo"and notetitle like "%%" and noteremark1 like "%%" ) LIMIT 1   [ RunTime:0.0010s ]
SQL: SELECT * FROM `nb_note` WHERE ( username="Echo"and notetitle like "%%" and noteremark1 like "%%" ) ORDER BY noteid desc LIMIT 0,12   [ RunTime:0.0010s ]
SQL: SHOW COLUMNS FROM `nb_cat` [ RunTime:0.0030s ]
SQL: SELECT * FROM `nb_cat` WHERE ( username="Echo" )  [ RunTime:0.0000s ]
INFO: [ view_parse ] --START--
INFO: [ template_filter ] --START--
INFO: Run Behavior\ContentReplaceBehavior [ RunTime:0.000000s ]
INFO: [ template_filter ] --END-- [ RunTime:0.000000s ]
INFO: Run Behavior\ParseTemplateBehavior [ RunTime:0.062004s ]
INFO: [ view_parse ] --END-- [ RunTime:0.062004s ]
INFO: [ view_filter ] --START--
INFO: Run Behavior\WriteHtmlCacheBehavior [ RunTime:0.000000s ]
INFO: [ view_filter ] --END-- [ RunTime:0.000000s ]
INFO: [ app_end ] --START--
INFO: Run Behavior\ShowPageTraceBehavior [ RunTime:0.000000s ]
INFO: [ app_end ] --END-- [ RunTime:0.000000s ]

[ 2016-05-24T16:54:56+08:00 ] 127.0.0.1 /index.php/Note/Index/index.shtml
INFO: [ app_init ] --START--
INFO: Run Behavior\BuildLiteBehavior [ RunTime:0.000000s ]
INFO: [ app_init ] --END-- [ RunTime:0.001001s ]
INFO: [ app_begin ] --START--
INFO: Run Behavior\ReadHtmlCacheBehavior [ RunTime:0.001000s ]
INFO: [ app_begin ] --END-- [ RunTime:0.001000s ]
SQL: SHOW COLUMNS FROM `nb_note` [ RunTime:0.0030s ]
SQL: SELECT COUNT(*) AS tp_count FROM `nb_note` WHERE ( username="Echo"and notetitle like "%%" and noteremark1 like "%%" ) LIMIT 1   [ RunTime:0.0000s ]
SQL: SELECT * FROM `nb_note` WHERE ( username="Echo"and notetitle like "%%" and noteremark1 like "%%" ) ORDER BY noteid desc LIMIT 0,12   [ RunTime:0.0010s ]
SQL: SHOW COLUMNS FROM `nb_cat` [ RunTime:0.0030s ]
SQL: SELECT * FROM `nb_cat` WHERE ( username="Echo" )  [ RunTime:0.0000s ]
INFO: [ view_parse ] --START--
INFO: [ template_filter ] --START--
INFO: Run Behavior\ContentReplaceBehavior [ RunTime:0.000000s ]
INFO: [ template_filter ] --END-- [ RunTime:0.001000s ]
INFO: Run Behavior\ParseTemplateBehavior [ RunTime:0.021001s ]
INFO: [ view_parse ] --END-- [ RunTime:0.021001s ]
INFO: [ view_filter ] --START--
INFO: Run Behavior\WriteHtmlCacheBehavior [ RunTime:0.000000s ]
INFO: [ view_filter ] --END-- [ RunTime:0.000000s ]
INFO: [ app_end ] --START--
INFO: Run Behavior\ShowPageTraceBehavior [ RunTime:0.001000s ]
INFO: [ app_end ] --END-- [ RunTime:0.001000s ]

[ 2016-05-24T17:14:13+08:00 ] 127.0.0.1 /index.php/Note/Index/index.shtml
INFO: [ app_init ] --START--
INFO: Run Behavior\BuildLiteBehavior [ RunTime:0.000000s ]
INFO: [ app_init ] --END-- [ RunTime:0.000000s ]
INFO: [ app_begin ] --START--
INFO: Run Behavior\ReadHtmlCacheBehavior [ RunTime:0.001000s ]
INFO: [ app_begin ] --END-- [ RunTime:0.001000s ]
SQL: SHOW COLUMNS FROM `nb_note` [ RunTime:0.0050s ]
SQL: SELECT COUNT(*) AS tp_count FROM `nb_note` WHERE ( username="Echo"and notetitle like "%%" and noteremark1 like "%%" ) LIMIT 1   [ RunTime:0.0000s ]
SQL: SELECT * FROM `nb_note` WHERE ( username="Echo"and notetitle like "%%" and noteremark1 like "%%" ) ORDER BY noteid desc LIMIT 0,12   [ RunTime:0.0000s ]
SQL: SHOW COLUMNS FROM `nb_cat` [ RunTime:0.0030s ]
SQL: SELECT * FROM `nb_cat` WHERE ( username="Echo" )  [ RunTime:0.0010s ]
INFO: [ view_parse ] --START--
INFO: [ template_filter ] --START--
INFO: Run Behavior\ContentReplaceBehavior [ RunTime:0.000000s ]
INFO: [ template_filter ] --END-- [ RunTime:0.000000s ]
INFO: Run Behavior\ParseTemplateBehavior [ RunTime:0.018001s ]
INFO: [ view_parse ] --END-- [ RunTime:0.018001s ]
INFO: [ view_filter ] --START--
INFO: Run Behavior\WriteHtmlCacheBehavior [ RunTime:0.001000s ]
INFO: [ view_filter ] --END-- [ RunTime:0.001000s ]
INFO: [ app_end ] --START--
INFO: Run Behavior\ShowPageTraceBehavior [ RunTime:0.001000s ]
INFO: [ app_end ] --END-- [ RunTime:0.001000s ]

