[ 2016-04-01T21:14:49+08:00 ] 127.0.0.1 /index.php/User/Index/index.shtml?u=wang
INFO: [ app_init ] --START--
INFO: Run Behavior\BuildLiteBehavior [ RunTime:0.000088s ]
INFO: [ app_init ] --END-- [ RunTime:0.000619s ]
INFO: [ app_begin ] --START--
INFO: Run Behavior\ReadHtmlCacheBehavior [ RunTime:0.003863s ]
INFO: [ app_begin ] --END-- [ RunTime:0.004313s ]
SQL: SHOW COLUMNS FROM `nb_user` [ RunTime:0.0151s ]
SQL: SELECT * FROM `nb_user` WHERE ( username="wang" )  [ RunTime:0.0011s ]
SQL: SHOW COLUMNS FROM `nb_blog` [ RunTime:0.0115s ]
SQL: SELECT * FROM `nb_blog` WHERE ( username="wang" ) LIMIT 9   [ RunTime:0.0010s ]
SQL: SHOW COLUMNS FROM `nb_note` [ RunTime:0.0110s ]
SQL: SELECT * FROM `nb_note` WHERE ( username="wang" ) LIMIT 9   [ RunTime:0.0014s ]
INFO: [ view_parse ] --START--
INFO: [ template_filter ] --START--
INFO: Run Behavior\ContentReplaceBehavior [ RunTime:0.000331s ]
INFO: [ template_filter ] --END-- [ RunTime:0.000755s ]
NOTIC: [8] Use of undefined constant username - assumed 'username' D:\wamp\www\MyBeta\Application\Runtime\Cache\User\17556959e3df1da0af4158c42160c231.php 第 13 行.
NOTIC: [8] Use of undefined constant username - assumed 'username' D:\wamp\www\MyBeta\Application\Runtime\Cache\User\17556959e3df1da0af4158c42160c231.php 第 40 行.
NOTIC: [8] Use of undefined constant username - assumed 'username' D:\wamp\www\MyBeta\Application\Runtime\Cache\User\17556959e3df1da0af4158c42160c231.php 第 40 行.
NOTIC: [8] Use of undefined constant username - assumed 'username' D:\wamp\www\MyBeta\Application\Runtime\Cache\User\17556959e3df1da0af4158c42160c231.php 第 43 行.
NOTIC: [8] Use of undefined constant username - assumed 'username' D:\wamp\www\MyBeta\Application\Runtime\Cache\User\17556959e3df1da0af4158c42160c231.php 第 66 行.
NOTIC: [8] Use of undefined constant username - assumed 'username' D:\wamp\www\MyBeta\Application\Runtime\Cache\User\17556959e3df1da0af4158c42160c231.php 第 67 行.
NOTIC: [8] Use of undefined constant username - assumed 'username' D:\wamp\www\MyBeta\Application\Runtime\Cache\User\17556959e3df1da0af4158c42160c231.php 第 70 行.
INFO: Run Behavior\ParseTemplateBehavior [ RunTime:0.075507s ]
INFO: [ view_parse ] --END-- [ RunTime:0.075889s ]
INFO: [ view_filter ] --START--
INFO: Run Behavior\WriteHtmlCacheBehavior [ RunTime:0.001898s ]
INFO: [ view_filter ] --END-- [ RunTime:0.002260s ]
INFO: [ app_end ] --START--
INFO: Run Behavior\ShowPageTraceBehavior [ RunTime:0.003097s ]
INFO: [ app_end ] --END-- [ RunTime:0.003752s ]

