[ 2016-05-22T16:47:18+08:00 ] 127.0.0.1 /index.php/User/Index/index.shtml
INFO: [ app_init ] --START--
INFO: Run Behavior\BuildLiteBehavior [ RunTime:0.001000s ]
INFO: [ app_init ] --END-- [ RunTime:0.001000s ]
INFO: [ app_begin ] --START--
INFO: Run Behavior\ReadHtmlCacheBehavior [ RunTime:0.001000s ]
INFO: [ app_begin ] --END-- [ RunTime:0.001000s ]
SQL: SHOW COLUMNS FROM `nb_user` [ RunTime:0.0050s ]
SQL: SELECT * FROM `nb_user` WHERE ( username="" )  [ RunTime:0.0010s ]
SQL: SHOW COLUMNS FROM `nb_blog` [ RunTime:0.0130s ]
SQL: SELECT * FROM `nb_blog` WHERE ( username="" ) LIMIT 9   [ RunTime:0.0000s ]
SQL: SHOW COLUMNS FROM `nb_note` [ RunTime:0.0050s ]
SQL: SELECT * FROM `nb_note` WHERE ( username="" ) LIMIT 9   [ RunTime:0.0010s ]
INFO: [ view_parse ] --START--
INFO: [ template_filter ] --START--
INFO: Run Behavior\ContentReplaceBehavior [ RunTime:0.000000s ]
INFO: [ template_filter ] --END-- [ RunTime:0.000000s ]
NOTIC: [8] Use of undefined constant username - assumed 'username' D:\wamp\www\wht\Application\Runtime\Cache\User\17556959e3df1da0af4158c42160c231.php 第 13 行.
NOTIC: [8] Undefined offset: 0 D:\wamp\www\wht\Application\Runtime\Cache\User\17556959e3df1da0af4158c42160c231.php 第 13 行.
NOTIC: [8] Use of undefined constant username - assumed 'username' D:\wamp\www\wht\Application\Runtime\Cache\User\17556959e3df1da0af4158c42160c231.php 第 40 行.
NOTIC: [8] Undefined offset: 0 D:\wamp\www\wht\Application\Runtime\Cache\User\17556959e3df1da0af4158c42160c231.php 第 40 行.
NOTIC: [8] Use of undefined constant username - assumed 'username' D:\wamp\www\wht\Application\Runtime\Cache\User\17556959e3df1da0af4158c42160c231.php 第 40 行.
NOTIC: [8] Undefined offset: 0 D:\wamp\www\wht\Application\Runtime\Cache\User\17556959e3df1da0af4158c42160c231.php 第 40 行.
NOTIC: [8] Use of undefined constant username - assumed 'username' D:\wamp\www\wht\Application\Runtime\Cache\User\17556959e3df1da0af4158c42160c231.php 第 43 行.
NOTIC: [8] Undefined offset: 0 D:\wamp\www\wht\Application\Runtime\Cache\User\17556959e3df1da0af4158c42160c231.php 第 43 行.
NOTIC: [8] Use of undefined constant username - assumed 'username' D:\wamp\www\wht\Application\Runtime\Cache\User\17556959e3df1da0af4158c42160c231.php 第 66 行.
NOTIC: [8] Undefined offset: 0 D:\wamp\www\wht\Application\Runtime\Cache\User\17556959e3df1da0af4158c42160c231.php 第 66 行.
NOTIC: [8] Use of undefined constant username - assumed 'username' D:\wamp\www\wht\Application\Runtime\Cache\User\17556959e3df1da0af4158c42160c231.php 第 67 行.
NOTIC: [8] Undefined offset: 0 D:\wamp\www\wht\Application\Runtime\Cache\User\17556959e3df1da0af4158c42160c231.php 第 67 行.
NOTIC: [8] Use of undefined constant username - assumed 'username' D:\wamp\www\wht\Application\Runtime\Cache\User\17556959e3df1da0af4158c42160c231.php 第 71 行.
NOTIC: [8] Undefined offset: 0 D:\wamp\www\wht\Application\Runtime\Cache\User\17556959e3df1da0af4158c42160c231.php 第 71 行.
INFO: Run Behavior\ParseTemplateBehavior [ RunTime:0.057003s ]
INFO: [ view_parse ] --END-- [ RunTime:0.057003s ]
INFO: [ view_filter ] --START--
INFO: Run Behavior\WriteHtmlCacheBehavior [ RunTime:0.001000s ]
INFO: [ view_filter ] --END-- [ RunTime:0.001000s ]
INFO: [ app_end ] --START--
INFO: Run Behavior\ShowPageTraceBehavior [ RunTime:0.001000s ]
INFO: [ app_end ] --END-- [ RunTime:0.002000s ]

[ 2016-05-22T16:47:25+08:00 ] 127.0.0.1 /index.php/User/Index/index.shtml
INFO: [ app_init ] --START--
INFO: Run Behavior\BuildLiteBehavior [ RunTime:0.000000s ]
INFO: [ app_init ] --END-- [ RunTime:0.000000s ]
INFO: [ app_begin ] --START--
INFO: Run Behavior\ReadHtmlCacheBehavior [ RunTime:0.000000s ]
INFO: [ app_begin ] --END-- [ RunTime:0.000000s ]
SQL: SHOW COLUMNS FROM `nb_user` [ RunTime:0.0170s ]
SQL: SELECT * FROM `nb_user` WHERE ( username="" )  [ RunTime:0.0010s ]
SQL: SHOW COLUMNS FROM `nb_blog` [ RunTime:0.0030s ]
SQL: SELECT * FROM `nb_blog` WHERE ( username="" ) LIMIT 9   [ RunTime:0.0000s ]
SQL: SHOW COLUMNS FROM `nb_note` [ RunTime:0.0040s ]
SQL: SELECT * FROM `nb_note` WHERE ( username="" ) LIMIT 9   [ RunTime:0.0010s ]
INFO: [ view_parse ] --START--
INFO: [ template_filter ] --START--
INFO: Run Behavior\ContentReplaceBehavior [ RunTime:0.000000s ]
INFO: [ template_filter ] --END-- [ RunTime:0.000000s ]
NOTIC: [8] Use of undefined constant username - assumed 'username' D:\wamp\www\wht\Application\Runtime\Cache\User\17556959e3df1da0af4158c42160c231.php 第 13 行.
NOTIC: [8] Undefined offset: 0 D:\wamp\www\wht\Application\Runtime\Cache\User\17556959e3df1da0af4158c42160c231.php 第 13 行.
NOTIC: [8] Use of undefined constant username - assumed 'username' D:\wamp\www\wht\Application\Runtime\Cache\User\17556959e3df1da0af4158c42160c231.php 第 40 行.
NOTIC: [8] Undefined offset: 0 D:\wamp\www\wht\Application\Runtime\Cache\User\17556959e3df1da0af4158c42160c231.php 第 40 行.
NOTIC: [8] Use of undefined constant username - assumed 'username' D:\wamp\www\wht\Application\Runtime\Cache\User\17556959e3df1da0af4158c42160c231.php 第 40 行.
NOTIC: [8] Undefined offset: 0 D:\wamp\www\wht\Application\Runtime\Cache\User\17556959e3df1da0af4158c42160c231.php 第 40 行.
NOTIC: [8] Use of undefined constant username - assumed 'username' D:\wamp\www\wht\Application\Runtime\Cache\User\17556959e3df1da0af4158c42160c231.php 第 43 行.
NOTIC: [8] Undefined offset: 0 D:\wamp\www\wht\Application\Runtime\Cache\User\17556959e3df1da0af4158c42160c231.php 第 43 行.
NOTIC: [8] Use of undefined constant username - assumed 'username' D:\wamp\www\wht\Application\Runtime\Cache\User\17556959e3df1da0af4158c42160c231.php 第 66 行.
NOTIC: [8] Undefined offset: 0 D:\wamp\www\wht\Application\Runtime\Cache\User\17556959e3df1da0af4158c42160c231.php 第 66 行.
NOTIC: [8] Use of undefined constant username - assumed 'username' D:\wamp\www\wht\Application\Runtime\Cache\User\17556959e3df1da0af4158c42160c231.php 第 67 行.
NOTIC: [8] Undefined offset: 0 D:\wamp\www\wht\Application\Runtime\Cache\User\17556959e3df1da0af4158c42160c231.php 第 67 行.
NOTIC: [8] Use of undefined constant username - assumed 'username' D:\wamp\www\wht\Application\Runtime\Cache\User\17556959e3df1da0af4158c42160c231.php 第 71 行.
NOTIC: [8] Undefined offset: 0 D:\wamp\www\wht\Application\Runtime\Cache\User\17556959e3df1da0af4158c42160c231.php 第 71 行.
INFO: Run Behavior\ParseTemplateBehavior [ RunTime:0.014000s ]
INFO: [ view_parse ] --END-- [ RunTime:0.014000s ]
INFO: [ view_filter ] --START--
INFO: Run Behavior\WriteHtmlCacheBehavior [ RunTime:0.000000s ]
INFO: [ view_filter ] --END-- [ RunTime:0.000000s ]
INFO: [ app_end ] --START--
INFO: Run Behavior\ShowPageTraceBehavior [ RunTime:0.001000s ]
INFO: [ app_end ] --END-- [ RunTime:0.001000s ]

