[ 2016-04-16T10:39:34+08:00 ] 127.0.0.1 /index.php/User/Index/signout.shtml
INFO: [ app_init ] --START--
INFO: Run Behavior\BuildLiteBehavior [ RunTime:0.000000s ]
INFO: [ app_init ] --END-- [ RunTime:0.000000s ]
INFO: [ app_begin ] --START--
INFO: Run Behavior\ReadHtmlCacheBehavior [ RunTime:0.001000s ]
INFO: [ app_begin ] --END-- [ RunTime:0.001000s ]
ERR: 非法操作:signout

[ 2016-04-16T10:56:04+08:00 ] 127.0.0.1 /index.php/User/Index/index.shtml?u=Echo
INFO: [ app_init ] --START--
INFO: Run Behavior\BuildLiteBehavior [ RunTime:0.000000s ]
INFO: [ app_init ] --END-- [ RunTime:0.001000s ]
INFO: [ app_begin ] --START--
INFO: Run Behavior\ReadHtmlCacheBehavior [ RunTime:0.000000s ]
INFO: [ app_begin ] --END-- [ RunTime:0.001000s ]
SQL: SHOW COLUMNS FROM `nb_user` [ RunTime:0.0040s ]
SQL: SELECT * FROM `nb_user` WHERE ( username="Echo" )  [ RunTime:0.0000s ]
SQL: SHOW COLUMNS FROM `nb_blog` [ RunTime:0.0030s ]
SQL: SELECT * FROM `nb_blog` WHERE ( username="Echo" ) LIMIT 9   [ RunTime:0.0000s ]
SQL: SHOW COLUMNS FROM `nb_note` [ RunTime:0.0090s ]
SQL: SELECT * FROM `nb_note` WHERE ( username="Echo" ) LIMIT 9   [ RunTime:0.0010s ]
INFO: [ view_parse ] --START--
INFO: [ template_filter ] --START--
INFO: Run Behavior\ContentReplaceBehavior [ RunTime:0.000000s ]
INFO: [ template_filter ] --END-- [ RunTime:0.000000s ]
NOTIC: [8] Use of undefined constant username - assumed 'username' D:\wamp\www\wht\Application\Runtime\Cache\User\17556959e3df1da0af4158c42160c231.php 第 13 行.
NOTIC: [8] Use of undefined constant username - assumed 'username' D:\wamp\www\wht\Application\Runtime\Cache\User\17556959e3df1da0af4158c42160c231.php 第 40 行.
NOTIC: [8] Use of undefined constant username - assumed 'username' D:\wamp\www\wht\Application\Runtime\Cache\User\17556959e3df1da0af4158c42160c231.php 第 40 行.
NOTIC: [8] Use of undefined constant username - assumed 'username' D:\wamp\www\wht\Application\Runtime\Cache\User\17556959e3df1da0af4158c42160c231.php 第 43 行.
NOTIC: [8] Use of undefined constant username - assumed 'username' D:\wamp\www\wht\Application\Runtime\Cache\User\17556959e3df1da0af4158c42160c231.php 第 66 行.
NOTIC: [8] Use of undefined constant username - assumed 'username' D:\wamp\www\wht\Application\Runtime\Cache\User\17556959e3df1da0af4158c42160c231.php 第 67 行.
NOTIC: [8] Use of undefined constant username - assumed 'username' D:\wamp\www\wht\Application\Runtime\Cache\User\17556959e3df1da0af4158c42160c231.php 第 70 行.
INFO: Run Behavior\ParseTemplateBehavior [ RunTime:0.031002s ]
INFO: [ view_parse ] --END-- [ RunTime:0.031002s ]
INFO: [ view_filter ] --START--
INFO: Run Behavior\WriteHtmlCacheBehavior [ RunTime:0.001000s ]
INFO: [ view_filter ] --END-- [ RunTime:0.001000s ]
INFO: [ app_end ] --START--
INFO: Run Behavior\ShowPageTraceBehavior [ RunTime:0.001000s ]
INFO: [ app_end ] --END-- [ RunTime:0.001000s ]

[ 2016-04-16T10:58:46+08:00 ] 127.0.0.1 /index.php/User/Index/index.shtml?u=Echo
INFO: [ app_init ] --START--
INFO: Run Behavior\BuildLiteBehavior [ RunTime:0.000000s ]
INFO: [ app_init ] --END-- [ RunTime:0.000000s ]
INFO: [ app_begin ] --START--
INFO: Run Behavior\ReadHtmlCacheBehavior [ RunTime:0.005000s ]
INFO: [ app_begin ] --END-- [ RunTime:0.005000s ]
SQL: SHOW COLUMNS FROM `nb_user` [ RunTime:0.0060s ]
SQL: SELECT * FROM `nb_user` WHERE ( username="Echo" )  [ RunTime:0.0010s ]
SQL: SHOW COLUMNS FROM `nb_blog` [ RunTime:0.0030s ]
SQL: SELECT * FROM `nb_blog` WHERE ( username="Echo" ) LIMIT 9   [ RunTime:0.0000s ]
SQL: SHOW COLUMNS FROM `nb_note` [ RunTime:0.0050s ]
SQL: SELECT * FROM `nb_note` WHERE ( username="Echo" ) LIMIT 9   [ RunTime:0.0000s ]
INFO: [ view_parse ] --START--
INFO: [ template_filter ] --START--
INFO: Run Behavior\ContentReplaceBehavior [ RunTime:0.000000s ]
INFO: [ template_filter ] --END-- [ RunTime:0.000000s ]
NOTIC: [8] Use of undefined constant username - assumed 'username' D:\wamp\www\wht\Application\Runtime\Cache\User\17556959e3df1da0af4158c42160c231.php 第 13 行.
NOTIC: [8] Use of undefined constant username - assumed 'username' D:\wamp\www\wht\Application\Runtime\Cache\User\17556959e3df1da0af4158c42160c231.php 第 40 行.
NOTIC: [8] Use of undefined constant username - assumed 'username' D:\wamp\www\wht\Application\Runtime\Cache\User\17556959e3df1da0af4158c42160c231.php 第 40 行.
NOTIC: [8] Use of undefined constant username - assumed 'username' D:\wamp\www\wht\Application\Runtime\Cache\User\17556959e3df1da0af4158c42160c231.php 第 43 行.
NOTIC: [8] Use of undefined constant username - assumed 'username' D:\wamp\www\wht\Application\Runtime\Cache\User\17556959e3df1da0af4158c42160c231.php 第 66 行.
NOTIC: [8] Use of undefined constant username - assumed 'username' D:\wamp\www\wht\Application\Runtime\Cache\User\17556959e3df1da0af4158c42160c231.php 第 67 行.
NOTIC: [8] Use of undefined constant username - assumed 'username' D:\wamp\www\wht\Application\Runtime\Cache\User\17556959e3df1da0af4158c42160c231.php 第 70 行.
INFO: Run Behavior\ParseTemplateBehavior [ RunTime:0.014000s ]
INFO: [ view_parse ] --END-- [ RunTime:0.014000s ]
INFO: [ view_filter ] --START--
INFO: Run Behavior\WriteHtmlCacheBehavior [ RunTime:0.001000s ]
INFO: [ view_filter ] --END-- [ RunTime:0.001000s ]
INFO: [ app_end ] --START--
INFO: Run Behavior\ShowPageTraceBehavior [ RunTime:0.001000s ]
INFO: [ app_end ] --END-- [ RunTime:0.001000s ]

[ 2016-04-16T10:59:21+08:00 ] 127.0.0.1 /index.php/User/Index/index.shtml?u=Echo
INFO: [ app_init ] --START--
INFO: Run Behavior\BuildLiteBehavior [ RunTime:0.000000s ]
INFO: [ app_init ] --END-- [ RunTime:0.000000s ]
INFO: [ app_begin ] --START--
INFO: Run Behavior\ReadHtmlCacheBehavior [ RunTime:0.001001s ]
INFO: [ app_begin ] --END-- [ RunTime:0.001001s ]
SQL: SHOW COLUMNS FROM `nb_user` [ RunTime:0.0020s ]
SQL: SELECT * FROM `nb_user` WHERE ( username="Echo" )  [ RunTime:0.0000s ]
SQL: SHOW COLUMNS FROM `nb_blog` [ RunTime:0.0020s ]
SQL: SELECT * FROM `nb_blog` WHERE ( username="Echo" ) LIMIT 9   [ RunTime:0.0000s ]
SQL: SHOW COLUMNS FROM `nb_note` [ RunTime:0.0030s ]
SQL: SELECT * FROM `nb_note` WHERE ( username="Echo" ) LIMIT 9   [ RunTime:0.0000s ]
INFO: [ view_parse ] --START--
INFO: [ template_filter ] --START--
INFO: Run Behavior\ContentReplaceBehavior [ RunTime:0.000000s ]
INFO: [ template_filter ] --END-- [ RunTime:0.000000s ]
NOTIC: [8] Use of undefined constant username - assumed 'username' D:\wamp\www\wht\Application\Runtime\Cache\User\17556959e3df1da0af4158c42160c231.php 第 13 行.
NOTIC: [8] Use of undefined constant username - assumed 'username' D:\wamp\www\wht\Application\Runtime\Cache\User\17556959e3df1da0af4158c42160c231.php 第 40 行.
NOTIC: [8] Use of undefined constant username - assumed 'username' D:\wamp\www\wht\Application\Runtime\Cache\User\17556959e3df1da0af4158c42160c231.php 第 40 行.
NOTIC: [8] Use of undefined constant username - assumed 'username' D:\wamp\www\wht\Application\Runtime\Cache\User\17556959e3df1da0af4158c42160c231.php 第 43 行.
NOTIC: [8] Use of undefined constant username - assumed 'username' D:\wamp\www\wht\Application\Runtime\Cache\User\17556959e3df1da0af4158c42160c231.php 第 66 行.
NOTIC: [8] Use of undefined constant username - assumed 'username' D:\wamp\www\wht\Application\Runtime\Cache\User\17556959e3df1da0af4158c42160c231.php 第 67 行.
NOTIC: [8] Use of undefined constant username - assumed 'username' D:\wamp\www\wht\Application\Runtime\Cache\User\17556959e3df1da0af4158c42160c231.php 第 71 行.
INFO: Run Behavior\ParseTemplateBehavior [ RunTime:0.012001s ]
INFO: [ view_parse ] --END-- [ RunTime:0.012001s ]
INFO: [ view_filter ] --START--
INFO: Run Behavior\WriteHtmlCacheBehavior [ RunTime:0.000000s ]
INFO: [ view_filter ] --END-- [ RunTime:0.000000s ]
INFO: [ app_end ] --START--
INFO: Run Behavior\ShowPageTraceBehavior [ RunTime:0.001000s ]
INFO: [ app_end ] --END-- [ RunTime:0.001000s ]

[ 2016-04-16T10:59:22+08:00 ] 127.0.0.1 /index.php/User/Index/index.shtml?u=Echo
INFO: [ app_init ] --START--
INFO: Run Behavior\BuildLiteBehavior [ RunTime:0.000000s ]
INFO: [ app_init ] --END-- [ RunTime:0.000000s ]
INFO: [ app_begin ] --START--
INFO: Run Behavior\ReadHtmlCacheBehavior [ RunTime:0.001000s ]
INFO: [ app_begin ] --END-- [ RunTime:0.001000s ]
SQL: SHOW COLUMNS FROM `nb_user` [ RunTime:0.0030s ]
SQL: SELECT * FROM `nb_user` WHERE ( username="Echo" )  [ RunTime:0.0000s ]
SQL: SHOW COLUMNS FROM `nb_blog` [ RunTime:0.0020s ]
SQL: SELECT * FROM `nb_blog` WHERE ( username="Echo" ) LIMIT 9   [ RunTime:0.0000s ]
SQL: SHOW COLUMNS FROM `nb_note` [ RunTime:0.0030s ]
SQL: SELECT * FROM `nb_note` WHERE ( username="Echo" ) LIMIT 9   [ RunTime:0.0000s ]
INFO: [ view_parse ] --START--
INFO: [ template_filter ] --START--
INFO: Run Behavior\ContentReplaceBehavior [ RunTime:0.000000s ]
INFO: [ template_filter ] --END-- [ RunTime:0.001000s ]
NOTIC: [8] Use of undefined constant username - assumed 'username' D:\wamp\www\wht\Application\Runtime\Cache\User\17556959e3df1da0af4158c42160c231.php 第 13 行.
NOTIC: [8] Use of undefined constant username - assumed 'username' D:\wamp\www\wht\Application\Runtime\Cache\User\17556959e3df1da0af4158c42160c231.php 第 40 行.
NOTIC: [8] Use of undefined constant username - assumed 'username' D:\wamp\www\wht\Application\Runtime\Cache\User\17556959e3df1da0af4158c42160c231.php 第 40 行.
NOTIC: [8] Use of undefined constant username - assumed 'username' D:\wamp\www\wht\Application\Runtime\Cache\User\17556959e3df1da0af4158c42160c231.php 第 43 行.
NOTIC: [8] Use of undefined constant username - assumed 'username' D:\wamp\www\wht\Application\Runtime\Cache\User\17556959e3df1da0af4158c42160c231.php 第 66 行.
NOTIC: [8] Use of undefined constant username - assumed 'username' D:\wamp\www\wht\Application\Runtime\Cache\User\17556959e3df1da0af4158c42160c231.php 第 67 行.
NOTIC: [8] Use of undefined constant username - assumed 'username' D:\wamp\www\wht\Application\Runtime\Cache\User\17556959e3df1da0af4158c42160c231.php 第 71 行.
INFO: Run Behavior\ParseTemplateBehavior [ RunTime:0.015001s ]
INFO: [ view_parse ] --END-- [ RunTime:0.015001s ]
INFO: [ view_filter ] --START--
INFO: Run Behavior\WriteHtmlCacheBehavior [ RunTime:0.000000s ]
INFO: [ view_filter ] --END-- [ RunTime:0.001000s ]
INFO: [ app_end ] --START--
INFO: Run Behavior\ShowPageTraceBehavior [ RunTime:0.001000s ]
INFO: [ app_end ] --END-- [ RunTime:0.001000s ]

[ 2016-04-16T10:59:28+08:00 ] 127.0.0.1 /index.php/User/Index/index.shtml?u=Echo
INFO: [ app_init ] --START--
INFO: Run Behavior\BuildLiteBehavior [ RunTime:0.000000s ]
INFO: [ app_init ] --END-- [ RunTime:0.000000s ]
INFO: [ app_begin ] --START--
INFO: Run Behavior\ReadHtmlCacheBehavior [ RunTime:0.000000s ]
INFO: [ app_begin ] --END-- [ RunTime:0.000000s ]
SQL: SHOW COLUMNS FROM `nb_user` [ RunTime:0.0020s ]
SQL: SELECT * FROM `nb_user` WHERE ( username="Echo" )  [ RunTime:0.0000s ]
SQL: SHOW COLUMNS FROM `nb_blog` [ RunTime:0.0030s ]
SQL: SELECT * FROM `nb_blog` WHERE ( username="Echo" ) LIMIT 9   [ RunTime:0.0010s ]
SQL: SHOW COLUMNS FROM `nb_note` [ RunTime:0.0020s ]
SQL: SELECT * FROM `nb_note` WHERE ( username="Echo" ) LIMIT 9   [ RunTime:0.0000s ]
INFO: [ view_parse ] --START--
INFO: [ template_filter ] --START--
INFO: Run Behavior\ContentReplaceBehavior [ RunTime:0.000000s ]
INFO: [ template_filter ] --END-- [ RunTime:0.000000s ]
NOTIC: [8] Use of undefined constant username - assumed 'username' D:\wamp\www\wht\Application\Runtime\Cache\User\17556959e3df1da0af4158c42160c231.php 第 13 行.
NOTIC: [8] Use of undefined constant username - assumed 'username' D:\wamp\www\wht\Application\Runtime\Cache\User\17556959e3df1da0af4158c42160c231.php 第 40 行.
NOTIC: [8] Use of undefined constant username - assumed 'username' D:\wamp\www\wht\Application\Runtime\Cache\User\17556959e3df1da0af4158c42160c231.php 第 40 行.
NOTIC: [8] Use of undefined constant username - assumed 'username' D:\wamp\www\wht\Application\Runtime\Cache\User\17556959e3df1da0af4158c42160c231.php 第 43 行.
NOTIC: [8] Use of undefined constant username - assumed 'username' D:\wamp\www\wht\Application\Runtime\Cache\User\17556959e3df1da0af4158c42160c231.php 第 66 行.
NOTIC: [8] Use of undefined constant username - assumed 'username' D:\wamp\www\wht\Application\Runtime\Cache\User\17556959e3df1da0af4158c42160c231.php 第 67 行.
NOTIC: [8] Use of undefined constant username - assumed 'username' D:\wamp\www\wht\Application\Runtime\Cache\User\17556959e3df1da0af4158c42160c231.php 第 71 行.
INFO: Run Behavior\ParseTemplateBehavior [ RunTime:0.013001s ]
INFO: [ view_parse ] --END-- [ RunTime:0.013001s ]
INFO: [ view_filter ] --START--
INFO: Run Behavior\WriteHtmlCacheBehavior [ RunTime:0.000000s ]
INFO: [ view_filter ] --END-- [ RunTime:0.000000s ]
INFO: [ app_end ] --START--
INFO: Run Behavior\ShowPageTraceBehavior [ RunTime:0.000000s ]
INFO: [ app_end ] --END-- [ RunTime:0.001000s ]

[ 2016-04-16T10:59:30+08:00 ] 127.0.0.1 /index.php/User/Index/setIcon.shtml
INFO: [ app_init ] --START--
INFO: Run Behavior\BuildLiteBehavior [ RunTime:0.000000s ]
INFO: [ app_init ] --END-- [ RunTime:0.000000s ]
INFO: [ app_begin ] --START--
INFO: Run Behavior\ReadHtmlCacheBehavior [ RunTime:0.001000s ]
INFO: [ app_begin ] --END-- [ RunTime:0.001000s ]
INFO: [ view_parse ] --START--
INFO: [ template_filter ] --START--
INFO: Run Behavior\ContentReplaceBehavior [ RunTime:0.000000s ]
INFO: [ template_filter ] --END-- [ RunTime:0.000000s ]
INFO: Run Behavior\ParseTemplateBehavior [ RunTime:0.021002s ]
INFO: [ view_parse ] --END-- [ RunTime:0.021002s ]
INFO: [ view_filter ] --START--
INFO: Run Behavior\WriteHtmlCacheBehavior [ RunTime:0.000000s ]
INFO: [ view_filter ] --END-- [ RunTime:0.000000s ]
INFO: [ app_end ] --START--
INFO: Run Behavior\ShowPageTraceBehavior [ RunTime:0.001000s ]
INFO: [ app_end ] --END-- [ RunTime:0.001000s ]

[ 2016-04-16T11:00:19+08:00 ] 127.0.0.1 /index.php/User/Index/index.shtml?u=Echo
INFO: [ app_init ] --START--
INFO: Run Behavior\BuildLiteBehavior [ RunTime:0.000000s ]
INFO: [ app_init ] --END-- [ RunTime:0.000000s ]
INFO: [ app_begin ] --START--
INFO: Run Behavior\ReadHtmlCacheBehavior [ RunTime:0.001000s ]
INFO: [ app_begin ] --END-- [ RunTime:0.001000s ]
SQL: SHOW COLUMNS FROM `nb_user` [ RunTime:0.0020s ]
SQL: SELECT * FROM `nb_user` WHERE ( username="Echo" )  [ RunTime:0.0000s ]
SQL: SHOW COLUMNS FROM `nb_blog` [ RunTime:0.0020s ]
SQL: SELECT * FROM `nb_blog` WHERE ( username="Echo" ) LIMIT 9   [ RunTime:0.0010s ]
SQL: SHOW COLUMNS FROM `nb_note` [ RunTime:0.0060s ]
SQL: SELECT * FROM `nb_note` WHERE ( username="Echo" ) LIMIT 9   [ RunTime:0.0000s ]
INFO: [ view_parse ] --START--
INFO: [ template_filter ] --START--
INFO: Run Behavior\ContentReplaceBehavior [ RunTime:0.000000s ]
INFO: [ template_filter ] --END-- [ RunTime:0.000000s ]
NOTIC: [8] Use of undefined constant username - assumed 'username' D:\wamp\www\wht\Application\Runtime\Cache\User\17556959e3df1da0af4158c42160c231.php 第 13 行.
NOTIC: [8] Use of undefined constant username - assumed 'username' D:\wamp\www\wht\Application\Runtime\Cache\User\17556959e3df1da0af4158c42160c231.php 第 40 行.
NOTIC: [8] Use of undefined constant username - assumed 'username' D:\wamp\www\wht\Application\Runtime\Cache\User\17556959e3df1da0af4158c42160c231.php 第 40 行.
NOTIC: [8] Use of undefined constant username - assumed 'username' D:\wamp\www\wht\Application\Runtime\Cache\User\17556959e3df1da0af4158c42160c231.php 第 43 行.
NOTIC: [8] Use of undefined constant username - assumed 'username' D:\wamp\www\wht\Application\Runtime\Cache\User\17556959e3df1da0af4158c42160c231.php 第 66 行.
NOTIC: [8] Use of undefined constant username - assumed 'username' D:\wamp\www\wht\Application\Runtime\Cache\User\17556959e3df1da0af4158c42160c231.php 第 67 行.
NOTIC: [8] Use of undefined constant username - assumed 'username' D:\wamp\www\wht\Application\Runtime\Cache\User\17556959e3df1da0af4158c42160c231.php 第 71 行.
INFO: Run Behavior\ParseTemplateBehavior [ RunTime:0.014000s ]
INFO: [ view_parse ] --END-- [ RunTime:0.014000s ]
INFO: [ view_filter ] --START--
INFO: Run Behavior\WriteHtmlCacheBehavior [ RunTime:0.000000s ]
INFO: [ view_filter ] --END-- [ RunTime:0.000000s ]
INFO: [ app_end ] --START--
INFO: Run Behavior\ShowPageTraceBehavior [ RunTime:0.000000s ]
INFO: [ app_end ] --END-- [ RunTime:0.000000s ]

[ 2016-04-16T11:00:23+08:00 ] 127.0.0.1 /index.php/User/Index/index.shtml?u=Echo
INFO: [ app_init ] --START--
INFO: Run Behavior\BuildLiteBehavior [ RunTime:0.000000s ]
INFO: [ app_init ] --END-- [ RunTime:0.000000s ]
INFO: [ app_begin ] --START--
INFO: Run Behavior\ReadHtmlCacheBehavior [ RunTime:0.001000s ]
INFO: [ app_begin ] --END-- [ RunTime:0.001000s ]
SQL: SHOW COLUMNS FROM `nb_user` [ RunTime:0.0030s ]
SQL: SELECT * FROM `nb_user` WHERE ( username="Echo" )  [ RunTime:0.0000s ]
SQL: SHOW COLUMNS FROM `nb_blog` [ RunTime:0.0030s ]
SQL: SELECT * FROM `nb_blog` WHERE ( username="Echo" ) LIMIT 9   [ RunTime:0.0000s ]
SQL: SHOW COLUMNS FROM `nb_note` [ RunTime:0.0020s ]
SQL: SELECT * FROM `nb_note` WHERE ( username="Echo" ) LIMIT 9   [ RunTime:0.0000s ]
INFO: [ view_parse ] --START--
INFO: [ template_filter ] --START--
INFO: Run Behavior\ContentReplaceBehavior [ RunTime:0.000000s ]
INFO: [ template_filter ] --END-- [ RunTime:0.000000s ]
NOTIC: [8] Use of undefined constant username - assumed 'username' D:\wamp\www\wht\Application\Runtime\Cache\User\17556959e3df1da0af4158c42160c231.php 第 13 行.
NOTIC: [8] Use of undefined constant username - assumed 'username' D:\wamp\www\wht\Application\Runtime\Cache\User\17556959e3df1da0af4158c42160c231.php 第 40 行.
NOTIC: [8] Use of undefined constant username - assumed 'username' D:\wamp\www\wht\Application\Runtime\Cache\User\17556959e3df1da0af4158c42160c231.php 第 40 行.
NOTIC: [8] Use of undefined constant username - assumed 'username' D:\wamp\www\wht\Application\Runtime\Cache\User\17556959e3df1da0af4158c42160c231.php 第 43 行.
NOTIC: [8] Use of undefined constant username - assumed 'username' D:\wamp\www\wht\Application\Runtime\Cache\User\17556959e3df1da0af4158c42160c231.php 第 66 行.
NOTIC: [8] Use of undefined constant username - assumed 'username' D:\wamp\www\wht\Application\Runtime\Cache\User\17556959e3df1da0af4158c42160c231.php 第 67 行.
NOTIC: [8] Use of undefined constant username - assumed 'username' D:\wamp\www\wht\Application\Runtime\Cache\User\17556959e3df1da0af4158c42160c231.php 第 71 行.
INFO: Run Behavior\ParseTemplateBehavior [ RunTime:0.012001s ]
INFO: [ view_parse ] --END-- [ RunTime:0.012001s ]
INFO: [ view_filter ] --START--
INFO: Run Behavior\WriteHtmlCacheBehavior [ RunTime:0.000000s ]
INFO: [ view_filter ] --END-- [ RunTime:0.000000s ]
INFO: [ app_end ] --START--
INFO: Run Behavior\ShowPageTraceBehavior [ RunTime:0.001000s ]
INFO: [ app_end ] --END-- [ RunTime:0.001000s ]

[ 2016-04-16T11:00:25+08:00 ] 127.0.0.1 /index.php/User/Index/index.shtml?u=Echo
INFO: [ app_init ] --START--
INFO: Run Behavior\BuildLiteBehavior [ RunTime:0.000000s ]
INFO: [ app_init ] --END-- [ RunTime:0.001000s ]
INFO: [ app_begin ] --START--
INFO: Run Behavior\ReadHtmlCacheBehavior [ RunTime:0.002000s ]
INFO: [ app_begin ] --END-- [ RunTime:0.002000s ]
SQL: SHOW COLUMNS FROM `nb_user` [ RunTime:0.0030s ]
SQL: SELECT * FROM `nb_user` WHERE ( username="Echo" )  [ RunTime:0.0000s ]
SQL: SHOW COLUMNS FROM `nb_blog` [ RunTime:0.0030s ]
SQL: SELECT * FROM `nb_blog` WHERE ( username="Echo" ) LIMIT 9   [ RunTime:0.0000s ]
SQL: SHOW COLUMNS FROM `nb_note` [ RunTime:0.0040s ]
SQL: SELECT * FROM `nb_note` WHERE ( username="Echo" ) LIMIT 9   [ RunTime:0.0010s ]
INFO: [ view_parse ] --START--
INFO: [ template_filter ] --START--
INFO: Run Behavior\ContentReplaceBehavior [ RunTime:0.000000s ]
INFO: [ template_filter ] --END-- [ RunTime:0.000000s ]
NOTIC: [8] Use of undefined constant username - assumed 'username' D:\wamp\www\wht\Application\Runtime\Cache\User\17556959e3df1da0af4158c42160c231.php 第 13 行.
NOTIC: [8] Use of undefined constant username - assumed 'username' D:\wamp\www\wht\Application\Runtime\Cache\User\17556959e3df1da0af4158c42160c231.php 第 40 行.
NOTIC: [8] Use of undefined constant username - assumed 'username' D:\wamp\www\wht\Application\Runtime\Cache\User\17556959e3df1da0af4158c42160c231.php 第 40 行.
NOTIC: [8] Use of undefined constant username - assumed 'username' D:\wamp\www\wht\Application\Runtime\Cache\User\17556959e3df1da0af4158c42160c231.php 第 43 行.
NOTIC: [8] Use of undefined constant username - assumed 'username' D:\wamp\www\wht\Application\Runtime\Cache\User\17556959e3df1da0af4158c42160c231.php 第 66 行.
NOTIC: [8] Use of undefined constant username - assumed 'username' D:\wamp\www\wht\Application\Runtime\Cache\User\17556959e3df1da0af4158c42160c231.php 第 67 行.
NOTIC: [8] Use of undefined constant username - assumed 'username' D:\wamp\www\wht\Application\Runtime\Cache\User\17556959e3df1da0af4158c42160c231.php 第 71 行.
INFO: Run Behavior\ParseTemplateBehavior [ RunTime:0.015000s ]
INFO: [ view_parse ] --END-- [ RunTime:0.015000s ]
INFO: [ view_filter ] --START--
INFO: Run Behavior\WriteHtmlCacheBehavior [ RunTime:0.000000s ]
INFO: [ view_filter ] --END-- [ RunTime:0.001000s ]
INFO: [ app_end ] --START--
INFO: Run Behavior\ShowPageTraceBehavior [ RunTime:0.001001s ]
INFO: [ app_end ] --END-- [ RunTime:0.001001s ]

[ 2016-04-16T15:58:01+08:00 ] 127.0.0.1 /index.php/User/Index/index.shtml?u=Echo
INFO: [ app_init ] --START--
INFO: Run Behavior\BuildLiteBehavior [ RunTime:0.000000s ]
INFO: [ app_init ] --END-- [ RunTime:0.000000s ]
INFO: [ app_begin ] --START--
INFO: Run Behavior\ReadHtmlCacheBehavior [ RunTime:0.001000s ]
INFO: [ app_begin ] --END-- [ RunTime:0.001000s ]
SQL: SHOW COLUMNS FROM `nb_user` [ RunTime:0.1040s ]
SQL: SELECT * FROM `nb_user` WHERE ( username="Echo" )  [ RunTime:0.0760s ]
SQL: SHOW COLUMNS FROM `nb_blog` [ RunTime:0.0280s ]
SQL: SELECT * FROM `nb_blog` WHERE ( username="Echo" ) LIMIT 9   [ RunTime:0.0000s ]
SQL: SHOW COLUMNS FROM `nb_note` [ RunTime:0.0050s ]
SQL: SELECT * FROM `nb_note` WHERE ( username="Echo" ) LIMIT 9   [ RunTime:0.0010s ]
INFO: [ view_parse ] --START--
INFO: [ template_filter ] --START--
INFO: Run Behavior\ContentReplaceBehavior [ RunTime:0.000000s ]
INFO: [ template_filter ] --END-- [ RunTime:0.001000s ]
NOTIC: [8] Use of undefined constant username - assumed 'username' D:\wamp\www\wht\Application\Runtime\Cache\User\17556959e3df1da0af4158c42160c231.php 第 13 行.
NOTIC: [8] Use of undefined constant username - assumed 'username' D:\wamp\www\wht\Application\Runtime\Cache\User\17556959e3df1da0af4158c42160c231.php 第 40 行.
NOTIC: [8] Use of undefined constant username - assumed 'username' D:\wamp\www\wht\Application\Runtime\Cache\User\17556959e3df1da0af4158c42160c231.php 第 40 行.
NOTIC: [8] Use of undefined constant username - assumed 'username' D:\wamp\www\wht\Application\Runtime\Cache\User\17556959e3df1da0af4158c42160c231.php 第 43 行.
NOTIC: [8] Use of undefined constant username - assumed 'username' D:\wamp\www\wht\Application\Runtime\Cache\User\17556959e3df1da0af4158c42160c231.php 第 66 行.
NOTIC: [8] Use of undefined constant username - assumed 'username' D:\wamp\www\wht\Application\Runtime\Cache\User\17556959e3df1da0af4158c42160c231.php 第 67 行.
NOTIC: [8] Use of undefined constant username - assumed 'username' D:\wamp\www\wht\Application\Runtime\Cache\User\17556959e3df1da0af4158c42160c231.php 第 71 行.
INFO: Run Behavior\ParseTemplateBehavior [ RunTime:0.061003s ]
INFO: [ view_parse ] --END-- [ RunTime:0.061003s ]
INFO: [ view_filter ] --START--
INFO: Run Behavior\WriteHtmlCacheBehavior [ RunTime:0.000000s ]
INFO: [ view_filter ] --END-- [ RunTime:0.000000s ]
INFO: [ app_end ] --START--
INFO: Run Behavior\ShowPageTraceBehavior [ RunTime:0.001000s ]
INFO: [ app_end ] --END-- [ RunTime:0.001000s ]

[ 2016-04-16T15:59:04+08:00 ] 127.0.0.1 /index.php/User/Index/index.shtml?u=Echo
INFO: [ app_init ] --START--
INFO: Run Behavior\BuildLiteBehavior [ RunTime:0.000000s ]
INFO: [ app_init ] --END-- [ RunTime:0.000000s ]
INFO: [ app_begin ] --START--
INFO: Run Behavior\ReadHtmlCacheBehavior [ RunTime:0.000000s ]
INFO: [ app_begin ] --END-- [ RunTime:0.002000s ]
SQL: SHOW COLUMNS FROM `nb_user` [ RunTime:0.0300s ]
SQL: SELECT * FROM `nb_user` WHERE ( username="Echo" )  [ RunTime:0.0000s ]
SQL: SHOW COLUMNS FROM `nb_blog` [ RunTime:0.0040s ]
SQL: SELECT * FROM `nb_blog` WHERE ( username="Echo" ) LIMIT 9   [ RunTime:0.0010s ]
SQL: SHOW COLUMNS FROM `nb_note` [ RunTime:0.0030s ]
SQL: SELECT * FROM `nb_note` WHERE ( username="Echo" ) LIMIT 9   [ RunTime:0.0000s ]
INFO: [ view_parse ] --START--
INFO: [ template_filter ] --START--
INFO: Run Behavior\ContentReplaceBehavior [ RunTime:0.000000s ]
INFO: [ template_filter ] --END-- [ RunTime:0.001000s ]
NOTIC: [8] Use of undefined constant username - assumed 'username' D:\wamp\www\wht\Application\Runtime\Cache\User\17556959e3df1da0af4158c42160c231.php 第 13 行.
NOTIC: [8] Use of undefined constant username - assumed 'username' D:\wamp\www\wht\Application\Runtime\Cache\User\17556959e3df1da0af4158c42160c231.php 第 40 行.
NOTIC: [8] Use of undefined constant username - assumed 'username' D:\wamp\www\wht\Application\Runtime\Cache\User\17556959e3df1da0af4158c42160c231.php 第 40 行.
NOTIC: [8] Use of undefined constant username - assumed 'username' D:\wamp\www\wht\Application\Runtime\Cache\User\17556959e3df1da0af4158c42160c231.php 第 43 行.
NOTIC: [8] Use of undefined constant username - assumed 'username' D:\wamp\www\wht\Application\Runtime\Cache\User\17556959e3df1da0af4158c42160c231.php 第 66 行.
NOTIC: [8] Use of undefined constant username - assumed 'username' D:\wamp\www\wht\Application\Runtime\Cache\User\17556959e3df1da0af4158c42160c231.php 第 67 行.
NOTIC: [8] Use of undefined constant username - assumed 'username' D:\wamp\www\wht\Application\Runtime\Cache\User\17556959e3df1da0af4158c42160c231.php 第 71 行.
INFO: Run Behavior\ParseTemplateBehavior [ RunTime:0.023001s ]
INFO: [ view_parse ] --END-- [ RunTime:0.024001s ]
INFO: [ view_filter ] --START--
INFO: Run Behavior\WriteHtmlCacheBehavior [ RunTime:0.000000s ]
INFO: [ view_filter ] --END-- [ RunTime:0.000000s ]
INFO: [ app_end ] --START--
INFO: Run Behavior\ShowPageTraceBehavior [ RunTime:0.001000s ]
INFO: [ app_end ] --END-- [ RunTime:0.001000s ]

[ 2016-04-16T15:59:05+08:00 ] 127.0.0.1 /index.php/User/Index/setIcon.shtml
INFO: [ app_init ] --START--
INFO: Run Behavior\BuildLiteBehavior [ RunTime:0.000000s ]
INFO: [ app_init ] --END-- [ RunTime:0.000000s ]
INFO: [ app_begin ] --START--
INFO: Run Behavior\ReadHtmlCacheBehavior [ RunTime:0.001000s ]
INFO: [ app_begin ] --END-- [ RunTime:0.002000s ]
INFO: [ view_parse ] --START--
INFO: [ template_filter ] --START--
INFO: Run Behavior\ContentReplaceBehavior [ RunTime:0.000000s ]
INFO: [ template_filter ] --END-- [ RunTime:0.001000s ]
INFO: Run Behavior\ParseTemplateBehavior [ RunTime:0.008000s ]
INFO: [ view_parse ] --END-- [ RunTime:0.009000s ]
INFO: [ view_filter ] --START--
INFO: Run Behavior\WriteHtmlCacheBehavior [ RunTime:0.001000s ]
INFO: [ view_filter ] --END-- [ RunTime:0.001000s ]
INFO: [ app_end ] --START--
INFO: Run Behavior\ShowPageTraceBehavior [ RunTime:0.001000s ]
INFO: [ app_end ] --END-- [ RunTime:0.001000s ]

