[ 2016-03-27T18:37:14+08:00 ] 127.0.0.1 /index.php/Register/Index/index.shtml
INFO: [ app_init ] --START--
INFO: Run Behavior\BuildLiteBehavior [ RunTime:0.000078s ]
INFO: [ app_init ] --END-- [ RunTime:0.001735s ]
INFO: [ app_begin ] --START--
INFO: Run Behavior\ReadHtmlCacheBehavior [ RunTime:0.001991s ]
INFO: [ app_begin ] --END-- [ RunTime:0.002386s ]
SQL: SHOW COLUMNS FROM `nb_user` [ RunTime:0.0194s ]
SQL: SELECT * FROM `nb_user`  [ RunTime:0.0010s ]
INFO: [ view_parse ] --START--
INFO: [ template_filter ] --START--
INFO: Run Behavior\ContentReplaceBehavior [ RunTime:0.000180s ]
INFO: [ template_filter ] --END-- [ RunTime:0.000590s ]
INFO: Run Behavior\ParseTemplateBehavior [ RunTime:0.021069s ]
INFO: [ view_parse ] --END-- [ RunTime:0.021419s ]
INFO: [ view_filter ] --START--
INFO: Run Behavior\WriteHtmlCacheBehavior [ RunTime:0.000995s ]
INFO: [ view_filter ] --END-- [ RunTime:0.001327s ]
INFO: [ app_end ] --START--
INFO: Run Behavior\ShowPageTraceBehavior [ RunTime:0.001747s ]
INFO: [ app_end ] --END-- [ RunTime:0.002032s ]

[ 2016-03-27T18:37:33+08:00 ] 127.0.0.1 /index.php/Register/Index/registerUser.shtml
INFO: [ app_init ] --START--
INFO: Run Behavior\BuildLiteBehavior [ RunTime:0.000081s ]
INFO: [ app_init ] --END-- [ RunTime:0.001789s ]
INFO: [ app_begin ] --START--
INFO: Run Behavior\ReadHtmlCacheBehavior [ RunTime:0.001859s ]
INFO: [ app_begin ] --END-- [ RunTime:0.002248s ]
SQL: SHOW COLUMNS FROM `nb_user` [ RunTime:0.0108s ]
SQL: SELECT `username` FROM `nb_user` WHERE ( username="zhang " ) LIMIT 1   [ RunTime:0.0010s ]
SQL: INSERT INTO `nb_user` (`username`,`email`,`passwd`,`registertime`) VALUES ('zhang ','zhang@','d0cd2693b3506677e4c55e91d6365bff','2016-03-27 06:37:33') [ RunTime:0.0761s ]
INFO: [ app_end ] --START--
INFO: Run Behavior\ShowPageTraceBehavior [ RunTime:0.001619s ]
INFO: [ app_end ] --END-- [ RunTime:0.001880s ]

