[ 2016-05-06T08:42:11+08:00 ] 127.0.0.1 /
INFO: [ app_init ] --START--
INFO: Run Behavior\BuildLiteBehavior [ RunTime:0.000000s ]
INFO: [ app_init ] --END-- [ RunTime:0.012001s ]
INFO: [ app_begin ] --START--
INFO: Run Behavior\ReadHtmlCacheBehavior [ RunTime:0.012001s ]
INFO: [ app_begin ] --END-- [ RunTime:0.012001s ]
SQL: SHOW COLUMNS FROM `nb_note` [ RunTime:0.0570s ]
SQL: SELECT COUNT(*) AS tp_count FROM `nb_note` LIMIT 1   [ RunTime:0.0020s ]
SQL: SHOW COLUMNS FROM `nb_blog` [ RunTime:0.0520s ]
SQL: SELECT COUNT(*) AS tp_count FROM `nb_blog` LIMIT 1   [ RunTime:0.0000s ]
SQL: SHOW COLUMNS FROM `nb_user` [ RunTime:0.0270s ]
SQL: SELECT COUNT(*) AS tp_count FROM `nb_user` LIMIT 1   [ RunTime:0.0160s ]
INFO: [ view_parse ] --START--
INFO: [ template_filter ] --START--
INFO: Run Behavior\ContentReplaceBehavior [ RunTime:0.029002s ]
INFO: [ template_filter ] --END-- [ RunTime:0.030002s ]
INFO: Run Behavior\ParseTemplateBehavior [ RunTime:0.125008s ]
INFO: [ view_parse ] --END-- [ RunTime:0.126008s ]
INFO: [ view_filter ] --START--
INFO: Run Behavior\WriteHtmlCacheBehavior [ RunTime:0.005000s ]
INFO: [ view_filter ] --END-- [ RunTime:0.005000s ]
SQL: SHOW COLUMNS FROM `nb_visitorlog` [ RunTime:0.1000s ]
NOTIC: [8] Use of undefined constant name - assumed 'name' D:\wamp\www\wht\Application\Common\Common\function.php 第 29 行.
SQL: INSERT INTO `nb_visitorlog` (`username`,`pagename`,`pageurl`,`visittime`,`userstate`,`userip`) VALUES ('v','Home','http://blskye.dev:80/','2016-05-06 08:42:11','0','127.0.0.1') [ RunTime:0.0930s ]
INFO: [ app_end ] --START--
INFO: Run Behavior\ShowPageTraceBehavior [ RunTime:0.045003s ]
INFO: [ app_end ] --END-- [ RunTime:0.045003s ]

[ 2016-05-06T08:42:13+08:00 ] 127.0.0.1 /index.php/Home/Image/graph_user.shtml
INFO: [ app_init ] --START--
INFO: Run Behavior\BuildLiteBehavior [ RunTime:0.000000s ]
INFO: [ app_init ] --END-- [ RunTime:0.001000s ]
INFO: [ app_begin ] --START--
INFO: Run Behavior\ReadHtmlCacheBehavior [ RunTime:0.000000s ]
INFO: [ app_begin ] --END-- [ RunTime:0.000000s ]
SQL: SHOW COLUMNS FROM `nb_user` [ RunTime:0.0140s ]
SQL: SELECT COUNT(*) AS tp_count FROM `nb_user` WHERE ( registertime like "%2015-12%" ) LIMIT 1   [ RunTime:0.0200s ]
SQL: SELECT COUNT(*) AS tp_count FROM `nb_user` WHERE ( registertime like "%2016-01%" ) LIMIT 1   [ RunTime:0.0010s ]
SQL: SELECT COUNT(*) AS tp_count FROM `nb_user` WHERE ( registertime like "%2016-02%" ) LIMIT 1   [ RunTime:0.0000s ]
SQL: SELECT COUNT(*) AS tp_count FROM `nb_user` WHERE ( registertime like "%2016-03%" ) LIMIT 1   [ RunTime:0.0000s ]
SQL: SELECT COUNT(*) AS tp_count FROM `nb_user` WHERE ( registertime like "%2016-04%" ) LIMIT 1   [ RunTime:0.0000s ]
INFO: [ app_end ] --START--
INFO: Run Behavior\ShowPageTraceBehavior [ RunTime:0.005000s ]
INFO: [ app_end ] --END-- [ RunTime:0.005000s ]

[ 2016-05-06T08:42:13+08:00 ] 127.0.0.1 /index.php/Home/Image/graph_note.shtml
INFO: [ app_init ] --START--
INFO: Run Behavior\BuildLiteBehavior [ RunTime:0.000000s ]
INFO: [ app_init ] --END-- [ RunTime:0.000000s ]
INFO: [ app_begin ] --START--
INFO: Run Behavior\ReadHtmlCacheBehavior [ RunTime:0.001000s ]
INFO: [ app_begin ] --END-- [ RunTime:0.001000s ]
SQL: SHOW COLUMNS FROM `nb_note` [ RunTime:0.0100s ]
SQL: SELECT COUNT(*) AS tp_count FROM `nb_note` WHERE ( notedate like "%2015-12%" ) LIMIT 1   [ RunTime:0.0020s ]
SQL: SELECT COUNT(*) AS tp_count FROM `nb_note` WHERE ( notedate like "%2016-01%" ) LIMIT 1   [ RunTime:0.0020s ]
SQL: SELECT COUNT(*) AS tp_count FROM `nb_note` WHERE ( notedate like "%2016-02%" ) LIMIT 1   [ RunTime:0.0010s ]
SQL: SELECT COUNT(*) AS tp_count FROM `nb_note` WHERE ( notedate like "%2016-03%" ) LIMIT 1   [ RunTime:0.0010s ]
SQL: SELECT COUNT(*) AS tp_count FROM `nb_note` WHERE ( notedate like "%2016-04%" ) LIMIT 1   [ RunTime:0.0010s ]
INFO: [ app_end ] --START--
INFO: Run Behavior\ShowPageTraceBehavior [ RunTime:0.001000s ]
INFO: [ app_end ] --END-- [ RunTime:0.001000s ]

[ 2016-05-06T08:42:13+08:00 ] 127.0.0.1 /index.php/Home/Image/graph_blog.shtml
INFO: [ app_init ] --START--
INFO: Run Behavior\BuildLiteBehavior [ RunTime:0.000000s ]
INFO: [ app_init ] --END-- [ RunTime:0.000000s ]
INFO: [ app_begin ] --START--
INFO: Run Behavior\ReadHtmlCacheBehavior [ RunTime:0.001000s ]
INFO: [ app_begin ] --END-- [ RunTime:0.001000s ]
SQL: SHOW COLUMNS FROM `nb_blog` [ RunTime:0.0060s ]
SQL: SELECT COUNT(*) AS tp_count FROM `nb_blog` WHERE ( artdate like "%2015-12%" ) LIMIT 1   [ RunTime:0.0000s ]
SQL: SELECT COUNT(*) AS tp_count FROM `nb_blog` WHERE ( artdate like "%2016-01%" ) LIMIT 1   [ RunTime:0.0000s ]
SQL: SELECT COUNT(*) AS tp_count FROM `nb_blog` WHERE ( artdate like "%2016-02%" ) LIMIT 1   [ RunTime:0.0010s ]
SQL: SELECT COUNT(*) AS tp_count FROM `nb_blog` WHERE ( artdate like "%2016-03%" ) LIMIT 1   [ RunTime:0.0000s ]
SQL: SELECT COUNT(*) AS tp_count FROM `nb_blog` WHERE ( artdate like "%2016-04%" ) LIMIT 1   [ RunTime:0.0000s ]
INFO: [ app_end ] --START--
INFO: Run Behavior\ShowPageTraceBehavior [ RunTime:0.001000s ]
INFO: [ app_end ] --END-- [ RunTime:0.001000s ]

[ 2016-05-06T08:42:15+08:00 ] 127.0.0.1 /index.php/Home/Blog/index.shtml
INFO: [ app_init ] --START--
INFO: Run Behavior\BuildLiteBehavior [ RunTime:0.000000s ]
INFO: [ app_init ] --END-- [ RunTime:0.000000s ]
INFO: [ app_begin ] --START--
INFO: Run Behavior\ReadHtmlCacheBehavior [ RunTime:0.001000s ]
INFO: [ app_begin ] --END-- [ RunTime:0.002000s ]
SQL: SHOW COLUMNS FROM `nb_blog` [ RunTime:0.0040s ]
ERR: 1054:Unknown column 'ispublic' in 'where clause'
 [ SQL语句 ] : SELECT COUNT(*) AS tp_count FROM `nb_blog` WHERE ( ispublic=1 and (arttitle like "%%" or artcontent like "%%") ) LIMIT 1  
ERR: 1054:Unknown column 'ispublic' in 'where clause'
 [ SQL语句 ] : SELECT COUNT(*) AS tp_count FROM `nb_blog` WHERE ( ispublic=1 and (arttitle like "%%" or artcontent like "%%") ) LIMIT 1  

[ 2016-05-06T08:44:02+08:00 ] 127.0.0.1 /index.php/Home/Blog/index.shtml
INFO: [ app_init ] --START--
INFO: Run Behavior\BuildLiteBehavior [ RunTime:0.000000s ]
INFO: [ app_init ] --END-- [ RunTime:0.001000s ]
INFO: [ app_begin ] --START--
INFO: Run Behavior\ReadHtmlCacheBehavior [ RunTime:0.002001s ]
INFO: [ app_begin ] --END-- [ RunTime:0.002001s ]
SQL: SHOW COLUMNS FROM `nb_blog` [ RunTime:0.0030s ]
SQL: SELECT COUNT(*) AS tp_count FROM `nb_blog` WHERE ( ispublic=1 and (arttitle like "%%" or artcontent like "%%") ) LIMIT 1   [ RunTime:0.0000s ]
SQL: SELECT * FROM `nb_blog` WHERE ( ispublic=1 and (arttitle like "%%" or artcontent like "%%") ) ORDER BY artid desc LIMIT 0,4   [ RunTime:0.0010s ]
INFO: [ view_parse ] --START--
INFO: [ template_filter ] --START--
INFO: Run Behavior\ContentReplaceBehavior [ RunTime:0.000000s ]
INFO: [ template_filter ] --END-- [ RunTime:0.000000s ]

[ 2016-05-06T08:44:23+08:00 ] 127.0.0.1 /index.php/Home/Blog/index.shtml
INFO: [ app_init ] --START--
INFO: Run Behavior\BuildLiteBehavior [ RunTime:0.000000s ]
INFO: [ app_init ] --END-- [ RunTime:0.001001s ]
INFO: [ app_begin ] --START--
INFO: Run Behavior\ReadHtmlCacheBehavior [ RunTime:0.008001s ]
INFO: [ app_begin ] --END-- [ RunTime:0.009001s ]
SQL: SHOW COLUMNS FROM `nb_blog` [ RunTime:0.0100s ]
SQL: SELECT COUNT(*) AS tp_count FROM `nb_blog` WHERE ( ispublic=1 and (arttitle like "%%" or artcontent like "%%") ) LIMIT 1   [ RunTime:0.0020s ]
SQL: SELECT * FROM `nb_blog` WHERE ( ispublic=1 and (arttitle like "%%" or artcontent like "%%") ) ORDER BY artid desc LIMIT 0,4   [ RunTime:0.0010s ]
INFO: [ view_parse ] --START--
INFO: [ template_filter ] --START--
INFO: Run Behavior\ContentReplaceBehavior [ RunTime:0.001000s ]
INFO: [ template_filter ] --END-- [ RunTime:0.001000s ]
NOTIC: [8] Undefined variable: readmore D:\wamp\www\wht\Application\Runtime\Cache\Home\3659b271ac6324c0f7466331b2bc1b08.php 第 187 行.
NOTIC: [8] Undefined variable: readmore D:\wamp\www\wht\Application\Runtime\Cache\Home\3659b271ac6324c0f7466331b2bc1b08.php 第 187 行.
NOTIC: [8] Undefined variable: readmore D:\wamp\www\wht\Application\Runtime\Cache\Home\3659b271ac6324c0f7466331b2bc1b08.php 第 187 行.
NOTIC: [8] Undefined variable: readmore D:\wamp\www\wht\Application\Runtime\Cache\Home\3659b271ac6324c0f7466331b2bc1b08.php 第 187 行.
INFO: Run Behavior\ParseTemplateBehavior [ RunTime:0.123007s ]
INFO: [ view_parse ] --END-- [ RunTime:0.124007s ]
INFO: [ view_filter ] --START--
INFO: Run Behavior\WriteHtmlCacheBehavior [ RunTime:0.015001s ]
INFO: [ view_filter ] --END-- [ RunTime:0.015001s ]
INFO: [ app_end ] --START--
INFO: Run Behavior\ShowPageTraceBehavior [ RunTime:0.018001s ]
INFO: [ app_end ] --END-- [ RunTime:0.018001s ]

[ 2016-05-06T08:44:27+08:00 ] 127.0.0.1 /index.php/Home/Blog/index/p/2.shtml
INFO: [ app_init ] --START--
INFO: Run Behavior\BuildLiteBehavior [ RunTime:0.000000s ]
INFO: [ app_init ] --END-- [ RunTime:0.000000s ]
INFO: [ app_begin ] --START--
INFO: Run Behavior\ReadHtmlCacheBehavior [ RunTime:0.007001s ]
INFO: [ app_begin ] --END-- [ RunTime:0.007001s ]
SQL: SHOW COLUMNS FROM `nb_blog` [ RunTime:0.0040s ]
SQL: SELECT COUNT(*) AS tp_count FROM `nb_blog` WHERE ( ispublic=1 and (arttitle like "%%" or artcontent like "%%") ) LIMIT 1   [ RunTime:0.0000s ]
SQL: SELECT * FROM `nb_blog` WHERE ( ispublic=1 and (arttitle like "%%" or artcontent like "%%") ) ORDER BY artid desc LIMIT 4,4   [ RunTime:0.0010s ]
INFO: [ view_parse ] --START--
INFO: [ template_filter ] --START--
INFO: Run Behavior\ContentReplaceBehavior [ RunTime:0.001001s ]
INFO: [ template_filter ] --END-- [ RunTime:0.001001s ]
NOTIC: [8] Undefined variable: readmore D:\wamp\www\wht\Application\Runtime\Cache\Home\3659b271ac6324c0f7466331b2bc1b08.php 第 187 行.
NOTIC: [8] Undefined variable: readmore D:\wamp\www\wht\Application\Runtime\Cache\Home\3659b271ac6324c0f7466331b2bc1b08.php 第 187 行.
NOTIC: [8] Undefined variable: readmore D:\wamp\www\wht\Application\Runtime\Cache\Home\3659b271ac6324c0f7466331b2bc1b08.php 第 187 行.
INFO: Run Behavior\ParseTemplateBehavior [ RunTime:0.108006s ]
INFO: [ view_parse ] --END-- [ RunTime:0.109006s ]
INFO: [ view_filter ] --START--
INFO: Run Behavior\WriteHtmlCacheBehavior [ RunTime:0.010001s ]
INFO: [ view_filter ] --END-- [ RunTime:0.010001s ]
INFO: [ app_end ] --START--
INFO: Run Behavior\ShowPageTraceBehavior [ RunTime:0.010000s ]
INFO: [ app_end ] --END-- [ RunTime:0.010000s ]

[ 2016-05-06T08:44:29+08:00 ] 127.0.0.1 /index.php/Home/Blog/readMore.shtml/?artid=3
INFO: [ app_init ] --START--
INFO: Run Behavior\BuildLiteBehavior [ RunTime:0.000000s ]
INFO: [ app_init ] --END-- [ RunTime:0.000000s ]
INFO: [ app_begin ] --START--
INFO: Run Behavior\ReadHtmlCacheBehavior [ RunTime:0.010001s ]
INFO: [ app_begin ] --END-- [ RunTime:0.010001s ]
SQL: SHOW COLUMNS FROM `nb_blog` [ RunTime:0.0050s ]
SQL: SELECT * FROM `nb_blog` WHERE ( artid=3 AND ispublic=1 )  [ RunTime:0.0000s ]
INFO: [ view_parse ] --START--
INFO: [ template_filter ] --START--
INFO: Run Behavior\ContentReplaceBehavior [ RunTime:0.000000s ]
INFO: [ template_filter ] --END-- [ RunTime:0.000000s ]
NOTIC: [8] Use of undefined constant arttitle - assumed 'arttitle' D:\wamp\www\wht\Application\Runtime\Cache\Home\78cbfa8ddfa640cc95a3db6b5af6f5e0.php 第 163 行.
NOTIC: [8] Use of undefined constant username - assumed 'username' D:\wamp\www\wht\Application\Runtime\Cache\Home\78cbfa8ddfa640cc95a3db6b5af6f5e0.php 第 164 行.
NOTIC: [8] Use of undefined constant arttitle - assumed 'arttitle' D:\wamp\www\wht\Application\Runtime\Cache\Home\78cbfa8ddfa640cc95a3db6b5af6f5e0.php 第 172 行.
NOTIC: [8] Use of undefined constant artdate - assumed 'artdate' D:\wamp\www\wht\Application\Runtime\Cache\Home\78cbfa8ddfa640cc95a3db6b5af6f5e0.php 第 189 行.
NOTIC: [8] Use of undefined constant artremark1 - assumed 'artremark1' D:\wamp\www\wht\Application\Runtime\Cache\Home\78cbfa8ddfa640cc95a3db6b5af6f5e0.php 第 192 行.
NOTIC: [8] Use of undefined constant artcontent - assumed 'artcontent' D:\wamp\www\wht\Application\Runtime\Cache\Home\78cbfa8ddfa640cc95a3db6b5af6f5e0.php 第 195 行.
NOTIC: [8] Use of undefined constant username - assumed 'username' D:\wamp\www\wht\Application\Runtime\Cache\Home\78cbfa8ddfa640cc95a3db6b5af6f5e0.php 第 197 行.
INFO: Run Behavior\ParseTemplateBehavior [ RunTime:0.119007s ]
INFO: [ view_parse ] --END-- [ RunTime:0.119007s ]
INFO: [ view_filter ] --START--
INFO: Run Behavior\WriteHtmlCacheBehavior [ RunTime:0.026001s ]
INFO: [ view_filter ] --END-- [ RunTime:0.026001s ]
INFO: [ app_end ] --START--
INFO: Run Behavior\ShowPageTraceBehavior [ RunTime:0.008001s ]
INFO: [ app_end ] --END-- [ RunTime:0.008001s ]

[ 2016-05-06T08:45:16+08:00 ] 127.0.0.1 /index.php/Home/Blog/readMore.shtml/?artid=3
INFO: [ app_init ] --START--
INFO: Run Behavior\BuildLiteBehavior [ RunTime:0.000000s ]
INFO: [ app_init ] --END-- [ RunTime:0.000000s ]
INFO: [ app_begin ] --START--
INFO: Run Behavior\ReadHtmlCacheBehavior [ RunTime:0.048003s ]
INFO: [ app_begin ] --END-- [ RunTime:0.048003s ]
SQL: SHOW COLUMNS FROM `nb_blog` [ RunTime:0.0240s ]
SQL: SELECT * FROM `nb_blog` WHERE ( artid=3 AND ispublic=1 )  [ RunTime:0.0000s ]
INFO: [ view_parse ] --START--
INFO: [ template_filter ] --START--
INFO: Run Behavior\ContentReplaceBehavior [ RunTime:0.001000s ]
INFO: [ template_filter ] --END-- [ RunTime:0.001000s ]

[ 2016-05-06T08:45:21+08:00 ] 127.0.0.1 /index.php/Home/Blog/index/p/2.shtml
INFO: [ app_init ] --START--
INFO: Run Behavior\BuildLiteBehavior [ RunTime:0.000000s ]
INFO: [ app_init ] --END-- [ RunTime:0.000000s ]
INFO: [ app_begin ] --START--
INFO: Run Behavior\ReadHtmlCacheBehavior [ RunTime:0.001000s ]
INFO: [ app_begin ] --END-- [ RunTime:0.001000s ]
SQL: SHOW COLUMNS FROM `nb_blog` [ RunTime:0.0040s ]
SQL: SELECT COUNT(*) AS tp_count FROM `nb_blog` WHERE ( ispublic=1 and (arttitle like "%%" or artcontent like "%%") ) LIMIT 1   [ RunTime:0.0010s ]
SQL: SELECT * FROM `nb_blog` WHERE ( ispublic=1 and (arttitle like "%%" or artcontent like "%%") ) ORDER BY artid desc LIMIT 4,4   [ RunTime:0.0000s ]
INFO: [ view_parse ] --START--
INFO: [ template_filter ] --START--
INFO: Run Behavior\ContentReplaceBehavior [ RunTime:0.000000s ]
INFO: [ template_filter ] --END-- [ RunTime:0.000000s ]

[ 2016-05-06T08:47:41+08:00 ] 127.0.0.1 /index.php/Home/Blog/index/p/2.shtml
INFO: [ app_init ] --START--
INFO: Run Behavior\BuildLiteBehavior [ RunTime:0.000000s ]
INFO: [ app_init ] --END-- [ RunTime:0.000000s ]
INFO: [ app_begin ] --START--
INFO: Run Behavior\ReadHtmlCacheBehavior [ RunTime:0.001000s ]
INFO: [ app_begin ] --END-- [ RunTime:0.001000s ]
SQL: SHOW COLUMNS FROM `nb_blog` [ RunTime:0.0030s ]
SQL: SELECT COUNT(*) AS tp_count FROM `nb_blog` WHERE ( ispublic=1 and (arttitle like "%%" or artcontent like "%%") ) LIMIT 1   [ RunTime:0.0000s ]
SQL: SELECT * FROM `nb_blog` WHERE ( ispublic=1 and (arttitle like "%%" or artcontent like "%%") ) ORDER BY artid desc LIMIT 4,4   [ RunTime:0.0010s ]
INFO: [ view_parse ] --START--
INFO: [ template_filter ] --START--
INFO: Run Behavior\ContentReplaceBehavior [ RunTime:0.000000s ]
INFO: [ template_filter ] --END-- [ RunTime:0.001000s ]
NOTIC: [8] Undefined variable: readmore D:\wamp\www\wht\Application\Runtime\Cache\Home\3659b271ac6324c0f7466331b2bc1b08.php 第 191 行.
NOTIC: [8] Undefined variable: readmore D:\wamp\www\wht\Application\Runtime\Cache\Home\3659b271ac6324c0f7466331b2bc1b08.php 第 191 行.
NOTIC: [8] Undefined variable: readmore D:\wamp\www\wht\Application\Runtime\Cache\Home\3659b271ac6324c0f7466331b2bc1b08.php 第 191 行.
INFO: Run Behavior\ParseTemplateBehavior [ RunTime:0.082005s ]
INFO: [ view_parse ] --END-- [ RunTime:0.082005s ]
INFO: [ view_filter ] --START--
INFO: Run Behavior\WriteHtmlCacheBehavior [ RunTime:0.009000s ]
INFO: [ view_filter ] --END-- [ RunTime:0.010000s ]
INFO: [ app_end ] --START--
INFO: Run Behavior\ShowPageTraceBehavior [ RunTime:0.007001s ]
INFO: [ app_end ] --END-- [ RunTime:0.007001s ]

[ 2016-05-06T08:47:43+08:00 ] 127.0.0.1 /index.php/Home/Blog/readMore.shtml/?artid=3
INFO: [ app_init ] --START--
INFO: Run Behavior\BuildLiteBehavior [ RunTime:0.000000s ]
INFO: [ app_init ] --END-- [ RunTime:0.000000s ]
INFO: [ app_begin ] --START--
INFO: Run Behavior\ReadHtmlCacheBehavior [ RunTime:0.001000s ]
INFO: [ app_begin ] --END-- [ RunTime:0.001000s ]
SQL: SHOW COLUMNS FROM `nb_blog` [ RunTime:0.0030s ]
SQL: SELECT * FROM `nb_blog` WHERE ( artid=3 AND ispublic=1 )  [ RunTime:0.0010s ]
INFO: [ view_parse ] --START--
INFO: [ template_filter ] --START--
INFO: Run Behavior\ContentReplaceBehavior [ RunTime:0.000000s ]
INFO: [ template_filter ] --END-- [ RunTime:0.001000s ]
NOTIC: [8] Use of undefined constant arttitle - assumed 'arttitle' D:\wamp\www\wht\Application\Runtime\Cache\Home\78cbfa8ddfa640cc95a3db6b5af6f5e0.php 第 167 行.
NOTIC: [8] Use of undefined constant username - assumed 'username' D:\wamp\www\wht\Application\Runtime\Cache\Home\78cbfa8ddfa640cc95a3db6b5af6f5e0.php 第 168 行.
NOTIC: [8] Use of undefined constant arttitle - assumed 'arttitle' D:\wamp\www\wht\Application\Runtime\Cache\Home\78cbfa8ddfa640cc95a3db6b5af6f5e0.php 第 176 行.
NOTIC: [8] Use of undefined constant artdate - assumed 'artdate' D:\wamp\www\wht\Application\Runtime\Cache\Home\78cbfa8ddfa640cc95a3db6b5af6f5e0.php 第 193 行.
NOTIC: [8] Use of undefined constant artremark1 - assumed 'artremark1' D:\wamp\www\wht\Application\Runtime\Cache\Home\78cbfa8ddfa640cc95a3db6b5af6f5e0.php 第 196 行.
NOTIC: [8] Use of undefined constant artcontent - assumed 'artcontent' D:\wamp\www\wht\Application\Runtime\Cache\Home\78cbfa8ddfa640cc95a3db6b5af6f5e0.php 第 199 行.
NOTIC: [8] Use of undefined constant username - assumed 'username' D:\wamp\www\wht\Application\Runtime\Cache\Home\78cbfa8ddfa640cc95a3db6b5af6f5e0.php 第 201 行.
INFO: Run Behavior\ParseTemplateBehavior [ RunTime:0.026001s ]
INFO: [ view_parse ] --END-- [ RunTime:0.026001s ]
INFO: [ view_filter ] --START--
INFO: Run Behavior\WriteHtmlCacheBehavior [ RunTime:0.001000s ]
INFO: [ view_filter ] --END-- [ RunTime:0.001000s ]
INFO: [ app_end ] --START--
INFO: Run Behavior\ShowPageTraceBehavior [ RunTime:0.002000s ]
INFO: [ app_end ] --END-- [ RunTime:0.002000s ]

[ 2016-05-06T16:35:59+08:00 ] 127.0.0.1 /
INFO: [ app_init ] --START--
INFO: Run Behavior\BuildLiteBehavior [ RunTime:0.000000s ]
INFO: [ app_init ] --END-- [ RunTime:0.011001s ]
INFO: [ app_begin ] --START--
INFO: Run Behavior\ReadHtmlCacheBehavior [ RunTime:0.012000s ]
INFO: [ app_begin ] --END-- [ RunTime:0.012000s ]
SQL: SHOW COLUMNS FROM `nb_note` [ RunTime:0.4130s ]
SQL: SELECT COUNT(*) AS tp_count FROM `nb_note` LIMIT 1   [ RunTime:0.0800s ]
SQL: SHOW COLUMNS FROM `nb_blog` [ RunTime:0.0130s ]
SQL: SELECT COUNT(*) AS tp_count FROM `nb_blog` LIMIT 1   [ RunTime:0.0100s ]
SQL: SHOW COLUMNS FROM `nb_user` [ RunTime:0.0100s ]
SQL: SELECT COUNT(*) AS tp_count FROM `nb_user` LIMIT 1   [ RunTime:0.0040s ]
INFO: [ view_parse ] --START--
INFO: [ template_filter ] --START--
INFO: Run Behavior\ContentReplaceBehavior [ RunTime:0.001000s ]
INFO: [ template_filter ] --END-- [ RunTime:0.001000s ]
INFO: Run Behavior\ParseTemplateBehavior [ RunTime:0.325019s ]
INFO: [ view_parse ] --END-- [ RunTime:0.325019s ]
INFO: [ view_filter ] --START--
INFO: Run Behavior\WriteHtmlCacheBehavior [ RunTime:0.044003s ]
INFO: [ view_filter ] --END-- [ RunTime:0.044003s ]
SQL: SHOW COLUMNS FROM `nb_visitorlog` [ RunTime:0.0490s ]
NOTIC: [8] Use of undefined constant name - assumed 'name' D:\wamp\www\wht\Application\Common\Common\function.php 第 29 行.
SQL: INSERT INTO `nb_visitorlog` (`username`,`pagename`,`pageurl`,`visittime`,`userstate`,`userip`) VALUES ('v','Home','http://blskye.dev:80/','2016-05-06 16:35:58','0','127.0.0.1') [ RunTime:0.9491s ]
INFO: [ app_end ] --START--
INFO: Run Behavior\ShowPageTraceBehavior [ RunTime:0.060004s ]
INFO: [ app_end ] --END-- [ RunTime:0.060004s ]

[ 2016-05-06T16:36:02+08:00 ] 127.0.0.1 /index.php/Home/Image/graph_blog.shtml
INFO: [ app_init ] --START--
INFO: Run Behavior\BuildLiteBehavior [ RunTime:0.000000s ]
INFO: [ app_init ] --END-- [ RunTime:0.000000s ]
INFO: [ app_begin ] --START--
INFO: Run Behavior\ReadHtmlCacheBehavior [ RunTime:0.003000s ]
INFO: [ app_begin ] --END-- [ RunTime:0.003000s ]
SQL: SHOW COLUMNS FROM `nb_blog` [ RunTime:0.0260s ]
SQL: SELECT COUNT(*) AS tp_count FROM `nb_blog` WHERE ( artdate like "%2015-12%" ) LIMIT 1   [ RunTime:0.0950s ]
SQL: SELECT COUNT(*) AS tp_count FROM `nb_blog` WHERE ( artdate like "%2016-01%" ) LIMIT 1   [ RunTime:0.0010s ]
SQL: SELECT COUNT(*) AS tp_count FROM `nb_blog` WHERE ( artdate like "%2016-02%" ) LIMIT 1   [ RunTime:0.0000s ]
SQL: SELECT COUNT(*) AS tp_count FROM `nb_blog` WHERE ( artdate like "%2016-03%" ) LIMIT 1   [ RunTime:0.0000s ]
SQL: SELECT COUNT(*) AS tp_count FROM `nb_blog` WHERE ( artdate like "%2016-04%" ) LIMIT 1   [ RunTime:0.0000s ]
INFO: [ app_end ] --START--
INFO: Run Behavior\ShowPageTraceBehavior [ RunTime:0.001000s ]
INFO: [ app_end ] --END-- [ RunTime:0.001000s ]

[ 2016-05-06T16:36:02+08:00 ] 127.0.0.1 /index.php/Home/Image/graph_note.shtml
INFO: [ app_init ] --START--
INFO: Run Behavior\BuildLiteBehavior [ RunTime:0.000000s ]
INFO: [ app_init ] --END-- [ RunTime:0.000000s ]
INFO: [ app_begin ] --START--
INFO: Run Behavior\ReadHtmlCacheBehavior [ RunTime:0.002000s ]
INFO: [ app_begin ] --END-- [ RunTime:0.002000s ]
SQL: SHOW COLUMNS FROM `nb_note` [ RunTime:0.0030s ]
SQL: SELECT COUNT(*) AS tp_count FROM `nb_note` WHERE ( notedate like "%2015-12%" ) LIMIT 1   [ RunTime:0.0000s ]
SQL: SELECT COUNT(*) AS tp_count FROM `nb_note` WHERE ( notedate like "%2016-01%" ) LIMIT 1   [ RunTime:0.0000s ]
SQL: SELECT COUNT(*) AS tp_count FROM `nb_note` WHERE ( notedate like "%2016-02%" ) LIMIT 1   [ RunTime:0.0000s ]
SQL: SELECT COUNT(*) AS tp_count FROM `nb_note` WHERE ( notedate like "%2016-03%" ) LIMIT 1   [ RunTime:0.0010s ]
SQL: SELECT COUNT(*) AS tp_count FROM `nb_note` WHERE ( notedate like "%2016-04%" ) LIMIT 1   [ RunTime:0.0000s ]
INFO: [ app_end ] --START--
INFO: Run Behavior\ShowPageTraceBehavior [ RunTime:0.001000s ]
INFO: [ app_end ] --END-- [ RunTime:0.001000s ]

[ 2016-05-06T16:36:02+08:00 ] 127.0.0.1 /index.php/Home/Image/graph_user.shtml
INFO: [ app_init ] --START--
INFO: Run Behavior\BuildLiteBehavior [ RunTime:0.000000s ]
INFO: [ app_init ] --END-- [ RunTime:0.000000s ]
INFO: [ app_begin ] --START--
INFO: Run Behavior\ReadHtmlCacheBehavior [ RunTime:0.001000s ]
INFO: [ app_begin ] --END-- [ RunTime:0.001000s ]
SQL: SHOW COLUMNS FROM `nb_user` [ RunTime:0.0040s ]
SQL: SELECT COUNT(*) AS tp_count FROM `nb_user` WHERE ( registertime like "%2015-12%" ) LIMIT 1   [ RunTime:0.0000s ]
SQL: SELECT COUNT(*) AS tp_count FROM `nb_user` WHERE ( registertime like "%2016-01%" ) LIMIT 1   [ RunTime:0.0010s ]
SQL: SELECT COUNT(*) AS tp_count FROM `nb_user` WHERE ( registertime like "%2016-02%" ) LIMIT 1   [ RunTime:0.0000s ]
SQL: SELECT COUNT(*) AS tp_count FROM `nb_user` WHERE ( registertime like "%2016-03%" ) LIMIT 1   [ RunTime:0.0010s ]
SQL: SELECT COUNT(*) AS tp_count FROM `nb_user` WHERE ( registertime like "%2016-04%" ) LIMIT 1   [ RunTime:0.0000s ]
INFO: [ app_end ] --START--
INFO: Run Behavior\ShowPageTraceBehavior [ RunTime:0.001000s ]
INFO: [ app_end ] --END-- [ RunTime:0.002000s ]

[ 2016-05-06T16:36:02+08:00 ] 127.0.0.1 /index.php/Home/Blog/index.shtml
INFO: [ app_init ] --START--
INFO: Run Behavior\BuildLiteBehavior [ RunTime:0.000000s ]
INFO: [ app_init ] --END-- [ RunTime:0.001000s ]
INFO: [ app_begin ] --START--
INFO: Run Behavior\ReadHtmlCacheBehavior [ RunTime:0.000000s ]
INFO: [ app_begin ] --END-- [ RunTime:0.001000s ]
SQL: SHOW COLUMNS FROM `nb_blog` [ RunTime:0.0030s ]
SQL: SELECT COUNT(*) AS tp_count FROM `nb_blog` WHERE ( ispublic=1 and (arttitle like "%%" or artcontent like "%%") ) LIMIT 1   [ RunTime:0.0240s ]
SQL: SELECT * FROM `nb_blog` WHERE ( ispublic=1 and (arttitle like "%%" or artcontent like "%%") ) ORDER BY artid desc LIMIT 0,4   [ RunTime:0.0010s ]
INFO: [ view_parse ] --START--
INFO: [ template_filter ] --START--
INFO: Run Behavior\ContentReplaceBehavior [ RunTime:0.053003s ]
INFO: [ template_filter ] --END-- [ RunTime:0.053003s ]
NOTIC: [8] Undefined variable: readmore D:\wamp\www\wht\Application\Runtime\Cache\Home\3659b271ac6324c0f7466331b2bc1b08.php 第 192 行.
NOTIC: [8] Undefined variable: readmore D:\wamp\www\wht\Application\Runtime\Cache\Home\3659b271ac6324c0f7466331b2bc1b08.php 第 192 行.
NOTIC: [8] Undefined variable: readmore D:\wamp\www\wht\Application\Runtime\Cache\Home\3659b271ac6324c0f7466331b2bc1b08.php 第 192 行.
NOTIC: [8] Undefined variable: readmore D:\wamp\www\wht\Application\Runtime\Cache\Home\3659b271ac6324c0f7466331b2bc1b08.php 第 192 行.
INFO: Run Behavior\ParseTemplateBehavior [ RunTime:0.128007s ]
INFO: [ view_parse ] --END-- [ RunTime:0.129008s ]
INFO: [ view_filter ] --START--
INFO: Run Behavior\WriteHtmlCacheBehavior [ RunTime:0.000000s ]
INFO: [ view_filter ] --END-- [ RunTime:0.000000s ]
INFO: [ app_end ] --START--
INFO: Run Behavior\ShowPageTraceBehavior [ RunTime:0.000000s ]
INFO: [ app_end ] --END-- [ RunTime:0.000000s ]

[ 2016-05-06T16:36:11+08:00 ] 127.0.0.1 /index.php/Home/Blog/index.shtml?artid=5
INFO: [ app_init ] --START--
INFO: Run Behavior\BuildLiteBehavior [ RunTime:0.000000s ]
INFO: [ app_init ] --END-- [ RunTime:0.001000s ]
INFO: [ app_begin ] --START--
INFO: Run Behavior\ReadHtmlCacheBehavior [ RunTime:0.001000s ]
INFO: [ app_begin ] --END-- [ RunTime:0.001000s ]
SQL: SHOW COLUMNS FROM `nb_blog` [ RunTime:0.0040s ]
SQL: SELECT COUNT(*) AS tp_count FROM `nb_blog` WHERE ( ispublic=1 and (arttitle like "%%" or artcontent like "%%") ) LIMIT 1   [ RunTime:0.0000s ]
SQL: SELECT * FROM `nb_blog` WHERE ( ispublic=1 and (arttitle like "%%" or artcontent like "%%") ) ORDER BY artid desc LIMIT 0,4   [ RunTime:0.0000s ]
INFO: [ view_parse ] --START--
INFO: [ template_filter ] --START--
INFO: Run Behavior\ContentReplaceBehavior [ RunTime:0.000000s ]
INFO: [ template_filter ] --END-- [ RunTime:0.001000s ]
NOTIC: [8] Undefined variable: readmore D:\wamp\www\wht\Application\Runtime\Cache\Home\3659b271ac6324c0f7466331b2bc1b08.php 第 192 行.
NOTIC: [8] Undefined variable: readmore D:\wamp\www\wht\Application\Runtime\Cache\Home\3659b271ac6324c0f7466331b2bc1b08.php 第 192 行.
NOTIC: [8] Undefined variable: readmore D:\wamp\www\wht\Application\Runtime\Cache\Home\3659b271ac6324c0f7466331b2bc1b08.php 第 192 行.
NOTIC: [8] Undefined variable: readmore D:\wamp\www\wht\Application\Runtime\Cache\Home\3659b271ac6324c0f7466331b2bc1b08.php 第 192 行.
INFO: Run Behavior\ParseTemplateBehavior [ RunTime:0.018001s ]
INFO: [ view_parse ] --END-- [ RunTime:0.019001s ]
INFO: [ view_filter ] --START--
INFO: Run Behavior\WriteHtmlCacheBehavior [ RunTime:0.000000s ]
INFO: [ view_filter ] --END-- [ RunTime:0.000000s ]
INFO: [ app_end ] --START--
INFO: Run Behavior\ShowPageTraceBehavior [ RunTime:0.001001s ]
INFO: [ app_end ] --END-- [ RunTime:0.001001s ]

[ 2016-05-06T16:36:13+08:00 ] 127.0.0.1 /index.php/Home/Blog/index.shtml?artid=7
INFO: [ app_init ] --START--
INFO: Run Behavior\BuildLiteBehavior [ RunTime:0.000000s ]
INFO: [ app_init ] --END-- [ RunTime:0.000000s ]
INFO: [ app_begin ] --START--
INFO: Run Behavior\ReadHtmlCacheBehavior [ RunTime:0.001001s ]
INFO: [ app_begin ] --END-- [ RunTime:0.001001s ]
SQL: SHOW COLUMNS FROM `nb_blog` [ RunTime:0.0020s ]
SQL: SELECT COUNT(*) AS tp_count FROM `nb_blog` WHERE ( ispublic=1 and (arttitle like "%%" or artcontent like "%%") ) LIMIT 1   [ RunTime:0.0000s ]
SQL: SELECT * FROM `nb_blog` WHERE ( ispublic=1 and (arttitle like "%%" or artcontent like "%%") ) ORDER BY artid desc LIMIT 0,4   [ RunTime:0.0010s ]
INFO: [ view_parse ] --START--
INFO: [ template_filter ] --START--
INFO: Run Behavior\ContentReplaceBehavior [ RunTime:0.000000s ]
INFO: [ template_filter ] --END-- [ RunTime:0.000000s ]
NOTIC: [8] Undefined variable: readmore D:\wamp\www\wht\Application\Runtime\Cache\Home\3659b271ac6324c0f7466331b2bc1b08.php 第 192 行.
NOTIC: [8] Undefined variable: readmore D:\wamp\www\wht\Application\Runtime\Cache\Home\3659b271ac6324c0f7466331b2bc1b08.php 第 192 行.
NOTIC: [8] Undefined variable: readmore D:\wamp\www\wht\Application\Runtime\Cache\Home\3659b271ac6324c0f7466331b2bc1b08.php 第 192 行.
NOTIC: [8] Undefined variable: readmore D:\wamp\www\wht\Application\Runtime\Cache\Home\3659b271ac6324c0f7466331b2bc1b08.php 第 192 行.
INFO: Run Behavior\ParseTemplateBehavior [ RunTime:0.023001s ]
INFO: [ view_parse ] --END-- [ RunTime:0.023001s ]
INFO: [ view_filter ] --START--
INFO: Run Behavior\WriteHtmlCacheBehavior [ RunTime:0.001000s ]
INFO: [ view_filter ] --END-- [ RunTime:0.001000s ]
INFO: [ app_end ] --START--
INFO: Run Behavior\ShowPageTraceBehavior [ RunTime:0.001000s ]
INFO: [ app_end ] --END-- [ RunTime:0.001000s ]

[ 2016-05-06T16:36:19+08:00 ] 127.0.0.1 /index.php/Home/Blog/index.shtml?artid=7
INFO: [ app_init ] --START--
INFO: Run Behavior\BuildLiteBehavior [ RunTime:0.000000s ]
INFO: [ app_init ] --END-- [ RunTime:0.001000s ]
INFO: [ app_begin ] --START--
INFO: Run Behavior\ReadHtmlCacheBehavior [ RunTime:0.001000s ]
INFO: [ app_begin ] --END-- [ RunTime:0.001000s ]
SQL: SHOW COLUMNS FROM `nb_blog` [ RunTime:0.0100s ]
SQL: SELECT COUNT(*) AS tp_count FROM `nb_blog` WHERE ( ispublic=1 and (arttitle like "%%" or artcontent like "%%") ) LIMIT 1   [ RunTime:0.0000s ]
SQL: SELECT * FROM `nb_blog` WHERE ( ispublic=1 and (arttitle like "%%" or artcontent like "%%") ) ORDER BY artid desc LIMIT 0,4   [ RunTime:0.0000s ]
INFO: [ view_parse ] --START--
INFO: [ template_filter ] --START--
INFO: Run Behavior\ContentReplaceBehavior [ RunTime:0.000000s ]
INFO: [ template_filter ] --END-- [ RunTime:0.000000s ]
NOTIC: [8] Undefined variable: readmore D:\wamp\www\wht\Application\Runtime\Cache\Home\3659b271ac6324c0f7466331b2bc1b08.php 第 192 行.
NOTIC: [8] Undefined variable: readmore D:\wamp\www\wht\Application\Runtime\Cache\Home\3659b271ac6324c0f7466331b2bc1b08.php 第 192 行.
NOTIC: [8] Undefined variable: readmore D:\wamp\www\wht\Application\Runtime\Cache\Home\3659b271ac6324c0f7466331b2bc1b08.php 第 192 行.
NOTIC: [8] Undefined variable: readmore D:\wamp\www\wht\Application\Runtime\Cache\Home\3659b271ac6324c0f7466331b2bc1b08.php 第 192 行.
INFO: Run Behavior\ParseTemplateBehavior [ RunTime:0.017001s ]
INFO: [ view_parse ] --END-- [ RunTime:0.017001s ]
INFO: [ view_filter ] --START--
INFO: Run Behavior\WriteHtmlCacheBehavior [ RunTime:0.000000s ]
INFO: [ view_filter ] --END-- [ RunTime:0.000000s ]
INFO: [ app_end ] --START--
INFO: Run Behavior\ShowPageTraceBehavior [ RunTime:0.001000s ]
INFO: [ app_end ] --END-- [ RunTime:0.001000s ]

[ 2016-05-06T16:37:11+08:00 ] 127.0.0.1 /index.php/Home/Blog/index.shtml?artid=7
INFO: [ app_init ] --START--
INFO: Run Behavior\BuildLiteBehavior [ RunTime:0.000000s ]
INFO: [ app_init ] --END-- [ RunTime:0.000000s ]
INFO: [ app_begin ] --START--
INFO: Run Behavior\ReadHtmlCacheBehavior [ RunTime:0.001000s ]
INFO: [ app_begin ] --END-- [ RunTime:0.001000s ]
SQL: SHOW COLUMNS FROM `nb_blog` [ RunTime:0.0030s ]
SQL: SELECT COUNT(*) AS tp_count FROM `nb_blog` WHERE ( ispublic=1 and (arttitle like "%%" or artcontent like "%%") ) LIMIT 1   [ RunTime:0.0010s ]
SQL: SELECT * FROM `nb_blog` WHERE ( ispublic=1 and (arttitle like "%%" or artcontent like "%%") ) ORDER BY artid desc LIMIT 0,4   [ RunTime:0.0010s ]
INFO: [ view_parse ] --START--
INFO: [ template_filter ] --START--
INFO: Run Behavior\ContentReplaceBehavior [ RunTime:0.000000s ]
INFO: [ template_filter ] --END-- [ RunTime:0.001000s ]
INFO: Run Behavior\ParseTemplateBehavior [ RunTime:0.020001s ]
INFO: [ view_parse ] --END-- [ RunTime:0.021001s ]
INFO: [ view_filter ] --START--
INFO: Run Behavior\WriteHtmlCacheBehavior [ RunTime:0.001000s ]
INFO: [ view_filter ] --END-- [ RunTime:0.001000s ]
INFO: [ app_end ] --START--
INFO: Run Behavior\ShowPageTraceBehavior [ RunTime:0.001000s ]
INFO: [ app_end ] --END-- [ RunTime:0.001000s ]

[ 2016-05-06T16:37:13+08:00 ] 127.0.0.1 /index.php/Home/Blog/readMore.shtml/?artid=7
INFO: [ app_init ] --START--
INFO: Run Behavior\BuildLiteBehavior [ RunTime:0.000000s ]
INFO: [ app_init ] --END-- [ RunTime:0.000000s ]
INFO: [ app_begin ] --START--
INFO: Run Behavior\ReadHtmlCacheBehavior [ RunTime:0.000000s ]
INFO: [ app_begin ] --END-- [ RunTime:0.001001s ]
SQL: SHOW COLUMNS FROM `nb_blog` [ RunTime:0.0040s ]
SQL: SELECT * FROM `nb_blog` WHERE ( artid=7 AND ispublic=1 )  [ RunTime:0.0010s ]
INFO: [ view_parse ] --START--
INFO: [ template_filter ] --START--
INFO: Run Behavior\ContentReplaceBehavior [ RunTime:0.000000s ]
INFO: [ template_filter ] --END-- [ RunTime:0.000000s ]
NOTIC: [8] Use of undefined constant arttitle - assumed 'arttitle' D:\wamp\www\wht\Application\Runtime\Cache\Home\78cbfa8ddfa640cc95a3db6b5af6f5e0.php 第 168 行.
NOTIC: [8] Use of undefined constant username - assumed 'username' D:\wamp\www\wht\Application\Runtime\Cache\Home\78cbfa8ddfa640cc95a3db6b5af6f5e0.php 第 169 行.
NOTIC: [8] Use of undefined constant arttitle - assumed 'arttitle' D:\wamp\www\wht\Application\Runtime\Cache\Home\78cbfa8ddfa640cc95a3db6b5af6f5e0.php 第 177 行.
NOTIC: [8] Use of undefined constant artdate - assumed 'artdate' D:\wamp\www\wht\Application\Runtime\Cache\Home\78cbfa8ddfa640cc95a3db6b5af6f5e0.php 第 194 行.
NOTIC: [8] Use of undefined constant artremark1 - assumed 'artremark1' D:\wamp\www\wht\Application\Runtime\Cache\Home\78cbfa8ddfa640cc95a3db6b5af6f5e0.php 第 197 行.
NOTIC: [8] Use of undefined constant artcontent - assumed 'artcontent' D:\wamp\www\wht\Application\Runtime\Cache\Home\78cbfa8ddfa640cc95a3db6b5af6f5e0.php 第 200 行.
NOTIC: [8] Use of undefined constant username - assumed 'username' D:\wamp\www\wht\Application\Runtime\Cache\Home\78cbfa8ddfa640cc95a3db6b5af6f5e0.php 第 202 行.
INFO: Run Behavior\ParseTemplateBehavior [ RunTime:0.037002s ]
INFO: [ view_parse ] --END-- [ RunTime:0.037002s ]
INFO: [ view_filter ] --START--
INFO: Run Behavior\WriteHtmlCacheBehavior [ RunTime:0.001000s ]
INFO: [ view_filter ] --END-- [ RunTime:0.001000s ]
INFO: [ app_end ] --START--
INFO: Run Behavior\ShowPageTraceBehavior [ RunTime:0.001000s ]
INFO: [ app_end ] --END-- [ RunTime:0.001000s ]

[ 2016-05-06T16:37:41+08:00 ] 127.0.0.1 /index.php/Home/Blog/index.shtml?artid=7
INFO: [ app_init ] --START--
INFO: Run Behavior\BuildLiteBehavior [ RunTime:0.000000s ]
INFO: [ app_init ] --END-- [ RunTime:0.000000s ]
INFO: [ app_begin ] --START--
INFO: Run Behavior\ReadHtmlCacheBehavior [ RunTime:0.000000s ]
INFO: [ app_begin ] --END-- [ RunTime:0.000000s ]
SQL: SHOW COLUMNS FROM `nb_blog` [ RunTime:0.0060s ]
SQL: SELECT COUNT(*) AS tp_count FROM `nb_blog` WHERE ( ispublic=1 and (arttitle like "%%" or artcontent like "%%") ) LIMIT 1   [ RunTime:0.0000s ]
SQL: SELECT * FROM `nb_blog` WHERE ( ispublic=1 and (arttitle like "%%" or artcontent like "%%") ) ORDER BY artid desc LIMIT 0,4   [ RunTime:0.0010s ]
INFO: [ view_parse ] --START--
INFO: [ template_filter ] --START--
INFO: Run Behavior\ContentReplaceBehavior [ RunTime:0.000000s ]
INFO: [ template_filter ] --END-- [ RunTime:0.001000s ]
INFO: Run Behavior\ParseTemplateBehavior [ RunTime:0.016001s ]
INFO: [ view_parse ] --END-- [ RunTime:0.016001s ]
INFO: [ view_filter ] --START--
INFO: Run Behavior\WriteHtmlCacheBehavior [ RunTime:0.001000s ]
INFO: [ view_filter ] --END-- [ RunTime:0.001000s ]
INFO: [ app_end ] --START--
INFO: Run Behavior\ShowPageTraceBehavior [ RunTime:0.001000s ]
INFO: [ app_end ] --END-- [ RunTime:0.001000s ]

[ 2016-05-06T17:17:10+08:00 ] 127.0.0.1 /
INFO: [ app_init ] --START--
INFO: Run Behavior\BuildLiteBehavior [ RunTime:0.000000s ]
INFO: [ app_init ] --END-- [ RunTime:0.000000s ]
INFO: [ app_begin ] --START--
INFO: Run Behavior\ReadHtmlCacheBehavior [ RunTime:0.002000s ]
INFO: [ app_begin ] --END-- [ RunTime:0.002000s ]
SQL: SHOW COLUMNS FROM `nb_note` [ RunTime:0.0180s ]
SQL: SELECT COUNT(*) AS tp_count FROM `nb_note` LIMIT 1   [ RunTime:0.0000s ]
SQL: SHOW COLUMNS FROM `nb_blog` [ RunTime:0.0200s ]
SQL: SELECT COUNT(*) AS tp_count FROM `nb_blog` LIMIT 1   [ RunTime:0.0000s ]
SQL: SHOW COLUMNS FROM `nb_user` [ RunTime:0.0030s ]
SQL: SELECT COUNT(*) AS tp_count FROM `nb_user` LIMIT 1   [ RunTime:0.0000s ]
INFO: [ view_parse ] --START--
INFO: [ template_filter ] --START--
INFO: Run Behavior\ContentReplaceBehavior [ RunTime:0.000000s ]
INFO: [ template_filter ] --END-- [ RunTime:0.000000s ]
INFO: Run Behavior\ParseTemplateBehavior [ RunTime:0.031001s ]
INFO: [ view_parse ] --END-- [ RunTime:0.031001s ]
INFO: [ view_filter ] --START--
INFO: Run Behavior\WriteHtmlCacheBehavior [ RunTime:0.001000s ]
INFO: [ view_filter ] --END-- [ RunTime:0.001000s ]
SQL: SHOW COLUMNS FROM `nb_visitorlog` [ RunTime:0.0200s ]
NOTIC: [8] Use of undefined constant name - assumed 'name' D:\wamp\www\wht\Application\Common\Common\function.php 第 29 行.
SQL: INSERT INTO `nb_visitorlog` (`username`,`pagename`,`pageurl`,`visittime`,`userstate`,`userip`) VALUES ('v','Home','http://blskye.dev:80/','2016-05-06 17:17:09','0','127.0.0.1') [ RunTime:0.0500s ]
INFO: [ app_end ] --START--
INFO: Run Behavior\ShowPageTraceBehavior [ RunTime:0.002000s ]
INFO: [ app_end ] --END-- [ RunTime:0.002000s ]

[ 2016-05-06T17:17:10+08:00 ] 127.0.0.1 /index.php/Home/Image/graph_note.shtml
INFO: [ app_init ] --START--
INFO: Run Behavior\BuildLiteBehavior [ RunTime:0.000000s ]
INFO: [ app_init ] --END-- [ RunTime:0.000000s ]
INFO: [ app_begin ] --START--
INFO: Run Behavior\ReadHtmlCacheBehavior [ RunTime:0.001000s ]
INFO: [ app_begin ] --END-- [ RunTime:0.002000s ]
SQL: SHOW COLUMNS FROM `nb_note` [ RunTime:0.0050s ]
SQL: SELECT COUNT(*) AS tp_count FROM `nb_note` WHERE ( notedate like "%2015-12%" ) LIMIT 1   [ RunTime:0.0000s ]
SQL: SELECT COUNT(*) AS tp_count FROM `nb_note` WHERE ( notedate like "%2016-01%" ) LIMIT 1   [ RunTime:0.0010s ]
SQL: SELECT COUNT(*) AS tp_count FROM `nb_note` WHERE ( notedate like "%2016-02%" ) LIMIT 1   [ RunTime:0.0000s ]
SQL: SELECT COUNT(*) AS tp_count FROM `nb_note` WHERE ( notedate like "%2016-03%" ) LIMIT 1   [ RunTime:0.0010s ]
SQL: SELECT COUNT(*) AS tp_count FROM `nb_note` WHERE ( notedate like "%2016-04%" ) LIMIT 1   [ RunTime:0.0000s ]
INFO: [ app_end ] --START--
INFO: Run Behavior\ShowPageTraceBehavior [ RunTime:0.001000s ]
INFO: [ app_end ] --END-- [ RunTime:0.001000s ]

[ 2016-05-06T17:17:10+08:00 ] 127.0.0.1 /index.php/Home/Image/graph_user.shtml
INFO: [ app_init ] --START--
INFO: Run Behavior\BuildLiteBehavior [ RunTime:0.001000s ]
INFO: [ app_init ] --END-- [ RunTime:0.001000s ]
INFO: [ app_begin ] --START--
INFO: Run Behavior\ReadHtmlCacheBehavior [ RunTime:0.001000s ]
INFO: [ app_begin ] --END-- [ RunTime:0.001000s ]
SQL: SHOW COLUMNS FROM `nb_user` [ RunTime:0.0110s ]
SQL: SELECT COUNT(*) AS tp_count FROM `nb_user` WHERE ( registertime like "%2015-12%" ) LIMIT 1   [ RunTime:0.0010s ]
SQL: SELECT COUNT(*) AS tp_count FROM `nb_user` WHERE ( registertime like "%2016-01%" ) LIMIT 1   [ RunTime:0.0000s ]
SQL: SELECT COUNT(*) AS tp_count FROM `nb_user` WHERE ( registertime like "%2016-02%" ) LIMIT 1   [ RunTime:0.0000s ]
SQL: SELECT COUNT(*) AS tp_count FROM `nb_user` WHERE ( registertime like "%2016-03%" ) LIMIT 1   [ RunTime:0.0000s ]
SQL: SELECT COUNT(*) AS tp_count FROM `nb_user` WHERE ( registertime like "%2016-04%" ) LIMIT 1   [ RunTime:0.0000s ]
INFO: [ app_end ] --START--
INFO: Run Behavior\ShowPageTraceBehavior [ RunTime:0.001000s ]
INFO: [ app_end ] --END-- [ RunTime:0.002000s ]

[ 2016-05-06T17:17:10+08:00 ] 127.0.0.1 /index.php/Home/Image/graph_blog.shtml
INFO: [ app_init ] --START--
INFO: Run Behavior\BuildLiteBehavior [ RunTime:0.000000s ]
INFO: [ app_init ] --END-- [ RunTime:0.001000s ]
INFO: [ app_begin ] --START--
INFO: Run Behavior\ReadHtmlCacheBehavior [ RunTime:0.001000s ]
INFO: [ app_begin ] --END-- [ RunTime:0.001000s ]
SQL: SHOW COLUMNS FROM `nb_blog` [ RunTime:0.0070s ]
SQL: SELECT COUNT(*) AS tp_count FROM `nb_blog` WHERE ( artdate like "%2015-12%" ) LIMIT 1   [ RunTime:0.0010s ]
SQL: SELECT COUNT(*) AS tp_count FROM `nb_blog` WHERE ( artdate like "%2016-01%" ) LIMIT 1   [ RunTime:0.0010s ]
SQL: SELECT COUNT(*) AS tp_count FROM `nb_blog` WHERE ( artdate like "%2016-02%" ) LIMIT 1   [ RunTime:0.0010s ]
SQL: SELECT COUNT(*) AS tp_count FROM `nb_blog` WHERE ( artdate like "%2016-03%" ) LIMIT 1   [ RunTime:0.0000s ]
SQL: SELECT COUNT(*) AS tp_count FROM `nb_blog` WHERE ( artdate like "%2016-04%" ) LIMIT 1   [ RunTime:0.0000s ]
INFO: [ app_end ] --START--
INFO: Run Behavior\ShowPageTraceBehavior [ RunTime:0.002000s ]
INFO: [ app_end ] --END-- [ RunTime:0.002000s ]

[ 2016-05-06T17:17:37+08:00 ] 127.0.0.1 /
INFO: [ app_init ] --START--
INFO: Run Behavior\BuildLiteBehavior [ RunTime:0.000000s ]
INFO: [ app_init ] --END-- [ RunTime:0.000000s ]
INFO: [ app_begin ] --START--
INFO: Run Behavior\ReadHtmlCacheBehavior [ RunTime:0.001000s ]
INFO: [ app_begin ] --END-- [ RunTime:0.001000s ]
SQL: SHOW COLUMNS FROM `nb_note` [ RunTime:0.0030s ]
SQL: SELECT COUNT(*) AS tp_count FROM `nb_note` LIMIT 1   [ RunTime:0.0010s ]
SQL: SHOW COLUMNS FROM `nb_blog` [ RunTime:0.0020s ]
SQL: SELECT COUNT(*) AS tp_count FROM `nb_blog` LIMIT 1   [ RunTime:0.0000s ]
SQL: SHOW COLUMNS FROM `nb_user` [ RunTime:0.0050s ]
SQL: SELECT COUNT(*) AS tp_count FROM `nb_user` LIMIT 1   [ RunTime:0.0000s ]
INFO: [ view_parse ] --START--
INFO: [ template_filter ] --START--
INFO: Run Behavior\ContentReplaceBehavior [ RunTime:0.000000s ]
INFO: [ template_filter ] --END-- [ RunTime:0.000000s ]
INFO: Run Behavior\ParseTemplateBehavior [ RunTime:0.019001s ]
INFO: [ view_parse ] --END-- [ RunTime:0.019001s ]
INFO: [ view_filter ] --START--
INFO: Run Behavior\WriteHtmlCacheBehavior [ RunTime:0.000000s ]
INFO: [ view_filter ] --END-- [ RunTime:0.001000s ]
SQL: SHOW COLUMNS FROM `nb_visitorlog` [ RunTime:0.0040s ]
NOTIC: [8] Use of undefined constant name - assumed 'name' D:\wamp\www\wht\Application\Common\Common\function.php 第 29 行.
SQL: INSERT INTO `nb_visitorlog` (`username`,`pagename`,`pageurl`,`visittime`,`userstate`,`userip`) VALUES ('v','Home','http://blskye.dev:80/','2016-05-06 17:17:37','0','127.0.0.1') [ RunTime:0.0740s ]
INFO: [ app_end ] --START--
INFO: Run Behavior\ShowPageTraceBehavior [ RunTime:0.003000s ]
INFO: [ app_end ] --END-- [ RunTime:0.003000s ]

[ 2016-05-06T17:17:38+08:00 ] 127.0.0.1 /index.php/Home/Image/graph_note.shtml
INFO: [ app_init ] --START--
INFO: Run Behavior\BuildLiteBehavior [ RunTime:0.000000s ]
INFO: [ app_init ] --END-- [ RunTime:0.000000s ]
INFO: [ app_begin ] --START--
INFO: Run Behavior\ReadHtmlCacheBehavior [ RunTime:0.000000s ]
INFO: [ app_begin ] --END-- [ RunTime:0.000000s ]
SQL: SHOW COLUMNS FROM `nb_note` [ RunTime:0.0030s ]
SQL: SELECT COUNT(*) AS tp_count FROM `nb_note` WHERE ( notedate like "%2015-12%" ) LIMIT 1   [ RunTime:0.0000s ]
SQL: SELECT COUNT(*) AS tp_count FROM `nb_note` WHERE ( notedate like "%2016-01%" ) LIMIT 1   [ RunTime:0.0000s ]
SQL: SELECT COUNT(*) AS tp_count FROM `nb_note` WHERE ( notedate like "%2016-02%" ) LIMIT 1   [ RunTime:0.0000s ]
SQL: SELECT COUNT(*) AS tp_count FROM `nb_note` WHERE ( notedate like "%2016-03%" ) LIMIT 1   [ RunTime:0.0000s ]
SQL: SELECT COUNT(*) AS tp_count FROM `nb_note` WHERE ( notedate like "%2016-04%" ) LIMIT 1   [ RunTime:0.0010s ]
INFO: [ app_end ] --START--
INFO: Run Behavior\ShowPageTraceBehavior [ RunTime:0.001000s ]
INFO: [ app_end ] --END-- [ RunTime:0.001000s ]

[ 2016-05-06T17:17:38+08:00 ] 127.0.0.1 /index.php/Home/Image/graph_user.shtml
INFO: [ app_init ] --START--
INFO: Run Behavior\BuildLiteBehavior [ RunTime:0.000000s ]
INFO: [ app_init ] --END-- [ RunTime:0.001000s ]
INFO: [ app_begin ] --START--
INFO: Run Behavior\ReadHtmlCacheBehavior [ RunTime:0.001000s ]
INFO: [ app_begin ] --END-- [ RunTime:0.001000s ]
SQL: SHOW COLUMNS FROM `nb_user` [ RunTime:0.0040s ]
SQL: SELECT COUNT(*) AS tp_count FROM `nb_user` WHERE ( registertime like "%2015-12%" ) LIMIT 1   [ RunTime:0.0010s ]
SQL: SELECT COUNT(*) AS tp_count FROM `nb_user` WHERE ( registertime like "%2016-01%" ) LIMIT 1   [ RunTime:0.0010s ]
SQL: SELECT COUNT(*) AS tp_count FROM `nb_user` WHERE ( registertime like "%2016-02%" ) LIMIT 1   [ RunTime:0.0010s ]
SQL: SELECT COUNT(*) AS tp_count FROM `nb_user` WHERE ( registertime like "%2016-03%" ) LIMIT 1   [ RunTime:0.0000s ]
SQL: SELECT COUNT(*) AS tp_count FROM `nb_user` WHERE ( registertime like "%2016-04%" ) LIMIT 1   [ RunTime:0.0000s ]
INFO: [ app_end ] --START--
INFO: Run Behavior\ShowPageTraceBehavior [ RunTime:0.002000s ]
INFO: [ app_end ] --END-- [ RunTime:0.002000s ]

[ 2016-05-06T17:17:38+08:00 ] 127.0.0.1 /index.php/Home/Image/graph_blog.shtml
INFO: [ app_init ] --START--
INFO: Run Behavior\BuildLiteBehavior [ RunTime:0.000000s ]
INFO: [ app_init ] --END-- [ RunTime:0.001000s ]
INFO: [ app_begin ] --START--
INFO: Run Behavior\ReadHtmlCacheBehavior [ RunTime:0.002000s ]
INFO: [ app_begin ] --END-- [ RunTime:0.002000s ]
SQL: SHOW COLUMNS FROM `nb_blog` [ RunTime:0.0080s ]
SQL: SELECT COUNT(*) AS tp_count FROM `nb_blog` WHERE ( artdate like "%2015-12%" ) LIMIT 1   [ RunTime:0.0000s ]
SQL: SELECT COUNT(*) AS tp_count FROM `nb_blog` WHERE ( artdate like "%2016-01%" ) LIMIT 1   [ RunTime:0.0010s ]
SQL: SELECT COUNT(*) AS tp_count FROM `nb_blog` WHERE ( artdate like "%2016-02%" ) LIMIT 1   [ RunTime:0.0010s ]
SQL: SELECT COUNT(*) AS tp_count FROM `nb_blog` WHERE ( artdate like "%2016-03%" ) LIMIT 1   [ RunTime:0.0010s ]
SQL: SELECT COUNT(*) AS tp_count FROM `nb_blog` WHERE ( artdate like "%2016-04%" ) LIMIT 1   [ RunTime:0.0030s ]
INFO: [ app_end ] --START--
INFO: Run Behavior\ShowPageTraceBehavior [ RunTime:0.003000s ]
INFO: [ app_end ] --END-- [ RunTime:0.003000s ]

[ 2016-05-06T17:17:41+08:00 ] 127.0.0.1 /index.php/Home/Download.shtml
INFO: [ app_init ] --START--
INFO: Run Behavior\BuildLiteBehavior [ RunTime:0.000000s ]
INFO: [ app_init ] --END-- [ RunTime:0.000000s ]
INFO: [ app_begin ] --START--
INFO: Run Behavior\ReadHtmlCacheBehavior [ RunTime:0.001000s ]
INFO: [ app_begin ] --END-- [ RunTime:0.001000s ]
INFO: [ view_parse ] --START--
NOTIC: [2] file_get_contents(./Public/Template/lib/cssjs/foot-home-download.html): failed to open stream: No such file or directory D:\wamp\www\wht\ThinkPHP\Library\Think\Template.class.php 第 696 行.
INFO: [ template_filter ] --START--
INFO: Run Behavior\ContentReplaceBehavior [ RunTime:0.000000s ]
INFO: [ template_filter ] --END-- [ RunTime:0.000000s ]
INFO: Run Behavior\ParseTemplateBehavior [ RunTime:0.066003s ]
INFO: [ view_parse ] --END-- [ RunTime:0.067003s ]
INFO: [ view_filter ] --START--
INFO: Run Behavior\WriteHtmlCacheBehavior [ RunTime:0.001001s ]
INFO: [ view_filter ] --END-- [ RunTime:0.002001s ]
INFO: [ app_end ] --START--
INFO: Run Behavior\ShowPageTraceBehavior [ RunTime:0.005000s ]
INFO: [ app_end ] --END-- [ RunTime:0.005000s ]

