[ 2016-03-01T21:37:49+08:00 ] ::1 /My/
INFO: [ app_init ] --START--
INFO: Run Behavior\BuildLiteBehavior [ RunTime:0.000062s ]
INFO: [ app_init ] --END-- [ RunTime:0.000371s ]
INFO: [ app_begin ] --START--
INFO: Run Behavior\ReadHtmlCacheBehavior [ RunTime:0.003235s ]
INFO: [ app_begin ] --END-- [ RunTime:0.003521s ]
INFO: [ view_parse ] --START--
INFO: [ template_filter ] --START--
INFO: Run Behavior\ContentReplaceBehavior [ RunTime:0.000229s ]
INFO: [ template_filter ] --END-- [ RunTime:0.000536s ]
INFO: Run Behavior\ParseTemplateBehavior [ RunTime:0.023659s ]
INFO: [ view_parse ] --END-- [ RunTime:0.023963s ]
INFO: [ view_filter ] --START--
INFO: Run Behavior\WriteHtmlCacheBehavior [ RunTime:0.002851s ]
INFO: [ view_filter ] --END-- [ RunTime:0.003258s ]
INFO: [ app_end ] --START--
INFO: Run Behavior\ShowPageTraceBehavior [ RunTime:0.003305s ]
INFO: [ app_end ] --END-- [ RunTime:0.003576s ]

[ 2016-03-01T21:44:20+08:00 ] ::1 /My/
INFO: [ app_init ] --START--
INFO: Run Behavior\BuildLiteBehavior [ RunTime:0.000075s ]
INFO: [ app_init ] --END-- [ RunTime:0.001840s ]
INFO: [ app_begin ] --START--
INFO: Run Behavior\ReadHtmlCacheBehavior [ RunTime:0.003225s ]
INFO: [ app_begin ] --END-- [ RunTime:0.003584s ]
INFO: [ view_parse ] --START--
INFO: [ template_filter ] --START--
INFO: Run Behavior\ContentReplaceBehavior [ RunTime:0.000196s ]
INFO: [ template_filter ] --END-- [ RunTime:0.000580s ]
INFO: Run Behavior\ParseTemplateBehavior [ RunTime:0.051210s ]
INFO: [ view_parse ] --END-- [ RunTime:0.051544s ]
INFO: [ view_filter ] --START--
INFO: Run Behavior\WriteHtmlCacheBehavior [ RunTime:0.002442s ]
INFO: [ view_filter ] --END-- [ RunTime:0.002737s ]
INFO: [ app_end ] --START--
INFO: Run Behavior\ShowPageTraceBehavior [ RunTime:0.004017s ]
INFO: [ app_end ] --END-- [ RunTime:0.004402s ]

[ 2016-03-01T22:00:38+08:00 ] ::1 /My/
INFO: [ app_init ] --START--
INFO: Run Behavior\BuildLiteBehavior [ RunTime:0.000077s ]
INFO: [ app_init ] --END-- [ RunTime:0.001797s ]
INFO: [ app_begin ] --START--
INFO: Run Behavior\ReadHtmlCacheBehavior [ RunTime:0.002987s ]
INFO: [ app_begin ] --END-- [ RunTime:0.003390s ]
INFO: [ view_parse ] --START--
INFO: Run Behavior\ParseTemplateBehavior [ RunTime:0.001838s ]
INFO: [ view_parse ] --END-- [ RunTime:0.002211s ]
INFO: [ view_filter ] --START--
INFO: Run Behavior\WriteHtmlCacheBehavior [ RunTime:0.002270s ]
INFO: [ view_filter ] --END-- [ RunTime:0.002631s ]
INFO: [ app_end ] --START--
INFO: Run Behavior\ShowPageTraceBehavior [ RunTime:0.004203s ]
INFO: [ app_end ] --END-- [ RunTime:0.004586s ]

[ 2016-03-01T22:00:39+08:00 ] ::1 /My/
INFO: [ app_init ] --START--
INFO: Run Behavior\BuildLiteBehavior [ RunTime:0.000076s ]
INFO: [ app_init ] --END-- [ RunTime:0.002150s ]
INFO: [ app_begin ] --START--
INFO: Run Behavior\ReadHtmlCacheBehavior [ RunTime:0.003181s ]
INFO: [ app_begin ] --END-- [ RunTime:0.003576s ]
INFO: [ view_parse ] --START--
INFO: Run Behavior\ParseTemplateBehavior [ RunTime:0.001861s ]
INFO: [ view_parse ] --END-- [ RunTime:0.002232s ]
INFO: [ view_filter ] --START--
INFO: Run Behavior\WriteHtmlCacheBehavior [ RunTime:0.002054s ]
INFO: [ view_filter ] --END-- [ RunTime:0.002404s ]
INFO: [ app_end ] --START--
INFO: Run Behavior\ShowPageTraceBehavior [ RunTime:0.002840s ]
INFO: [ app_end ] --END-- [ RunTime:0.003180s ]

[ 2016-03-01T22:01:24+08:00 ] ::1 /My/
INFO: [ app_init ] --START--
INFO: Run Behavior\BuildLiteBehavior [ RunTime:0.000075s ]
INFO: [ app_init ] --END-- [ RunTime:0.001541s ]
INFO: [ app_begin ] --START--
INFO: Run Behavior\ReadHtmlCacheBehavior [ RunTime:0.002724s ]
INFO: [ app_begin ] --END-- [ RunTime:0.003117s ]
INFO: [ view_parse ] --START--
INFO: Run Behavior\ParseTemplateBehavior [ RunTime:0.001448s ]
INFO: [ view_parse ] --END-- [ RunTime:0.001874s ]
INFO: [ view_filter ] --START--
INFO: Run Behavior\WriteHtmlCacheBehavior [ RunTime:0.001300s ]
INFO: [ view_filter ] --END-- [ RunTime:0.001683s ]
INFO: [ app_end ] --START--
INFO: Run Behavior\ShowPageTraceBehavior [ RunTime:0.002377s ]
INFO: [ app_end ] --END-- [ RunTime:0.002819s ]
NOTIC: [8] Constant APP_PATH already defined D:\wamp\www\My\index.php 第 27 行.
NOTIC: [8] Constant MEMORY_LIMIT_ON already defined D:\wamp\www\My\ThinkPHP\ThinkPHP.php 第 19 行.
NOTIC: [8] Constant THINK_VERSION already defined D:\wamp\www\My\ThinkPHP\ThinkPHP.php 第 23 行.
NOTIC: [8] Constant URL_COMMON already defined D:\wamp\www\My\ThinkPHP\ThinkPHP.php 第 26 行.
NOTIC: [8] Constant URL_PATHINFO already defined D:\wamp\www\My\ThinkPHP\ThinkPHP.php 第 27 行.
NOTIC: [8] Constant URL_REWRITE already defined D:\wamp\www\My\ThinkPHP\ThinkPHP.php 第 28 行.
NOTIC: [8] Constant URL_COMPAT already defined D:\wamp\www\My\ThinkPHP\ThinkPHP.php 第 29 行.
NOTIC: [8] Constant EXT already defined D:\wamp\www\My\ThinkPHP\ThinkPHP.php 第 32 行.
NOTIC: [8] Constant MAGIC_QUOTES_GPC already defined D:\wamp\www\My\ThinkPHP\ThinkPHP.php 第 69 行.
NOTIC: [8] Constant IS_CGI already defined D:\wamp\www\My\ThinkPHP\ThinkPHP.php 第 73 行.
NOTIC: [8] Constant IS_WIN already defined D:\wamp\www\My\ThinkPHP\ThinkPHP.php 第 74 行.
NOTIC: [8] Constant IS_CLI already defined D:\wamp\www\My\ThinkPHP\ThinkPHP.php 第 75 行.

[ 2016-03-01T22:01:47+08:00 ] ::1 /My/
INFO: [ app_init ] --START--
INFO: Run Behavior\BuildLiteBehavior [ RunTime:0.000078s ]
INFO: [ app_init ] --END-- [ RunTime:0.001837s ]
INFO: [ app_begin ] --START--
INFO: Run Behavior\ReadHtmlCacheBehavior [ RunTime:0.002370s ]
INFO: [ app_begin ] --END-- [ RunTime:0.002870s ]
INFO: [ view_parse ] --START--
INFO: Run Behavior\ParseTemplateBehavior [ RunTime:0.001387s ]
INFO: [ view_parse ] --END-- [ RunTime:0.002070s ]
INFO: [ view_filter ] --START--
INFO: Run Behavior\WriteHtmlCacheBehavior [ RunTime:0.001202s ]
INFO: [ view_filter ] --END-- [ RunTime:0.001537s ]
INFO: [ app_end ] --START--
INFO: Run Behavior\ShowPageTraceBehavior [ RunTime:0.002123s ]
INFO: [ app_end ] --END-- [ RunTime:0.002511s ]
NOTIC: [8] Constant APP_PATH already defined D:\wamp\www\My\index.php 第 27 行.

[ 2016-03-01T22:02:31+08:00 ] ::1 /My/
INFO: [ app_init ] --START--
INFO: Run Behavior\BuildLiteBehavior [ RunTime:0.000076s ]
INFO: [ app_init ] --END-- [ RunTime:0.001453s ]
INFO: [ app_begin ] --START--
INFO: Run Behavior\ReadHtmlCacheBehavior [ RunTime:0.006120s ]
INFO: [ app_begin ] --END-- [ RunTime:0.006510s ]
INFO: [ view_parse ] --START--
INFO: Run Behavior\ParseTemplateBehavior [ RunTime:0.001181s ]
INFO: [ view_parse ] --END-- [ RunTime:0.001554s ]
INFO: [ view_filter ] --START--
INFO: Run Behavior\WriteHtmlCacheBehavior [ RunTime:0.001054s ]
INFO: [ view_filter ] --END-- [ RunTime:0.001407s ]
INFO: [ app_end ] --START--
INFO: Run Behavior\ShowPageTraceBehavior [ RunTime:0.001858s ]
INFO: [ app_end ] --END-- [ RunTime:0.002198s ]

[ 2016-03-01T22:10:30+08:00 ] ::1 /My/index.php/Home/Index/index
INFO: [ app_init ] --START--
INFO: Run Behavior\BuildLiteBehavior [ RunTime:0.000082s ]
INFO: [ app_init ] --END-- [ RunTime:0.002186s ]
INFO: [ app_begin ] --START--
INFO: Run Behavior\ReadHtmlCacheBehavior [ RunTime:0.002700s ]
INFO: [ app_begin ] --END-- [ RunTime:0.003089s ]
INFO: [ view_parse ] --START--
INFO: Run Behavior\ParseTemplateBehavior [ RunTime:0.002013s ]
INFO: [ view_parse ] --END-- [ RunTime:0.002440s ]
INFO: [ view_filter ] --START--
INFO: Run Behavior\WriteHtmlCacheBehavior [ RunTime:0.001357s ]
INFO: [ view_filter ] --END-- [ RunTime:0.001747s ]
INFO: [ app_end ] --START--
INFO: Run Behavior\ShowPageTraceBehavior [ RunTime:0.002304s ]
INFO: [ app_end ] --END-- [ RunTime:0.002673s ]

[ 2016-03-01T22:46:35+08:00 ] ::1 /My/index.php/Home/Index/index
INFO: [ app_init ] --START--
INFO: Run Behavior\BuildLiteBehavior [ RunTime:0.000082s ]
INFO: [ app_init ] --END-- [ RunTime:0.002330s ]
INFO: [ app_begin ] --START--
INFO: Run Behavior\ReadHtmlCacheBehavior [ RunTime:0.007974s ]
INFO: [ app_begin ] --END-- [ RunTime:0.008473s ]
INFO: [ view_parse ] --START--
INFO: Run Behavior\ParseTemplateBehavior [ RunTime:0.002681s ]
INFO: [ view_parse ] --END-- [ RunTime:0.003078s ]
INFO: [ view_filter ] --START--
INFO: Run Behavior\WriteHtmlCacheBehavior [ RunTime:0.003200s ]
INFO: [ view_filter ] --END-- [ RunTime:0.003543s ]
NOTIC: [8] Undefined variable: User D:\wamp\www\My\Application\Home\Controller\IndexController.class.php 第 8 行.

[ 2016-03-01T22:47:11+08:00 ] ::1 /My/index.php/Home/Index/index
INFO: [ app_init ] --START--
INFO: Run Behavior\BuildLiteBehavior [ RunTime:0.000079s ]
INFO: [ app_init ] --END-- [ RunTime:0.002951s ]
INFO: [ app_begin ] --START--
INFO: Run Behavior\ReadHtmlCacheBehavior [ RunTime:0.004673s ]
INFO: [ app_begin ] --END-- [ RunTime:0.005281s ]
INFO: [ view_parse ] --START--
INFO: Run Behavior\ParseTemplateBehavior [ RunTime:0.001986s ]
INFO: [ view_parse ] --END-- [ RunTime:0.002352s ]
INFO: [ view_filter ] --START--
INFO: Run Behavior\WriteHtmlCacheBehavior [ RunTime:0.002201s ]
INFO: [ view_filter ] --END-- [ RunTime:0.002540s ]
NOTIC: [8] Undefined variable: User D:\wamp\www\My\Application\Home\Controller\IndexController.class.php 第 8 行.

[ 2016-03-01T22:47:12+08:00 ] ::1 /My/index.php/Home/Index/index
INFO: [ app_init ] --START--
INFO: Run Behavior\BuildLiteBehavior [ RunTime:0.000081s ]
INFO: [ app_init ] --END-- [ RunTime:0.002198s ]
INFO: [ app_begin ] --START--
INFO: Run Behavior\ReadHtmlCacheBehavior [ RunTime:0.004457s ]
INFO: [ app_begin ] --END-- [ RunTime:0.005023s ]
INFO: [ view_parse ] --START--
INFO: Run Behavior\ParseTemplateBehavior [ RunTime:0.008544s ]
INFO: [ view_parse ] --END-- [ RunTime:0.008947s ]
INFO: [ view_filter ] --START--
INFO: Run Behavior\WriteHtmlCacheBehavior [ RunTime:0.002304s ]
INFO: [ view_filter ] --END-- [ RunTime:0.002692s ]
NOTIC: [8] Undefined variable: User D:\wamp\www\My\Application\Home\Controller\IndexController.class.php 第 8 行.

[ 2016-03-01T22:47:13+08:00 ] ::1 /My/index.php/Home/Index/index
INFO: [ app_init ] --START--
INFO: Run Behavior\BuildLiteBehavior [ RunTime:0.000085s ]
INFO: [ app_init ] --END-- [ RunTime:0.005915s ]
INFO: [ app_begin ] --START--
INFO: Run Behavior\ReadHtmlCacheBehavior [ RunTime:0.003515s ]
INFO: [ app_begin ] --END-- [ RunTime:0.004030s ]
INFO: [ view_parse ] --START--
INFO: Run Behavior\ParseTemplateBehavior [ RunTime:0.002661s ]
INFO: [ view_parse ] --END-- [ RunTime:0.003206s ]
INFO: [ view_filter ] --START--
INFO: Run Behavior\WriteHtmlCacheBehavior [ RunTime:0.002032s ]
INFO: [ view_filter ] --END-- [ RunTime:0.002368s ]
NOTIC: [8] Undefined variable: User D:\wamp\www\My\Application\Home\Controller\IndexController.class.php 第 8 行.

[ 2016-03-01T22:47:14+08:00 ] ::1 /My/index.php/Home/Index/index
INFO: [ app_init ] --START--
INFO: Run Behavior\BuildLiteBehavior [ RunTime:0.000094s ]
INFO: [ app_init ] --END-- [ RunTime:0.001534s ]
INFO: [ app_begin ] --START--
INFO: Run Behavior\ReadHtmlCacheBehavior [ RunTime:0.002777s ]
INFO: [ app_begin ] --END-- [ RunTime:0.003151s ]
INFO: [ view_parse ] --START--
INFO: Run Behavior\ParseTemplateBehavior [ RunTime:0.001502s ]
INFO: [ view_parse ] --END-- [ RunTime:0.001786s ]
INFO: [ view_filter ] --START--
INFO: Run Behavior\WriteHtmlCacheBehavior [ RunTime:0.003029s ]
INFO: [ view_filter ] --END-- [ RunTime:0.003477s ]
NOTIC: [8] Undefined variable: User D:\wamp\www\My\Application\Home\Controller\IndexController.class.php 第 8 行.

[ 2016-03-01T22:47:27+08:00 ] ::1 /My/index.php/Home/Index/index
INFO: [ app_init ] --START--
INFO: Run Behavior\BuildLiteBehavior [ RunTime:0.000080s ]
INFO: [ app_init ] --END-- [ RunTime:0.003596s ]
INFO: [ app_begin ] --START--
INFO: Run Behavior\ReadHtmlCacheBehavior [ RunTime:0.004354s ]
INFO: [ app_begin ] --END-- [ RunTime:0.004778s ]
INFO: [ view_parse ] --START--
INFO: Run Behavior\ParseTemplateBehavior [ RunTime:0.007127s ]
INFO: [ view_parse ] --END-- [ RunTime:0.007540s ]
INFO: [ view_filter ] --START--
INFO: Run Behavior\WriteHtmlCacheBehavior [ RunTime:0.003559s ]
INFO: [ view_filter ] --END-- [ RunTime:0.004079s ]
NOTIC: [8] Undefined variable: user D:\wamp\www\My\Application\Home\Controller\IndexController.class.php 第 8 行.

[ 2016-03-01T22:47:29+08:00 ] ::1 /My/index.php/Home/Index/index
INFO: [ app_init ] --START--
INFO: Run Behavior\BuildLiteBehavior [ RunTime:0.000080s ]
INFO: [ app_init ] --END-- [ RunTime:0.002204s ]
INFO: [ app_begin ] --START--
INFO: Run Behavior\ReadHtmlCacheBehavior [ RunTime:0.005526s ]
INFO: [ app_begin ] --END-- [ RunTime:0.005987s ]
INFO: [ view_parse ] --START--
INFO: Run Behavior\ParseTemplateBehavior [ RunTime:0.005847s ]
INFO: [ view_parse ] --END-- [ RunTime:0.006301s ]
INFO: [ view_filter ] --START--
INFO: Run Behavior\WriteHtmlCacheBehavior [ RunTime:0.004353s ]
INFO: [ view_filter ] --END-- [ RunTime:0.005063s ]
NOTIC: [8] Undefined variable: user D:\wamp\www\My\Application\Home\Controller\IndexController.class.php 第 8 行.

[ 2016-03-01T22:47:33+08:00 ] ::1 /My/
INFO: [ app_init ] --START--
INFO: Run Behavior\BuildLiteBehavior [ RunTime:0.000079s ]
INFO: [ app_init ] --END-- [ RunTime:0.002150s ]
INFO: [ app_begin ] --START--
INFO: Run Behavior\ReadHtmlCacheBehavior [ RunTime:0.004752s ]
INFO: [ app_begin ] --END-- [ RunTime:0.005304s ]
INFO: [ view_parse ] --START--
INFO: Run Behavior\ParseTemplateBehavior [ RunTime:0.006580s ]
INFO: [ view_parse ] --END-- [ RunTime:0.007065s ]
INFO: [ view_filter ] --START--
INFO: Run Behavior\WriteHtmlCacheBehavior [ RunTime:0.003590s ]
INFO: [ view_filter ] --END-- [ RunTime:0.003959s ]
NOTIC: [8] Undefined variable: user D:\wamp\www\My\Application\Home\Controller\IndexController.class.php 第 8 行.

[ 2016-03-01T22:47:53+08:00 ] ::1 /My/
INFO: [ app_init ] --START--
INFO: Run Behavior\BuildLiteBehavior [ RunTime:0.000083s ]
INFO: [ app_init ] --END-- [ RunTime:0.002931s ]
INFO: [ app_begin ] --START--
INFO: Run Behavior\ReadHtmlCacheBehavior [ RunTime:0.004042s ]
INFO: [ app_begin ] --END-- [ RunTime:0.004464s ]
INFO: [ view_parse ] --START--
INFO: Run Behavior\ParseTemplateBehavior [ RunTime:0.001918s ]
INFO: [ view_parse ] --END-- [ RunTime:0.002764s ]
INFO: [ view_filter ] --START--
INFO: Run Behavior\WriteHtmlCacheBehavior [ RunTime:0.002075s ]
INFO: [ view_filter ] --END-- [ RunTime:0.002438s ]
NOTIC: [8] Undefined variable: user D:\wamp\www\My\Application\Home\Controller\IndexController.class.php 第 8 行.

[ 2016-03-01T22:53:08+08:00 ] ::1 /My/
INFO: [ app_init ] --START--
INFO: Run Behavior\BuildLiteBehavior [ RunTime:0.000061s ]
INFO: [ app_init ] --END-- [ RunTime:0.001338s ]
INFO: [ app_begin ] --START--
INFO: Run Behavior\ReadHtmlCacheBehavior [ RunTime:0.002439s ]
INFO: [ app_begin ] --END-- [ RunTime:0.002810s ]
INFO: [ view_parse ] --START--
INFO: Run Behavior\ParseTemplateBehavior [ RunTime:0.001712s ]
INFO: [ view_parse ] --END-- [ RunTime:0.002006s ]
INFO: [ view_filter ] --START--
INFO: Run Behavior\WriteHtmlCacheBehavior [ RunTime:0.001682s ]
INFO: [ view_filter ] --END-- [ RunTime:0.002068s ]
NOTIC: [8] Undefined variable: user D:\wamp\www\My\Application\Home\Controller\IndexController.class.php 第 8 行.

[ 2016-03-01T22:58:10+08:00 ] ::1 /My/
INFO: [ app_init ] --START--
INFO: Run Behavior\BuildLiteBehavior [ RunTime:0.000086s ]
INFO: [ app_init ] --END-- [ RunTime:0.002213s ]
INFO: [ app_begin ] --START--
INFO: Run Behavior\ReadHtmlCacheBehavior [ RunTime:0.006126s ]
INFO: [ app_begin ] --END-- [ RunTime:0.006971s ]
INFO: [ view_parse ] --START--
INFO: Run Behavior\ParseTemplateBehavior [ RunTime:0.002022s ]
INFO: [ view_parse ] --END-- [ RunTime:0.002461s ]
INFO: [ view_filter ] --START--
INFO: Run Behavior\WriteHtmlCacheBehavior [ RunTime:0.001779s ]
INFO: [ view_filter ] --END-- [ RunTime:0.005355s ]
NOTIC: [8] Undefined variable: user D:\wamp\www\My\Application\Home\Controller\IndexController.class.php 第 8 行.

[ 2016-03-01T22:58:11+08:00 ] ::1 /My/
INFO: [ app_init ] --START--
INFO: Run Behavior\BuildLiteBehavior [ RunTime:0.000087s ]
INFO: [ app_init ] --END-- [ RunTime:0.002082s ]
INFO: [ app_begin ] --START--
INFO: Run Behavior\ReadHtmlCacheBehavior [ RunTime:0.003875s ]
INFO: [ app_begin ] --END-- [ RunTime:0.004370s ]
INFO: [ view_parse ] --START--
INFO: Run Behavior\ParseTemplateBehavior [ RunTime:0.002632s ]
INFO: [ view_parse ] --END-- [ RunTime:0.003236s ]
INFO: [ view_filter ] --START--
INFO: Run Behavior\WriteHtmlCacheBehavior [ RunTime:0.002229s ]
INFO: [ view_filter ] --END-- [ RunTime:0.003205s ]
NOTIC: [8] Undefined variable: user D:\wamp\www\My\Application\Home\Controller\IndexController.class.php 第 8 行.

[ 2016-03-01T22:59:17+08:00 ] ::1 /My/
INFO: [ app_init ] --START--
INFO: Run Behavior\BuildLiteBehavior [ RunTime:0.000085s ]
INFO: [ app_init ] --END-- [ RunTime:0.002366s ]
INFO: [ app_begin ] --START--
INFO: Run Behavior\ReadHtmlCacheBehavior [ RunTime:0.004944s ]
INFO: [ app_begin ] --END-- [ RunTime:0.005735s ]
INFO: [ view_parse ] --START--
INFO: Run Behavior\ParseTemplateBehavior [ RunTime:0.002255s ]
INFO: [ view_parse ] --END-- [ RunTime:0.002726s ]
INFO: [ view_filter ] --START--
INFO: Run Behavior\WriteHtmlCacheBehavior [ RunTime:0.011953s ]
INFO: [ view_filter ] --END-- [ RunTime:0.012745s ]
NOTIC: [8] Undefined variable: user D:\wamp\www\My\Application\Home\Controller\IndexController.class.php 第 8 行.

[ 2016-03-01T22:59:29+08:00 ] ::1 /My/
INFO: [ app_init ] --START--
INFO: Run Behavior\BuildLiteBehavior [ RunTime:0.000066s ]
INFO: [ app_init ] --END-- [ RunTime:0.001719s ]
INFO: [ app_begin ] --START--
INFO: Run Behavior\ReadHtmlCacheBehavior [ RunTime:0.002412s ]
INFO: [ app_begin ] --END-- [ RunTime:0.003196s ]
INFO: [ view_parse ] --START--
INFO: Run Behavior\ParseTemplateBehavior [ RunTime:0.001820s ]
INFO: [ view_parse ] --END-- [ RunTime:0.002156s ]
INFO: [ view_filter ] --START--
INFO: Run Behavior\WriteHtmlCacheBehavior [ RunTime:0.001721s ]
INFO: [ view_filter ] --END-- [ RunTime:0.002436s ]
NOTIC: [8] Undefined variable: User D:\wamp\www\My\Application\Home\Controller\IndexController.class.php 第 8 行.

[ 2016-03-01T22:59:52+08:00 ] ::1 /My/
INFO: [ app_init ] --START--
INFO: Run Behavior\BuildLiteBehavior [ RunTime:0.000089s ]
INFO: [ app_init ] --END-- [ RunTime:0.004102s ]
INFO: [ app_begin ] --START--
INFO: Run Behavior\ReadHtmlCacheBehavior [ RunTime:0.004796s ]
INFO: [ app_begin ] --END-- [ RunTime:0.005401s ]
INFO: [ view_parse ] --START--
INFO: Run Behavior\ParseTemplateBehavior [ RunTime:0.002149s ]
INFO: [ view_parse ] --END-- [ RunTime:0.002592s ]
INFO: [ view_filter ] --START--
INFO: Run Behavior\WriteHtmlCacheBehavior [ RunTime:0.002284s ]
INFO: [ view_filter ] --END-- [ RunTime:0.002671s ]
SQL: SHOW COLUMNS FROM `think_user` [ RunTime:0.0096s ]
SQL: SELECT * FROM `think_user`  [ RunTime:0.0008s ]
INFO: [ app_end ] --START--
INFO: Run Behavior\ShowPageTraceBehavior [ RunTime:0.003165s ]
INFO: [ app_end ] --END-- [ RunTime:0.003606s ]

[ 2016-03-01T22:59:55+08:00 ] ::1 /My/
INFO: [ app_init ] --START--
INFO: Run Behavior\BuildLiteBehavior [ RunTime:0.000084s ]
INFO: [ app_init ] --END-- [ RunTime:0.001707s ]
INFO: [ app_begin ] --START--
INFO: Run Behavior\ReadHtmlCacheBehavior [ RunTime:0.013695s ]
INFO: [ app_begin ] --END-- [ RunTime:0.014160s ]
INFO: [ view_parse ] --START--
INFO: Run Behavior\ParseTemplateBehavior [ RunTime:0.003973s ]
INFO: [ view_parse ] --END-- [ RunTime:0.004410s ]
INFO: [ view_filter ] --START--
INFO: Run Behavior\WriteHtmlCacheBehavior [ RunTime:0.002283s ]
INFO: [ view_filter ] --END-- [ RunTime:0.003315s ]
SQL: SHOW COLUMNS FROM `think_user` [ RunTime:0.0103s ]
SQL: SELECT * FROM `think_user`  [ RunTime:0.0037s ]
INFO: [ app_end ] --START--
INFO: Run Behavior\ShowPageTraceBehavior [ RunTime:0.003340s ]
INFO: [ app_end ] --END-- [ RunTime:0.003880s ]

[ 2016-03-01T23:00:58+08:00 ] ::1 /My/
INFO: [ app_init ] --START--
INFO: Run Behavior\BuildLiteBehavior [ RunTime:0.000099s ]
INFO: [ app_init ] --END-- [ RunTime:0.002041s ]
INFO: [ app_begin ] --START--
INFO: Run Behavior\ReadHtmlCacheBehavior [ RunTime:0.004064s ]
INFO: [ app_begin ] --END-- [ RunTime:0.004815s ]
INFO: [ view_parse ] --START--
INFO: Run Behavior\ParseTemplateBehavior [ RunTime:0.004185s ]
INFO: [ view_parse ] --END-- [ RunTime:0.004628s ]
INFO: [ view_filter ] --START--
INFO: Run Behavior\WriteHtmlCacheBehavior [ RunTime:0.002192s ]
INFO: [ view_filter ] --END-- [ RunTime:0.002697s ]
SQL: SHOW COLUMNS FROM `think_user` [ RunTime:0.0119s ]
SQL: SELECT * FROM `think_user`  [ RunTime:0.0006s ]
INFO: [ app_end ] --START--
INFO: Run Behavior\ShowPageTraceBehavior [ RunTime:0.002912s ]
INFO: [ app_end ] --END-- [ RunTime:0.003277s ]

[ 2016-03-01T23:01:01+08:00 ] ::1 /My/
INFO: [ app_init ] --START--
INFO: Run Behavior\BuildLiteBehavior [ RunTime:0.000089s ]
INFO: [ app_init ] --END-- [ RunTime:0.003708s ]
INFO: [ app_begin ] --START--
INFO: Run Behavior\ReadHtmlCacheBehavior [ RunTime:0.003357s ]
INFO: [ app_begin ] --END-- [ RunTime:0.003962s ]
INFO: [ view_parse ] --START--
INFO: Run Behavior\ParseTemplateBehavior [ RunTime:0.013536s ]
INFO: [ view_parse ] --END-- [ RunTime:0.013964s ]
INFO: [ view_filter ] --START--
INFO: Run Behavior\WriteHtmlCacheBehavior [ RunTime:0.007164s ]
INFO: [ view_filter ] --END-- [ RunTime:0.007602s ]
SQL: SHOW COLUMNS FROM `think_user` [ RunTime:0.0108s ]
SQL: SELECT * FROM `think_user`  [ RunTime:0.0015s ]
INFO: [ app_end ] --START--
INFO: Run Behavior\ShowPageTraceBehavior [ RunTime:0.004065s ]
INFO: [ app_end ] --END-- [ RunTime:0.004698s ]

[ 2016-03-01T23:02:09+08:00 ] ::1 /My/
INFO: [ app_init ] --START--
INFO: Run Behavior\BuildLiteBehavior [ RunTime:0.000088s ]
INFO: [ app_init ] --END-- [ RunTime:0.002640s ]
INFO: [ app_begin ] --START--
INFO: Run Behavior\ReadHtmlCacheBehavior [ RunTime:0.002887s ]
INFO: [ app_begin ] --END-- [ RunTime:0.003371s ]
INFO: [ view_parse ] --START--
INFO: Run Behavior\ParseTemplateBehavior [ RunTime:0.002242s ]
INFO: [ view_parse ] --END-- [ RunTime:0.002733s ]
INFO: [ view_filter ] --START--
INFO: Run Behavior\WriteHtmlCacheBehavior [ RunTime:0.004242s ]
INFO: [ view_filter ] --END-- [ RunTime:0.004687s ]
SQL: SHOW COLUMNS FROM `think_user` [ RunTime:0.0099s ]
ERR: 1054:Unknown column 'status' in 'where clause'
 [ SQL语句 ] : SELECT * FROM `think_user` WHERE ( status=1 ) ORDER BY create_time LIMIT 10  
ERR: 1054:Unknown column 'status' in 'where clause'
 [ SQL语句 ] : SELECT * FROM `think_user` WHERE ( status=1 ) ORDER BY create_time LIMIT 10  

[ 2016-03-01T23:02:27+08:00 ] ::1 /My/
INFO: [ app_init ] --START--
INFO: Run Behavior\BuildLiteBehavior [ RunTime:0.000097s ]
INFO: [ app_init ] --END-- [ RunTime:0.002213s ]
INFO: [ app_begin ] --START--
INFO: Run Behavior\ReadHtmlCacheBehavior [ RunTime:0.002648s ]
INFO: [ app_begin ] --END-- [ RunTime:0.003162s ]
INFO: [ view_parse ] --START--
INFO: Run Behavior\ParseTemplateBehavior [ RunTime:0.002271s ]
INFO: [ view_parse ] --END-- [ RunTime:0.004648s ]
INFO: [ view_filter ] --START--
INFO: Run Behavior\WriteHtmlCacheBehavior [ RunTime:0.006671s ]
INFO: [ view_filter ] --END-- [ RunTime:0.007127s ]
SQL: SHOW COLUMNS FROM `think_user` [ RunTime:0.0136s ]
SQL: SELECT * FROM `think_user` WHERE ( id=1 )  [ RunTime:0.0327s ]
INFO: [ app_end ] --START--
INFO: Run Behavior\ShowPageTraceBehavior [ RunTime:0.003665s ]
INFO: [ app_end ] --END-- [ RunTime:0.004045s ]

[ 2016-03-01T23:02:47+08:00 ] ::1 /My/
INFO: [ app_init ] --START--
INFO: Run Behavior\BuildLiteBehavior [ RunTime:0.000070s ]
INFO: [ app_init ] --END-- [ RunTime:0.002656s ]
INFO: [ app_begin ] --START--
INFO: Run Behavior\ReadHtmlCacheBehavior [ RunTime:0.002242s ]
INFO: [ app_begin ] --END-- [ RunTime:0.002557s ]
INFO: [ view_parse ] --START--
INFO: Run Behavior\ParseTemplateBehavior [ RunTime:0.002088s ]
INFO: [ view_parse ] --END-- [ RunTime:0.002492s ]
INFO: [ view_filter ] --START--
INFO: Run Behavior\WriteHtmlCacheBehavior [ RunTime:0.003322s ]
INFO: [ view_filter ] --END-- [ RunTime:0.003639s ]
SQL: SHOW COLUMNS FROM `think_user` [ RunTime:0.0086s ]
SQL: SELECT * FROM `think_user` WHERE ( id=1 )  [ RunTime:0.0006s ]
INFO: [ app_end ] --START--
INFO: Run Behavior\ShowPageTraceBehavior [ RunTime:0.003886s ]
INFO: [ app_end ] --END-- [ RunTime:0.004207s ]

[ 2016-03-01T23:03:41+08:00 ] ::1 /My/
INFO: [ app_init ] --START--
INFO: Run Behavior\BuildLiteBehavior [ RunTime:0.000131s ]
INFO: [ app_init ] --END-- [ RunTime:0.002545s ]
INFO: [ app_begin ] --START--
INFO: Run Behavior\ReadHtmlCacheBehavior [ RunTime:0.006231s ]
INFO: [ app_begin ] --END-- [ RunTime:0.006930s ]
INFO: [ view_parse ] --START--
INFO: Run Behavior\ParseTemplateBehavior [ RunTime:0.004185s ]
INFO: [ view_parse ] --END-- [ RunTime:0.005555s ]
INFO: [ view_filter ] --START--
INFO: Run Behavior\WriteHtmlCacheBehavior [ RunTime:0.003350s ]
INFO: [ view_filter ] --END-- [ RunTime:0.004015s ]
SQL: SHOW COLUMNS FROM `think_user` [ RunTime:0.0143s ]
SQL: SELECT * FROM `think_user`  [ RunTime:0.0008s ]
SQL: SELECT * FROM `think_user` WHERE ( id=1 )  [ RunTime:0.0007s ]
INFO: [ app_end ] --START--
INFO: Run Behavior\ShowPageTraceBehavior [ RunTime:0.003611s ]
INFO: [ app_end ] --END-- [ RunTime:0.004097s ]

[ 2016-03-01T23:04:46+08:00 ] ::1 /My/
INFO: [ app_init ] --START--
INFO: Run Behavior\BuildLiteBehavior [ RunTime:0.000067s ]
INFO: [ app_init ] --END-- [ RunTime:0.001380s ]
INFO: [ app_begin ] --START--
INFO: Run Behavior\ReadHtmlCacheBehavior [ RunTime:0.002233s ]
INFO: [ app_begin ] --END-- [ RunTime:0.004986s ]
INFO: [ view_parse ] --START--
INFO: Run Behavior\ParseTemplateBehavior [ RunTime:0.002117s ]
INFO: [ view_parse ] --END-- [ RunTime:0.002951s ]
INFO: [ view_filter ] --START--
INFO: Run Behavior\WriteHtmlCacheBehavior [ RunTime:0.002158s ]
INFO: [ view_filter ] --END-- [ RunTime:0.002453s ]
SQL: SHOW COLUMNS FROM `think_user` [ RunTime:0.0079s ]
SQL: SELECT * FROM `think_user`  [ RunTime:0.0005s ]
SQL: SELECT * FROM `think_user` WHERE ( id=1 ) LIMIT 1   [ RunTime:0.0006s ]
INFO: [ app_end ] --START--
INFO: Run Behavior\ShowPageTraceBehavior [ RunTime:0.002438s ]
INFO: [ app_end ] --END-- [ RunTime:0.002735s ]

[ 2016-03-01T23:28:47+08:00 ] ::1 /My/
INFO: [ app_init ] --START--
INFO: Run Behavior\BuildLiteBehavior [ RunTime:0.000114s ]
INFO: [ app_init ] --END-- [ RunTime:0.002078s ]
INFO: [ app_begin ] --START--
INFO: Run Behavior\ReadHtmlCacheBehavior [ RunTime:0.002564s ]
INFO: [ app_begin ] --END-- [ RunTime:0.002975s ]
INFO: [ view_parse ] --START--
INFO: Run Behavior\ParseTemplateBehavior [ RunTime:0.006914s ]
INFO: [ view_parse ] --END-- [ RunTime:0.007475s ]
INFO: [ view_filter ] --START--
INFO: Run Behavior\WriteHtmlCacheBehavior [ RunTime:0.002834s ]
INFO: [ view_filter ] --END-- [ RunTime:0.003214s ]
SQL: SHOW COLUMNS FROM `think_user` [ RunTime:0.0128s ]
SQL: SELECT * FROM `think_user`  [ RunTime:0.0007s ]
SQL: SELECT * FROM `think_user` WHERE ( id=1 ) LIMIT 1   [ RunTime:0.0007s ]
ERR: 模板不存在:./Application/Home/View/Index/index.html

[ 2016-03-01T23:29:04+08:00 ] ::1 /My/
INFO: [ app_init ] --START--
INFO: Run Behavior\BuildLiteBehavior [ RunTime:0.000084s ]
INFO: [ app_init ] --END-- [ RunTime:0.003191s ]
INFO: [ app_begin ] --START--
INFO: Run Behavior\ReadHtmlCacheBehavior [ RunTime:0.009270s ]
INFO: [ app_begin ] --END-- [ RunTime:0.009719s ]
INFO: [ view_parse ] --START--
INFO: Run Behavior\ParseTemplateBehavior [ RunTime:0.004126s ]
INFO: [ view_parse ] --END-- [ RunTime:0.004837s ]
INFO: [ view_filter ] --START--
INFO: Run Behavior\WriteHtmlCacheBehavior [ RunTime:0.002596s ]
INFO: [ view_filter ] --END-- [ RunTime:0.002976s ]
SQL: SHOW COLUMNS FROM `think_user` [ RunTime:0.0098s ]
SQL: SELECT * FROM `think_user`  [ RunTime:0.0007s ]
SQL: SELECT * FROM `think_user` WHERE ( id=1 ) LIMIT 1   [ RunTime:0.0007s ]
ERR: 模板不存在:./Application/Home/View/Index/index.html

[ 2016-03-01T23:29:18+08:00 ] ::1 /My/
INFO: [ app_init ] --START--
INFO: Run Behavior\BuildLiteBehavior [ RunTime:0.000085s ]
INFO: [ app_init ] --END-- [ RunTime:0.002123s ]
INFO: [ app_begin ] --START--
INFO: Run Behavior\ReadHtmlCacheBehavior [ RunTime:0.003147s ]
INFO: [ app_begin ] --END-- [ RunTime:0.003627s ]
INFO: [ view_parse ] --START--
INFO: Run Behavior\ParseTemplateBehavior [ RunTime:0.002182s ]
INFO: [ view_parse ] --END-- [ RunTime:0.002786s ]
INFO: [ view_filter ] --START--
INFO: Run Behavior\WriteHtmlCacheBehavior [ RunTime:0.001950s ]
INFO: [ view_filter ] --END-- [ RunTime:0.002447s ]
SQL: SHOW COLUMNS FROM `think_user` [ RunTime:0.0104s ]
SQL: SELECT * FROM `think_user`  [ RunTime:0.0012s ]
SQL: SELECT * FROM `think_user` WHERE ( id=1 ) LIMIT 1   [ RunTime:0.0009s ]
INFO: [ app_end ] --START--
INFO: Run Behavior\ShowPageTraceBehavior [ RunTime:0.003570s ]
INFO: [ app_end ] --END-- [ RunTime:0.003956s ]

[ 2016-03-01T23:29:38+08:00 ] ::1 /My/
INFO: [ app_init ] --START--
INFO: Run Behavior\BuildLiteBehavior [ RunTime:0.000083s ]
INFO: [ app_init ] --END-- [ RunTime:0.001778s ]
INFO: [ app_begin ] --START--
INFO: Run Behavior\ReadHtmlCacheBehavior [ RunTime:0.002937s ]
INFO: [ app_begin ] --END-- [ RunTime:0.008374s ]
INFO: [ view_parse ] --START--
INFO: Run Behavior\ParseTemplateBehavior [ RunTime:0.002296s ]
INFO: [ view_parse ] --END-- [ RunTime:0.002709s ]
INFO: [ view_filter ] --START--
INFO: Run Behavior\WriteHtmlCacheBehavior [ RunTime:0.003150s ]
INFO: [ view_filter ] --END-- [ RunTime:0.003533s ]
SQL: SHOW COLUMNS FROM `think_user` [ RunTime:0.0113s ]
SQL: SELECT * FROM `think_user`  [ RunTime:0.0009s ]
SQL: SELECT * FROM `think_user` WHERE ( id=1 ) LIMIT 1   [ RunTime:0.0008s ]
ERR: 模板不存在:./Application/Home/View/Index/index.html

[ 2016-03-01T23:31:03+08:00 ] ::1 /My/
INFO: [ app_init ] --START--
INFO: Run Behavior\BuildLiteBehavior [ RunTime:0.000086s ]
INFO: [ app_init ] --END-- [ RunTime:0.002886s ]
INFO: [ app_begin ] --START--
INFO: Run Behavior\ReadHtmlCacheBehavior [ RunTime:0.004617s ]
INFO: [ app_begin ] --END-- [ RunTime:0.005161s ]
INFO: [ view_parse ] --START--
INFO: Run Behavior\ParseTemplateBehavior [ RunTime:0.002330s ]
INFO: [ view_parse ] --END-- [ RunTime:0.003341s ]
INFO: [ view_filter ] --START--
INFO: Run Behavior\WriteHtmlCacheBehavior [ RunTime:0.009200s ]
INFO: [ view_filter ] --END-- [ RunTime:0.009949s ]
SQL: SHOW COLUMNS FROM `think_user` [ RunTime:0.0166s ]
SQL: SELECT * FROM `think_user`  [ RunTime:0.0010s ]
SQL: SELECT * FROM `think_user` WHERE ( id=1 ) LIMIT 1   [ RunTime:0.0009s ]
INFO: [ view_parse ] --START--
INFO: [ template_filter ] --START--
INFO: Run Behavior\ContentReplaceBehavior [ RunTime:0.000199s ]
INFO: [ template_filter ] --END-- [ RunTime:0.000606s ]
INFO: Run Behavior\ParseTemplateBehavior [ RunTime:0.028516s ]
INFO: [ view_parse ] --END-- [ RunTime:-0.086642s ]
INFO: [ view_filter ] --START--
INFO: Run Behavior\WriteHtmlCacheBehavior [ RunTime:0.000099s ]
INFO: [ view_filter ] --END-- [ RunTime:-0.105620s ]
INFO: [ app_end ] --START--
INFO: Run Behavior\ShowPageTraceBehavior [ RunTime:0.002796s ]
INFO: [ app_end ] --END-- [ RunTime:0.003163s ]

[ 2016-03-01T23:31:17+08:00 ] ::1 /My/
INFO: [ app_init ] --START--
INFO: Run Behavior\BuildLiteBehavior [ RunTime:0.000084s ]
INFO: [ app_init ] --END-- [ RunTime:0.001846s ]
INFO: [ app_begin ] --START--
INFO: Run Behavior\ReadHtmlCacheBehavior [ RunTime:0.005720s ]
INFO: [ app_begin ] --END-- [ RunTime:0.006316s ]
INFO: [ view_parse ] --START--
INFO: Run Behavior\ParseTemplateBehavior [ RunTime:0.002134s ]
INFO: [ view_parse ] --END-- [ RunTime:0.002770s ]
INFO: [ view_filter ] --START--
INFO: Run Behavior\WriteHtmlCacheBehavior [ RunTime:0.002460s ]
INFO: [ view_filter ] --END-- [ RunTime:0.002843s ]
SQL: SHOW COLUMNS FROM `think_user` [ RunTime:0.0150s ]
SQL: SELECT * FROM `think_user`  [ RunTime:0.0017s ]
SQL: SELECT * FROM `think_user` WHERE ( id=1 ) LIMIT 1   [ RunTime:0.0022s ]
INFO: [ view_parse ] --START--
INFO: [ template_filter ] --START--
INFO: Run Behavior\ContentReplaceBehavior [ RunTime:0.000198s ]
INFO: [ template_filter ] --END-- [ RunTime:0.000677s ]
INFO: Run Behavior\ParseTemplateBehavior [ RunTime:0.031774s ]
INFO: [ view_parse ] --END-- [ RunTime:-0.079399s ]
INFO: [ view_filter ] --START--
INFO: Run Behavior\WriteHtmlCacheBehavior [ RunTime:0.000094s ]
INFO: [ view_filter ] --END-- [ RunTime:-0.108746s ]
INFO: [ app_end ] --START--
INFO: Run Behavior\ShowPageTraceBehavior [ RunTime:0.003074s ]
INFO: [ app_end ] --END-- [ RunTime:0.003578s ]

[ 2016-03-01T23:31:19+08:00 ] ::1 /My/
INFO: [ app_init ] --START--
INFO: Run Behavior\BuildLiteBehavior [ RunTime:0.000109s ]
INFO: [ app_init ] --END-- [ RunTime:0.001683s ]
INFO: [ app_begin ] --START--
INFO: Run Behavior\ReadHtmlCacheBehavior [ RunTime:0.002629s ]
INFO: [ app_begin ] --END-- [ RunTime:0.003030s ]
INFO: [ view_parse ] --START--
INFO: Run Behavior\ParseTemplateBehavior [ RunTime:0.001832s ]
INFO: [ view_parse ] --END-- [ RunTime:0.002220s ]
INFO: [ view_filter ] --START--
INFO: Run Behavior\WriteHtmlCacheBehavior [ RunTime:0.001793s ]
INFO: [ view_filter ] --END-- [ RunTime:0.002154s ]
SQL: SHOW COLUMNS FROM `think_user` [ RunTime:0.0171s ]
SQL: SELECT * FROM `think_user`  [ RunTime:0.0008s ]
SQL: SELECT * FROM `think_user` WHERE ( id=1 ) LIMIT 1   [ RunTime:0.0008s ]
INFO: [ view_parse ] --START--
INFO: [ template_filter ] --START--
INFO: Run Behavior\ContentReplaceBehavior [ RunTime:0.000200s ]
INFO: [ template_filter ] --END-- [ RunTime:0.000617s ]
INFO: Run Behavior\ParseTemplateBehavior [ RunTime:0.030700s ]
INFO: [ view_parse ] --END-- [ RunTime:-0.084498s ]
INFO: [ view_filter ] --START--
INFO: Run Behavior\WriteHtmlCacheBehavior [ RunTime:0.000096s ]
INFO: [ view_filter ] --END-- [ RunTime:-0.113373s ]
INFO: [ app_end ] --START--
INFO: Run Behavior\ShowPageTraceBehavior [ RunTime:0.002785s ]
INFO: [ app_end ] --END-- [ RunTime:0.003199s ]

[ 2016-03-01T23:31:40+08:00 ] ::1 /My/
INFO: [ app_init ] --START--
INFO: Run Behavior\BuildLiteBehavior [ RunTime:0.000085s ]
INFO: [ app_init ] --END-- [ RunTime:0.002208s ]
INFO: [ app_begin ] --START--
INFO: Run Behavior\ReadHtmlCacheBehavior [ RunTime:0.003008s ]
INFO: [ app_begin ] --END-- [ RunTime:0.003420s ]
INFO: [ view_parse ] --START--
INFO: Run Behavior\ParseTemplateBehavior [ RunTime:0.002048s ]
INFO: [ view_parse ] --END-- [ RunTime:0.002468s ]
INFO: [ view_filter ] --START--
INFO: Run Behavior\WriteHtmlCacheBehavior [ RunTime:0.001851s ]
INFO: [ view_filter ] --END-- [ RunTime:0.002220s ]
SQL: SHOW COLUMNS FROM `think_user` [ RunTime:0.0151s ]
SQL: SELECT * FROM `think_user`  [ RunTime:0.0014s ]
SQL: SELECT * FROM `think_user` WHERE ( id=1 ) LIMIT 1   [ RunTime:0.0015s ]
INFO: [ view_parse ] --START--
INFO: [ template_filter ] --START--
INFO: Run Behavior\ContentReplaceBehavior [ RunTime:0.000196s ]
INFO: [ template_filter ] --END-- [ RunTime:0.000597s ]
INFO: Run Behavior\ParseTemplateBehavior [ RunTime:0.026255s ]
INFO: [ view_parse ] --END-- [ RunTime:-0.075982s ]
INFO: [ view_filter ] --START--
INFO: Run Behavior\WriteHtmlCacheBehavior [ RunTime:0.000259s ]
INFO: [ view_filter ] --END-- [ RunTime:-0.100272s ]
INFO: [ app_end ] --START--
INFO: Run Behavior\ShowPageTraceBehavior [ RunTime:0.002864s ]
INFO: [ app_end ] --END-- [ RunTime:0.003252s ]

[ 2016-03-01T23:31:41+08:00 ] ::1 /My/
INFO: [ app_init ] --START--
INFO: Run Behavior\BuildLiteBehavior [ RunTime:0.000114s ]
INFO: [ app_init ] --END-- [ RunTime:0.001932s ]
INFO: [ app_begin ] --START--
INFO: Run Behavior\ReadHtmlCacheBehavior [ RunTime:0.007774s ]
INFO: [ app_begin ] --END-- [ RunTime:0.008249s ]
INFO: [ view_parse ] --START--
INFO: Run Behavior\ParseTemplateBehavior [ RunTime:0.005186s ]
INFO: [ view_parse ] --END-- [ RunTime:0.005581s ]
INFO: [ view_filter ] --START--
INFO: Run Behavior\WriteHtmlCacheBehavior [ RunTime:0.002524s ]
INFO: [ view_filter ] --END-- [ RunTime:0.002900s ]
SQL: SHOW COLUMNS FROM `think_user` [ RunTime:0.0149s ]
SQL: SELECT * FROM `think_user`  [ RunTime:0.0008s ]
SQL: SELECT * FROM `think_user` WHERE ( id=1 ) LIMIT 1   [ RunTime:0.0008s ]
INFO: [ view_parse ] --START--
INFO: [ template_filter ] --START--
INFO: Run Behavior\ContentReplaceBehavior [ RunTime:0.000198s ]
INFO: [ template_filter ] --END-- [ RunTime:0.000602s ]
INFO: Run Behavior\ParseTemplateBehavior [ RunTime:0.028252s ]
INFO: [ view_parse ] --END-- [ RunTime:-0.082563s ]
INFO: [ view_filter ] --START--
INFO: Run Behavior\WriteHtmlCacheBehavior [ RunTime:0.000099s ]
INFO: [ view_filter ] --END-- [ RunTime:-0.106880s ]
INFO: [ app_end ] --START--
INFO: Run Behavior\ShowPageTraceBehavior [ RunTime:0.003646s ]
INFO: [ app_end ] --END-- [ RunTime:0.004875s ]

[ 2016-03-01T23:32:01+08:00 ] ::1 /My/
INFO: [ app_init ] --START--
INFO: Run Behavior\BuildLiteBehavior [ RunTime:0.000081s ]
INFO: [ app_init ] --END-- [ RunTime:0.001810s ]
INFO: [ app_begin ] --START--
INFO: Run Behavior\ReadHtmlCacheBehavior [ RunTime:0.003333s ]
INFO: [ app_begin ] --END-- [ RunTime:0.004085s ]
INFO: [ view_parse ] --START--
INFO: Run Behavior\ParseTemplateBehavior [ RunTime:0.015336s ]
INFO: [ view_parse ] --END-- [ RunTime:0.015814s ]
INFO: [ view_filter ] --START--
INFO: Run Behavior\WriteHtmlCacheBehavior [ RunTime:0.002272s ]
INFO: [ view_filter ] --END-- [ RunTime:0.002941s ]
SQL: SHOW COLUMNS FROM `think_user` [ RunTime:0.0128s ]
SQL: SELECT * FROM `think_user`  [ RunTime:0.0008s ]
SQL: SELECT * FROM `think_user` WHERE ( id=1 ) LIMIT 1   [ RunTime:0.0007s ]
INFO: [ view_parse ] --START--
INFO: [ template_filter ] --START--
INFO: Run Behavior\ContentReplaceBehavior [ RunTime:0.000158s ]
INFO: [ template_filter ] --END-- [ RunTime:0.000466s ]
INFO: Run Behavior\ParseTemplateBehavior [ RunTime:0.021733s ]
INFO: [ view_parse ] --END-- [ RunTime:-0.062093s ]
INFO: [ view_filter ] --START--
INFO: Run Behavior\WriteHtmlCacheBehavior [ RunTime:0.000080s ]
INFO: [ view_filter ] --END-- [ RunTime:-0.081124s ]
INFO: [ app_end ] --START--
INFO: Run Behavior\ShowPageTraceBehavior [ RunTime:0.002406s ]
INFO: [ app_end ] --END-- [ RunTime:0.002698s ]

[ 2016-03-01T23:32:02+08:00 ] ::1 /My/
INFO: [ app_init ] --START--
INFO: Run Behavior\BuildLiteBehavior [ RunTime:0.000083s ]
INFO: [ app_init ] --END-- [ RunTime:0.001796s ]
INFO: [ app_begin ] --START--
INFO: Run Behavior\ReadHtmlCacheBehavior [ RunTime:0.004732s ]
INFO: [ app_begin ] --END-- [ RunTime:0.005155s ]
INFO: [ view_parse ] --START--
INFO: Run Behavior\ParseTemplateBehavior [ RunTime:0.001803s ]
INFO: [ view_parse ] --END-- [ RunTime:0.002250s ]
INFO: [ view_filter ] --START--
INFO: Run Behavior\WriteHtmlCacheBehavior [ RunTime:0.002310s ]
INFO: [ view_filter ] --END-- [ RunTime:0.002696s ]
SQL: SHOW COLUMNS FROM `think_user` [ RunTime:0.0118s ]
SQL: SELECT * FROM `think_user`  [ RunTime:0.0009s ]
SQL: SELECT * FROM `think_user` WHERE ( id=1 ) LIMIT 1   [ RunTime:0.0009s ]
INFO: [ view_parse ] --START--
INFO: [ template_filter ] --START--
INFO: Run Behavior\ContentReplaceBehavior [ RunTime:0.000158s ]
INFO: [ template_filter ] --END-- [ RunTime:0.000466s ]
INFO: Run Behavior\ParseTemplateBehavior [ RunTime:0.019286s ]
INFO: [ view_parse ] --END-- [ RunTime:-0.061390s ]
INFO: [ view_filter ] --START--
INFO: Run Behavior\WriteHtmlCacheBehavior [ RunTime:0.000076s ]
INFO: [ view_filter ] --END-- [ RunTime:-0.078379s ]
INFO: [ app_end ] --START--
INFO: Run Behavior\ShowPageTraceBehavior [ RunTime:0.007003s ]
INFO: [ app_end ] --END-- [ RunTime:0.007476s ]

