[ 2016-04-03T13:21:40+08:00 ] 127.0.0.1 /
INFO: [ app_init ] --START--
INFO: Run Behavior\BuildLiteBehavior [ RunTime:0.000298s ]
INFO: [ app_init ] --END-- [ RunTime:0.025233s ]
INFO: [ app_begin ] --START--
INFO: Run Behavior\ReadHtmlCacheBehavior [ RunTime:0.003226s ]
INFO: [ app_begin ] --END-- [ RunTime:0.003641s ]
NOTIC: [8] Undefined index: name D:\wamp\www\MyBeta\Application\Home\Controller\IndexController.class.php 第 8 行.
INFO: [ view_parse ] --START--
INFO: [ template_filter ] --START--
INFO: Run Behavior\ContentReplaceBehavior [ RunTime:0.000402s ]
INFO: [ template_filter ] --END-- [ RunTime:0.000795s ]
INFO: Run Behavior\ParseTemplateBehavior [ RunTime:0.178198s ]
INFO: [ view_parse ] --END-- [ RunTime:0.178714s ]
INFO: [ view_filter ] --START--
INFO: Run Behavior\WriteHtmlCacheBehavior [ RunTime:0.009518s ]
INFO: [ view_filter ] --END-- [ RunTime:0.009815s ]
INFO: [ app_end ] --START--
INFO: Run Behavior\ShowPageTraceBehavior [ RunTime:0.013354s ]
INFO: [ app_end ] --END-- [ RunTime:0.013695s ]

[ 2016-04-03T14:10:18+08:00 ] 127.0.0.1 /
INFO: [ app_init ] --START--
INFO: Run Behavior\BuildLiteBehavior [ RunTime:0.000071s ]
INFO: [ app_init ] --END-- [ RunTime:0.000401s ]
INFO: [ app_begin ] --START--
INFO: Run Behavior\ReadHtmlCacheBehavior [ RunTime:0.001805s ]
INFO: [ app_begin ] --END-- [ RunTime:0.002174s ]
NOTIC: [8] Undefined index: name D:\wamp\www\MyBeta\Application\Home\Controller\IndexController.class.php 第 8 行.
INFO: [ view_parse ] --START--
INFO: [ template_filter ] --START--
INFO: Run Behavior\ContentReplaceBehavior [ RunTime:0.000170s ]
INFO: [ template_filter ] --END-- [ RunTime:0.000422s ]
INFO: Run Behavior\ParseTemplateBehavior [ RunTime:0.061388s ]
INFO: [ view_parse ] --END-- [ RunTime:0.062184s ]
INFO: [ view_filter ] --START--
INFO: Run Behavior\WriteHtmlCacheBehavior [ RunTime:0.000982s ]
INFO: [ view_filter ] --END-- [ RunTime:0.001168s ]
INFO: [ app_end ] --START--
INFO: Run Behavior\ShowPageTraceBehavior [ RunTime:0.001543s ]
INFO: [ app_end ] --END-- [ RunTime:0.001798s ]

[ 2016-04-03T14:27:44+08:00 ] 127.0.0.1 /
INFO: [ app_init ] --START--
INFO: Run Behavior\BuildLiteBehavior [ RunTime:0.000087s ]
INFO: [ app_init ] --END-- [ RunTime:0.000500s ]
INFO: [ app_begin ] --START--
INFO: Run Behavior\ReadHtmlCacheBehavior [ RunTime:0.003479s ]
INFO: [ app_begin ] --END-- [ RunTime:0.003919s ]
INFO: [ view_parse ] --START--
INFO: [ template_filter ] --START--
INFO: Run Behavior\ContentReplaceBehavior [ RunTime:0.000359s ]
INFO: [ template_filter ] --END-- [ RunTime:0.000966s ]
INFO: Run Behavior\ParseTemplateBehavior [ RunTime:0.061107s ]
INFO: [ view_parse ] --END-- [ RunTime:0.061628s ]
INFO: [ view_filter ] --START--
INFO: Run Behavior\WriteHtmlCacheBehavior [ RunTime:0.001872s ]
INFO: [ view_filter ] --END-- [ RunTime:0.002257s ]
INFO: [ app_end ] --START--
INFO: Run Behavior\ShowPageTraceBehavior [ RunTime:0.002722s ]
INFO: [ app_end ] --END-- [ RunTime:0.003113s ]

[ 2016-04-03T14:42:27+08:00 ] 127.0.0.1 /
INFO: [ app_init ] --START--
INFO: Run Behavior\BuildLiteBehavior [ RunTime:0.000080s ]
INFO: [ app_init ] --END-- [ RunTime:0.000543s ]
INFO: [ app_begin ] --START--
INFO: Run Behavior\ReadHtmlCacheBehavior [ RunTime:0.003783s ]
INFO: [ app_begin ] --END-- [ RunTime:0.004232s ]
ERR: 1146:Table 'think.think_blog' doesn't exist
 [ SQL语句 ] : SHOW COLUMNS FROM `think_blog`
ERR: 1146:Table 'think.think_blog' doesn't exist
 [ SQL语句 ] : SHOW COLUMNS FROM `think_blog`

[ 2016-04-03T14:48:25+08:00 ] 127.0.0.1 /
INFO: [ app_init ] --START--
INFO: Run Behavior\BuildLiteBehavior [ RunTime:0.000078s ]
INFO: [ app_init ] --END-- [ RunTime:0.000600s ]
INFO: [ app_begin ] --START--
INFO: Run Behavior\ReadHtmlCacheBehavior [ RunTime:0.004218s ]
INFO: [ app_begin ] --END-- [ RunTime:0.004998s ]
SQL: SHOW COLUMNS FROM `nb_blog` [ RunTime:0.0088s ]
SQL: SELECT COUNT(*) AS tp_count FROM `nb_blog` WHERE ( artdate like "%2016-03%" ) LIMIT 1   [ RunTime:0.0009s ]
INFO: [ view_parse ] --START--
INFO: [ template_filter ] --START--
INFO: Run Behavior\ContentReplaceBehavior [ RunTime:0.000278s ]
INFO: [ template_filter ] --END-- [ RunTime:0.000622s ]
INFO: Run Behavior\ParseTemplateBehavior [ RunTime:0.039145s ]
INFO: [ view_parse ] --END-- [ RunTime:0.039508s ]
INFO: [ view_filter ] --START--
INFO: Run Behavior\WriteHtmlCacheBehavior [ RunTime:0.001276s ]
INFO: [ view_filter ] --END-- [ RunTime:0.001566s ]
INFO: [ app_end ] --START--
INFO: Run Behavior\ShowPageTraceBehavior [ RunTime:0.002381s ]
INFO: [ app_end ] --END-- [ RunTime:0.005743s ]

[ 2016-04-03T14:52:50+08:00 ] 127.0.0.1 /
INFO: [ app_init ] --START--
INFO: Run Behavior\BuildLiteBehavior [ RunTime:0.000083s ]
INFO: [ app_init ] --END-- [ RunTime:0.000499s ]
INFO: [ app_begin ] --START--
INFO: Run Behavior\ReadHtmlCacheBehavior [ RunTime:0.003300s ]
INFO: [ app_begin ] --END-- [ RunTime:0.003730s ]
INFO: [ view_parse ] --START--
INFO: [ template_filter ] --START--
INFO: Run Behavior\ContentReplaceBehavior [ RunTime:0.001109s ]
INFO: [ template_filter ] --END-- [ RunTime:0.001994s ]
INFO: Run Behavior\ParseTemplateBehavior [ RunTime:0.125062s ]
INFO: [ view_parse ] --END-- [ RunTime:0.125528s ]
INFO: [ view_filter ] --START--
INFO: Run Behavior\WriteHtmlCacheBehavior [ RunTime:0.003709s ]
INFO: [ view_filter ] --END-- [ RunTime:0.004515s ]
INFO: [ app_end ] --START--
INFO: Run Behavior\ShowPageTraceBehavior [ RunTime:0.002738s ]
INFO: [ app_end ] --END-- [ RunTime:0.003127s ]

[ 2016-04-03T14:53:24+08:00 ] 127.0.0.1 /index.php/Home/Index/countBlog
INFO: [ app_init ] --START--
INFO: Run Behavior\BuildLiteBehavior [ RunTime:0.000099s ]
INFO: [ app_init ] --END-- [ RunTime:0.000504s ]
INFO: [ app_begin ] --START--
INFO: Run Behavior\ReadHtmlCacheBehavior [ RunTime:0.002995s ]
INFO: [ app_begin ] --END-- [ RunTime:0.004484s ]
SQL: SHOW COLUMNS FROM `nb_blog` [ RunTime:0.0113s ]
SQL: SELECT COUNT(*) AS tp_count FROM `nb_blog` WHERE ( artdate like "%2015-12%" ) LIMIT 1   [ RunTime:0.0010s ]
SQL: SELECT COUNT(*) AS tp_count FROM `nb_blog` WHERE ( artdate like "%2016-01%" ) LIMIT 1   [ RunTime:0.0007s ]
SQL: SELECT COUNT(*) AS tp_count FROM `nb_blog` WHERE ( artdate like "%2016-02%" ) LIMIT 1   [ RunTime:0.0007s ]
SQL: SELECT COUNT(*) AS tp_count FROM `nb_blog` WHERE ( artdate like "%2016-03%" ) LIMIT 1   [ RunTime:0.0008s ]
SQL: SELECT COUNT(*) AS tp_count FROM `nb_blog` WHERE ( artdate like "%2016-04%" ) LIMIT 1   [ RunTime:0.0009s ]
INFO: [ app_end ] --START--
INFO: Run Behavior\ShowPageTraceBehavior [ RunTime:0.003438s ]
INFO: [ app_end ] --END-- [ RunTime:0.003958s ]

[ 2016-04-03T15:00:53+08:00 ] 127.0.0.1 /index.php/Home/Index/countBlog
INFO: [ app_init ] --START--
INFO: Run Behavior\BuildLiteBehavior [ RunTime:0.000083s ]
INFO: [ app_init ] --END-- [ RunTime:0.000542s ]
INFO: [ app_begin ] --START--
INFO: Run Behavior\ReadHtmlCacheBehavior [ RunTime:0.006086s ]
INFO: [ app_begin ] --END-- [ RunTime:0.006643s ]
SQL: SHOW COLUMNS FROM `nb_blog` [ RunTime:0.0114s ]
SQL: SELECT COUNT(*) AS tp_count FROM `nb_blog` WHERE ( artdate like "%2015-12%" ) LIMIT 1   [ RunTime:0.0011s ]
SQL: SELECT COUNT(*) AS tp_count FROM `nb_blog` WHERE ( artdate like "%2016-01%" ) LIMIT 1   [ RunTime:0.0023s ]
SQL: SELECT COUNT(*) AS tp_count FROM `nb_blog` WHERE ( artdate like "%2016-02%" ) LIMIT 1   [ RunTime:0.0018s ]
SQL: SELECT COUNT(*) AS tp_count FROM `nb_blog` WHERE ( artdate like "%2016-03%" ) LIMIT 1   [ RunTime:0.0012s ]
SQL: SELECT COUNT(*) AS tp_count FROM `nb_blog` WHERE ( artdate like "%2016-04%" ) LIMIT 1   [ RunTime:0.0009s ]
INFO: [ app_end ] --START--
INFO: Run Behavior\ShowPageTraceBehavior [ RunTime:0.002498s ]
INFO: [ app_end ] --END-- [ RunTime:0.002939s ]

[ 2016-04-03T15:22:15+08:00 ] 127.0.0.1 /index.php/Home/Index/countBlog
INFO: [ app_init ] --START--
INFO: Run Behavior\BuildLiteBehavior [ RunTime:0.000081s ]
INFO: [ app_init ] --END-- [ RunTime:0.000566s ]
INFO: [ app_begin ] --START--
INFO: Run Behavior\ReadHtmlCacheBehavior [ RunTime:0.002413s ]
INFO: [ app_begin ] --END-- [ RunTime:0.002789s ]
SQL: SHOW COLUMNS FROM `nb_blog` [ RunTime:0.0239s ]
SQL: SELECT COUNT(*) AS tp_count FROM `nb_blog` WHERE ( artdate like "%2015-12%" ) LIMIT 1   [ RunTime:0.0010s ]
SQL: SELECT COUNT(*) AS tp_count FROM `nb_blog` WHERE ( artdate like "%2016-01%" ) LIMIT 1   [ RunTime:0.0006s ]
SQL: SELECT COUNT(*) AS tp_count FROM `nb_blog` WHERE ( artdate like "%2016-02%" ) LIMIT 1   [ RunTime:0.0007s ]
SQL: SELECT COUNT(*) AS tp_count FROM `nb_blog` WHERE ( artdate like "%2016-03%" ) LIMIT 1   [ RunTime:0.0006s ]
SQL: SELECT COUNT(*) AS tp_count FROM `nb_blog` WHERE ( artdate like "%2016-04%" ) LIMIT 1   [ RunTime:0.0007s ]
INFO: [ app_end ] --START--
INFO: Run Behavior\ShowPageTraceBehavior [ RunTime:0.002479s ]
INFO: [ app_end ] --END-- [ RunTime:0.002831s ]

[ 2016-04-03T15:24:03+08:00 ] 127.0.0.1 /index.php/Home/Index/countBlog
INFO: [ app_init ] --START--
INFO: Run Behavior\BuildLiteBehavior [ RunTime:0.000084s ]
INFO: [ app_init ] --END-- [ RunTime:0.000488s ]
INFO: [ app_begin ] --START--
INFO: Run Behavior\ReadHtmlCacheBehavior [ RunTime:0.002941s ]
INFO: [ app_begin ] --END-- [ RunTime:0.003546s ]
SQL: SHOW COLUMNS FROM `nb_blog` [ RunTime:0.0069s ]
SQL: SELECT COUNT(*) AS tp_count FROM `nb_blog` WHERE ( artdate like "%2015-12%" ) LIMIT 1   [ RunTime:0.0009s ]
SQL: SELECT COUNT(*) AS tp_count FROM `nb_blog` WHERE ( artdate like "%2016-01%" ) LIMIT 1   [ RunTime:0.0005s ]
SQL: SELECT COUNT(*) AS tp_count FROM `nb_blog` WHERE ( artdate like "%2016-02%" ) LIMIT 1   [ RunTime:0.0027s ]
SQL: SELECT COUNT(*) AS tp_count FROM `nb_blog` WHERE ( artdate like "%2016-03%" ) LIMIT 1   [ RunTime:0.0013s ]
SQL: SELECT COUNT(*) AS tp_count FROM `nb_blog` WHERE ( artdate like "%2016-04%" ) LIMIT 1   [ RunTime:0.0010s ]
INFO: [ app_end ] --START--
INFO: Run Behavior\ShowPageTraceBehavior [ RunTime:0.002092s ]
INFO: [ app_end ] --END-- [ RunTime:0.002477s ]

[ 2016-04-03T15:24:04+08:00 ] 127.0.0.1 /index.php/Home/Index/countBlog
INFO: [ app_init ] --START--
INFO: Run Behavior\BuildLiteBehavior [ RunTime:0.000079s ]
INFO: [ app_init ] --END-- [ RunTime:0.000531s ]
INFO: [ app_begin ] --START--
INFO: Run Behavior\ReadHtmlCacheBehavior [ RunTime:0.002373s ]
INFO: [ app_begin ] --END-- [ RunTime:0.002797s ]
SQL: SHOW COLUMNS FROM `nb_blog` [ RunTime:0.0105s ]
SQL: SELECT COUNT(*) AS tp_count FROM `nb_blog` WHERE ( artdate like "%2015-12%" ) LIMIT 1   [ RunTime:0.0010s ]
SQL: SELECT COUNT(*) AS tp_count FROM `nb_blog` WHERE ( artdate like "%2016-01%" ) LIMIT 1   [ RunTime:0.0007s ]
SQL: SELECT COUNT(*) AS tp_count FROM `nb_blog` WHERE ( artdate like "%2016-02%" ) LIMIT 1   [ RunTime:0.0008s ]
SQL: SELECT COUNT(*) AS tp_count FROM `nb_blog` WHERE ( artdate like "%2016-03%" ) LIMIT 1   [ RunTime:0.0007s ]
SQL: SELECT COUNT(*) AS tp_count FROM `nb_blog` WHERE ( artdate like "%2016-04%" ) LIMIT 1   [ RunTime:0.0007s ]
INFO: [ app_end ] --START--
INFO: Run Behavior\ShowPageTraceBehavior [ RunTime:0.003043s ]
INFO: [ app_end ] --END-- [ RunTime:0.003524s ]

[ 2016-04-03T15:24:11+08:00 ] 127.0.0.1 /index.php/Home/Index/countBlog
INFO: [ app_init ] --START--
INFO: Run Behavior\BuildLiteBehavior [ RunTime:0.000083s ]
INFO: [ app_init ] --END-- [ RunTime:0.000521s ]
INFO: [ app_begin ] --START--
INFO: Run Behavior\ReadHtmlCacheBehavior [ RunTime:0.002050s ]
INFO: [ app_begin ] --END-- [ RunTime:0.002476s ]
SQL: SHOW COLUMNS FROM `nb_blog` [ RunTime:0.0117s ]
SQL: SELECT COUNT(*) AS tp_count FROM `nb_blog` WHERE ( artdate like "%2015-12%" ) LIMIT 1   [ RunTime:0.0008s ]
SQL: SELECT COUNT(*) AS tp_count FROM `nb_blog` WHERE ( artdate like "%2016-01%" ) LIMIT 1   [ RunTime:0.0008s ]
SQL: SELECT COUNT(*) AS tp_count FROM `nb_blog` WHERE ( artdate like "%2016-02%" ) LIMIT 1   [ RunTime:0.0009s ]
SQL: SELECT COUNT(*) AS tp_count FROM `nb_blog` WHERE ( artdate like "%2016-03%" ) LIMIT 1   [ RunTime:0.0008s ]
SQL: SELECT COUNT(*) AS tp_count FROM `nb_blog` WHERE ( artdate like "%2016-04%" ) LIMIT 1   [ RunTime:0.0007s ]
NOTIC: [2] require_once(jpgraph/ssrc/jpgraph.php) [<a href='function.require-once'>function.require-once</a>]: failed to open stream: No such file or directory D:\wamp\www\MyBeta\Application\Common\Common\test.php 第 8 行.

[ 2016-04-03T15:25:17+08:00 ] 127.0.0.1 /index.php/Home/Index/countBlog
INFO: [ app_init ] --START--
INFO: Run Behavior\BuildLiteBehavior [ RunTime:0.000058s ]
INFO: [ app_init ] --END-- [ RunTime:0.000338s ]
INFO: [ app_begin ] --START--
INFO: Run Behavior\ReadHtmlCacheBehavior [ RunTime:0.001754s ]
INFO: [ app_begin ] --END-- [ RunTime:0.002077s ]
SQL: SHOW COLUMNS FROM `nb_blog` [ RunTime:0.0094s ]
SQL: SELECT COUNT(*) AS tp_count FROM `nb_blog` WHERE ( artdate like "%2015-12%" ) LIMIT 1   [ RunTime:0.0010s ]
SQL: SELECT COUNT(*) AS tp_count FROM `nb_blog` WHERE ( artdate like "%2016-01%" ) LIMIT 1   [ RunTime:0.0008s ]
SQL: SELECT COUNT(*) AS tp_count FROM `nb_blog` WHERE ( artdate like "%2016-02%" ) LIMIT 1   [ RunTime:0.0005s ]
SQL: SELECT COUNT(*) AS tp_count FROM `nb_blog` WHERE ( artdate like "%2016-03%" ) LIMIT 1   [ RunTime:0.0004s ]
SQL: SELECT COUNT(*) AS tp_count FROM `nb_blog` WHERE ( artdate like "%2016-04%" ) LIMIT 1   [ RunTime:0.0005s ]
INFO: [ app_end ] --START--
INFO: Run Behavior\ShowPageTraceBehavior [ RunTime:0.001880s ]
INFO: [ app_end ] --END-- [ RunTime:0.002167s ]

[ 2016-04-03T15:25:17+08:00 ] 127.0.0.1 /index.php/Home/Index/test.php
INFO: [ app_init ] --START--
INFO: Run Behavior\BuildLiteBehavior [ RunTime:0.000094s ]
INFO: [ app_init ] --END-- [ RunTime:0.000605s ]
INFO: [ app_begin ] --START--
INFO: Run Behavior\ReadHtmlCacheBehavior [ RunTime:0.005682s ]
INFO: [ app_begin ] --END-- [ RunTime:0.006214s ]
ERR: 非法操作:test.php

[ 2016-04-03T15:31:38+08:00 ] 127.0.0.1 /index.php/Home/Index
INFO: [ app_init ] --START--
INFO: Run Behavior\BuildLiteBehavior [ RunTime:0.000079s ]
INFO: [ app_init ] --END-- [ RunTime:0.000551s ]
INFO: [ app_begin ] --START--
INFO: Run Behavior\ReadHtmlCacheBehavior [ RunTime:0.003125s ]
INFO: [ app_begin ] --END-- [ RunTime:0.003625s ]
INFO: [ view_parse ] --START--
INFO: [ template_filter ] --START--
INFO: Run Behavior\ContentReplaceBehavior [ RunTime:0.000381s ]
INFO: [ template_filter ] --END-- [ RunTime:0.000798s ]
INFO: Run Behavior\ParseTemplateBehavior [ RunTime:0.044235s ]
INFO: [ view_parse ] --END-- [ RunTime:0.044993s ]
INFO: [ view_filter ] --START--
INFO: Run Behavior\WriteHtmlCacheBehavior [ RunTime:0.001607s ]
INFO: [ view_filter ] --END-- [ RunTime:0.001973s ]
INFO: [ app_end ] --START--
INFO: Run Behavior\ShowPageTraceBehavior [ RunTime:0.002539s ]
INFO: [ app_end ] --END-- [ RunTime:0.002919s ]

[ 2016-04-03T15:32:47+08:00 ] 127.0.0.1 /index.php/Home/Index
INFO: [ app_init ] --START--
INFO: Run Behavior\BuildLiteBehavior [ RunTime:0.000135s ]
INFO: [ app_init ] --END-- [ RunTime:0.000807s ]
INFO: [ app_begin ] --START--
INFO: Run Behavior\ReadHtmlCacheBehavior [ RunTime:0.006813s ]
INFO: [ app_begin ] --END-- [ RunTime:0.007813s ]
INFO: [ view_parse ] --START--
INFO: [ template_filter ] --START--
INFO: Run Behavior\ContentReplaceBehavior [ RunTime:0.000469s ]
INFO: [ template_filter ] --END-- [ RunTime:0.001227s ]
INFO: Run Behavior\ParseTemplateBehavior [ RunTime:0.058546s ]
INFO: [ view_parse ] --END-- [ RunTime:0.059039s ]
INFO: [ view_filter ] --START--
INFO: Run Behavior\WriteHtmlCacheBehavior [ RunTime:0.001787s ]
INFO: [ view_filter ] --END-- [ RunTime:0.002162s ]
INFO: [ app_end ] --START--
INFO: Run Behavior\ShowPageTraceBehavior [ RunTime:0.002931s ]
INFO: [ app_end ] --END-- [ RunTime:0.003331s ]

[ 2016-04-03T15:32:53+08:00 ] 127.0.0.1 /index.php/Home/Index
INFO: [ app_init ] --START--
INFO: Run Behavior\BuildLiteBehavior [ RunTime:0.000062s ]
INFO: [ app_init ] --END-- [ RunTime:0.000377s ]
INFO: [ app_begin ] --START--
INFO: Run Behavior\ReadHtmlCacheBehavior [ RunTime:0.002090s ]
INFO: [ app_begin ] --END-- [ RunTime:0.002437s ]
INFO: [ view_parse ] --START--
INFO: [ template_filter ] --START--
INFO: Run Behavior\ContentReplaceBehavior [ RunTime:0.000336s ]
INFO: [ template_filter ] --END-- [ RunTime:0.000671s ]
INFO: Run Behavior\ParseTemplateBehavior [ RunTime:0.033908s ]
INFO: [ view_parse ] --END-- [ RunTime:0.034267s ]
INFO: [ view_filter ] --START--
INFO: Run Behavior\WriteHtmlCacheBehavior [ RunTime:0.001363s ]
INFO: [ view_filter ] --END-- [ RunTime:0.001644s ]
INFO: [ app_end ] --START--
INFO: Run Behavior\ShowPageTraceBehavior [ RunTime:0.003663s ]
INFO: [ app_end ] --END-- [ RunTime:0.004076s ]

[ 2016-04-03T15:33:05+08:00 ] 127.0.0.1 /index.php/Home/Index
INFO: [ app_init ] --START--
INFO: Run Behavior\BuildLiteBehavior [ RunTime:0.000080s ]
INFO: [ app_init ] --END-- [ RunTime:0.000484s ]
INFO: [ app_begin ] --START--
INFO: Run Behavior\ReadHtmlCacheBehavior [ RunTime:0.002576s ]
INFO: [ app_begin ] --END-- [ RunTime:0.003007s ]
INFO: [ view_parse ] --START--
INFO: [ template_filter ] --START--
INFO: Run Behavior\ContentReplaceBehavior [ RunTime:0.000615s ]
INFO: [ template_filter ] --END-- [ RunTime:0.001027s ]
INFO: Run Behavior\ParseTemplateBehavior [ RunTime:0.045204s ]
INFO: [ view_parse ] --END-- [ RunTime:0.045652s ]
INFO: [ view_filter ] --START--
INFO: Run Behavior\WriteHtmlCacheBehavior [ RunTime:0.001932s ]
INFO: [ view_filter ] --END-- [ RunTime:0.002656s ]
INFO: [ app_end ] --START--
INFO: Run Behavior\ShowPageTraceBehavior [ RunTime:0.003235s ]
INFO: [ app_end ] --END-- [ RunTime:0.004062s ]

[ 2016-04-03T15:37:05+08:00 ] 127.0.0.1 /index.php/Home/Index/countBlog
INFO: [ app_init ] --START--
INFO: Run Behavior\BuildLiteBehavior [ RunTime:0.000079s ]
INFO: [ app_init ] --END-- [ RunTime:0.000467s ]
INFO: [ app_begin ] --START--
INFO: Run Behavior\ReadHtmlCacheBehavior [ RunTime:0.002997s ]
INFO: [ app_begin ] --END-- [ RunTime:0.003470s ]
SQL: SHOW COLUMNS FROM `nb_blog` [ RunTime:0.0129s ]
SQL: SELECT COUNT(*) AS tp_count FROM `nb_blog` WHERE ( artdate like "%2015-12%" ) LIMIT 1   [ RunTime:0.0037s ]
SQL: SELECT COUNT(*) AS tp_count FROM `nb_blog` WHERE ( artdate like "%2016-01%" ) LIMIT 1   [ RunTime:0.0008s ]
SQL: SELECT COUNT(*) AS tp_count FROM `nb_blog` WHERE ( artdate like "%2016-02%" ) LIMIT 1   [ RunTime:0.0018s ]
SQL: SELECT COUNT(*) AS tp_count FROM `nb_blog` WHERE ( artdate like "%2016-03%" ) LIMIT 1   [ RunTime:0.0009s ]
SQL: SELECT COUNT(*) AS tp_count FROM `nb_blog` WHERE ( artdate like "%2016-04%" ) LIMIT 1   [ RunTime:0.0012s ]
INFO: [ app_end ] --START--
INFO: Run Behavior\ShowPageTraceBehavior [ RunTime:0.002595s ]
INFO: [ app_end ] --END-- [ RunTime:0.003034s ]

[ 2016-04-03T15:49:57+08:00 ] 127.0.0.1 /index.php/Home/Index/countBlog
INFO: [ app_init ] --START--
INFO: Run Behavior\BuildLiteBehavior [ RunTime:0.000081s ]
INFO: [ app_init ] --END-- [ RunTime:0.000489s ]
INFO: [ app_begin ] --START--
INFO: Run Behavior\ReadHtmlCacheBehavior [ RunTime:0.002610s ]
INFO: [ app_begin ] --END-- [ RunTime:0.003019s ]
SQL: SHOW COLUMNS FROM `nb_blog` [ RunTime:0.0098s ]
SQL: SELECT COUNT(*) AS tp_count FROM `nb_blog` WHERE ( artdate like "%2015-12%" ) LIMIT 1   [ RunTime:0.0008s ]
SQL: SELECT COUNT(*) AS tp_count FROM `nb_blog` WHERE ( artdate like "%2016-01%" ) LIMIT 1   [ RunTime:0.0008s ]
SQL: SELECT COUNT(*) AS tp_count FROM `nb_blog` WHERE ( artdate like "%2016-02%" ) LIMIT 1   [ RunTime:0.0011s ]
SQL: SELECT COUNT(*) AS tp_count FROM `nb_blog` WHERE ( artdate like "%2016-03%" ) LIMIT 1   [ RunTime:0.0006s ]
SQL: SELECT COUNT(*) AS tp_count FROM `nb_blog` WHERE ( artdate like "%2016-04%" ) LIMIT 1   [ RunTime:0.0006s ]
INFO: [ app_end ] --START--
INFO: Run Behavior\ShowPageTraceBehavior [ RunTime:0.002125s ]
INFO: [ app_end ] --END-- [ RunTime:0.002434s ]

[ 2016-04-03T15:49:59+08:00 ] 127.0.0.1 /index.php/Home/Index/countBlog
INFO: [ app_init ] --START--
INFO: Run Behavior\BuildLiteBehavior [ RunTime:0.000081s ]
INFO: [ app_init ] --END-- [ RunTime:0.000477s ]
INFO: [ app_begin ] --START--
INFO: Run Behavior\ReadHtmlCacheBehavior [ RunTime:0.002604s ]
INFO: [ app_begin ] --END-- [ RunTime:0.003008s ]
SQL: SHOW COLUMNS FROM `nb_blog` [ RunTime:0.0110s ]
SQL: SELECT COUNT(*) AS tp_count FROM `nb_blog` WHERE ( artdate like "%2015-12%" ) LIMIT 1   [ RunTime:0.0009s ]
SQL: SELECT COUNT(*) AS tp_count FROM `nb_blog` WHERE ( artdate like "%2016-01%" ) LIMIT 1   [ RunTime:0.0007s ]
SQL: SELECT COUNT(*) AS tp_count FROM `nb_blog` WHERE ( artdate like "%2016-02%" ) LIMIT 1   [ RunTime:0.0007s ]
SQL: SELECT COUNT(*) AS tp_count FROM `nb_blog` WHERE ( artdate like "%2016-03%" ) LIMIT 1   [ RunTime:0.0007s ]
SQL: SELECT COUNT(*) AS tp_count FROM `nb_blog` WHERE ( artdate like "%2016-04%" ) LIMIT 1   [ RunTime:0.0006s ]
INFO: [ app_end ] --START--
INFO: Run Behavior\ShowPageTraceBehavior [ RunTime:0.002869s ]
INFO: [ app_end ] --END-- [ RunTime:0.003274s ]

[ 2016-04-03T15:50:23+08:00 ] 127.0.0.1 /index.php/Home/Index/countBlog
INFO: [ app_init ] --START--
INFO: Run Behavior\BuildLiteBehavior [ RunTime:0.000068s ]
INFO: [ app_init ] --END-- [ RunTime:0.000421s ]
INFO: [ app_begin ] --START--
INFO: Run Behavior\ReadHtmlCacheBehavior [ RunTime:0.001935s ]
INFO: [ app_begin ] --END-- [ RunTime:0.002363s ]
SQL: SHOW COLUMNS FROM `nb_blog` [ RunTime:0.0124s ]
SQL: SELECT COUNT(*) AS tp_count FROM `nb_blog` WHERE ( artdate like "%2015-12%" ) LIMIT 1   [ RunTime:0.0013s ]
SQL: SELECT COUNT(*) AS tp_count FROM `nb_blog` WHERE ( artdate like "%2016-01%" ) LIMIT 1   [ RunTime:0.0007s ]
SQL: SELECT COUNT(*) AS tp_count FROM `nb_blog` WHERE ( artdate like "%2016-02%" ) LIMIT 1   [ RunTime:0.0006s ]
SQL: SELECT COUNT(*) AS tp_count FROM `nb_blog` WHERE ( artdate like "%2016-03%" ) LIMIT 1   [ RunTime:0.0006s ]
SQL: SELECT COUNT(*) AS tp_count FROM `nb_blog` WHERE ( artdate like "%2016-04%" ) LIMIT 1   [ RunTime:0.0006s ]
INFO: [ app_end ] --START--
INFO: Run Behavior\ShowPageTraceBehavior [ RunTime:0.002080s ]
INFO: [ app_end ] --END-- [ RunTime:0.002470s ]

[ 2016-04-03T15:53:45+08:00 ] 127.0.0.1 /index.php/Home/Index/countBlog
INFO: [ app_init ] --START--
INFO: Run Behavior\BuildLiteBehavior [ RunTime:0.000079s ]
INFO: [ app_init ] --END-- [ RunTime:0.000495s ]
INFO: [ app_begin ] --START--
INFO: Run Behavior\ReadHtmlCacheBehavior [ RunTime:0.002545s ]
INFO: [ app_begin ] --END-- [ RunTime:0.003021s ]
SQL: SHOW COLUMNS FROM `nb_blog` [ RunTime:0.0121s ]
SQL: SELECT COUNT(*) AS tp_count FROM `nb_blog` WHERE ( artdate like "%2015-12%" ) LIMIT 1   [ RunTime:0.0011s ]
SQL: SELECT COUNT(*) AS tp_count FROM `nb_blog` WHERE ( artdate like "%2016-01%" ) LIMIT 1   [ RunTime:0.0007s ]
SQL: SELECT COUNT(*) AS tp_count FROM `nb_blog` WHERE ( artdate like "%2016-02%" ) LIMIT 1   [ RunTime:0.0007s ]
SQL: SELECT COUNT(*) AS tp_count FROM `nb_blog` WHERE ( artdate like "%2016-03%" ) LIMIT 1   [ RunTime:0.0009s ]
SQL: SELECT COUNT(*) AS tp_count FROM `nb_blog` WHERE ( artdate like "%2016-04%" ) LIMIT 1   [ RunTime:0.0011s ]
INFO: [ app_end ] --START--
INFO: Run Behavior\ShowPageTraceBehavior [ RunTime:0.002853s ]
INFO: [ app_end ] --END-- [ RunTime:0.003261s ]

[ 2016-04-03T15:54:06+08:00 ] 127.0.0.1 /index.php/Home/Index/countBlog
INFO: [ app_init ] --START--
INFO: Run Behavior\BuildLiteBehavior [ RunTime:0.000081s ]
INFO: [ app_init ] --END-- [ RunTime:0.000502s ]
INFO: [ app_begin ] --START--
INFO: Run Behavior\ReadHtmlCacheBehavior [ RunTime:0.002526s ]
INFO: [ app_begin ] --END-- [ RunTime:0.002917s ]
SQL: SHOW COLUMNS FROM `nb_blog` [ RunTime:0.0115s ]
SQL: SELECT COUNT(*) AS tp_count FROM `nb_blog` WHERE ( artdate like "%2015-12%" ) LIMIT 1   [ RunTime:0.0010s ]
SQL: SELECT COUNT(*) AS tp_count FROM `nb_blog` WHERE ( artdate like "%2016-01%" ) LIMIT 1   [ RunTime:0.0007s ]
SQL: SELECT COUNT(*) AS tp_count FROM `nb_blog` WHERE ( artdate like "%2016-02%" ) LIMIT 1   [ RunTime:0.0010s ]
SQL: SELECT COUNT(*) AS tp_count FROM `nb_blog` WHERE ( artdate like "%2016-03%" ) LIMIT 1   [ RunTime:0.0012s ]
SQL: SELECT COUNT(*) AS tp_count FROM `nb_blog` WHERE ( artdate like "%2016-04%" ) LIMIT 1   [ RunTime:0.0008s ]

[ 2016-04-03T15:54:26+08:00 ] 127.0.0.1 /index.php/Home/Index/countBlog
INFO: [ app_init ] --START--
INFO: Run Behavior\BuildLiteBehavior [ RunTime:0.000065s ]
INFO: [ app_init ] --END-- [ RunTime:0.000396s ]
INFO: [ app_begin ] --START--
INFO: Run Behavior\ReadHtmlCacheBehavior [ RunTime:0.001948s ]
INFO: [ app_begin ] --END-- [ RunTime:0.002275s ]
SQL: SHOW COLUMNS FROM `nb_blog` [ RunTime:0.0123s ]
SQL: SELECT COUNT(*) AS tp_count FROM `nb_blog` WHERE ( artdate like "%2015-12%" ) LIMIT 1   [ RunTime:0.0007s ]
SQL: SELECT COUNT(*) AS tp_count FROM `nb_blog` WHERE ( artdate like "%2016-01%" ) LIMIT 1   [ RunTime:0.0005s ]
SQL: SELECT COUNT(*) AS tp_count FROM `nb_blog` WHERE ( artdate like "%2016-02%" ) LIMIT 1   [ RunTime:0.0007s ]
SQL: SELECT COUNT(*) AS tp_count FROM `nb_blog` WHERE ( artdate like "%2016-03%" ) LIMIT 1   [ RunTime:0.0005s ]
SQL: SELECT COUNT(*) AS tp_count FROM `nb_blog` WHERE ( artdate like "%2016-04%" ) LIMIT 1   [ RunTime:0.0005s ]
INFO: [ app_end ] --START--
INFO: Run Behavior\ShowPageTraceBehavior [ RunTime:0.001848s ]
INFO: [ app_end ] --END-- [ RunTime:0.002150s ]

[ 2016-04-03T15:54:27+08:00 ] 127.0.0.1 /index.php/Home/Index/countBlog
INFO: [ app_init ] --START--
INFO: Run Behavior\BuildLiteBehavior [ RunTime:0.000055s ]
INFO: [ app_init ] --END-- [ RunTime:0.000326s ]
INFO: [ app_begin ] --START--
INFO: Run Behavior\ReadHtmlCacheBehavior [ RunTime:0.002466s ]
INFO: [ app_begin ] --END-- [ RunTime:0.002765s ]
SQL: SHOW COLUMNS FROM `nb_blog` [ RunTime:0.0091s ]
SQL: SELECT COUNT(*) AS tp_count FROM `nb_blog` WHERE ( artdate like "%2015-12%" ) LIMIT 1   [ RunTime:0.0007s ]
SQL: SELECT COUNT(*) AS tp_count FROM `nb_blog` WHERE ( artdate like "%2016-01%" ) LIMIT 1   [ RunTime:0.0006s ]
SQL: SELECT COUNT(*) AS tp_count FROM `nb_blog` WHERE ( artdate like "%2016-02%" ) LIMIT 1   [ RunTime:0.0006s ]
SQL: SELECT COUNT(*) AS tp_count FROM `nb_blog` WHERE ( artdate like "%2016-03%" ) LIMIT 1   [ RunTime:0.0006s ]
SQL: SELECT COUNT(*) AS tp_count FROM `nb_blog` WHERE ( artdate like "%2016-04%" ) LIMIT 1   [ RunTime:0.0006s ]
INFO: [ app_end ] --START--
INFO: Run Behavior\ShowPageTraceBehavior [ RunTime:0.003546s ]
INFO: [ app_end ] --END-- [ RunTime:0.003901s ]

[ 2016-04-03T15:55:58+08:00 ] 127.0.0.1 /index.php/Home/Index/countBlog
INFO: [ app_init ] --START--
INFO: Run Behavior\BuildLiteBehavior [ RunTime:0.000060s ]
INFO: [ app_init ] --END-- [ RunTime:0.000355s ]
INFO: [ app_begin ] --START--
INFO: Run Behavior\ReadHtmlCacheBehavior [ RunTime:0.002212s ]
INFO: [ app_begin ] --END-- [ RunTime:0.002589s ]
SQL: SHOW COLUMNS FROM `nb_blog` [ RunTime:0.0095s ]
SQL: SELECT COUNT(*) AS tp_count FROM `nb_blog` WHERE ( artdate like "%2015-12%" ) LIMIT 1   [ RunTime:0.0009s ]
SQL: SELECT COUNT(*) AS tp_count FROM `nb_blog` WHERE ( artdate like "%2016-01%" ) LIMIT 1   [ RunTime:0.0008s ]
SQL: SELECT COUNT(*) AS tp_count FROM `nb_blog` WHERE ( artdate like "%2016-02%" ) LIMIT 1   [ RunTime:0.0008s ]
SQL: SELECT COUNT(*) AS tp_count FROM `nb_blog` WHERE ( artdate like "%2016-03%" ) LIMIT 1   [ RunTime:0.0007s ]
SQL: SELECT COUNT(*) AS tp_count FROM `nb_blog` WHERE ( artdate like "%2016-04%" ) LIMIT 1   [ RunTime:0.0006s ]

[ 2016-04-03T15:56:42+08:00 ] 127.0.0.1 /index.php/Home/Index/countBlog
INFO: [ app_init ] --START--
INFO: Run Behavior\BuildLiteBehavior [ RunTime:0.000103s ]
INFO: [ app_init ] --END-- [ RunTime:0.000511s ]
INFO: [ app_begin ] --START--
INFO: Run Behavior\ReadHtmlCacheBehavior [ RunTime:0.002267s ]
INFO: [ app_begin ] --END-- [ RunTime:0.002642s ]
SQL: SHOW COLUMNS FROM `nb_blog` [ RunTime:0.0106s ]
SQL: SELECT COUNT(*) AS tp_count FROM `nb_blog` WHERE ( artdate like "%2015-12%" ) LIMIT 1   [ RunTime:0.0008s ]
SQL: SELECT COUNT(*) AS tp_count FROM `nb_blog` WHERE ( artdate like "%2016-01%" ) LIMIT 1   [ RunTime:0.0006s ]
SQL: SELECT COUNT(*) AS tp_count FROM `nb_blog` WHERE ( artdate like "%2016-02%" ) LIMIT 1   [ RunTime:0.0012s ]
SQL: SELECT COUNT(*) AS tp_count FROM `nb_blog` WHERE ( artdate like "%2016-03%" ) LIMIT 1   [ RunTime:0.0011s ]
SQL: SELECT COUNT(*) AS tp_count FROM `nb_blog` WHERE ( artdate like "%2016-04%" ) LIMIT 1   [ RunTime:0.0006s ]

[ 2016-04-03T15:56:48+08:00 ] 127.0.0.1 /index.php/Home/Index/countBlog
INFO: [ app_init ] --START--
INFO: Run Behavior\BuildLiteBehavior [ RunTime:0.000074s ]
INFO: [ app_init ] --END-- [ RunTime:0.000917s ]
INFO: [ app_begin ] --START--
INFO: Run Behavior\ReadHtmlCacheBehavior [ RunTime:0.002833s ]
INFO: [ app_begin ] --END-- [ RunTime:0.003337s ]
SQL: SHOW COLUMNS FROM `nb_blog` [ RunTime:0.0104s ]
SQL: SELECT COUNT(*) AS tp_count FROM `nb_blog` WHERE ( artdate like "%2015-12%" ) LIMIT 1   [ RunTime:0.0008s ]
SQL: SELECT COUNT(*) AS tp_count FROM `nb_blog` WHERE ( artdate like "%2016-01%" ) LIMIT 1   [ RunTime:0.0006s ]
SQL: SELECT COUNT(*) AS tp_count FROM `nb_blog` WHERE ( artdate like "%2016-02%" ) LIMIT 1   [ RunTime:0.0005s ]
SQL: SELECT COUNT(*) AS tp_count FROM `nb_blog` WHERE ( artdate like "%2016-03%" ) LIMIT 1   [ RunTime:0.0005s ]
SQL: SELECT COUNT(*) AS tp_count FROM `nb_blog` WHERE ( artdate like "%2016-04%" ) LIMIT 1   [ RunTime:0.0006s ]

[ 2016-04-03T15:57:35+08:00 ] 127.0.0.1 /index.php/Home/Index/countBlog
INFO: [ app_init ] --START--
INFO: Run Behavior\BuildLiteBehavior [ RunTime:0.000059s ]
INFO: [ app_init ] --END-- [ RunTime:0.000339s ]
INFO: [ app_begin ] --START--
INFO: Run Behavior\ReadHtmlCacheBehavior [ RunTime:0.001611s ]
INFO: [ app_begin ] --END-- [ RunTime:0.001897s ]
SQL: SHOW COLUMNS FROM `nb_blog` [ RunTime:0.0086s ]
SQL: SELECT COUNT(*) AS tp_count FROM `nb_blog` WHERE ( artdate like "%2015-12%" ) LIMIT 1   [ RunTime:0.0008s ]
SQL: SELECT COUNT(*) AS tp_count FROM `nb_blog` WHERE ( artdate like "%2016-01%" ) LIMIT 1   [ RunTime:0.0007s ]
SQL: SELECT COUNT(*) AS tp_count FROM `nb_blog` WHERE ( artdate like "%2016-02%" ) LIMIT 1   [ RunTime:0.0007s ]
SQL: SELECT COUNT(*) AS tp_count FROM `nb_blog` WHERE ( artdate like "%2016-03%" ) LIMIT 1   [ RunTime:0.0006s ]
SQL: SELECT COUNT(*) AS tp_count FROM `nb_blog` WHERE ( artdate like "%2016-04%" ) LIMIT 1   [ RunTime:0.0006s ]

[ 2016-04-03T16:03:43+08:00 ] 127.0.0.1 /index.php/Home/Index/countBlog
INFO: [ app_init ] --START--
INFO: Run Behavior\BuildLiteBehavior [ RunTime:0.000082s ]
INFO: [ app_init ] --END-- [ RunTime:0.000492s ]
INFO: [ app_begin ] --START--
INFO: Run Behavior\ReadHtmlCacheBehavior [ RunTime:0.003335s ]
INFO: [ app_begin ] --END-- [ RunTime:0.003775s ]
SQL: SHOW COLUMNS FROM `nb_blog` [ RunTime:0.0118s ]
SQL: SELECT COUNT(*) AS tp_count FROM `nb_blog` WHERE ( artdate like "%2015-12%" ) LIMIT 1   [ RunTime:0.0017s ]
SQL: SELECT COUNT(*) AS tp_count FROM `nb_blog` WHERE ( artdate like "%2016-01%" ) LIMIT 1   [ RunTime:0.0009s ]
SQL: SELECT COUNT(*) AS tp_count FROM `nb_blog` WHERE ( artdate like "%2016-02%" ) LIMIT 1   [ RunTime:0.0007s ]
SQL: SELECT COUNT(*) AS tp_count FROM `nb_blog` WHERE ( artdate like "%2016-03%" ) LIMIT 1   [ RunTime:0.0007s ]
SQL: SELECT COUNT(*) AS tp_count FROM `nb_blog` WHERE ( artdate like "%2016-04%" ) LIMIT 1   [ RunTime:0.0007s ]

[ 2016-04-03T16:03:44+08:00 ] 127.0.0.1 /index.php/Home/Index/countBlog
INFO: [ app_init ] --START--
INFO: Run Behavior\BuildLiteBehavior [ RunTime:0.000082s ]
INFO: [ app_init ] --END-- [ RunTime:0.000480s ]
INFO: [ app_begin ] --START--
INFO: Run Behavior\ReadHtmlCacheBehavior [ RunTime:0.002996s ]
INFO: [ app_begin ] --END-- [ RunTime:0.003474s ]
SQL: SHOW COLUMNS FROM `nb_blog` [ RunTime:0.0141s ]
SQL: SELECT COUNT(*) AS tp_count FROM `nb_blog` WHERE ( artdate like "%2015-12%" ) LIMIT 1   [ RunTime:0.0009s ]
SQL: SELECT COUNT(*) AS tp_count FROM `nb_blog` WHERE ( artdate like "%2016-01%" ) LIMIT 1   [ RunTime:0.0006s ]
SQL: SELECT COUNT(*) AS tp_count FROM `nb_blog` WHERE ( artdate like "%2016-02%" ) LIMIT 1   [ RunTime:0.0006s ]
SQL: SELECT COUNT(*) AS tp_count FROM `nb_blog` WHERE ( artdate like "%2016-03%" ) LIMIT 1   [ RunTime:0.0006s ]
SQL: SELECT COUNT(*) AS tp_count FROM `nb_blog` WHERE ( artdate like "%2016-04%" ) LIMIT 1   [ RunTime:0.0006s ]

[ 2016-04-03T16:03:45+08:00 ] 127.0.0.1 /index.php/Home/Index/countBlog
INFO: [ app_init ] --START--
INFO: Run Behavior\BuildLiteBehavior [ RunTime:0.000066s ]
INFO: [ app_init ] --END-- [ RunTime:0.000421s ]
INFO: [ app_begin ] --START--
INFO: Run Behavior\ReadHtmlCacheBehavior [ RunTime:0.002610s ]
INFO: [ app_begin ] --END-- [ RunTime:0.003081s ]
SQL: SHOW COLUMNS FROM `nb_blog` [ RunTime:0.0132s ]
SQL: SELECT COUNT(*) AS tp_count FROM `nb_blog` WHERE ( artdate like "%2015-12%" ) LIMIT 1   [ RunTime:0.0009s ]
SQL: SELECT COUNT(*) AS tp_count FROM `nb_blog` WHERE ( artdate like "%2016-01%" ) LIMIT 1   [ RunTime:0.0006s ]
SQL: SELECT COUNT(*) AS tp_count FROM `nb_blog` WHERE ( artdate like "%2016-02%" ) LIMIT 1   [ RunTime:0.0006s ]
SQL: SELECT COUNT(*) AS tp_count FROM `nb_blog` WHERE ( artdate like "%2016-03%" ) LIMIT 1   [ RunTime:0.0008s ]
SQL: SELECT COUNT(*) AS tp_count FROM `nb_blog` WHERE ( artdate like "%2016-04%" ) LIMIT 1   [ RunTime:0.0009s ]

[ 2016-04-03T16:21:32+08:00 ] 127.0.0.1 /index.php/Home/Index/countBlog
INFO: [ app_init ] --START--
INFO: Run Behavior\BuildLiteBehavior [ RunTime:0.000057s ]
INFO: [ app_init ] --END-- [ RunTime:0.000333s ]
INFO: [ app_begin ] --START--
INFO: Run Behavior\ReadHtmlCacheBehavior [ RunTime:0.017868s ]
INFO: [ app_begin ] --END-- [ RunTime:0.018400s ]
SQL: SHOW COLUMNS FROM `nb_blog` [ RunTime:0.0145s ]
SQL: SELECT COUNT(*) AS tp_count FROM `nb_blog` WHERE ( artdate like "%2015-12%" ) LIMIT 1   [ RunTime:0.0010s ]
SQL: SELECT COUNT(*) AS tp_count FROM `nb_blog` WHERE ( artdate like "%2016-01%" ) LIMIT 1   [ RunTime:0.0011s ]
SQL: SELECT COUNT(*) AS tp_count FROM `nb_blog` WHERE ( artdate like "%2016-02%" ) LIMIT 1   [ RunTime:0.0008s ]
SQL: SELECT COUNT(*) AS tp_count FROM `nb_blog` WHERE ( artdate like "%2016-03%" ) LIMIT 1   [ RunTime:0.0225s ]
SQL: SELECT COUNT(*) AS tp_count FROM `nb_blog` WHERE ( artdate like "%2016-04%" ) LIMIT 1   [ RunTime:0.0007s ]
INFO: [ app_end ] --START--
INFO: Run Behavior\ShowPageTraceBehavior [ RunTime:0.016606s ]
INFO: [ app_end ] --END-- [ RunTime:0.016944s ]

[ 2016-04-03T16:31:04+08:00 ] 127.0.0.1 /
INFO: [ app_init ] --START--
INFO: Run Behavior\BuildLiteBehavior [ RunTime:0.000082s ]
INFO: [ app_init ] --END-- [ RunTime:0.000487s ]
INFO: [ app_begin ] --START--
INFO: Run Behavior\ReadHtmlCacheBehavior [ RunTime:0.003533s ]
INFO: [ app_begin ] --END-- [ RunTime:0.003965s ]
INFO: [ view_parse ] --START--
INFO: [ template_filter ] --START--
INFO: Run Behavior\ContentReplaceBehavior [ RunTime:0.000341s ]
INFO: [ template_filter ] --END-- [ RunTime:0.000759s ]
INFO: Run Behavior\ParseTemplateBehavior [ RunTime:0.204427s ]
INFO: [ view_parse ] --END-- [ RunTime:0.204880s ]
INFO: [ view_filter ] --START--
INFO: Run Behavior\WriteHtmlCacheBehavior [ RunTime:0.037765s ]
INFO: [ view_filter ] --END-- [ RunTime:0.038088s ]
INFO: [ app_end ] --START--
INFO: Run Behavior\ShowPageTraceBehavior [ RunTime:0.029139s ]
INFO: [ app_end ] --END-- [ RunTime:0.029416s ]

[ 2016-04-03T16:33:38+08:00 ] 127.0.0.1 /
INFO: [ app_init ] --START--
INFO: Run Behavior\BuildLiteBehavior [ RunTime:0.000080s ]
INFO: [ app_init ] --END-- [ RunTime:0.000492s ]
INFO: [ app_begin ] --START--
INFO: Run Behavior\ReadHtmlCacheBehavior [ RunTime:0.005222s ]
INFO: [ app_begin ] --END-- [ RunTime:0.006419s ]
NOTIC: [8] Undefined variable: Blog D:\wamp\www\MyBeta\Application\Home\Controller\IndexController.class.php 第 20 行.

[ 2016-04-03T16:34:10+08:00 ] 127.0.0.1 /
INFO: [ app_init ] --START--
INFO: Run Behavior\BuildLiteBehavior [ RunTime:0.000085s ]
INFO: [ app_init ] --END-- [ RunTime:0.000480s ]
INFO: [ app_begin ] --START--
INFO: Run Behavior\ReadHtmlCacheBehavior [ RunTime:0.004013s ]
INFO: [ app_begin ] --END-- [ RunTime:0.004679s ]
SQL: SHOW COLUMNS FROM `nb_blog` [ RunTime:0.0387s ]
SQL: SELECT COUNT(*) AS tp_count FROM `nb_blog` WHERE ( artdate like "%2015-12%" ) LIMIT 1   [ RunTime:0.0013s ]
SQL: SELECT COUNT(*) AS tp_count FROM `nb_blog` WHERE ( artdate like "%2016-01%" ) LIMIT 1   [ RunTime:0.0007s ]
SQL: SELECT COUNT(*) AS tp_count FROM `nb_blog` WHERE ( artdate like "%2016-02%" ) LIMIT 1   [ RunTime:0.0009s ]
SQL: SELECT COUNT(*) AS tp_count FROM `nb_blog` WHERE ( artdate like "%2016-03%" ) LIMIT 1   [ RunTime:0.0007s ]
SQL: SELECT COUNT(*) AS tp_count FROM `nb_blog` WHERE ( artdate like "%2016-04%" ) LIMIT 1   [ RunTime:0.0007s ]
INFO: [ view_parse ] --START--
INFO: [ template_filter ] --START--
INFO: Run Behavior\ContentReplaceBehavior [ RunTime:0.000363s ]
INFO: [ template_filter ] --END-- [ RunTime:0.000785s ]
INFO: Run Behavior\ParseTemplateBehavior [ RunTime:0.085759s ]
INFO: [ view_parse ] --END-- [ RunTime:0.086274s ]
INFO: [ view_filter ] --START--
INFO: Run Behavior\WriteHtmlCacheBehavior [ RunTime:0.001758s ]
INFO: [ view_filter ] --END-- [ RunTime:0.002129s ]
INFO: [ app_end ] --START--
INFO: Run Behavior\ShowPageTraceBehavior [ RunTime:0.002424s ]
INFO: [ app_end ] --END-- [ RunTime:0.002799s ]

[ 2016-04-03T16:34:10+08:00 ] 127.0.0.1 /
INFO: [ app_init ] --START--
INFO: Run Behavior\BuildLiteBehavior [ RunTime:0.000077s ]
INFO: [ app_init ] --END-- [ RunTime:0.000470s ]
INFO: [ app_begin ] --START--
INFO: Run Behavior\ReadHtmlCacheBehavior [ RunTime:0.002298s ]
INFO: [ app_begin ] --END-- [ RunTime:0.002709s ]
SQL: SHOW COLUMNS FROM `nb_blog` [ RunTime:0.0119s ]
SQL: SELECT COUNT(*) AS tp_count FROM `nb_blog` WHERE ( artdate like "%2015-12%" ) LIMIT 1   [ RunTime:0.0014s ]
SQL: SELECT COUNT(*) AS tp_count FROM `nb_blog` WHERE ( artdate like "%2016-01%" ) LIMIT 1   [ RunTime:0.0008s ]
SQL: SELECT COUNT(*) AS tp_count FROM `nb_blog` WHERE ( artdate like "%2016-02%" ) LIMIT 1   [ RunTime:0.0008s ]
SQL: SELECT COUNT(*) AS tp_count FROM `nb_blog` WHERE ( artdate like "%2016-03%" ) LIMIT 1   [ RunTime:0.0007s ]
SQL: SELECT COUNT(*) AS tp_count FROM `nb_blog` WHERE ( artdate like "%2016-04%" ) LIMIT 1   [ RunTime:0.0006s ]
INFO: [ view_parse ] --START--
INFO: [ template_filter ] --START--
INFO: Run Behavior\ContentReplaceBehavior [ RunTime:0.000270s ]
INFO: [ template_filter ] --END-- [ RunTime:0.000690s ]
INFO: Run Behavior\ParseTemplateBehavior [ RunTime:0.032975s ]
INFO: [ view_parse ] --END-- [ RunTime:0.033401s ]
INFO: [ view_filter ] --START--
INFO: Run Behavior\WriteHtmlCacheBehavior [ RunTime:0.001790s ]
INFO: [ view_filter ] --END-- [ RunTime:0.002153s ]
INFO: [ app_end ] --START--
INFO: Run Behavior\ShowPageTraceBehavior [ RunTime:0.001761s ]
INFO: [ app_end ] --END-- [ RunTime:0.002050s ]

