[ 2016-04-28T16:43:11+08:00 ] 127.0.0.1 /
INFO: [ app_init ] --START--
INFO: Run Behavior\BuildLiteBehavior [ RunTime:0.000000s ]
INFO: [ app_init ] --END-- [ RunTime:0.012001s ]
INFO: [ app_begin ] --START--
INFO: Run Behavior\ReadHtmlCacheBehavior [ RunTime:0.018001s ]
INFO: [ app_begin ] --END-- [ RunTime:0.018001s ]
SQL: SHOW COLUMNS FROM `nb_note` [ RunTime:1.3281s ]
SQL: SELECT COUNT(*) AS tp_count FROM `nb_note` LIMIT 1   [ RunTime:0.0320s ]
SQL: SHOW COLUMNS FROM `nb_blog` [ RunTime:0.3140s ]
SQL: SELECT COUNT(*) AS tp_count FROM `nb_blog` LIMIT 1   [ RunTime:0.0110s ]
SQL: SHOW COLUMNS FROM `nb_user` [ RunTime:0.1920s ]
SQL: SELECT COUNT(*) AS tp_count FROM `nb_user` LIMIT 1   [ RunTime:0.0210s ]
INFO: [ view_parse ] --START--
INFO: [ template_filter ] --START--
INFO: Run Behavior\ContentReplaceBehavior [ RunTime:0.111006s ]
INFO: [ template_filter ] --END-- [ RunTime:0.111006s ]
INFO: Run Behavior\ParseTemplateBehavior [ RunTime:0.393022s ]
INFO: [ view_parse ] --END-- [ RunTime:0.393022s ]
INFO: [ view_filter ] --START--
INFO: Run Behavior\WriteHtmlCacheBehavior [ RunTime:0.043003s ]
INFO: [ view_filter ] --END-- [ RunTime:0.043003s ]
SQL: SHOW COLUMNS FROM `nb_visitorlog` [ RunTime:0.3530s ]
NOTIC: [8] Use of undefined constant name - assumed 'name' D:\wamp\www\wht\Application\Common\Common\function.php 第 28 行.
SQL: INSERT INTO `nb_visitorlog` (`username`,`pagename`,`pageurl`,`visittime`,`userstate`,`userip`) VALUES ('v','Home','http://blskye.dev:80/','2016-04-28 16:43:11','0','127.0.0.1') [ RunTime:0.3680s ]
INFO: [ app_end ] --START--
INFO: Run Behavior\ShowPageTraceBehavior [ RunTime:0.047003s ]
INFO: [ app_end ] --END-- [ RunTime:0.047003s ]

[ 2016-04-28T16:43:13+08:00 ] 127.0.0.1 /index.php/Home/Image/graph_blog.shtml
INFO: [ app_init ] --START--
INFO: Run Behavior\BuildLiteBehavior [ RunTime:0.000000s ]
INFO: [ app_init ] --END-- [ RunTime:0.000000s ]
INFO: [ app_begin ] --START--
INFO: Run Behavior\ReadHtmlCacheBehavior [ RunTime:0.001000s ]
INFO: [ app_begin ] --END-- [ RunTime:0.001000s ]
SQL: SHOW COLUMNS FROM `nb_blog` [ RunTime:0.0100s ]
SQL: SELECT COUNT(*) AS tp_count FROM `nb_blog` WHERE ( artdate like "%2015-11%" ) LIMIT 1   [ RunTime:0.0560s ]
SQL: SELECT COUNT(*) AS tp_count FROM `nb_blog` WHERE ( artdate like "%2015-12%" ) LIMIT 1   [ RunTime:0.0020s ]
SQL: SELECT COUNT(*) AS tp_count FROM `nb_blog` WHERE ( artdate like "%2016-01%" ) LIMIT 1   [ RunTime:0.0010s ]
SQL: SELECT COUNT(*) AS tp_count FROM `nb_blog` WHERE ( artdate like "%2016-02%" ) LIMIT 1   [ RunTime:0.0000s ]
SQL: SELECT COUNT(*) AS tp_count FROM `nb_blog` WHERE ( artdate like "%2016-03%" ) LIMIT 1   [ RunTime:0.0000s ]
INFO: [ app_end ] --START--
INFO: Run Behavior\ShowPageTraceBehavior [ RunTime:0.001000s ]
INFO: [ app_end ] --END-- [ RunTime:0.001000s ]

[ 2016-04-28T16:43:13+08:00 ] 127.0.0.1 /index.php/Home/Image/graph_user.shtml
INFO: [ app_init ] --START--
INFO: Run Behavior\BuildLiteBehavior [ RunTime:0.000000s ]
INFO: [ app_init ] --END-- [ RunTime:0.000000s ]
INFO: [ app_begin ] --START--
INFO: Run Behavior\ReadHtmlCacheBehavior [ RunTime:0.001000s ]
INFO: [ app_begin ] --END-- [ RunTime:0.002000s ]
SQL: SHOW COLUMNS FROM `nb_user` [ RunTime:0.0120s ]
SQL: SELECT COUNT(*) AS tp_count FROM `nb_user` WHERE ( registertime like "%2015-11%" ) LIMIT 1   [ RunTime:0.0010s ]
SQL: SELECT COUNT(*) AS tp_count FROM `nb_user` WHERE ( registertime like "%2015-12%" ) LIMIT 1   [ RunTime:0.0010s ]
SQL: SELECT COUNT(*) AS tp_count FROM `nb_user` WHERE ( registertime like "%2016-01%" ) LIMIT 1   [ RunTime:0.0010s ]
SQL: SELECT COUNT(*) AS tp_count FROM `nb_user` WHERE ( registertime like "%2016-02%" ) LIMIT 1   [ RunTime:0.0020s ]
SQL: SELECT COUNT(*) AS tp_count FROM `nb_user` WHERE ( registertime like "%2016-03%" ) LIMIT 1   [ RunTime:0.0010s ]
INFO: [ app_end ] --START--
INFO: Run Behavior\ShowPageTraceBehavior [ RunTime:0.001000s ]
INFO: [ app_end ] --END-- [ RunTime:0.002000s ]

[ 2016-04-28T16:43:14+08:00 ] 127.0.0.1 /index.php/Home/Image/graph_note.shtml
INFO: [ app_init ] --START--
INFO: Run Behavior\BuildLiteBehavior [ RunTime:0.000000s ]
INFO: [ app_init ] --END-- [ RunTime:0.000000s ]
INFO: [ app_begin ] --START--
INFO: Run Behavior\ReadHtmlCacheBehavior [ RunTime:0.002000s ]
INFO: [ app_begin ] --END-- [ RunTime:0.002000s ]
SQL: SHOW COLUMNS FROM `nb_note` [ RunTime:0.0070s ]
SQL: SELECT COUNT(*) AS tp_count FROM `nb_note` WHERE ( notedate like "%2015-11%" ) LIMIT 1   [ RunTime:0.0000s ]
SQL: SELECT COUNT(*) AS tp_count FROM `nb_note` WHERE ( notedate like "%2015-12%" ) LIMIT 1   [ RunTime:0.0000s ]
SQL: SELECT COUNT(*) AS tp_count FROM `nb_note` WHERE ( notedate like "%2016-01%" ) LIMIT 1   [ RunTime:0.0010s ]
SQL: SELECT COUNT(*) AS tp_count FROM `nb_note` WHERE ( notedate like "%2016-02%" ) LIMIT 1   [ RunTime:0.0000s ]
SQL: SELECT COUNT(*) AS tp_count FROM `nb_note` WHERE ( notedate like "%2016-03%" ) LIMIT 1   [ RunTime:0.0000s ]
INFO: [ app_end ] --START--
INFO: Run Behavior\ShowPageTraceBehavior [ RunTime:0.001000s ]
INFO: [ app_end ] --END-- [ RunTime:0.001000s ]

[ 2016-04-28T16:43:25+08:00 ] 127.0.0.1 /
INFO: [ app_init ] --START--
INFO: Run Behavior\BuildLiteBehavior [ RunTime:0.000000s ]
INFO: [ app_init ] --END-- [ RunTime:0.000000s ]
INFO: [ app_begin ] --START--
INFO: Run Behavior\ReadHtmlCacheBehavior [ RunTime:0.000000s ]
INFO: [ app_begin ] --END-- [ RunTime:0.001000s ]
SQL: SHOW COLUMNS FROM `nb_note` [ RunTime:0.0050s ]
SQL: SELECT COUNT(*) AS tp_count FROM `nb_note` LIMIT 1   [ RunTime:0.0010s ]
SQL: SHOW COLUMNS FROM `nb_blog` [ RunTime:0.0060s ]
SQL: SELECT COUNT(*) AS tp_count FROM `nb_blog` LIMIT 1   [ RunTime:0.0000s ]
SQL: SHOW COLUMNS FROM `nb_user` [ RunTime:0.0050s ]
SQL: SELECT COUNT(*) AS tp_count FROM `nb_user` LIMIT 1   [ RunTime:0.0010s ]
INFO: [ view_parse ] --START--
INFO: [ template_filter ] --START--
INFO: Run Behavior\ContentReplaceBehavior [ RunTime:0.000000s ]
INFO: [ template_filter ] --END-- [ RunTime:0.000000s ]
INFO: Run Behavior\ParseTemplateBehavior [ RunTime:0.016001s ]
INFO: [ view_parse ] --END-- [ RunTime:0.016001s ]
INFO: [ view_filter ] --START--
INFO: Run Behavior\WriteHtmlCacheBehavior [ RunTime:0.001000s ]
INFO: [ view_filter ] --END-- [ RunTime:0.001000s ]
SQL: SHOW COLUMNS FROM `nb_visitorlog` [ RunTime:0.0090s ]
NOTIC: [8] Use of undefined constant name - assumed 'name' D:\wamp\www\wht\Application\Common\Common\function.php 第 28 行.
NOTIC: [8] Use of undefined constant name - assumed 'name' D:\wamp\www\wht\Application\Common\Common\function.php 第 32 行.
SQL: INSERT INTO `nb_visitorlog` (`username`,`pagename`,`pageurl`,`visittime`,`userstate`,`userip`) VALUES ('Echo','Home','http://blskye.dev:80/','2016-04-28 16:43:25','1','127.0.0.1') [ RunTime:0.0420s ]
INFO: [ app_end ] --START--
INFO: Run Behavior\ShowPageTraceBehavior [ RunTime:0.001000s ]
INFO: [ app_end ] --END-- [ RunTime:0.001000s ]

[ 2016-04-28T16:43:25+08:00 ] 127.0.0.1 /index.php/Home/Image/graph_blog.shtml
INFO: [ app_init ] --START--
INFO: Run Behavior\BuildLiteBehavior [ RunTime:0.000000s ]
INFO: [ app_init ] --END-- [ RunTime:0.000000s ]
INFO: [ app_begin ] --START--
INFO: Run Behavior\ReadHtmlCacheBehavior [ RunTime:0.001000s ]
INFO: [ app_begin ] --END-- [ RunTime:0.001000s ]
SQL: SHOW COLUMNS FROM `nb_blog` [ RunTime:0.0100s ]
SQL: SELECT COUNT(*) AS tp_count FROM `nb_blog` WHERE ( artdate like "%2015-11%" ) LIMIT 1   [ RunTime:0.0010s ]
SQL: SELECT COUNT(*) AS tp_count FROM `nb_blog` WHERE ( artdate like "%2015-12%" ) LIMIT 1   [ RunTime:0.0010s ]
SQL: SELECT COUNT(*) AS tp_count FROM `nb_blog` WHERE ( artdate like "%2016-01%" ) LIMIT 1   [ RunTime:0.0010s ]
SQL: SELECT COUNT(*) AS tp_count FROM `nb_blog` WHERE ( artdate like "%2016-02%" ) LIMIT 1   [ RunTime:0.0010s ]
SQL: SELECT COUNT(*) AS tp_count FROM `nb_blog` WHERE ( artdate like "%2016-03%" ) LIMIT 1   [ RunTime:0.0020s ]
INFO: [ app_end ] --START--
INFO: Run Behavior\ShowPageTraceBehavior [ RunTime:0.001000s ]
INFO: [ app_end ] --END-- [ RunTime:0.001000s ]

[ 2016-04-28T16:43:25+08:00 ] 127.0.0.1 /index.php/Home/Image/graph_note.shtml
INFO: [ app_init ] --START--
INFO: Run Behavior\BuildLiteBehavior [ RunTime:0.000000s ]
INFO: [ app_init ] --END-- [ RunTime:0.000000s ]
INFO: [ app_begin ] --START--
INFO: Run Behavior\ReadHtmlCacheBehavior [ RunTime:0.003000s ]
INFO: [ app_begin ] --END-- [ RunTime:0.003000s ]
SQL: SHOW COLUMNS FROM `nb_note` [ RunTime:0.0050s ]
SQL: SELECT COUNT(*) AS tp_count FROM `nb_note` WHERE ( notedate like "%2015-11%" ) LIMIT 1   [ RunTime:0.0010s ]
SQL: SELECT COUNT(*) AS tp_count FROM `nb_note` WHERE ( notedate like "%2015-12%" ) LIMIT 1   [ RunTime:0.0010s ]
SQL: SELECT COUNT(*) AS tp_count FROM `nb_note` WHERE ( notedate like "%2016-01%" ) LIMIT 1   [ RunTime:0.0010s ]
SQL: SELECT COUNT(*) AS tp_count FROM `nb_note` WHERE ( notedate like "%2016-02%" ) LIMIT 1   [ RunTime:0.0010s ]
SQL: SELECT COUNT(*) AS tp_count FROM `nb_note` WHERE ( notedate like "%2016-03%" ) LIMIT 1   [ RunTime:0.0010s ]
INFO: [ app_end ] --START--
INFO: Run Behavior\ShowPageTraceBehavior [ RunTime:0.002000s ]
INFO: [ app_end ] --END-- [ RunTime:0.002000s ]

[ 2016-04-28T16:43:25+08:00 ] 127.0.0.1 /index.php/Home/Image/graph_user.shtml
INFO: [ app_init ] --START--
INFO: Run Behavior\BuildLiteBehavior [ RunTime:0.000000s ]
INFO: [ app_init ] --END-- [ RunTime:0.000000s ]
INFO: [ app_begin ] --START--
INFO: Run Behavior\ReadHtmlCacheBehavior [ RunTime:0.002000s ]
INFO: [ app_begin ] --END-- [ RunTime:0.003000s ]
SQL: SHOW COLUMNS FROM `nb_user` [ RunTime:0.0130s ]
SQL: SELECT COUNT(*) AS tp_count FROM `nb_user` WHERE ( registertime like "%2015-11%" ) LIMIT 1   [ RunTime:0.0000s ]
SQL: SELECT COUNT(*) AS tp_count FROM `nb_user` WHERE ( registertime like "%2015-12%" ) LIMIT 1   [ RunTime:0.0000s ]
SQL: SELECT COUNT(*) AS tp_count FROM `nb_user` WHERE ( registertime like "%2016-01%" ) LIMIT 1   [ RunTime:0.0000s ]
SQL: SELECT COUNT(*) AS tp_count FROM `nb_user` WHERE ( registertime like "%2016-02%" ) LIMIT 1   [ RunTime:0.0000s ]
SQL: SELECT COUNT(*) AS tp_count FROM `nb_user` WHERE ( registertime like "%2016-03%" ) LIMIT 1   [ RunTime:0.0010s ]
INFO: [ app_end ] --START--
INFO: Run Behavior\ShowPageTraceBehavior [ RunTime:0.001000s ]
INFO: [ app_end ] --END-- [ RunTime:0.001000s ]

