[ 2016-03-11T16:28:27+08:00 ] 127.0.0.1 /login.php/Index.html
INFO: [ app_init ] --START--
INFO: Run Behavior\BuildLiteBehavior [ RunTime:0.000025s ]
INFO: [ app_init ] --END-- [ RunTime:0.001120s ]
INFO: [ app_begin ] --START--
INFO: Run Behavior\ReadHtmlCacheBehavior [ RunTime:0.000750s ]
INFO: [ app_begin ] --END-- [ RunTime:0.000857s ]
INFO: [ view_parse ] --START--
INFO: [ template_filter ] --START--
INFO: Run Behavior\ContentReplaceBehavior [ RunTime:0.000057s ]
INFO: [ template_filter ] --END-- [ RunTime:0.000155s ]
INFO: Run Behavior\ParseTemplateBehavior [ RunTime:0.120197s ]
INFO: [ view_parse ] --END-- [ RunTime:0.120318s ]
INFO: [ view_filter ] --START--
INFO: Run Behavior\WriteHtmlCacheBehavior [ RunTime:0.000393s ]
INFO: [ view_filter ] --END-- [ RunTime:0.000475s ]
INFO: [ app_end ] --START--
INFO: Run Behavior\ShowPageTraceBehavior [ RunTime:0.000538s ]
INFO: [ app_end ] --END-- [ RunTime:0.000617s ]

[ 2016-03-11T16:28:31+08:00 ] 127.0.0.1 /login.php/Index/login.html
INFO: [ app_init ] --START--
INFO: Run Behavior\BuildLiteBehavior [ RunTime:0.000033s ]
INFO: [ app_init ] --END-- [ RunTime:0.000672s ]
INFO: [ app_begin ] --START--
INFO: Run Behavior\ReadHtmlCacheBehavior [ RunTime:0.000679s ]
INFO: [ app_begin ] --END-- [ RunTime:0.000796s ]
SQL: SHOW COLUMNS FROM `nb_user` [ RunTime:0.1115s ]
SQL: SELECT `username` FROM `nb_user` WHERE ( username="wang" ) LIMIT 1   [ RunTime:0.0072s ]
SQL: SELECT * FROM `nb_user` WHERE ( username="wang" AND passwd="e08392bb89dedb8ed6fb298f8e729c15" ) LIMIT 1   [ RunTime:0.0141s ]
SQL: UPDATE `nb_user` SET `username`='wang',`passwd`='e08392bb89dedb8ed6fb298f8e729c15',`email`='w',`nickname`=NULL,`permission`='0',`registertime`='2016-03-09 04:42:05',`lastlogintime`='2016-03-11 04:28:31',`useronline`='0' WHERE ( username="wang" ) [ RunTime:0.0928s ]
INFO: [ view_parse ] --START--
INFO: [ template_filter ] --START--
INFO: Run Behavior\ContentReplaceBehavior [ RunTime:0.000058s ]
INFO: [ template_filter ] --END-- [ RunTime:0.000158s ]
INFO: Run Behavior\ParseTemplateBehavior [ RunTime:0.005722s ]
INFO: [ view_parse ] --END-- [ RunTime:0.005827s ]
INFO: [ view_filter ] --START--
INFO: Run Behavior\WriteHtmlCacheBehavior [ RunTime:0.000308s ]
INFO: [ view_filter ] --END-- [ RunTime:0.000387s ]
INFO: [ app_end ] --START--
INFO: Run Behavior\ShowPageTraceBehavior [ RunTime:0.000476s ]
INFO: [ app_end ] --END-- [ RunTime:0.000556s ]

