[ 2016-04-01T20:29:01+08:00 ] 127.0.0.1 /login.php/Index.shtml
INFO: [ app_init ] --START--
INFO: Run Behavior\BuildLiteBehavior [ RunTime:0.000078s ]
INFO: [ app_init ] --END-- [ RunTime:0.000659s ]
INFO: [ app_begin ] --START--
INFO: Run Behavior\ReadHtmlCacheBehavior [ RunTime:0.002558s ]
INFO: [ app_begin ] --END-- [ RunTime:0.002950s ]
INFO: [ view_parse ] --START--
INFO: [ template_filter ] --START--
INFO: Run Behavior\ContentReplaceBehavior [ RunTime:0.000170s ]
INFO: [ template_filter ] --END-- [ RunTime:0.000474s ]
INFO: Run Behavior\ParseTemplateBehavior [ RunTime:0.074386s ]
INFO: [ view_parse ] --END-- [ RunTime:0.074704s ]
INFO: [ view_filter ] --START--
INFO: Run Behavior\WriteHtmlCacheBehavior [ RunTime:0.003187s ]
INFO: [ view_filter ] --END-- [ RunTime:0.003489s ]
INFO: [ app_end ] --START--
INFO: Run Behavior\ShowPageTraceBehavior [ RunTime:0.051712s ]
INFO: [ app_end ] --END-- [ RunTime:0.051993s ]

[ 2016-04-01T20:29:10+08:00 ] 127.0.0.1 /login.php/Index/login.shtml
INFO: [ app_init ] --START--
INFO: Run Behavior\BuildLiteBehavior [ RunTime:0.000077s ]
INFO: [ app_init ] --END-- [ RunTime:0.000525s ]
INFO: [ app_begin ] --START--
INFO: Run Behavior\ReadHtmlCacheBehavior [ RunTime:0.002845s ]
INFO: [ app_begin ] --END-- [ RunTime:0.003314s ]
SQL: SHOW COLUMNS FROM `nb_user` [ RunTime:0.0191s ]
SQL: SELECT `username` FROM `nb_user` WHERE ( username="wang" ) LIMIT 1   [ RunTime:0.0009s ]
SQL: SELECT * FROM `nb_user` WHERE ( username="wang" AND passwd="e08392bb89dedb8ed6fb298f8e729c15" ) LIMIT 1   [ RunTime:0.0008s ]
SQL: UPDATE `nb_user` SET `username`='wang',`passwd`='e08392bb89dedb8ed6fb298f8e729c15',`email`='wang',`nickname`=NULL,`permission`='0',`registertime`='2016-03-09 08:07:10',`lastlogintime`='2016-04-01 08:29:09',`useronline`='0' WHERE ( username="wang" ) [ RunTime:0.0056s ]
INFO: [ view_parse ] --START--
INFO: [ template_filter ] --START--
INFO: Run Behavior\ContentReplaceBehavior [ RunTime:0.000187s ]
INFO: [ template_filter ] --END-- [ RunTime:0.000851s ]
INFO: Run Behavior\ParseTemplateBehavior [ RunTime:0.029405s ]
INFO: [ view_parse ] --END-- [ RunTime:0.029688s ]
INFO: [ view_filter ] --START--
INFO: Run Behavior\WriteHtmlCacheBehavior [ RunTime:0.001457s ]
INFO: [ view_filter ] --END-- [ RunTime:0.001729s ]
INFO: [ app_end ] --START--
INFO: Run Behavior\ShowPageTraceBehavior [ RunTime:0.002623s ]
INFO: [ app_end ] --END-- [ RunTime:0.002917s ]

