[ 2016-03-30T21:46:37+08:00 ] 127.0.0.1 /login.php/Index.shtml
INFO: [ app_init ] --START--
INFO: Run Behavior\BuildLiteBehavior [ RunTime:0.000075s ]
INFO: [ app_init ] --END-- [ RunTime:0.000593s ]
INFO: [ app_begin ] --START--
INFO: Run Behavior\ReadHtmlCacheBehavior [ RunTime:0.002098s ]
INFO: [ app_begin ] --END-- [ RunTime:0.002702s ]
INFO: [ view_parse ] --START--
INFO: [ template_filter ] --START--
INFO: Run Behavior\ContentReplaceBehavior [ RunTime:0.000283s ]
INFO: [ template_filter ] --END-- [ RunTime:0.000869s ]
INFO: Run Behavior\ParseTemplateBehavior [ RunTime:0.037018s ]
INFO: [ view_parse ] --END-- [ RunTime:0.037632s ]
INFO: [ view_filter ] --START--
INFO: Run Behavior\WriteHtmlCacheBehavior [ RunTime:0.001261s ]
INFO: [ view_filter ] --END-- [ RunTime:0.001615s ]
INFO: [ app_end ] --START--
INFO: Run Behavior\ShowPageTraceBehavior [ RunTime:0.002198s ]
INFO: [ app_end ] --END-- [ RunTime:0.002607s ]

[ 2016-03-30T21:46:41+08:00 ] 127.0.0.1 /login.php/Index/login.shtml
INFO: [ app_init ] --START--
INFO: Run Behavior\BuildLiteBehavior [ RunTime:0.000074s ]
INFO: [ app_init ] --END-- [ RunTime:0.000432s ]
INFO: [ app_begin ] --START--
INFO: Run Behavior\ReadHtmlCacheBehavior [ RunTime:0.002080s ]
INFO: [ app_begin ] --END-- [ RunTime:0.002620s ]
SQL: SHOW COLUMNS FROM `nb_user` [ RunTime:0.0487s ]
SQL: SELECT `username` FROM `nb_user` WHERE ( username="wang" ) LIMIT 1   [ RunTime:0.0009s ]
SQL: SELECT * FROM `nb_user` WHERE ( username="wang" AND passwd="e08392bb89dedb8ed6fb298f8e729c15" ) LIMIT 1   [ RunTime:0.0013s ]
SQL: UPDATE `nb_user` SET `username`='wang',`passwd`='e08392bb89dedb8ed6fb298f8e729c15',`email`='wang',`nickname`=NULL,`permission`='0',`registertime`='2016-03-09 08:07:10',`lastlogintime`='2016-03-30 09:46:41',`useronline`='0' WHERE ( username="wang" ) [ RunTime:0.0181s ]
INFO: [ view_parse ] --START--
INFO: [ template_filter ] --START--
INFO: Run Behavior\ContentReplaceBehavior [ RunTime:0.000186s ]
INFO: [ template_filter ] --END-- [ RunTime:0.000529s ]
INFO: Run Behavior\ParseTemplateBehavior [ RunTime:0.019678s ]
INFO: [ view_parse ] --END-- [ RunTime:0.020056s ]
INFO: [ view_filter ] --START--
INFO: Run Behavior\WriteHtmlCacheBehavior [ RunTime:0.000981s ]
INFO: [ view_filter ] --END-- [ RunTime:0.001254s ]
INFO: [ app_end ] --START--
INFO: Run Behavior\ShowPageTraceBehavior [ RunTime:0.001633s ]
INFO: [ app_end ] --END-- [ RunTime:0.001914s ]

