[ 2016-03-07T20:28:22+08:00 ] ::1 /My/admin.php/Login/
INFO: [ app_init ] --START--
INFO: Run Behavior\BuildLiteBehavior [ RunTime:0.000085s ]
INFO: [ app_init ] --END-- [ RunTime:0.002047s ]
NOTIC: [8] Use of undefined constant ture - assumed 'ture' D:\wamp\www\My\Application\Admin\Conf\config.php 第 16 行.
INFO: [ app_begin ] --START--
INFO: Run Behavior\ReadHtmlCacheBehavior [ RunTime:0.002220s ]
INFO: [ app_begin ] --END-- [ RunTime:0.002631s ]
INFO: [ view_parse ] --START--
INFO: [ template_filter ] --START--
INFO: Run Behavior\ContentReplaceBehavior [ RunTime:0.000222s ]
INFO: [ template_filter ] --END-- [ RunTime:0.000612s ]
INFO: Run Behavior\ParseTemplateBehavior [ RunTime:0.056770s ]
INFO: [ view_parse ] --END-- [ RunTime:0.057186s ]
INFO: [ view_filter ] --START--
INFO: Run Behavior\WriteHtmlCacheBehavior [ RunTime:0.001414s ]
INFO: [ view_filter ] --END-- [ RunTime:0.001863s ]
INFO: [ app_end ] --START--
INFO: Run Behavior\ShowPageTraceBehavior [ RunTime:0.002164s ]
INFO: [ app_end ] --END-- [ RunTime:0.002504s ]

[ 2016-03-07T20:30:01+08:00 ] ::1 /My/admin.php
INFO: [ app_init ] --START--
INFO: Run Behavior\BuildLiteBehavior [ RunTime:0.000220s ]
INFO: [ app_init ] --END-- [ RunTime:0.002591s ]
NOTIC: [8] Use of undefined constant ture - assumed 'ture' D:\wamp\www\My\Application\Admin\Conf\config.php 第 16 行.
INFO: [ app_begin ] --START--
INFO: Run Behavior\ReadHtmlCacheBehavior [ RunTime:0.002414s ]
INFO: [ app_begin ] --END-- [ RunTime:0.002804s ]
SQL: SHOW COLUMNS FROM `think_user` [ RunTime:0.0148s ]
SQL: INSERT INTO `think_user` (`name`) VALUES ('ThinkPHP') [ RunTime:0.0170s ]
INFO: [ view_parse ] --START--
NOTIC: [2] file_get_contents(./Application/Admin/View/default/Public/navbar.html) [<a href='function.file-get-contents'>function.file-get-contents</a>]: failed to open stream: No such file or directory D:\wamp\www\My\ThinkPHP\Library\Think\Template.class.php 第 696 行.
INFO: [ template_filter ] --START--
INFO: Run Behavior\ContentReplaceBehavior [ RunTime:0.000178s ]
INFO: [ template_filter ] --END-- [ RunTime:0.000488s ]
INFO: Run Behavior\ParseTemplateBehavior [ RunTime:0.028719s ]
INFO: [ view_parse ] --END-- [ RunTime:0.029209s ]
INFO: [ view_filter ] --START--
INFO: Run Behavior\WriteHtmlCacheBehavior [ RunTime:0.001233s ]
INFO: [ view_filter ] --END-- [ RunTime:0.001673s ]
INFO: [ app_end ] --START--
INFO: Run Behavior\ShowPageTraceBehavior [ RunTime:0.002149s ]
INFO: [ app_end ] --END-- [ RunTime:0.002522s ]

[ 2016-03-07T20:30:03+08:00 ] ::1 /My/admin.php/Index/index/t/default.html
INFO: [ app_init ] --START--
INFO: Run Behavior\BuildLiteBehavior [ RunTime:0.000077s ]
INFO: [ app_init ] --END-- [ RunTime:0.001574s ]
NOTIC: [8] Use of undefined constant ture - assumed 'ture' D:\wamp\www\My\Application\Admin\Conf\config.php 第 16 行.
INFO: [ app_begin ] --START--
INFO: Run Behavior\ReadHtmlCacheBehavior [ RunTime:0.001908s ]
INFO: [ app_begin ] --END-- [ RunTime:0.002272s ]
SQL: SHOW COLUMNS FROM `think_user` [ RunTime:0.0104s ]
SQL: INSERT INTO `think_user` (`name`) VALUES ('ThinkPHP') [ RunTime:0.0021s ]
INFO: [ view_parse ] --START--
INFO: [ template_filter ] --START--
INFO: Run Behavior\ContentReplaceBehavior [ RunTime:0.000198s ]
INFO: [ template_filter ] --END-- [ RunTime:0.000615s ]
INFO: Run Behavior\ParseTemplateBehavior [ RunTime:0.023072s ]
INFO: [ view_parse ] --END-- [ RunTime:0.023730s ]
INFO: [ view_filter ] --START--
INFO: Run Behavior\WriteHtmlCacheBehavior [ RunTime:0.001693s ]
INFO: [ view_filter ] --END-- [ RunTime:0.002121s ]
INFO: [ app_end ] --START--
INFO: Run Behavior\ShowPageTraceBehavior [ RunTime:0.002063s ]
INFO: [ app_end ] --END-- [ RunTime:0.002467s ]

[ 2016-03-07T20:30:07+08:00 ] ::1 /My/admin.php
INFO: [ app_init ] --START--
INFO: Run Behavior\BuildLiteBehavior [ RunTime:0.000077s ]
INFO: [ app_init ] --END-- [ RunTime:0.001774s ]
NOTIC: [8] Use of undefined constant ture - assumed 'ture' D:\wamp\www\My\Application\Admin\Conf\config.php 第 16 行.
INFO: [ app_begin ] --START--
INFO: Run Behavior\ReadHtmlCacheBehavior [ RunTime:0.002182s ]
INFO: [ app_begin ] --END-- [ RunTime:0.002673s ]
SQL: SHOW COLUMNS FROM `think_user` [ RunTime:0.0109s ]
SQL: INSERT INTO `think_user` (`name`) VALUES ('ThinkPHP') [ RunTime:0.0008s ]
INFO: [ view_parse ] --START--
INFO: [ template_filter ] --START--
INFO: Run Behavior\ContentReplaceBehavior [ RunTime:0.000195s ]
INFO: [ template_filter ] --END-- [ RunTime:0.000565s ]
INFO: Run Behavior\ParseTemplateBehavior [ RunTime:0.022538s ]
INFO: [ view_parse ] --END-- [ RunTime:0.022931s ]
INFO: [ view_filter ] --START--
INFO: Run Behavior\WriteHtmlCacheBehavior [ RunTime:0.001288s ]
INFO: [ view_filter ] --END-- [ RunTime:0.001690s ]
INFO: [ app_end ] --START--
INFO: Run Behavior\ShowPageTraceBehavior [ RunTime:0.001909s ]
INFO: [ app_end ] --END-- [ RunTime:0.002312s ]

[ 2016-03-07T20:30:14+08:00 ] ::1 /My/admin.php/Login
INFO: [ app_init ] --START--
INFO: Run Behavior\BuildLiteBehavior [ RunTime:0.000077s ]
INFO: [ app_init ] --END-- [ RunTime:0.001689s ]
NOTIC: [8] Use of undefined constant ture - assumed 'ture' D:\wamp\www\My\Application\Admin\Conf\config.php 第 16 行.
INFO: [ app_begin ] --START--
INFO: Run Behavior\ReadHtmlCacheBehavior [ RunTime:0.002074s ]
INFO: [ app_begin ] --END-- [ RunTime:0.002443s ]
ERR: 模板不存在:./Application/Admin/View/default/Login/index.html

[ 2016-03-07T20:30:19+08:00 ] ::1 /My/admin.php/Index/index/t/green.html
INFO: [ app_init ] --START--
INFO: Run Behavior\BuildLiteBehavior [ RunTime:0.000075s ]
INFO: [ app_init ] --END-- [ RunTime:0.001616s ]
NOTIC: [8] Use of undefined constant ture - assumed 'ture' D:\wamp\www\My\Application\Admin\Conf\config.php 第 16 行.
INFO: [ app_begin ] --START--
INFO: Run Behavior\ReadHtmlCacheBehavior [ RunTime:0.002087s ]
INFO: [ app_begin ] --END-- [ RunTime:0.002472s ]
SQL: SHOW COLUMNS FROM `think_user` [ RunTime:0.0106s ]
SQL: INSERT INTO `think_user` (`name`) VALUES ('ThinkPHP') [ RunTime:0.0015s ]
INFO: [ view_parse ] --START--
NOTIC: [2] file_get_contents(./Application/Admin/View/default/Public/navbar.html) [<a href='function.file-get-contents'>function.file-get-contents</a>]: failed to open stream: No such file or directory D:\wamp\www\My\ThinkPHP\Library\Think\Template.class.php 第 696 行.
INFO: [ template_filter ] --START--
INFO: Run Behavior\ContentReplaceBehavior [ RunTime:0.000204s ]
INFO: [ template_filter ] --END-- [ RunTime:0.000571s ]
INFO: Run Behavior\ParseTemplateBehavior [ RunTime:0.029203s ]
INFO: [ view_parse ] --END-- [ RunTime:0.029720s ]
INFO: [ view_filter ] --START--
INFO: Run Behavior\WriteHtmlCacheBehavior [ RunTime:0.001542s ]
INFO: [ view_filter ] --END-- [ RunTime:0.001881s ]
INFO: [ app_end ] --START--
INFO: Run Behavior\ShowPageTraceBehavior [ RunTime:0.002778s ]
INFO: [ app_end ] --END-- [ RunTime:0.003183s ]

