[ 2016-03-27T19:49:51+08:00 ] 127.0.0.1 /index.php/admin/Index/index.shtml
INFO: [ app_init ] --START--
INFO: Run Behavior\BuildLiteBehavior [ RunTime:0.000081s ]
INFO: [ app_init ] --END-- [ RunTime:0.001717s ]
NOTIC: [8] Use of undefined constant ture - assumed 'ture' D:\wamp\www\MyBeta\Application\Admin\Conf\config.php 第 16 行.
INFO: [ app_begin ] --START--
INFO: Run Behavior\ReadHtmlCacheBehavior [ RunTime:0.003889s ]
INFO: [ app_begin ] --END-- [ RunTime:0.004415s ]
SQL: SHOW COLUMNS FROM `think_user` [ RunTime:0.1295s ]
SQL: INSERT INTO `think_user` (`name`) VALUES ('ThinkPHP') [ RunTime:0.0666s ]
INFO: [ view_parse ] --START--
INFO: [ template_filter ] --START--
INFO: Run Behavior\ContentReplaceBehavior [ RunTime:0.000202s ]
INFO: [ template_filter ] --END-- [ RunTime:0.000576s ]
INFO: Run Behavior\ParseTemplateBehavior [ RunTime:0.025504s ]
INFO: [ view_parse ] --END-- [ RunTime:0.025876s ]
INFO: [ view_filter ] --START--
INFO: Run Behavior\WriteHtmlCacheBehavior [ RunTime:0.001348s ]
INFO: [ view_filter ] --END-- [ RunTime:0.001755s ]
INFO: [ app_end ] --START--
INFO: Run Behavior\ShowPageTraceBehavior [ RunTime:0.002282s ]
INFO: [ app_end ] --END-- [ RunTime:0.002630s ]

[ 2016-03-27T19:49:54+08:00 ] 127.0.0.1 /index.php/Admin/Index/index/t/default.shtml
INFO: [ app_init ] --START--
INFO: Run Behavior\BuildLiteBehavior [ RunTime:0.000079s ]
INFO: [ app_init ] --END-- [ RunTime:0.001604s ]
NOTIC: [8] Use of undefined constant ture - assumed 'ture' D:\wamp\www\MyBeta\Application\Admin\Conf\config.php 第 16 行.
INFO: [ app_begin ] --START--
INFO: Run Behavior\ReadHtmlCacheBehavior [ RunTime:0.001795s ]
INFO: [ app_begin ] --END-- [ RunTime:0.002159s ]
SQL: SHOW COLUMNS FROM `think_user` [ RunTime:0.0108s ]
SQL: INSERT INTO `think_user` (`name`) VALUES ('ThinkPHP') [ RunTime:0.0018s ]
INFO: [ view_parse ] --START--
INFO: [ template_filter ] --START--
INFO: Run Behavior\ContentReplaceBehavior [ RunTime:0.000204s ]
INFO: [ template_filter ] --END-- [ RunTime:0.000581s ]
INFO: Run Behavior\ParseTemplateBehavior [ RunTime:0.022981s ]
INFO: [ view_parse ] --END-- [ RunTime:0.023354s ]
INFO: [ view_filter ] --START--
INFO: Run Behavior\WriteHtmlCacheBehavior [ RunTime:0.001450s ]
INFO: [ view_filter ] --END-- [ RunTime:0.001839s ]
INFO: [ app_end ] --START--
INFO: Run Behavior\ShowPageTraceBehavior [ RunTime:0.005363s ]
INFO: [ app_end ] --END-- [ RunTime:0.005826s ]

[ 2016-03-27T19:49:55+08:00 ] 127.0.0.1 /index.php/Admin/Index/index/t/green.shtml
INFO: [ app_init ] --START--
INFO: Run Behavior\BuildLiteBehavior [ RunTime:0.000111s ]
INFO: [ app_init ] --END-- [ RunTime:0.001942s ]
NOTIC: [8] Use of undefined constant ture - assumed 'ture' D:\wamp\www\MyBeta\Application\Admin\Conf\config.php 第 16 行.
INFO: [ app_begin ] --START--
INFO: Run Behavior\ReadHtmlCacheBehavior [ RunTime:0.001910s ]
INFO: [ app_begin ] --END-- [ RunTime:0.002290s ]
SQL: SHOW COLUMNS FROM `think_user` [ RunTime:0.0130s ]
SQL: INSERT INTO `think_user` (`name`) VALUES ('ThinkPHP') [ RunTime:0.0009s ]
INFO: [ view_parse ] --START--
NOTIC: [2] file_get_contents(./Public/Template/Admin/default/Public/navbar.html) [<a href='function.file-get-contents'>function.file-get-contents</a>]: failed to open stream: No such file or directory D:\wamp\www\MyBeta\ThinkPHP\Library\Think\Template.class.php 第 696 行.
INFO: [ template_filter ] --START--
INFO: Run Behavior\ContentReplaceBehavior [ RunTime:0.000234s ]
INFO: [ template_filter ] --END-- [ RunTime:0.000606s ]
INFO: Run Behavior\ParseTemplateBehavior [ RunTime:0.076253s ]
INFO: [ view_parse ] --END-- [ RunTime:0.076601s ]
INFO: [ view_filter ] --START--
INFO: Run Behavior\WriteHtmlCacheBehavior [ RunTime:0.001200s ]
INFO: [ view_filter ] --END-- [ RunTime:0.001628s ]
INFO: [ app_end ] --START--
INFO: Run Behavior\ShowPageTraceBehavior [ RunTime:0.002186s ]
INFO: [ app_end ] --END-- [ RunTime:0.002480s ]

[ 2016-03-27T19:49:59+08:00 ] 127.0.0.1 /index.php/Admin/Index/index/t/green.shtml
INFO: [ app_init ] --START--
INFO: Run Behavior\BuildLiteBehavior [ RunTime:0.000077s ]
INFO: [ app_init ] --END-- [ RunTime:0.001634s ]
NOTIC: [8] Use of undefined constant ture - assumed 'ture' D:\wamp\www\MyBeta\Application\Admin\Conf\config.php 第 16 行.
INFO: [ app_begin ] --START--
INFO: Run Behavior\ReadHtmlCacheBehavior [ RunTime:0.002509s ]
INFO: [ app_begin ] --END-- [ RunTime:0.003146s ]
SQL: SHOW COLUMNS FROM `think_user` [ RunTime:0.0125s ]
SQL: INSERT INTO `think_user` (`name`) VALUES ('ThinkPHP') [ RunTime:0.0011s ]
INFO: [ view_parse ] --START--
NOTIC: [2] file_get_contents(./Public/Template/Admin/default/Public/navbar.html) [<a href='function.file-get-contents'>function.file-get-contents</a>]: failed to open stream: No such file or directory D:\wamp\www\MyBeta\ThinkPHP\Library\Think\Template.class.php 第 696 行.
INFO: [ template_filter ] --START--
INFO: Run Behavior\ContentReplaceBehavior [ RunTime:0.000184s ]
INFO: [ template_filter ] --END-- [ RunTime:0.000487s ]
INFO: Run Behavior\ParseTemplateBehavior [ RunTime:0.030976s ]
INFO: [ view_parse ] --END-- [ RunTime:0.031330s ]
INFO: [ view_filter ] --START--
INFO: Run Behavior\WriteHtmlCacheBehavior [ RunTime:0.001082s ]
INFO: [ view_filter ] --END-- [ RunTime:0.001358s ]
INFO: [ app_end ] --START--
INFO: Run Behavior\ShowPageTraceBehavior [ RunTime:0.002520s ]
INFO: [ app_end ] --END-- [ RunTime:0.002819s ]

[ 2016-03-27T19:50:03+08:00 ] 127.0.0.1 /index.php/Admin/
INFO: [ app_init ] --START--
INFO: Run Behavior\BuildLiteBehavior [ RunTime:0.000077s ]
INFO: [ app_init ] --END-- [ RunTime:0.001841s ]
NOTIC: [8] Use of undefined constant ture - assumed 'ture' D:\wamp\www\MyBeta\Application\Admin\Conf\config.php 第 16 行.
INFO: [ app_begin ] --START--
INFO: Run Behavior\ReadHtmlCacheBehavior [ RunTime:0.001933s ]
INFO: [ app_begin ] --END-- [ RunTime:0.002360s ]
SQL: SHOW COLUMNS FROM `think_user` [ RunTime:0.0119s ]
SQL: INSERT INTO `think_user` (`name`) VALUES ('ThinkPHP') [ RunTime:0.0007s ]
INFO: [ view_parse ] --START--
NOTIC: [2] file_get_contents(./Public/Template/Admin/default/Public/navbar.html) [<a href='function.file-get-contents'>function.file-get-contents</a>]: failed to open stream: No such file or directory D:\wamp\www\MyBeta\ThinkPHP\Library\Think\Template.class.php 第 696 行.
INFO: [ template_filter ] --START--
INFO: Run Behavior\ContentReplaceBehavior [ RunTime:0.000210s ]
INFO: [ template_filter ] --END-- [ RunTime:0.000661s ]
INFO: Run Behavior\ParseTemplateBehavior [ RunTime:0.029433s ]
INFO: [ view_parse ] --END-- [ RunTime:0.029890s ]
INFO: [ view_filter ] --START--
INFO: Run Behavior\WriteHtmlCacheBehavior [ RunTime:0.001939s ]
INFO: [ view_filter ] --END-- [ RunTime:0.002308s ]
INFO: [ app_end ] --START--
INFO: Run Behavior\ShowPageTraceBehavior [ RunTime:0.002298s ]
INFO: [ app_end ] --END-- [ RunTime:0.002647s ]

[ 2016-03-27T19:52:37+08:00 ] 127.0.0.1 /index.php/ADmin/
INFO: [ app_init ] --START--
INFO: Run Behavior\BuildLiteBehavior [ RunTime:0.000075s ]
INFO: [ app_init ] --END-- [ RunTime:0.000435s ]
NOTIC: [8] Use of undefined constant ture - assumed 'ture' D:\wamp\www\MyBeta\Application\Admin\Conf\config.php 第 16 行.
INFO: [ app_begin ] --START--
INFO: Run Behavior\ReadHtmlCacheBehavior [ RunTime:0.002061s ]
INFO: [ app_begin ] --END-- [ RunTime:0.002434s ]
ERR: 无法加载控制器:Index

[ 2016-03-27T19:52:45+08:00 ] 127.0.0.1 /index.php/Admin/
INFO: [ app_init ] --START--
INFO: Run Behavior\BuildLiteBehavior [ RunTime:0.000078s ]
INFO: [ app_init ] --END-- [ RunTime:0.000500s ]
NOTIC: [8] Use of undefined constant ture - assumed 'ture' D:\wamp\www\MyBeta\Application\Admin\Conf\config.php 第 16 行.
INFO: [ app_begin ] --START--
INFO: Run Behavior\ReadHtmlCacheBehavior [ RunTime:0.003254s ]
INFO: [ app_begin ] --END-- [ RunTime:0.003768s ]
SQL: SHOW COLUMNS FROM `think_user` [ RunTime:0.0107s ]
SQL: INSERT INTO `think_user` (`name`) VALUES ('ThinkPHP') [ RunTime:0.0023s ]
INFO: [ view_parse ] --START--
NOTIC: [2] file_get_contents(./Public/Template/Admin/default/Public/navbar.html) [<a href='function.file-get-contents'>function.file-get-contents</a>]: failed to open stream: No such file or directory D:\wamp\www\MyBeta\ThinkPHP\Library\Think\Template.class.php 第 696 行.
INFO: [ template_filter ] --START--
INFO: Run Behavior\ContentReplaceBehavior [ RunTime:0.000430s ]
INFO: [ template_filter ] --END-- [ RunTime:0.001716s ]
INFO: Run Behavior\ParseTemplateBehavior [ RunTime:0.031876s ]
INFO: [ view_parse ] --END-- [ RunTime:0.032339s ]
INFO: [ view_filter ] --START--
INFO: Run Behavior\WriteHtmlCacheBehavior [ RunTime:0.001206s ]
INFO: [ view_filter ] --END-- [ RunTime:0.001606s ]
INFO: [ app_end ] --START--
INFO: Run Behavior\ShowPageTraceBehavior [ RunTime:0.002185s ]
INFO: [ app_end ] --END-- [ RunTime:0.002546s ]

[ 2016-03-27T19:52:47+08:00 ] 127.0.0.1 /index.php/Admin/Index/index/t/default.shtml
INFO: [ app_init ] --START--
INFO: Run Behavior\BuildLiteBehavior [ RunTime:0.000076s ]
INFO: [ app_init ] --END-- [ RunTime:0.000447s ]
NOTIC: [8] Use of undefined constant ture - assumed 'ture' D:\wamp\www\MyBeta\Application\Admin\Conf\config.php 第 16 行.
INFO: [ app_begin ] --START--
INFO: Run Behavior\ReadHtmlCacheBehavior [ RunTime:0.003683s ]
INFO: [ app_begin ] --END-- [ RunTime:0.004134s ]
SQL: SHOW COLUMNS FROM `think_user` [ RunTime:0.0110s ]
SQL: INSERT INTO `think_user` (`name`) VALUES ('ThinkPHP') [ RunTime:0.0007s ]
INFO: [ view_parse ] --START--
INFO: [ template_filter ] --START--
INFO: Run Behavior\ContentReplaceBehavior [ RunTime:0.000234s ]
INFO: [ template_filter ] --END-- [ RunTime:0.000635s ]
INFO: Run Behavior\ParseTemplateBehavior [ RunTime:0.024523s ]
INFO: [ view_parse ] --END-- [ RunTime:0.024972s ]
INFO: [ view_filter ] --START--
INFO: Run Behavior\WriteHtmlCacheBehavior [ RunTime:0.001187s ]
INFO: [ view_filter ] --END-- [ RunTime:0.001539s ]
INFO: [ app_end ] --START--
INFO: Run Behavior\ShowPageTraceBehavior [ RunTime:0.002239s ]
INFO: [ app_end ] --END-- [ RunTime:0.003068s ]

[ 2016-03-27T19:56:55+08:00 ] 127.0.0.1 /index.php/admin/Index/index.shtml
INFO: [ app_init ] --START--
INFO: Run Behavior\BuildLiteBehavior [ RunTime:0.000077s ]
INFO: [ app_init ] --END-- [ RunTime:0.000457s ]
NOTIC: [8] Use of undefined constant ture - assumed 'ture' D:\wamp\www\MyBeta\Application\Admin\Conf\config.php 第 16 行.
INFO: [ app_begin ] --START--
INFO: Run Behavior\ReadHtmlCacheBehavior [ RunTime:0.003438s ]
INFO: [ app_begin ] --END-- [ RunTime:0.004744s ]
SQL: SHOW COLUMNS FROM `think_user` [ RunTime:0.0126s ]
SQL: INSERT INTO `think_user` (`name`) VALUES ('ThinkPHP') [ RunTime:0.0010s ]
INFO: [ view_parse ] --START--
INFO: [ template_filter ] --START--
INFO: Run Behavior\ContentReplaceBehavior [ RunTime:0.000213s ]
INFO: [ template_filter ] --END-- [ RunTime:0.000578s ]
INFO: Run Behavior\ParseTemplateBehavior [ RunTime:0.025632s ]
INFO: [ view_parse ] --END-- [ RunTime:0.026036s ]
INFO: [ view_filter ] --START--
INFO: Run Behavior\WriteHtmlCacheBehavior [ RunTime:0.001091s ]
INFO: [ view_filter ] --END-- [ RunTime:0.001438s ]
INFO: [ app_end ] --START--
INFO: Run Behavior\ShowPageTraceBehavior [ RunTime:0.001970s ]
INFO: [ app_end ] --END-- [ RunTime:0.002327s ]

[ 2016-03-27T19:56:56+08:00 ] 127.0.0.1 /index.php/Admin/Index/index/t/green.shtml
INFO: [ app_init ] --START--
INFO: Run Behavior\BuildLiteBehavior [ RunTime:0.000077s ]
INFO: [ app_init ] --END-- [ RunTime:0.000455s ]
NOTIC: [8] Use of undefined constant ture - assumed 'ture' D:\wamp\www\MyBeta\Application\Admin\Conf\config.php 第 16 行.
INFO: [ app_begin ] --START--
INFO: Run Behavior\ReadHtmlCacheBehavior [ RunTime:0.001908s ]
INFO: [ app_begin ] --END-- [ RunTime:0.002274s ]
SQL: SHOW COLUMNS FROM `think_user` [ RunTime:0.0107s ]
SQL: INSERT INTO `think_user` (`name`) VALUES ('ThinkPHP') [ RunTime:0.0007s ]
INFO: [ view_parse ] --START--
NOTIC: [2] file_get_contents(./Public/Template/Admin/default/Public/navbar.html) [<a href='function.file-get-contents'>function.file-get-contents</a>]: failed to open stream: No such file or directory D:\wamp\www\MyBeta\ThinkPHP\Library\Think\Template.class.php 第 696 行.
INFO: [ template_filter ] --START--
INFO: Run Behavior\ContentReplaceBehavior [ RunTime:0.000215s ]
INFO: [ template_filter ] --END-- [ RunTime:0.000601s ]
INFO: Run Behavior\ParseTemplateBehavior [ RunTime:0.027869s ]
INFO: [ view_parse ] --END-- [ RunTime:0.028344s ]
INFO: [ view_filter ] --START--
INFO: Run Behavior\WriteHtmlCacheBehavior [ RunTime:0.001402s ]
INFO: [ view_filter ] --END-- [ RunTime:0.001835s ]
INFO: [ app_end ] --START--
INFO: Run Behavior\ShowPageTraceBehavior [ RunTime:0.002608s ]
INFO: [ app_end ] --END-- [ RunTime:0.003036s ]

[ 2016-03-27T19:57:47+08:00 ] 127.0.0.1 /index.php/admin/Index/index.shtml
INFO: [ app_init ] --START--
INFO: Run Behavior\BuildLiteBehavior [ RunTime:0.000077s ]
INFO: [ app_init ] --END-- [ RunTime:0.000484s ]
NOTIC: [8] Use of undefined constant ture - assumed 'ture' D:\wamp\www\MyBeta\Application\Admin\Conf\config.php 第 16 行.
INFO: [ app_begin ] --START--
INFO: Run Behavior\ReadHtmlCacheBehavior [ RunTime:0.003218s ]
INFO: [ app_begin ] --END-- [ RunTime:0.003637s ]
SQL: SHOW COLUMNS FROM `think_user` [ RunTime:0.0138s ]
SQL: INSERT INTO `think_user` (`name`) VALUES ('ThinkPHP') [ RunTime:0.0012s ]
INFO: [ view_parse ] --START--
NOTIC: [2] file_get_contents(./Public/Template/Admin/default/Public/navbar.html) [<a href='function.file-get-contents'>function.file-get-contents</a>]: failed to open stream: No such file or directory D:\wamp\www\MyBeta\ThinkPHP\Library\Think\Template.class.php 第 696 行.
INFO: [ template_filter ] --START--
INFO: Run Behavior\ContentReplaceBehavior [ RunTime:0.000181s ]
INFO: [ template_filter ] --END-- [ RunTime:0.000508s ]
INFO: Run Behavior\ParseTemplateBehavior [ RunTime:0.043916s ]
INFO: [ view_parse ] --END-- [ RunTime:0.044353s ]
INFO: [ view_filter ] --START--
INFO: Run Behavior\WriteHtmlCacheBehavior [ RunTime:0.001252s ]
INFO: [ view_filter ] --END-- [ RunTime:0.001564s ]
INFO: [ app_end ] --START--
INFO: Run Behavior\ShowPageTraceBehavior [ RunTime:0.001932s ]
INFO: [ app_end ] --END-- [ RunTime:0.002217s ]

[ 2016-03-27T19:57:48+08:00 ] 127.0.0.1 /index.php/Admin/Index/index/t/default.shtml
INFO: [ app_init ] --START--
INFO: Run Behavior\BuildLiteBehavior [ RunTime:0.000075s ]
INFO: [ app_init ] --END-- [ RunTime:0.000510s ]
NOTIC: [8] Use of undefined constant ture - assumed 'ture' D:\wamp\www\MyBeta\Application\Admin\Conf\config.php 第 16 行.
INFO: [ app_begin ] --START--
INFO: Run Behavior\ReadHtmlCacheBehavior [ RunTime:0.002273s ]
INFO: [ app_begin ] --END-- [ RunTime:0.002652s ]
SQL: SHOW COLUMNS FROM `think_user` [ RunTime:0.0116s ]
SQL: INSERT INTO `think_user` (`name`) VALUES ('ThinkPHP') [ RunTime:0.0006s ]
INFO: [ view_parse ] --START--
INFO: [ template_filter ] --START--
INFO: Run Behavior\ContentReplaceBehavior [ RunTime:0.000175s ]
INFO: [ template_filter ] --END-- [ RunTime:0.000496s ]
INFO: Run Behavior\ParseTemplateBehavior [ RunTime:0.020268s ]
INFO: [ view_parse ] --END-- [ RunTime:0.020582s ]
INFO: [ view_filter ] --START--
INFO: Run Behavior\WriteHtmlCacheBehavior [ RunTime:0.000832s ]
INFO: [ view_filter ] --END-- [ RunTime:0.001110s ]
INFO: [ app_end ] --START--
INFO: Run Behavior\ShowPageTraceBehavior [ RunTime:0.001583s ]
INFO: [ app_end ] --END-- [ RunTime:0.001865s ]

