[ 2016-03-09T16:03:37+08:00 ] 127.0.0.1 /admin.php
INFO: [ app_init ] --START--
INFO: Run Behavior\BuildLiteBehavior [ RunTime:0.000049s ]
INFO: [ app_init ] --END-- [ RunTime:0.000806s ]
NOTIC: [8] Use of undefined constant ture - assumed 'ture' D:\wamp\www\My\Application\Admin\Conf\config.php 第 16 行.
INFO: [ app_begin ] --START--
INFO: Run Behavior\ReadHtmlCacheBehavior [ RunTime:0.000963s ]
INFO: [ app_begin ] --END-- [ RunTime:0.001114s ]
SQL: SHOW COLUMNS FROM `think_user` [ RunTime:0.0486s ]
SQL: INSERT INTO `think_user` (`name`) VALUES ('ThinkPHP') [ RunTime:0.0690s ]
INFO: [ view_parse ] --START--
INFO: [ template_filter ] --START--
INFO: Run Behavior\ContentReplaceBehavior [ RunTime:0.000257s ]
INFO: [ template_filter ] --END-- [ RunTime:0.000598s ]
INFO: Run Behavior\ParseTemplateBehavior [ RunTime:0.023050s ]
INFO: [ view_parse ] --END-- [ RunTime:0.023400s ]
INFO: [ view_filter ] --START--
INFO: Run Behavior\WriteHtmlCacheBehavior [ RunTime:0.001355s ]
INFO: [ view_filter ] --END-- [ RunTime:0.001652s ]
INFO: [ app_end ] --START--
INFO: Run Behavior\ShowPageTraceBehavior [ RunTime:0.002445s ]
INFO: [ app_end ] --END-- [ RunTime:0.002765s ]

[ 2016-03-09T21:01:30+08:00 ] 127.0.0.1 /index.php/Admin/Index
INFO: [ app_init ] --START--
INFO: Run Behavior\BuildLiteBehavior [ RunTime:0.000075s ]
INFO: [ app_init ] --END-- [ RunTime:0.001729s ]
NOTIC: [8] Use of undefined constant ture - assumed 'ture' D:\wamp\www\My\Application\Admin\Conf\config.php 第 16 行.
INFO: [ app_begin ] --START--
INFO: Run Behavior\ReadHtmlCacheBehavior [ RunTime:0.002726s ]
INFO: [ app_begin ] --END-- [ RunTime:0.003175s ]
SQL: SHOW COLUMNS FROM `think_user` [ RunTime:0.0112s ]
SQL: INSERT INTO `think_user` (`name`) VALUES ('ThinkPHP') [ RunTime:0.0236s ]
INFO: [ view_parse ] --START--
INFO: [ template_filter ] --START--
INFO: Run Behavior\ContentReplaceBehavior [ RunTime:0.000208s ]
INFO: [ template_filter ] --END-- [ RunTime:0.000601s ]
INFO: Run Behavior\ParseTemplateBehavior [ RunTime:0.024172s ]
INFO: [ view_parse ] --END-- [ RunTime:0.024842s ]
INFO: [ view_filter ] --START--
INFO: Run Behavior\WriteHtmlCacheBehavior [ RunTime:0.001758s ]
INFO: [ view_filter ] --END-- [ RunTime:0.002103s ]
INFO: [ app_end ] --START--
INFO: Run Behavior\ShowPageTraceBehavior [ RunTime:0.002592s ]
INFO: [ app_end ] --END-- [ RunTime:0.002950s ]

[ 2016-03-09T21:28:31+08:00 ] 127.0.0.1 /admin.php/Index/login.html
INFO: [ app_init ] --START--
INFO: Run Behavior\BuildLiteBehavior [ RunTime:0.000075s ]
INFO: [ app_init ] --END-- [ RunTime:0.001867s ]
NOTIC: [8] Use of undefined constant ture - assumed 'ture' D:\wamp\www\My\Application\Admin\Conf\config.php 第 16 行.
INFO: [ app_begin ] --START--
INFO: Run Behavior\ReadHtmlCacheBehavior [ RunTime:0.002776s ]
INFO: [ app_begin ] --END-- [ RunTime:0.003141s ]
ERR: 非法操作:login

[ 2016-03-09T21:28:35+08:00 ] 127.0.0.1 /admin.php/Index/
INFO: [ app_init ] --START--
INFO: Run Behavior\BuildLiteBehavior [ RunTime:0.000080s ]
INFO: [ app_init ] --END-- [ RunTime:0.001961s ]
NOTIC: [8] Use of undefined constant ture - assumed 'ture' D:\wamp\www\My\Application\Admin\Conf\config.php 第 16 行.
INFO: [ app_begin ] --START--
INFO: Run Behavior\ReadHtmlCacheBehavior [ RunTime:0.002626s ]
INFO: [ app_begin ] --END-- [ RunTime:0.003049s ]
SQL: SHOW COLUMNS FROM `think_user` [ RunTime:0.0116s ]
SQL: INSERT INTO `think_user` (`name`) VALUES ('ThinkPHP') [ RunTime:0.0010s ]
INFO: [ view_parse ] --START--
INFO: [ template_filter ] --START--
INFO: Run Behavior\ContentReplaceBehavior [ RunTime:0.000201s ]
INFO: [ template_filter ] --END-- [ RunTime:0.000585s ]
INFO: Run Behavior\ParseTemplateBehavior [ RunTime:0.026076s ]
INFO: [ view_parse ] --END-- [ RunTime:0.026459s ]
INFO: [ view_filter ] --START--
INFO: Run Behavior\WriteHtmlCacheBehavior [ RunTime:0.002073s ]
INFO: [ view_filter ] --END-- [ RunTime:0.002490s ]
INFO: [ app_end ] --START--
INFO: Run Behavior\ShowPageTraceBehavior [ RunTime:0.003407s ]
INFO: [ app_end ] --END-- [ RunTime:0.003775s ]

[ 2016-03-09T21:28:38+08:00 ] 127.0.0.1 /admin.php/Index/index/t/green.html
INFO: [ app_init ] --START--
INFO: Run Behavior\BuildLiteBehavior [ RunTime:0.000078s ]
INFO: [ app_init ] --END-- [ RunTime:0.001766s ]
NOTIC: [8] Use of undefined constant ture - assumed 'ture' D:\wamp\www\My\Application\Admin\Conf\config.php 第 16 行.
INFO: [ app_begin ] --START--
INFO: Run Behavior\ReadHtmlCacheBehavior [ RunTime:0.002783s ]
INFO: [ app_begin ] --END-- [ RunTime:0.003292s ]
SQL: SHOW COLUMNS FROM `think_user` [ RunTime:0.0101s ]
SQL: INSERT INTO `think_user` (`name`) VALUES ('ThinkPHP') [ RunTime:0.0008s ]
INFO: [ view_parse ] --START--
NOTIC: [2] file_get_contents(./Application/Admin/View/default/Public/navbar.html) [<a href='function.file-get-contents'>function.file-get-contents</a>]: failed to open stream: No such file or directory D:\wamp\www\My\ThinkPHP\Library\Think\Template.class.php 第 696 行.
INFO: [ template_filter ] --START--
INFO: Run Behavior\ContentReplaceBehavior [ RunTime:0.000167s ]
INFO: [ template_filter ] --END-- [ RunTime:0.000469s ]
INFO: Run Behavior\ParseTemplateBehavior [ RunTime:0.028134s ]
INFO: [ view_parse ] --END-- [ RunTime:0.028574s ]
INFO: [ view_filter ] --START--
INFO: Run Behavior\WriteHtmlCacheBehavior [ RunTime:0.001419s ]
INFO: [ view_filter ] --END-- [ RunTime:0.001684s ]
INFO: [ app_end ] --START--
INFO: Run Behavior\ShowPageTraceBehavior [ RunTime:0.002114s ]
INFO: [ app_end ] --END-- [ RunTime:0.002392s ]

[ 2016-03-09T21:28:44+08:00 ] 127.0.0.1 /admin.php/Index/index/t/default.html
INFO: [ app_init ] --START--
INFO: Run Behavior\BuildLiteBehavior [ RunTime:0.000076s ]
INFO: [ app_init ] --END-- [ RunTime:0.001802s ]
NOTIC: [8] Use of undefined constant ture - assumed 'ture' D:\wamp\www\My\Application\Admin\Conf\config.php 第 16 行.
INFO: [ app_begin ] --START--
INFO: Run Behavior\ReadHtmlCacheBehavior [ RunTime:0.002717s ]
INFO: [ app_begin ] --END-- [ RunTime:0.003376s ]
SQL: SHOW COLUMNS FROM `think_user` [ RunTime:0.0100s ]
SQL: INSERT INTO `think_user` (`name`) VALUES ('ThinkPHP') [ RunTime:0.0008s ]
INFO: [ view_parse ] --START--
INFO: [ template_filter ] --START--
INFO: Run Behavior\ContentReplaceBehavior [ RunTime:0.000204s ]
INFO: [ template_filter ] --END-- [ RunTime:0.000585s ]
INFO: Run Behavior\ParseTemplateBehavior [ RunTime:0.025925s ]
INFO: [ view_parse ] --END-- [ RunTime:0.026287s ]
INFO: [ view_filter ] --START--
INFO: Run Behavior\WriteHtmlCacheBehavior [ RunTime:0.001851s ]
INFO: [ view_filter ] --END-- [ RunTime:0.002192s ]
INFO: [ app_end ] --START--
INFO: Run Behavior\ShowPageTraceBehavior [ RunTime:0.002562s ]
INFO: [ app_end ] --END-- [ RunTime:0.002901s ]

[ 2016-03-09T21:28:51+08:00 ] 127.0.0.1 /admin.php/Index/index/t/green.html
INFO: [ app_init ] --START--
INFO: Run Behavior\BuildLiteBehavior [ RunTime:0.000183s ]
INFO: [ app_init ] --END-- [ RunTime:0.003199s ]
NOTIC: [8] Use of undefined constant ture - assumed 'ture' D:\wamp\www\My\Application\Admin\Conf\config.php 第 16 行.
INFO: [ app_begin ] --START--
INFO: Run Behavior\ReadHtmlCacheBehavior [ RunTime:0.002581s ]
INFO: [ app_begin ] --END-- [ RunTime:0.002957s ]
SQL: SHOW COLUMNS FROM `think_user` [ RunTime:0.0106s ]
SQL: INSERT INTO `think_user` (`name`) VALUES ('ThinkPHP') [ RunTime:0.0008s ]
INFO: [ view_parse ] --START--
NOTIC: [2] file_get_contents(./Application/Admin/View/default/Public/navbar.html) [<a href='function.file-get-contents'>function.file-get-contents</a>]: failed to open stream: No such file or directory D:\wamp\www\My\ThinkPHP\Library\Think\Template.class.php 第 696 行.
INFO: [ template_filter ] --START--
INFO: Run Behavior\ContentReplaceBehavior [ RunTime:0.000170s ]
INFO: [ template_filter ] --END-- [ RunTime:0.000533s ]
INFO: Run Behavior\ParseTemplateBehavior [ RunTime:0.026024s ]
INFO: [ view_parse ] --END-- [ RunTime:0.026344s ]
INFO: [ view_filter ] --START--
INFO: Run Behavior\WriteHtmlCacheBehavior [ RunTime:0.001409s ]
INFO: [ view_filter ] --END-- [ RunTime:0.001674s ]
INFO: [ app_end ] --START--
INFO: Run Behavior\ShowPageTraceBehavior [ RunTime:0.001966s ]
INFO: [ app_end ] --END-- [ RunTime:0.002233s ]

[ 2016-03-09T21:28:52+08:00 ] 127.0.0.1 /admin.php/Index/index/t/default.html
INFO: [ app_init ] --START--
INFO: Run Behavior\BuildLiteBehavior [ RunTime:0.000094s ]
INFO: [ app_init ] --END-- [ RunTime:0.002171s ]
NOTIC: [8] Use of undefined constant ture - assumed 'ture' D:\wamp\www\My\Application\Admin\Conf\config.php 第 16 行.
INFO: [ app_begin ] --START--
INFO: Run Behavior\ReadHtmlCacheBehavior [ RunTime:0.002638s ]
INFO: [ app_begin ] --END-- [ RunTime:0.003024s ]
SQL: SHOW COLUMNS FROM `think_user` [ RunTime:0.0100s ]
SQL: INSERT INTO `think_user` (`name`) VALUES ('ThinkPHP') [ RunTime:0.0008s ]
INFO: [ view_parse ] --START--
INFO: [ template_filter ] --START--
INFO: Run Behavior\ContentReplaceBehavior [ RunTime:0.000202s ]
INFO: [ template_filter ] --END-- [ RunTime:0.000583s ]
INFO: Run Behavior\ParseTemplateBehavior [ RunTime:0.025065s ]
INFO: [ view_parse ] --END-- [ RunTime:0.025434s ]
INFO: [ view_filter ] --START--
INFO: Run Behavior\WriteHtmlCacheBehavior [ RunTime:0.001916s ]
INFO: [ view_filter ] --END-- [ RunTime:0.002258s ]
INFO: [ app_end ] --START--
INFO: Run Behavior\ShowPageTraceBehavior [ RunTime:0.002666s ]
INFO: [ app_end ] --END-- [ RunTime:0.003028s ]

[ 2016-03-09T21:28:57+08:00 ] 127.0.0.1 /admin.php/Index/index/t/green.html
INFO: [ app_init ] --START--
INFO: Run Behavior\BuildLiteBehavior [ RunTime:0.000079s ]
INFO: [ app_init ] --END-- [ RunTime:0.001646s ]
NOTIC: [8] Use of undefined constant ture - assumed 'ture' D:\wamp\www\My\Application\Admin\Conf\config.php 第 16 行.
INFO: [ app_begin ] --START--
INFO: Run Behavior\ReadHtmlCacheBehavior [ RunTime:0.002671s ]
INFO: [ app_begin ] --END-- [ RunTime:0.003035s ]
SQL: SHOW COLUMNS FROM `think_user` [ RunTime:0.0107s ]
SQL: INSERT INTO `think_user` (`name`) VALUES ('ThinkPHP') [ RunTime:0.0011s ]
INFO: [ view_parse ] --START--
NOTIC: [2] file_get_contents(./Application/Admin/View/default/Public/navbar.html) [<a href='function.file-get-contents'>function.file-get-contents</a>]: failed to open stream: No such file or directory D:\wamp\www\My\ThinkPHP\Library\Think\Template.class.php 第 696 行.
INFO: [ template_filter ] --START--
INFO: Run Behavior\ContentReplaceBehavior [ RunTime:0.000426s ]
INFO: [ template_filter ] --END-- [ RunTime:0.000810s ]
INFO: Run Behavior\ParseTemplateBehavior [ RunTime:0.029807s ]
INFO: [ view_parse ] --END-- [ RunTime:0.030187s ]
INFO: [ view_filter ] --START--
INFO: Run Behavior\WriteHtmlCacheBehavior [ RunTime:0.001909s ]
INFO: [ view_filter ] --END-- [ RunTime:0.002249s ]
INFO: [ app_end ] --START--
INFO: Run Behavior\ShowPageTraceBehavior [ RunTime:0.002606s ]
INFO: [ app_end ] --END-- [ RunTime:0.002951s ]

[ 2016-03-09T21:29:01+08:00 ] 127.0.0.1 /admin.php
INFO: [ app_init ] --START--
INFO: Run Behavior\BuildLiteBehavior [ RunTime:0.000077s ]
INFO: [ app_init ] --END-- [ RunTime:0.001707s ]
NOTIC: [8] Use of undefined constant ture - assumed 'ture' D:\wamp\www\My\Application\Admin\Conf\config.php 第 16 行.
INFO: [ app_begin ] --START--
INFO: Run Behavior\ReadHtmlCacheBehavior [ RunTime:0.002809s ]
INFO: [ app_begin ] --END-- [ RunTime:0.003177s ]
SQL: SHOW COLUMNS FROM `think_user` [ RunTime:0.0110s ]
SQL: INSERT INTO `think_user` (`name`) VALUES ('ThinkPHP') [ RunTime:0.0008s ]
INFO: [ view_parse ] --START--
NOTIC: [2] file_get_contents(./Application/Admin/View/default/Public/navbar.html) [<a href='function.file-get-contents'>function.file-get-contents</a>]: failed to open stream: No such file or directory D:\wamp\www\My\ThinkPHP\Library\Think\Template.class.php 第 696 行.
INFO: [ template_filter ] --START--
INFO: Run Behavior\ContentReplaceBehavior [ RunTime:0.000207s ]
INFO: [ template_filter ] --END-- [ RunTime:0.000895s ]
INFO: Run Behavior\ParseTemplateBehavior [ RunTime:0.029576s ]
INFO: [ view_parse ] --END-- [ RunTime:0.029953s ]
INFO: [ view_filter ] --START--
INFO: Run Behavior\WriteHtmlCacheBehavior [ RunTime:0.001828s ]
INFO: [ view_filter ] --END-- [ RunTime:0.002238s ]
INFO: [ app_end ] --START--
INFO: Run Behavior\ShowPageTraceBehavior [ RunTime:0.002697s ]
INFO: [ app_end ] --END-- [ RunTime:0.003043s ]

[ 2016-03-09T21:53:32+08:00 ] 127.0.0.1 /index.php/Admin/Index/index.html
INFO: [ app_init ] --START--
INFO: Run Behavior\BuildLiteBehavior [ RunTime:0.000078s ]
INFO: [ app_init ] --END-- [ RunTime:0.001683s ]
NOTIC: [8] Use of undefined constant ture - assumed 'ture' D:\wamp\www\My\Application\Admin\Conf\config.php 第 16 行.
INFO: [ app_begin ] --START--
INFO: Run Behavior\ReadHtmlCacheBehavior [ RunTime:0.001937s ]
INFO: [ app_begin ] --END-- [ RunTime:0.002318s ]
SQL: SHOW COLUMNS FROM `think_user` [ RunTime:0.0130s ]
SQL: INSERT INTO `think_user` (`name`) VALUES ('ThinkPHP') [ RunTime:0.0010s ]
INFO: [ view_parse ] --START--
NOTIC: [2] file_get_contents(./Public/Template/Admin/default/Public/navbar.html) [<a href='function.file-get-contents'>function.file-get-contents</a>]: failed to open stream: No such file or directory D:\wamp\www\My\ThinkPHP\Library\Think\Template.class.php 第 696 行.
INFO: [ template_filter ] --START--
INFO: Run Behavior\ContentReplaceBehavior [ RunTime:0.000219s ]
INFO: [ template_filter ] --END-- [ RunTime:0.000627s ]
INFO: Run Behavior\ParseTemplateBehavior [ RunTime:0.029492s ]
INFO: [ view_parse ] --END-- [ RunTime:0.029884s ]
INFO: [ view_filter ] --START--
INFO: Run Behavior\WriteHtmlCacheBehavior [ RunTime:0.001641s ]
INFO: [ view_filter ] --END-- [ RunTime:0.002009s ]
INFO: [ app_end ] --START--
INFO: Run Behavior\ShowPageTraceBehavior [ RunTime:0.002368s ]
INFO: [ app_end ] --END-- [ RunTime:0.002737s ]

