[ 2016-03-28T13:26:21+08:00 ] 127.0.0.1 /index.php/Blog/Index/index.shtml
INFO: [ app_init ] --START--
INFO: Run Behavior\BuildLiteBehavior [ RunTime:0.000029s ]
INFO: [ app_init ] --END-- [ RunTime:0.000166s ]
INFO: [ app_begin ] --START--
INFO: Run Behavior\ReadHtmlCacheBehavior [ RunTime:0.000822s ]
INFO: [ app_begin ] --END-- [ RunTime:0.000960s ]
INFO: [ view_parse ] --START--
INFO: [ template_filter ] --START--
INFO: Run Behavior\ContentReplaceBehavior [ RunTime:0.000057s ]
INFO: [ template_filter ] --END-- [ RunTime:0.000160s ]
INFO: Run Behavior\ParseTemplateBehavior [ RunTime:0.020750s ]
INFO: [ view_parse ] --END-- [ RunTime:0.020860s ]
INFO: [ view_filter ] --START--
INFO: Run Behavior\WriteHtmlCacheBehavior [ RunTime:0.000315s ]
INFO: [ view_filter ] --END-- [ RunTime:0.000391s ]

[ 2016-03-28T13:32:10+08:00 ] 127.0.0.1 /index.php/Blog/Index/index.shtml
INFO: [ app_init ] --START--
INFO: Run Behavior\BuildLiteBehavior [ RunTime:0.000021s ]
INFO: [ app_init ] --END-- [ RunTime:0.000112s ]
INFO: [ app_begin ] --START--
INFO: Run Behavior\ReadHtmlCacheBehavior [ RunTime:0.003364s ]
INFO: [ app_begin ] --END-- [ RunTime:0.004120s ]
SQL: SHOW COLUMNS FROM `nb_blog` [ RunTime:0.0178s ]
SQL: SELECT * FROM `nb_blog` WHERE ( username="wang" )  [ RunTime:0.0005s ]
INFO: [ view_parse ] --START--
INFO: [ template_filter ] --START--
INFO: Run Behavior\ContentReplaceBehavior [ RunTime:0.000065s ]
INFO: [ template_filter ] --END-- [ RunTime:0.000158s ]
INFO: Run Behavior\ParseTemplateBehavior [ RunTime:0.011110s ]
INFO: [ view_parse ] --END-- [ RunTime:0.011689s ]
INFO: [ view_filter ] --START--
INFO: Run Behavior\WriteHtmlCacheBehavior [ RunTime:0.000843s ]
INFO: [ view_filter ] --END-- [ RunTime:0.000970s ]
INFO: [ app_end ] --START--
INFO: Run Behavior\ShowPageTraceBehavior [ RunTime:0.001240s ]
INFO: [ app_end ] --END-- [ RunTime:0.001453s ]

[ 2016-03-28T13:33:04+08:00 ] 127.0.0.1 /index.php/Blog/Index/index.shtml
INFO: [ app_init ] --START--
INFO: Run Behavior\BuildLiteBehavior [ RunTime:0.000029s ]
INFO: [ app_init ] --END-- [ RunTime:0.000163s ]
INFO: [ app_begin ] --START--
INFO: Run Behavior\ReadHtmlCacheBehavior [ RunTime:0.000820s ]
INFO: [ app_begin ] --END-- [ RunTime:0.000962s ]
SQL: SHOW COLUMNS FROM `nb_blog` [ RunTime:0.0037s ]
SQL: SELECT * FROM `nb_blog` WHERE ( username="wang" )  [ RunTime:0.0003s ]
INFO: [ view_parse ] --START--
INFO: [ template_filter ] --START--
INFO: Run Behavior\ContentReplaceBehavior [ RunTime:0.000085s ]
INFO: [ template_filter ] --END-- [ RunTime:0.000175s ]
INFO: Run Behavior\ParseTemplateBehavior [ RunTime:0.008208s ]
INFO: [ view_parse ] --END-- [ RunTime:0.008302s ]
INFO: [ view_filter ] --START--
INFO: Run Behavior\WriteHtmlCacheBehavior [ RunTime:0.000340s ]
INFO: [ view_filter ] --END-- [ RunTime:0.000416s ]
INFO: [ app_end ] --START--
INFO: Run Behavior\ShowPageTraceBehavior [ RunTime:0.000487s ]
INFO: [ app_end ] --END-- [ RunTime:0.000564s ]

[ 2016-03-28T13:33:05+08:00 ] 127.0.0.1 /index.php/Blog/Index/index.shtml
INFO: [ app_init ] --START--
INFO: Run Behavior\BuildLiteBehavior [ RunTime:0.000033s ]
INFO: [ app_init ] --END-- [ RunTime:0.000182s ]
INFO: [ app_begin ] --START--
INFO: Run Behavior\ReadHtmlCacheBehavior [ RunTime:0.000946s ]
INFO: [ app_begin ] --END-- [ RunTime:0.001125s ]
SQL: SHOW COLUMNS FROM `nb_blog` [ RunTime:0.0029s ]
SQL: SELECT * FROM `nb_blog` WHERE ( username="wang" )  [ RunTime:0.0003s ]
INFO: [ view_parse ] --START--
INFO: [ template_filter ] --START--
INFO: Run Behavior\ContentReplaceBehavior [ RunTime:0.000096s ]
INFO: [ template_filter ] --END-- [ RunTime:0.000364s ]
INFO: Run Behavior\ParseTemplateBehavior [ RunTime:0.007904s ]
INFO: [ view_parse ] --END-- [ RunTime:0.007995s ]
INFO: [ view_filter ] --START--
INFO: Run Behavior\WriteHtmlCacheBehavior [ RunTime:0.000333s ]
INFO: [ view_filter ] --END-- [ RunTime:0.000405s ]
INFO: [ app_end ] --START--
INFO: Run Behavior\ShowPageTraceBehavior [ RunTime:0.000479s ]
INFO: [ app_end ] --END-- [ RunTime:0.000552s ]

[ 2016-03-28T13:34:57+08:00 ] 127.0.0.1 /index.php/Blog/Index/index.shtml
INFO: [ app_init ] --START--
INFO: Run Behavior\BuildLiteBehavior [ RunTime:0.000032s ]
INFO: [ app_init ] --END-- [ RunTime:0.000178s ]
INFO: [ app_begin ] --START--
INFO: Run Behavior\ReadHtmlCacheBehavior [ RunTime:0.000819s ]
INFO: [ app_begin ] --END-- [ RunTime:0.000985s ]
SQL: SHOW COLUMNS FROM `nb_blog` [ RunTime:0.0033s ]
SQL: SELECT * FROM `nb_blog` WHERE ( username="wang" )  [ RunTime:0.0003s ]
INFO: [ view_parse ] --START--
INFO: [ template_filter ] --START--
INFO: Run Behavior\ContentReplaceBehavior [ RunTime:0.000061s ]
INFO: [ template_filter ] --END-- [ RunTime:0.000152s ]
INFO: Run Behavior\ParseTemplateBehavior [ RunTime:0.008054s ]
INFO: [ view_parse ] --END-- [ RunTime:0.008173s ]
INFO: [ view_filter ] --START--
INFO: Run Behavior\WriteHtmlCacheBehavior [ RunTime:0.000304s ]
INFO: [ view_filter ] --END-- [ RunTime:0.000386s ]
INFO: [ app_end ] --START--
INFO: Run Behavior\ShowPageTraceBehavior [ RunTime:0.000450s ]
INFO: [ app_end ] --END-- [ RunTime:0.000533s ]

[ 2016-03-28T13:36:17+08:00 ] 127.0.0.1 /index.php/Blog/Index/index.shtml
INFO: [ app_init ] --START--
INFO: Run Behavior\BuildLiteBehavior [ RunTime:0.000021s ]
INFO: [ app_init ] --END-- [ RunTime:0.000123s ]
INFO: [ app_begin ] --START--
INFO: Run Behavior\ReadHtmlCacheBehavior [ RunTime:0.000558s ]
INFO: [ app_begin ] --END-- [ RunTime:0.000657s ]
SQL: SHOW COLUMNS FROM `nb_blog` [ RunTime:0.0037s ]
SQL: SELECT * FROM `nb_blog` WHERE ( username="wang" )  [ RunTime:0.0003s ]
INFO: [ view_parse ] --START--
INFO: [ template_filter ] --START--
INFO: Run Behavior\ContentReplaceBehavior [ RunTime:0.000057s ]
INFO: [ template_filter ] --END-- [ RunTime:0.000150s ]
INFO: Run Behavior\ParseTemplateBehavior [ RunTime:0.019159s ]
INFO: [ view_parse ] --END-- [ RunTime:0.019255s ]
INFO: [ view_filter ] --START--
INFO: Run Behavior\WriteHtmlCacheBehavior [ RunTime:0.000362s ]
INFO: [ view_filter ] --END-- [ RunTime:0.000440s ]
INFO: [ app_end ] --START--
INFO: Run Behavior\ShowPageTraceBehavior [ RunTime:0.000494s ]
INFO: [ app_end ] --END-- [ RunTime:0.000572s ]

[ 2016-03-28T14:05:10+08:00 ] 127.0.0.1 /index.php/Blog/Index/readMore.shtml?artid=1
INFO: [ app_init ] --START--
INFO: Run Behavior\BuildLiteBehavior [ RunTime:0.000020s ]
INFO: [ app_init ] --END-- [ RunTime:0.000114s ]
INFO: [ app_begin ] --START--
INFO: Run Behavior\ReadHtmlCacheBehavior [ RunTime:0.000630s ]
INFO: [ app_begin ] --END-- [ RunTime:0.000727s ]
SQL: SHOW COLUMNS FROM `nb_blog` [ RunTime:0.0030s ]
SQL: SELECT * FROM `nb_blog` WHERE ( artid=1 AND username="wang" )  [ RunTime:0.0003s ]
INFO: [ view_parse ] --START--
INFO: [ template_filter ] --START--
INFO: Run Behavior\ContentReplaceBehavior [ RunTime:0.000070s ]
INFO: [ template_filter ] --END-- [ RunTime:0.000180s ]
NOTIC: [8] Undefined variable: name D:\wamp\www\My\Application\Runtime\Cache\Blog\1ef2d4d57a616643ff2c43c2de394463.php 第 65 行.
NOTIC: [8] Undefined variable: name D:\wamp\www\My\Application\Runtime\Cache\Blog\1ef2d4d57a616643ff2c43c2de394463.php 第 70 行.
NOTIC: [8] Undefined variable: name D:\wamp\www\My\Application\Runtime\Cache\Blog\1ef2d4d57a616643ff2c43c2de394463.php 第 74 行.
NOTIC: [8] Use of undefined constant arttitle - assumed 'arttitle' D:\wamp\www\My\Application\Runtime\Cache\Blog\1ef2d4d57a616643ff2c43c2de394463.php 第 92 行.
NOTIC: [8] Use of undefined constant username - assumed 'username' D:\wamp\www\My\Application\Runtime\Cache\Blog\1ef2d4d57a616643ff2c43c2de394463.php 第 93 行.
NOTIC: [8] Use of undefined constant artdate - assumed 'artdate' D:\wamp\www\My\Application\Runtime\Cache\Blog\1ef2d4d57a616643ff2c43c2de394463.php 第 93 行.
NOTIC: [8] Use of undefined constant artcontent - assumed 'artcontent' D:\wamp\www\My\Application\Runtime\Cache\Blog\1ef2d4d57a616643ff2c43c2de394463.php 第 98 行.
NOTIC: [8] Use of undefined constant artremark1 - assumed 'artremark1' D:\wamp\www\My\Application\Runtime\Cache\Blog\1ef2d4d57a616643ff2c43c2de394463.php 第 103 行.
NOTIC: [8] Use of undefined constant artid - assumed 'artid' D:\wamp\www\My\Application\Runtime\Cache\Blog\1ef2d4d57a616643ff2c43c2de394463.php 第 105 行.
NOTIC: [8] Use of undefined constant artid - assumed 'artid' D:\wamp\www\My\Application\Runtime\Cache\Blog\1ef2d4d57a616643ff2c43c2de394463.php 第 106 行.
INFO: Run Behavior\ParseTemplateBehavior [ RunTime:0.022761s ]
INFO: [ view_parse ] --END-- [ RunTime:0.022859s ]
INFO: [ view_filter ] --START--
INFO: Run Behavior\WriteHtmlCacheBehavior [ RunTime:0.000429s ]
INFO: [ view_filter ] --END-- [ RunTime:0.000513s ]
INFO: [ app_end ] --START--
INFO: Run Behavior\ShowPageTraceBehavior [ RunTime:0.000613s ]
INFO: [ app_end ] --END-- [ RunTime:0.000697s ]

[ 2016-03-28T14:05:48+08:00 ] 127.0.0.1 /index.php/Blog/Index/readMore.shtml?artid=19
INFO: [ app_init ] --START--
INFO: Run Behavior\BuildLiteBehavior [ RunTime:0.000029s ]
INFO: [ app_init ] --END-- [ RunTime:0.000177s ]
INFO: [ app_begin ] --START--
INFO: Run Behavior\ReadHtmlCacheBehavior [ RunTime:0.000937s ]
INFO: [ app_begin ] --END-- [ RunTime:0.001090s ]
SQL: SHOW COLUMNS FROM `nb_blog` [ RunTime:0.0030s ]
SQL: SELECT * FROM `nb_blog` WHERE ( artid=19 AND username="wang" )  [ RunTime:0.0003s ]
INFO: [ view_parse ] --START--
INFO: [ template_filter ] --START--
INFO: Run Behavior\ContentReplaceBehavior [ RunTime:0.000066s ]
INFO: [ template_filter ] --END-- [ RunTime:0.000161s ]
NOTIC: [8] Undefined variable: name D:\wamp\www\My\Application\Runtime\Cache\Blog\1ef2d4d57a616643ff2c43c2de394463.php 第 65 行.
NOTIC: [8] Undefined variable: name D:\wamp\www\My\Application\Runtime\Cache\Blog\1ef2d4d57a616643ff2c43c2de394463.php 第 70 行.
NOTIC: [8] Undefined variable: name D:\wamp\www\My\Application\Runtime\Cache\Blog\1ef2d4d57a616643ff2c43c2de394463.php 第 74 行.
NOTIC: [8] Use of undefined constant arttitle - assumed 'arttitle' D:\wamp\www\My\Application\Runtime\Cache\Blog\1ef2d4d57a616643ff2c43c2de394463.php 第 92 行.
NOTIC: [8] Use of undefined constant username - assumed 'username' D:\wamp\www\My\Application\Runtime\Cache\Blog\1ef2d4d57a616643ff2c43c2de394463.php 第 93 行.
NOTIC: [8] Use of undefined constant artdate - assumed 'artdate' D:\wamp\www\My\Application\Runtime\Cache\Blog\1ef2d4d57a616643ff2c43c2de394463.php 第 93 行.
NOTIC: [8] Use of undefined constant artcontent - assumed 'artcontent' D:\wamp\www\My\Application\Runtime\Cache\Blog\1ef2d4d57a616643ff2c43c2de394463.php 第 98 行.
NOTIC: [8] Use of undefined constant artremark1 - assumed 'artremark1' D:\wamp\www\My\Application\Runtime\Cache\Blog\1ef2d4d57a616643ff2c43c2de394463.php 第 103 行.
NOTIC: [8] Use of undefined constant artid - assumed 'artid' D:\wamp\www\My\Application\Runtime\Cache\Blog\1ef2d4d57a616643ff2c43c2de394463.php 第 105 行.
NOTIC: [8] Use of undefined constant artid - assumed 'artid' D:\wamp\www\My\Application\Runtime\Cache\Blog\1ef2d4d57a616643ff2c43c2de394463.php 第 106 行.
INFO: Run Behavior\ParseTemplateBehavior [ RunTime:0.008212s ]
INFO: [ view_parse ] --END-- [ RunTime:0.008305s ]
INFO: [ view_filter ] --START--
INFO: Run Behavior\WriteHtmlCacheBehavior [ RunTime:0.000472s ]
INFO: [ view_filter ] --END-- [ RunTime:0.000554s ]
INFO: [ app_end ] --START--
INFO: Run Behavior\ShowPageTraceBehavior [ RunTime:0.000570s ]
INFO: [ app_end ] --END-- [ RunTime:0.000648s ]

[ 2016-03-28T14:06:16+08:00 ] 127.0.0.1 /index.php/Blog/Index/index.shtml
INFO: [ app_init ] --START--
INFO: Run Behavior\BuildLiteBehavior [ RunTime:0.000031s ]
INFO: [ app_init ] --END-- [ RunTime:0.000181s ]
INFO: [ app_begin ] --START--
INFO: Run Behavior\ReadHtmlCacheBehavior [ RunTime:0.001009s ]
INFO: [ app_begin ] --END-- [ RunTime:0.001165s ]
SQL: SHOW COLUMNS FROM `nb_blog` [ RunTime:0.0034s ]
SQL: SELECT * FROM `nb_blog` WHERE ( username="wang" )  [ RunTime:0.0003s ]
INFO: [ view_parse ] --START--
INFO: [ template_filter ] --START--
INFO: Run Behavior\ContentReplaceBehavior [ RunTime:0.000060s ]
INFO: [ template_filter ] --END-- [ RunTime:0.000158s ]
INFO: Run Behavior\ParseTemplateBehavior [ RunTime:0.008258s ]
INFO: [ view_parse ] --END-- [ RunTime:0.008367s ]
INFO: [ view_filter ] --START--
INFO: Run Behavior\WriteHtmlCacheBehavior [ RunTime:0.000438s ]
INFO: [ view_filter ] --END-- [ RunTime:0.000522s ]
INFO: [ app_end ] --START--
INFO: Run Behavior\ShowPageTraceBehavior [ RunTime:0.000628s ]
INFO: [ app_end ] --END-- [ RunTime:0.000708s ]

[ 2016-03-28T14:06:18+08:00 ] 127.0.0.1 /index.php/Blog/Index/readMore.shtml?artid=1
INFO: [ app_init ] --START--
INFO: Run Behavior\BuildLiteBehavior [ RunTime:0.000030s ]
INFO: [ app_init ] --END-- [ RunTime:0.000179s ]
INFO: [ app_begin ] --START--
INFO: Run Behavior\ReadHtmlCacheBehavior [ RunTime:0.001030s ]
INFO: [ app_begin ] --END-- [ RunTime:0.001198s ]
SQL: SHOW COLUMNS FROM `nb_blog` [ RunTime:0.0029s ]
SQL: SELECT * FROM `nb_blog` WHERE ( artid=1 AND username="wang" )  [ RunTime:0.0003s ]
INFO: [ view_parse ] --START--
INFO: [ template_filter ] --START--
INFO: Run Behavior\ContentReplaceBehavior [ RunTime:0.000068s ]
INFO: [ template_filter ] --END-- [ RunTime:0.000172s ]
NOTIC: [8] Undefined variable: name D:\wamp\www\My\Application\Runtime\Cache\Blog\1ef2d4d57a616643ff2c43c2de394463.php 第 65 行.
NOTIC: [8] Undefined variable: name D:\wamp\www\My\Application\Runtime\Cache\Blog\1ef2d4d57a616643ff2c43c2de394463.php 第 70 行.
NOTIC: [8] Undefined variable: name D:\wamp\www\My\Application\Runtime\Cache\Blog\1ef2d4d57a616643ff2c43c2de394463.php 第 74 行.
NOTIC: [8] Use of undefined constant arttitle - assumed 'arttitle' D:\wamp\www\My\Application\Runtime\Cache\Blog\1ef2d4d57a616643ff2c43c2de394463.php 第 92 行.
NOTIC: [8] Use of undefined constant username - assumed 'username' D:\wamp\www\My\Application\Runtime\Cache\Blog\1ef2d4d57a616643ff2c43c2de394463.php 第 93 行.
NOTIC: [8] Use of undefined constant artdate - assumed 'artdate' D:\wamp\www\My\Application\Runtime\Cache\Blog\1ef2d4d57a616643ff2c43c2de394463.php 第 93 行.
NOTIC: [8] Use of undefined constant artcontent - assumed 'artcontent' D:\wamp\www\My\Application\Runtime\Cache\Blog\1ef2d4d57a616643ff2c43c2de394463.php 第 98 行.
NOTIC: [8] Use of undefined constant artremark1 - assumed 'artremark1' D:\wamp\www\My\Application\Runtime\Cache\Blog\1ef2d4d57a616643ff2c43c2de394463.php 第 103 行.
NOTIC: [8] Use of undefined constant artid - assumed 'artid' D:\wamp\www\My\Application\Runtime\Cache\Blog\1ef2d4d57a616643ff2c43c2de394463.php 第 105 行.
NOTIC: [8] Use of undefined constant artid - assumed 'artid' D:\wamp\www\My\Application\Runtime\Cache\Blog\1ef2d4d57a616643ff2c43c2de394463.php 第 106 行.
INFO: Run Behavior\ParseTemplateBehavior [ RunTime:0.008586s ]
INFO: [ view_parse ] --END-- [ RunTime:0.008678s ]
INFO: [ view_filter ] --START--
INFO: Run Behavior\WriteHtmlCacheBehavior [ RunTime:0.000469s ]
INFO: [ view_filter ] --END-- [ RunTime:0.000564s ]
INFO: [ app_end ] --START--
INFO: Run Behavior\ShowPageTraceBehavior [ RunTime:0.000631s ]
INFO: [ app_end ] --END-- [ RunTime:0.000722s ]

[ 2016-03-28T14:06:40+08:00 ] 127.0.0.1 /index.php/Blog/Index/readMore.shtml?artid=1
INFO: [ app_init ] --START--
INFO: Run Behavior\BuildLiteBehavior [ RunTime:0.000032s ]
INFO: [ app_init ] --END-- [ RunTime:0.000210s ]
INFO: [ app_begin ] --START--
INFO: Run Behavior\ReadHtmlCacheBehavior [ RunTime:0.000979s ]
INFO: [ app_begin ] --END-- [ RunTime:0.001148s ]
SQL: SHOW COLUMNS FROM `nb_blog` [ RunTime:0.0043s ]
SQL: SELECT * FROM `nb_blog` WHERE ( artid=1 AND username="wang" )  [ RunTime:0.0003s ]
INFO: [ view_parse ] --START--
INFO: [ template_filter ] --START--
INFO: Run Behavior\ContentReplaceBehavior [ RunTime:0.000065s ]
INFO: [ template_filter ] --END-- [ RunTime:0.000167s ]
NOTIC: [8] Undefined variable: name D:\wamp\www\My\Application\Runtime\Cache\Blog\1ef2d4d57a616643ff2c43c2de394463.php 第 24 行.
NOTIC: [8] Use of undefined constant arttitle - assumed 'arttitle' D:\wamp\www\My\Application\Runtime\Cache\Blog\1ef2d4d57a616643ff2c43c2de394463.php 第 32 行.
NOTIC: [8] Use of undefined constant username - assumed 'username' D:\wamp\www\My\Application\Runtime\Cache\Blog\1ef2d4d57a616643ff2c43c2de394463.php 第 33 行.
NOTIC: [8] Use of undefined constant artdate - assumed 'artdate' D:\wamp\www\My\Application\Runtime\Cache\Blog\1ef2d4d57a616643ff2c43c2de394463.php 第 33 行.
NOTIC: [8] Use of undefined constant artcontent - assumed 'artcontent' D:\wamp\www\My\Application\Runtime\Cache\Blog\1ef2d4d57a616643ff2c43c2de394463.php 第 38 行.
NOTIC: [8] Use of undefined constant artremark1 - assumed 'artremark1' D:\wamp\www\My\Application\Runtime\Cache\Blog\1ef2d4d57a616643ff2c43c2de394463.php 第 43 行.
NOTIC: [8] Use of undefined constant artid - assumed 'artid' D:\wamp\www\My\Application\Runtime\Cache\Blog\1ef2d4d57a616643ff2c43c2de394463.php 第 45 行.
NOTIC: [8] Use of undefined constant artid - assumed 'artid' D:\wamp\www\My\Application\Runtime\Cache\Blog\1ef2d4d57a616643ff2c43c2de394463.php 第 46 行.
INFO: Run Behavior\ParseTemplateBehavior [ RunTime:0.007471s ]
INFO: [ view_parse ] --END-- [ RunTime:0.007567s ]
INFO: [ view_filter ] --START--
INFO: Run Behavior\WriteHtmlCacheBehavior [ RunTime:0.000386s ]
INFO: [ view_filter ] --END-- [ RunTime:0.000466s ]
INFO: [ app_end ] --START--
INFO: Run Behavior\ShowPageTraceBehavior [ RunTime:0.000550s ]
INFO: [ app_end ] --END-- [ RunTime:0.000629s ]

[ 2016-03-28T14:09:21+08:00 ] 127.0.0.1 /index.php/Blog/Index/readMore.shtml?artid=19
INFO: [ app_init ] --START--
INFO: Run Behavior\BuildLiteBehavior [ RunTime:0.000029s ]
INFO: [ app_init ] --END-- [ RunTime:0.000239s ]
INFO: [ app_begin ] --START--
INFO: Run Behavior\ReadHtmlCacheBehavior [ RunTime:0.000873s ]
INFO: [ app_begin ] --END-- [ RunTime:0.001004s ]
SQL: SHOW COLUMNS FROM `nb_blog` [ RunTime:0.0039s ]
SQL: SELECT * FROM `nb_blog` WHERE ( artid=19 AND username="wang" )  [ RunTime:0.0003s ]
INFO: [ view_parse ] --START--
INFO: [ template_filter ] --START--
INFO: Run Behavior\ContentReplaceBehavior [ RunTime:0.000061s ]
INFO: [ template_filter ] --END-- [ RunTime:0.000163s ]
NOTIC: [8] Undefined variable: name D:\wamp\www\My\Application\Runtime\Cache\Blog\1ef2d4d57a616643ff2c43c2de394463.php 第 24 行.
NOTIC: [8] Use of undefined constant arttitle - assumed 'arttitle' D:\wamp\www\My\Application\Runtime\Cache\Blog\1ef2d4d57a616643ff2c43c2de394463.php 第 32 行.
NOTIC: [8] Use of undefined constant username - assumed 'username' D:\wamp\www\My\Application\Runtime\Cache\Blog\1ef2d4d57a616643ff2c43c2de394463.php 第 33 行.
NOTIC: [8] Use of undefined constant artdate - assumed 'artdate' D:\wamp\www\My\Application\Runtime\Cache\Blog\1ef2d4d57a616643ff2c43c2de394463.php 第 33 行.
NOTIC: [8] Use of undefined constant artcontent - assumed 'artcontent' D:\wamp\www\My\Application\Runtime\Cache\Blog\1ef2d4d57a616643ff2c43c2de394463.php 第 38 行.
NOTIC: [8] Use of undefined constant artremark1 - assumed 'artremark1' D:\wamp\www\My\Application\Runtime\Cache\Blog\1ef2d4d57a616643ff2c43c2de394463.php 第 43 行.
NOTIC: [8] Use of undefined constant artid - assumed 'artid' D:\wamp\www\My\Application\Runtime\Cache\Blog\1ef2d4d57a616643ff2c43c2de394463.php 第 45 行.
NOTIC: [8] Use of undefined constant artid - assumed 'artid' D:\wamp\www\My\Application\Runtime\Cache\Blog\1ef2d4d57a616643ff2c43c2de394463.php 第 46 行.
INFO: Run Behavior\ParseTemplateBehavior [ RunTime:0.008121s ]
INFO: [ view_parse ] --END-- [ RunTime:0.008244s ]
INFO: [ view_filter ] --START--
INFO: Run Behavior\WriteHtmlCacheBehavior [ RunTime:0.001310s ]
INFO: [ view_filter ] --END-- [ RunTime:0.001415s ]
INFO: [ app_end ] --START--
INFO: Run Behavior\ShowPageTraceBehavior [ RunTime:0.000981s ]
INFO: [ app_end ] --END-- [ RunTime:0.001093s ]

[ 2016-03-28T15:35:13+08:00 ] 127.0.0.1 /index.php/Blog/Index/add.html
INFO: [ app_init ] --START--
INFO: Run Behavior\BuildLiteBehavior [ RunTime:0.000031s ]
INFO: [ app_init ] --END-- [ RunTime:0.000190s ]
INFO: [ app_begin ] --START--
INFO: Run Behavior\ReadHtmlCacheBehavior [ RunTime:0.000896s ]
INFO: [ app_begin ] --END-- [ RunTime:0.001074s ]
ERR: 非法操作:add.html

[ 2016-03-28T15:35:18+08:00 ] 127.0.0.1 /index.php/Blog/Index/add.shtml
INFO: [ app_init ] --START--
INFO: Run Behavior\BuildLiteBehavior [ RunTime:0.000023s ]
INFO: [ app_init ] --END-- [ RunTime:0.000125s ]
INFO: [ app_begin ] --START--
INFO: Run Behavior\ReadHtmlCacheBehavior [ RunTime:0.000571s ]
INFO: [ app_begin ] --END-- [ RunTime:0.000673s ]
INFO: [ view_parse ] --START--
INFO: [ template_filter ] --START--
INFO: Run Behavior\ContentReplaceBehavior [ RunTime:0.000066s ]
INFO: [ template_filter ] --END-- [ RunTime:0.000185s ]
INFO: Run Behavior\ParseTemplateBehavior [ RunTime:0.020604s ]
INFO: [ view_parse ] --END-- [ RunTime:0.020711s ]
INFO: [ view_filter ] --START--
INFO: Run Behavior\WriteHtmlCacheBehavior [ RunTime:0.000363s ]
INFO: [ view_filter ] --END-- [ RunTime:0.000454s ]
INFO: [ app_end ] --START--
INFO: Run Behavior\ShowPageTraceBehavior [ RunTime:0.000682s ]
INFO: [ app_end ] --END-- [ RunTime:0.000786s ]

[ 2016-03-28T15:36:17+08:00 ] 127.0.0.1 /index.php/Blog/index/addBlog.shtml
INFO: [ app_init ] --START--
INFO: Run Behavior\BuildLiteBehavior [ RunTime:0.000019s ]
INFO: [ app_init ] --END-- [ RunTime:0.000114s ]
INFO: [ app_begin ] --START--
INFO: Run Behavior\ReadHtmlCacheBehavior [ RunTime:0.000415s ]
INFO: [ app_begin ] --END-- [ RunTime:0.000512s ]
SQL: SHOW COLUMNS FROM `nb_blog` [ RunTime:0.0036s ]
SQL: INSERT INTO `nb_blog` (`username`,`arttitle`,`artdate`,`artcontent`,`artremark1`) VALUES ('wang','PHP','2016-03-28 03:36:17','<pre>
<code class=\\\"language-php\\\">
    public function index()
    {
        $name = session(\\\'name\\\');
        if (!isset($name)) {
            $this-&gt;success(\\\'您还没有登录\\\', U(\\\'../../login.php/Index\\\'));
            exit;
        }
        $Blog = M(\\\"Blog\\\");
        $myblog = $Blog-&gt;where(\\\'username=\\\"\\\' . $name . \\\'\\\"\\\')-&gt;select();
//        dump($myblog);
        $this-&gt;assign(\\\'myblog\\\', $myblog);
        $this-&gt;assign(\\\'name\\\', $name);
//        阅读
        $readmore = U(\\\'Index/readMore\\\');
//        $readmore = U(\\\'Read/index\\\');
//        增加
        $add = U(\\\'Index/add\\\');
        $this-&gt;assign(\\\'add\\\', $add);
        $this-&gt;assign(\\\'readmore\\\', $readmore);
        $this-&gt;display();
    }</code></pre>

<p>&nbsp;</p>
','PHP') [ RunTime:0.1460s ]
INFO: [ view_parse ] --START--
INFO: [ template_filter ] --START--
INFO: Run Behavior\ContentReplaceBehavior [ RunTime:0.000218s ]
INFO: [ template_filter ] --END-- [ RunTime:0.000707s ]
INFO: Run Behavior\ParseTemplateBehavior [ RunTime:0.019755s ]
INFO: [ view_parse ] --END-- [ RunTime:0.020256s ]
INFO: [ view_filter ] --START--
INFO: Run Behavior\WriteHtmlCacheBehavior [ RunTime:0.001091s ]
INFO: [ view_filter ] --END-- [ RunTime:0.001638s ]
INFO: [ app_end ] --START--
INFO: Run Behavior\ShowPageTraceBehavior [ RunTime:0.002452s ]
INFO: [ app_end ] --END-- [ RunTime:0.002821s ]

[ 2016-03-28T15:36:31+08:00 ] 127.0.0.1 /index.php/Blog/Index/readMore.shtml?artid=20
INFO: [ app_init ] --START--
INFO: Run Behavior\BuildLiteBehavior [ RunTime:0.000030s ]
INFO: [ app_init ] --END-- [ RunTime:0.000171s ]
INFO: [ app_begin ] --START--
INFO: Run Behavior\ReadHtmlCacheBehavior [ RunTime:0.000827s ]
INFO: [ app_begin ] --END-- [ RunTime:0.000991s ]
SQL: SHOW COLUMNS FROM `nb_blog` [ RunTime:0.0036s ]
SQL: SELECT * FROM `nb_blog` WHERE ( artid=20 AND username="wang" )  [ RunTime:0.0003s ]
INFO: [ view_parse ] --START--
INFO: [ template_filter ] --START--
INFO: Run Behavior\ContentReplaceBehavior [ RunTime:0.000060s ]
INFO: [ template_filter ] --END-- [ RunTime:0.000166s ]
NOTIC: [8] Undefined variable: name D:\wamp\www\My\Application\Runtime\Cache\Blog\1ef2d4d57a616643ff2c43c2de394463.php 第 24 行.
NOTIC: [8] Use of undefined constant arttitle - assumed 'arttitle' D:\wamp\www\My\Application\Runtime\Cache\Blog\1ef2d4d57a616643ff2c43c2de394463.php 第 32 行.
NOTIC: [8] Use of undefined constant username - assumed 'username' D:\wamp\www\My\Application\Runtime\Cache\Blog\1ef2d4d57a616643ff2c43c2de394463.php 第 33 行.
NOTIC: [8] Use of undefined constant artdate - assumed 'artdate' D:\wamp\www\My\Application\Runtime\Cache\Blog\1ef2d4d57a616643ff2c43c2de394463.php 第 33 行.
NOTIC: [8] Use of undefined constant artcontent - assumed 'artcontent' D:\wamp\www\My\Application\Runtime\Cache\Blog\1ef2d4d57a616643ff2c43c2de394463.php 第 38 行.
NOTIC: [8] Use of undefined constant artremark1 - assumed 'artremark1' D:\wamp\www\My\Application\Runtime\Cache\Blog\1ef2d4d57a616643ff2c43c2de394463.php 第 43 行.
NOTIC: [8] Use of undefined constant artid - assumed 'artid' D:\wamp\www\My\Application\Runtime\Cache\Blog\1ef2d4d57a616643ff2c43c2de394463.php 第 45 行.
NOTIC: [8] Use of undefined constant artid - assumed 'artid' D:\wamp\www\My\Application\Runtime\Cache\Blog\1ef2d4d57a616643ff2c43c2de394463.php 第 46 行.
INFO: Run Behavior\ParseTemplateBehavior [ RunTime:0.007443s ]
INFO: [ view_parse ] --END-- [ RunTime:0.007535s ]
INFO: [ view_filter ] --START--
INFO: Run Behavior\WriteHtmlCacheBehavior [ RunTime:0.000328s ]
INFO: [ view_filter ] --END-- [ RunTime:0.000437s ]
INFO: [ app_end ] --START--
INFO: Run Behavior\ShowPageTraceBehavior [ RunTime:0.000517s ]
INFO: [ app_end ] --END-- [ RunTime:0.000607s ]

[ 2016-03-28T15:36:42+08:00 ] 127.0.0.1 /index.php/Blog/Index/readMore.shtml?artid=20
INFO: [ app_init ] --START--
INFO: Run Behavior\BuildLiteBehavior [ RunTime:0.000032s ]
INFO: [ app_init ] --END-- [ RunTime:0.000176s ]
INFO: [ app_begin ] --START--
INFO: Run Behavior\ReadHtmlCacheBehavior [ RunTime:0.001153s ]
INFO: [ app_begin ] --END-- [ RunTime:0.001331s ]
SQL: SHOW COLUMNS FROM `nb_blog` [ RunTime:0.0041s ]
SQL: SELECT * FROM `nb_blog` WHERE ( artid=20 AND username="wang" )  [ RunTime:0.0004s ]
INFO: [ view_parse ] --START--
INFO: [ template_filter ] --START--
INFO: Run Behavior\ContentReplaceBehavior [ RunTime:0.000059s ]
INFO: [ template_filter ] --END-- [ RunTime:0.000147s ]
NOTIC: [8] Undefined variable: name D:\wamp\www\My\Application\Runtime\Cache\Blog\1ef2d4d57a616643ff2c43c2de394463.php 第 24 行.
NOTIC: [8] Use of undefined constant arttitle - assumed 'arttitle' D:\wamp\www\My\Application\Runtime\Cache\Blog\1ef2d4d57a616643ff2c43c2de394463.php 第 32 行.
NOTIC: [8] Use of undefined constant username - assumed 'username' D:\wamp\www\My\Application\Runtime\Cache\Blog\1ef2d4d57a616643ff2c43c2de394463.php 第 33 行.
NOTIC: [8] Use of undefined constant artdate - assumed 'artdate' D:\wamp\www\My\Application\Runtime\Cache\Blog\1ef2d4d57a616643ff2c43c2de394463.php 第 33 行.
NOTIC: [8] Use of undefined constant artcontent - assumed 'artcontent' D:\wamp\www\My\Application\Runtime\Cache\Blog\1ef2d4d57a616643ff2c43c2de394463.php 第 38 行.
NOTIC: [8] Use of undefined constant artremark1 - assumed 'artremark1' D:\wamp\www\My\Application\Runtime\Cache\Blog\1ef2d4d57a616643ff2c43c2de394463.php 第 43 行.
NOTIC: [8] Use of undefined constant artid - assumed 'artid' D:\wamp\www\My\Application\Runtime\Cache\Blog\1ef2d4d57a616643ff2c43c2de394463.php 第 45 行.
NOTIC: [8] Use of undefined constant artid - assumed 'artid' D:\wamp\www\My\Application\Runtime\Cache\Blog\1ef2d4d57a616643ff2c43c2de394463.php 第 46 行.
INFO: Run Behavior\ParseTemplateBehavior [ RunTime:0.007281s ]
INFO: [ view_parse ] --END-- [ RunTime:0.007370s ]
INFO: [ view_filter ] --START--
INFO: Run Behavior\WriteHtmlCacheBehavior [ RunTime:0.000327s ]
INFO: [ view_filter ] --END-- [ RunTime:0.000416s ]
INFO: [ app_end ] --START--
INFO: Run Behavior\ShowPageTraceBehavior [ RunTime:0.000510s ]
INFO: [ app_end ] --END-- [ RunTime:0.000587s ]

[ 2016-03-28T15:37:07+08:00 ] 127.0.0.1 /index.php/Blog/Index/
INFO: [ app_init ] --START--
INFO: Run Behavior\BuildLiteBehavior [ RunTime:0.000021s ]
INFO: [ app_init ] --END-- [ RunTime:0.000121s ]
INFO: [ app_begin ] --START--
INFO: Run Behavior\ReadHtmlCacheBehavior [ RunTime:0.000595s ]
INFO: [ app_begin ] --END-- [ RunTime:0.000691s ]
SQL: SHOW COLUMNS FROM `nb_blog` [ RunTime:0.0036s ]
SQL: SELECT * FROM `nb_blog` WHERE ( username="wang" )  [ RunTime:0.0003s ]
INFO: [ view_parse ] --START--
INFO: [ template_filter ] --START--
INFO: Run Behavior\ContentReplaceBehavior [ RunTime:0.000061s ]
INFO: [ template_filter ] --END-- [ RunTime:0.000164s ]
INFO: Run Behavior\ParseTemplateBehavior [ RunTime:0.008364s ]
INFO: [ view_parse ] --END-- [ RunTime:0.008462s ]
INFO: [ view_filter ] --START--
INFO: Run Behavior\WriteHtmlCacheBehavior [ RunTime:0.000244s ]
INFO: [ view_filter ] --END-- [ RunTime:0.000316s ]
INFO: [ app_end ] --START--
INFO: Run Behavior\ShowPageTraceBehavior [ RunTime:0.000433s ]
INFO: [ app_end ] --END-- [ RunTime:0.000509s ]

[ 2016-03-28T15:37:14+08:00 ] 127.0.0.1 /index.php/Blog/Index/readMore.shtml?artid=20
INFO: [ app_init ] --START--
INFO: Run Behavior\BuildLiteBehavior [ RunTime:0.000066s ]
INFO: [ app_init ] --END-- [ RunTime:0.000339s ]
INFO: [ app_begin ] --START--
INFO: Run Behavior\ReadHtmlCacheBehavior [ RunTime:0.000853s ]
INFO: [ app_begin ] --END-- [ RunTime:0.001013s ]
SQL: SHOW COLUMNS FROM `nb_blog` [ RunTime:0.0053s ]
SQL: SELECT * FROM `nb_blog` WHERE ( artid=20 AND username="wang" )  [ RunTime:0.0003s ]
INFO: [ view_parse ] --START--
INFO: [ template_filter ] --START--
INFO: Run Behavior\ContentReplaceBehavior [ RunTime:0.000061s ]
INFO: [ template_filter ] --END-- [ RunTime:0.000160s ]
NOTIC: [8] Undefined variable: name D:\wamp\www\My\Application\Runtime\Cache\Blog\1ef2d4d57a616643ff2c43c2de394463.php 第 24 行.
NOTIC: [8] Use of undefined constant arttitle - assumed 'arttitle' D:\wamp\www\My\Application\Runtime\Cache\Blog\1ef2d4d57a616643ff2c43c2de394463.php 第 32 行.
NOTIC: [8] Use of undefined constant username - assumed 'username' D:\wamp\www\My\Application\Runtime\Cache\Blog\1ef2d4d57a616643ff2c43c2de394463.php 第 33 行.
NOTIC: [8] Use of undefined constant artdate - assumed 'artdate' D:\wamp\www\My\Application\Runtime\Cache\Blog\1ef2d4d57a616643ff2c43c2de394463.php 第 33 行.
NOTIC: [8] Use of undefined constant artcontent - assumed 'artcontent' D:\wamp\www\My\Application\Runtime\Cache\Blog\1ef2d4d57a616643ff2c43c2de394463.php 第 38 行.
NOTIC: [8] Use of undefined constant artremark1 - assumed 'artremark1' D:\wamp\www\My\Application\Runtime\Cache\Blog\1ef2d4d57a616643ff2c43c2de394463.php 第 43 行.
NOTIC: [8] Use of undefined constant artid - assumed 'artid' D:\wamp\www\My\Application\Runtime\Cache\Blog\1ef2d4d57a616643ff2c43c2de394463.php 第 45 行.
NOTIC: [8] Use of undefined constant artid - assumed 'artid' D:\wamp\www\My\Application\Runtime\Cache\Blog\1ef2d4d57a616643ff2c43c2de394463.php 第 46 行.
INFO: Run Behavior\ParseTemplateBehavior [ RunTime:0.007124s ]
INFO: [ view_parse ] --END-- [ RunTime:0.007212s ]
INFO: [ view_filter ] --START--
INFO: Run Behavior\WriteHtmlCacheBehavior [ RunTime:0.000294s ]
INFO: [ view_filter ] --END-- [ RunTime:0.000371s ]
INFO: [ app_end ] --START--
INFO: Run Behavior\ShowPageTraceBehavior [ RunTime:0.000471s ]
INFO: [ app_end ] --END-- [ RunTime:0.000548s ]

[ 2016-03-28T15:37:16+08:00 ] 127.0.0.1 /index.php/Blog/Index/edit.shtml?artid=20
INFO: [ app_init ] --START--
INFO: Run Behavior\BuildLiteBehavior [ RunTime:0.000044s ]
INFO: [ app_init ] --END-- [ RunTime:0.000228s ]
INFO: [ app_begin ] --START--
INFO: Run Behavior\ReadHtmlCacheBehavior [ RunTime:0.000742s ]
INFO: [ app_begin ] --END-- [ RunTime:0.000891s ]
SQL: SHOW COLUMNS FROM `nb_blog` [ RunTime:0.0031s ]
SQL: SELECT * FROM `nb_blog` WHERE ( artid="20""wang" )  [ RunTime:0.0329s ]
INFO: [ view_parse ] --START--
INFO: [ template_filter ] --START--
INFO: Run Behavior\ContentReplaceBehavior [ RunTime:0.000066s ]
INFO: [ template_filter ] --END-- [ RunTime:0.000168s ]
NOTIC: [8] Undefined variable: name D:\wamp\www\My\Application\Runtime\Cache\Blog\21396ea1c9f1f9cd507d13058fc87123.php 第 71 行.
NOTIC: [8] Undefined variable: name D:\wamp\www\My\Application\Runtime\Cache\Blog\21396ea1c9f1f9cd507d13058fc87123.php 第 76 行.
NOTIC: [8] Undefined variable: name D:\wamp\www\My\Application\Runtime\Cache\Blog\21396ea1c9f1f9cd507d13058fc87123.php 第 80 行.
NOTIC: [8] Use of undefined constant artid - assumed 'artid' D:\wamp\www\My\Application\Runtime\Cache\Blog\21396ea1c9f1f9cd507d13058fc87123.php 第 99 行.
NOTIC: [8] Use of undefined constant arttitle - assumed 'arttitle' D:\wamp\www\My\Application\Runtime\Cache\Blog\21396ea1c9f1f9cd507d13058fc87123.php 第 100 行.
NOTIC: [8] Use of undefined constant username - assumed 'username' D:\wamp\www\My\Application\Runtime\Cache\Blog\21396ea1c9f1f9cd507d13058fc87123.php 第 101 行.
NOTIC: [8] Use of undefined constant artdate - assumed 'artdate' D:\wamp\www\My\Application\Runtime\Cache\Blog\21396ea1c9f1f9cd507d13058fc87123.php 第 101 行.
NOTIC: [8] Use of undefined constant artcontent - assumed 'artcontent' D:\wamp\www\My\Application\Runtime\Cache\Blog\21396ea1c9f1f9cd507d13058fc87123.php 第 129 行.
NOTIC: [8] Use of undefined constant artremark1 - assumed 'artremark1' D:\wamp\www\My\Application\Runtime\Cache\Blog\21396ea1c9f1f9cd507d13058fc87123.php 第 134 行.
INFO: Run Behavior\ParseTemplateBehavior [ RunTime:0.017940s ]
INFO: [ view_parse ] --END-- [ RunTime:0.018025s ]
INFO: [ view_filter ] --START--
INFO: Run Behavior\WriteHtmlCacheBehavior [ RunTime:0.000298s ]
INFO: [ view_filter ] --END-- [ RunTime:0.000375s ]
INFO: [ app_end ] --START--
INFO: Run Behavior\ShowPageTraceBehavior [ RunTime:0.000478s ]
INFO: [ app_end ] --END-- [ RunTime:0.000557s ]

[ 2016-03-28T15:42:27+08:00 ] 127.0.0.1 /index.php/Blog/Index/
INFO: [ app_init ] --START--
INFO: Run Behavior\BuildLiteBehavior [ RunTime:0.000023s ]
INFO: [ app_init ] --END-- [ RunTime:0.000150s ]
INFO: [ app_begin ] --START--
INFO: Run Behavior\ReadHtmlCacheBehavior [ RunTime:0.000641s ]
INFO: [ app_begin ] --END-- [ RunTime:0.000748s ]
SQL: SHOW COLUMNS FROM `nb_blog` [ RunTime:0.0032s ]
SQL: SELECT * FROM `nb_blog` WHERE ( username="wang" )  [ RunTime:0.0004s ]
INFO: [ view_parse ] --START--
INFO: [ template_filter ] --START--
INFO: Run Behavior\ContentReplaceBehavior [ RunTime:0.000059s ]
INFO: [ template_filter ] --END-- [ RunTime:0.000161s ]
INFO: Run Behavior\ParseTemplateBehavior [ RunTime:0.008081s ]
INFO: [ view_parse ] --END-- [ RunTime:0.008205s ]
INFO: [ view_filter ] --START--
INFO: Run Behavior\WriteHtmlCacheBehavior [ RunTime:0.000770s ]
INFO: [ view_filter ] --END-- [ RunTime:0.000873s ]
INFO: [ app_end ] --START--
INFO: Run Behavior\ShowPageTraceBehavior [ RunTime:0.000662s ]
INFO: [ app_end ] --END-- [ RunTime:0.000757s ]

[ 2016-03-28T15:42:29+08:00 ] 127.0.0.1 /index.php/Blog/Index/add.shtml
INFO: [ app_init ] --START--
INFO: Run Behavior\BuildLiteBehavior [ RunTime:0.000029s ]
INFO: [ app_init ] --END-- [ RunTime:0.000172s ]
INFO: [ app_begin ] --START--
INFO: Run Behavior\ReadHtmlCacheBehavior [ RunTime:0.000945s ]
INFO: [ app_begin ] --END-- [ RunTime:0.001100s ]
INFO: [ view_parse ] --START--
INFO: [ template_filter ] --START--
INFO: Run Behavior\ContentReplaceBehavior [ RunTime:0.000096s ]
INFO: [ template_filter ] --END-- [ RunTime:0.000268s ]
INFO: Run Behavior\ParseTemplateBehavior [ RunTime:0.010380s ]
INFO: [ view_parse ] --END-- [ RunTime:0.010511s ]
INFO: [ view_filter ] --START--
INFO: Run Behavior\WriteHtmlCacheBehavior [ RunTime:0.000481s ]
INFO: [ view_filter ] --END-- [ RunTime:0.000567s ]
INFO: [ app_end ] --START--
INFO: Run Behavior\ShowPageTraceBehavior [ RunTime:0.000601s ]
INFO: [ app_end ] --END-- [ RunTime:0.000690s ]

[ 2016-03-28T15:42:57+08:00 ] 127.0.0.1 /index.php/Blog/index/addBlog.shtml
INFO: [ app_init ] --START--
INFO: Run Behavior\BuildLiteBehavior [ RunTime:0.000050s ]
INFO: [ app_init ] --END-- [ RunTime:0.000267s ]
INFO: [ app_begin ] --START--
INFO: Run Behavior\ReadHtmlCacheBehavior [ RunTime:0.001404s ]
INFO: [ app_begin ] --END-- [ RunTime:0.001660s ]
SQL: SHOW COLUMNS FROM `nb_blog` [ RunTime:0.0031s ]
SQL: INSERT INTO `nb_blog` (`username`,`arttitle`,`artdate`,`artcontent`,`artremark1`) VALUES ('wang','test','2016-03-28 03:42:57','<pre>
<code class=\\\"language-php\\\">
    public function addBlog()
    {
        $blog=array(
            \\\'username\\\'  =&gt;  I(\\\'session.name\\\',0),
            \\\'arttitle\\\'  =&gt;  I(\\\'post.arttitle\\\',0),
            \\\'artdate\\\'   =&gt;  date(\\\"Y-m-d h:i:s\\\"),
            \\\'artcontent\\\'=&gt;  addslashes($_POST[\\\'artcontent\\\']),
//            \\\'artcontent\\\'=&gt;  I(\\\'post.artcontent\\\',\\\'\\\',\\\'addslashes\\\'),
            \\\'artremark1\\\'=&gt;I(\\\'post.classification\\\')
        );
//        dump($blog);

        if ($blog[\\\'arttitle\\\']==\\\'\\\'){
            $this-&gt;success(\\\'别忘了填写标题\\\');
            exit;
        }

       dump($blog);
        $Blog=M(\\\'Blog\\\');
        $result=$Blog-&gt;add($blog);
        if($result){
            echo\\\'ok\\\';
        }else{
            echo\\\'no\\\';</code></pre>

<p>&nbsp;</p>
','web前端') [ RunTime:0.0835s ]
INFO: [ view_parse ] --START--
INFO: [ template_filter ] --START--
INFO: Run Behavior\ContentReplaceBehavior [ RunTime:0.000293s ]
INFO: [ template_filter ] --END-- [ RunTime:0.000723s ]
INFO: Run Behavior\ParseTemplateBehavior [ RunTime:0.038596s ]
INFO: [ view_parse ] --END-- [ RunTime:0.039063s ]
INFO: [ view_filter ] --START--
INFO: Run Behavior\WriteHtmlCacheBehavior [ RunTime:0.001660s ]
INFO: [ view_filter ] --END-- [ RunTime:0.002001s ]
INFO: [ app_end ] --START--
INFO: Run Behavior\ShowPageTraceBehavior [ RunTime:0.002581s ]
INFO: [ app_end ] --END-- [ RunTime:0.002926s ]

[ 2016-03-28T15:43:10+08:00 ] 127.0.0.1 /index.php/Blog/Index/
INFO: [ app_init ] --START--
INFO: Run Behavior\BuildLiteBehavior [ RunTime:0.000021s ]
INFO: [ app_init ] --END-- [ RunTime:0.000107s ]
INFO: [ app_begin ] --START--
INFO: Run Behavior\ReadHtmlCacheBehavior [ RunTime:0.000621s ]
INFO: [ app_begin ] --END-- [ RunTime:0.000710s ]
SQL: SHOW COLUMNS FROM `nb_blog` [ RunTime:0.0035s ]
SQL: SELECT * FROM `nb_blog` WHERE ( username="wang" )  [ RunTime:0.0003s ]
INFO: [ view_parse ] --START--
INFO: [ template_filter ] --START--
INFO: Run Behavior\ContentReplaceBehavior [ RunTime:0.000059s ]
INFO: [ template_filter ] --END-- [ RunTime:0.000154s ]
INFO: Run Behavior\ParseTemplateBehavior [ RunTime:0.007818s ]
INFO: [ view_parse ] --END-- [ RunTime:0.007983s ]
INFO: [ view_filter ] --START--
INFO: Run Behavior\WriteHtmlCacheBehavior [ RunTime:0.000406s ]
INFO: [ view_filter ] --END-- [ RunTime:0.000484s ]
INFO: [ app_end ] --START--
INFO: Run Behavior\ShowPageTraceBehavior [ RunTime:0.000560s ]
INFO: [ app_end ] --END-- [ RunTime:0.000638s ]

[ 2016-03-28T15:43:29+08:00 ] 127.0.0.1 /index.php/Blog/Index/add.shtml
INFO: [ app_init ] --START--
INFO: Run Behavior\BuildLiteBehavior [ RunTime:0.000029s ]
INFO: [ app_init ] --END-- [ RunTime:0.000169s ]
INFO: [ app_begin ] --START--
INFO: Run Behavior\ReadHtmlCacheBehavior [ RunTime:0.000902s ]
INFO: [ app_begin ] --END-- [ RunTime:0.001198s ]
INFO: [ view_parse ] --START--
INFO: [ template_filter ] --START--
INFO: Run Behavior\ContentReplaceBehavior [ RunTime:0.000060s ]
INFO: [ template_filter ] --END-- [ RunTime:0.000171s ]
INFO: Run Behavior\ParseTemplateBehavior [ RunTime:0.008707s ]
INFO: [ view_parse ] --END-- [ RunTime:0.008831s ]
INFO: [ view_filter ] --START--
INFO: Run Behavior\WriteHtmlCacheBehavior [ RunTime:0.000335s ]
INFO: [ view_filter ] --END-- [ RunTime:0.000411s ]
INFO: [ app_end ] --START--
INFO: Run Behavior\ShowPageTraceBehavior [ RunTime:0.000576s ]
INFO: [ app_end ] --END-- [ RunTime:0.000662s ]

[ 2016-03-28T15:43:40+08:00 ] 127.0.0.1 /index.php/Blog/index/addBlog.shtml
INFO: [ app_init ] --START--
INFO: Run Behavior\BuildLiteBehavior [ RunTime:0.000063s ]
INFO: [ app_init ] --END-- [ RunTime:0.000323s ]
INFO: [ app_begin ] --START--
INFO: Run Behavior\ReadHtmlCacheBehavior [ RunTime:0.000543s ]
INFO: [ app_begin ] --END-- [ RunTime:0.000723s ]
SQL: SHOW COLUMNS FROM `nb_blog` [ RunTime:0.0027s ]
SQL: INSERT INTO `nb_blog` (`username`,`arttitle`,`artdate`,`artcontent`,`artremark1`) VALUES ('wang','rere','2016-03-28 03:43:40','<pre>
<code class=\"language-php\">
    public function addBlog()
    {
        $blog=array(
            \'username\'  =&gt;  I(\'session.name\',0),
            \'arttitle\'  =&gt;  I(\'post.arttitle\',0),
            \'artdate\'   =&gt;  date(\"Y-m-d h:i:s\"),
            \'artcontent\'=&gt;  addslashes($_POST[\'artcontent\']),
//            \'artcontent\'=&gt;  I(\'post.artcontent\',\'\',\'addslashes\'),
            \'artremark1\'=&gt;I(\'post.classification\')
        );
//        dump($blog);

        if ($blog[\'arttitle\']==\'\'){
            $this-&gt;success(\'别忘了填写标题\');
            exit;
        }

       dump($blog);
        $Blog=M(\'Blog\');
        $result=$Blog-&gt;add($blog);
        if($result){
            echo\'ok\';
        }else{
            echo\'no\';</code></pre>

<p>Hello World.</p>
','web前端') [ RunTime:0.0680s ]
INFO: [ view_parse ] --START--
INFO: [ template_filter ] --START--
INFO: Run Behavior\ContentReplaceBehavior [ RunTime:0.000131s ]
INFO: [ template_filter ] --END-- [ RunTime:0.000381s ]
INFO: Run Behavior\ParseTemplateBehavior [ RunTime:0.012412s ]
INFO: [ view_parse ] --END-- [ RunTime:0.012655s ]
INFO: [ view_filter ] --START--
INFO: Run Behavior\WriteHtmlCacheBehavior [ RunTime:0.000670s ]
INFO: [ view_filter ] --END-- [ RunTime:0.000867s ]
INFO: [ app_end ] --START--
INFO: Run Behavior\ShowPageTraceBehavior [ RunTime:0.001188s ]
INFO: [ app_end ] --END-- [ RunTime:0.001385s ]

[ 2016-03-28T15:43:48+08:00 ] 127.0.0.1 /index.php/Blog/Index/
INFO: [ app_init ] --START--
INFO: Run Behavior\BuildLiteBehavior [ RunTime:0.000022s ]
INFO: [ app_init ] --END-- [ RunTime:0.000124s ]
INFO: [ app_begin ] --START--
INFO: Run Behavior\ReadHtmlCacheBehavior [ RunTime:0.000723s ]
INFO: [ app_begin ] --END-- [ RunTime:0.000855s ]
SQL: SHOW COLUMNS FROM `nb_blog` [ RunTime:0.0036s ]
SQL: SELECT * FROM `nb_blog` WHERE ( username="wang" )  [ RunTime:0.0004s ]
INFO: [ view_parse ] --START--
INFO: [ template_filter ] --START--
INFO: Run Behavior\ContentReplaceBehavior [ RunTime:0.000067s ]
INFO: [ template_filter ] --END-- [ RunTime:0.000177s ]
INFO: Run Behavior\ParseTemplateBehavior [ RunTime:0.008976s ]
INFO: [ view_parse ] --END-- [ RunTime:0.009092s ]
INFO: [ view_filter ] --START--
INFO: Run Behavior\WriteHtmlCacheBehavior [ RunTime:0.000429s ]
INFO: [ view_filter ] --END-- [ RunTime:0.000521s ]
INFO: [ app_end ] --START--
INFO: Run Behavior\ShowPageTraceBehavior [ RunTime:0.000637s ]
INFO: [ app_end ] --END-- [ RunTime:0.000733s ]

[ 2016-03-28T15:43:53+08:00 ] 127.0.0.1 /index.php/Blog/Index/readMore.shtml?artid=22
INFO: [ app_init ] --START--
INFO: Run Behavior\BuildLiteBehavior [ RunTime:0.000033s ]
INFO: [ app_init ] --END-- [ RunTime:0.000182s ]
INFO: [ app_begin ] --START--
INFO: Run Behavior\ReadHtmlCacheBehavior [ RunTime:0.001072s ]
INFO: [ app_begin ] --END-- [ RunTime:0.001232s ]
SQL: SHOW COLUMNS FROM `nb_blog` [ RunTime:0.0043s ]
SQL: SELECT * FROM `nb_blog` WHERE ( artid=22 AND username="wang" )  [ RunTime:0.0003s ]
INFO: [ view_parse ] --START--
INFO: [ template_filter ] --START--
INFO: Run Behavior\ContentReplaceBehavior [ RunTime:0.000058s ]
INFO: [ template_filter ] --END-- [ RunTime:0.000146s ]
NOTIC: [8] Undefined variable: name D:\wamp\www\My\Application\Runtime\Cache\Blog\1ef2d4d57a616643ff2c43c2de394463.php 第 24 行.
NOTIC: [8] Use of undefined constant arttitle - assumed 'arttitle' D:\wamp\www\My\Application\Runtime\Cache\Blog\1ef2d4d57a616643ff2c43c2de394463.php 第 32 行.
NOTIC: [8] Use of undefined constant username - assumed 'username' D:\wamp\www\My\Application\Runtime\Cache\Blog\1ef2d4d57a616643ff2c43c2de394463.php 第 33 行.
NOTIC: [8] Use of undefined constant artdate - assumed 'artdate' D:\wamp\www\My\Application\Runtime\Cache\Blog\1ef2d4d57a616643ff2c43c2de394463.php 第 33 行.
NOTIC: [8] Use of undefined constant artcontent - assumed 'artcontent' D:\wamp\www\My\Application\Runtime\Cache\Blog\1ef2d4d57a616643ff2c43c2de394463.php 第 38 行.
NOTIC: [8] Use of undefined constant artremark1 - assumed 'artremark1' D:\wamp\www\My\Application\Runtime\Cache\Blog\1ef2d4d57a616643ff2c43c2de394463.php 第 43 行.
NOTIC: [8] Use of undefined constant artid - assumed 'artid' D:\wamp\www\My\Application\Runtime\Cache\Blog\1ef2d4d57a616643ff2c43c2de394463.php 第 45 行.
NOTIC: [8] Use of undefined constant artid - assumed 'artid' D:\wamp\www\My\Application\Runtime\Cache\Blog\1ef2d4d57a616643ff2c43c2de394463.php 第 46 行.
INFO: Run Behavior\ParseTemplateBehavior [ RunTime:0.007807s ]
INFO: [ view_parse ] --END-- [ RunTime:0.008006s ]
INFO: [ view_filter ] --START--
INFO: Run Behavior\WriteHtmlCacheBehavior [ RunTime:0.000882s ]
INFO: [ view_filter ] --END-- [ RunTime:0.000971s ]
INFO: [ app_end ] --START--
INFO: Run Behavior\ShowPageTraceBehavior [ RunTime:0.001172s ]
INFO: [ app_end ] --END-- [ RunTime:0.001276s ]

[ 2016-03-28T15:43:55+08:00 ] 127.0.0.1 /index.php/Blog/Index/edit.shtml?artid=22
INFO: [ app_init ] --START--
INFO: Run Behavior\BuildLiteBehavior [ RunTime:0.000030s ]
INFO: [ app_init ] --END-- [ RunTime:0.000164s ]
INFO: [ app_begin ] --START--
INFO: Run Behavior\ReadHtmlCacheBehavior [ RunTime:0.000916s ]
INFO: [ app_begin ] --END-- [ RunTime:0.001060s ]
SQL: SHOW COLUMNS FROM `nb_blog` [ RunTime:0.0039s ]
SQL: SELECT * FROM `nb_blog` WHERE ( artid="22""wang" )  [ RunTime:0.0003s ]
INFO: [ view_parse ] --START--
INFO: [ template_filter ] --START--
INFO: Run Behavior\ContentReplaceBehavior [ RunTime:0.000061s ]
INFO: [ template_filter ] --END-- [ RunTime:0.000150s ]
NOTIC: [8] Undefined variable: name D:\wamp\www\My\Application\Runtime\Cache\Blog\21396ea1c9f1f9cd507d13058fc87123.php 第 71 行.
NOTIC: [8] Undefined variable: name D:\wamp\www\My\Application\Runtime\Cache\Blog\21396ea1c9f1f9cd507d13058fc87123.php 第 76 行.
NOTIC: [8] Undefined variable: name D:\wamp\www\My\Application\Runtime\Cache\Blog\21396ea1c9f1f9cd507d13058fc87123.php 第 80 行.
NOTIC: [8] Use of undefined constant artid - assumed 'artid' D:\wamp\www\My\Application\Runtime\Cache\Blog\21396ea1c9f1f9cd507d13058fc87123.php 第 99 行.
NOTIC: [8] Use of undefined constant arttitle - assumed 'arttitle' D:\wamp\www\My\Application\Runtime\Cache\Blog\21396ea1c9f1f9cd507d13058fc87123.php 第 100 行.
NOTIC: [8] Use of undefined constant username - assumed 'username' D:\wamp\www\My\Application\Runtime\Cache\Blog\21396ea1c9f1f9cd507d13058fc87123.php 第 101 行.
NOTIC: [8] Use of undefined constant artdate - assumed 'artdate' D:\wamp\www\My\Application\Runtime\Cache\Blog\21396ea1c9f1f9cd507d13058fc87123.php 第 101 行.
NOTIC: [8] Use of undefined constant artcontent - assumed 'artcontent' D:\wamp\www\My\Application\Runtime\Cache\Blog\21396ea1c9f1f9cd507d13058fc87123.php 第 129 行.
NOTIC: [8] Use of undefined constant artremark1 - assumed 'artremark1' D:\wamp\www\My\Application\Runtime\Cache\Blog\21396ea1c9f1f9cd507d13058fc87123.php 第 134 行.
INFO: Run Behavior\ParseTemplateBehavior [ RunTime:0.007490s ]
INFO: [ view_parse ] --END-- [ RunTime:0.007578s ]
INFO: [ view_filter ] --START--
INFO: Run Behavior\WriteHtmlCacheBehavior [ RunTime:0.000422s ]
INFO: [ view_filter ] --END-- [ RunTime:0.000497s ]
INFO: [ app_end ] --START--
INFO: Run Behavior\ShowPageTraceBehavior [ RunTime:0.000575s ]
INFO: [ app_end ] --END-- [ RunTime:0.000650s ]

[ 2016-03-28T15:44:51+08:00 ] 127.0.0.1 /index.php/Blog/Index/readMore.shtml?artid=22
INFO: [ app_init ] --START--
INFO: Run Behavior\BuildLiteBehavior [ RunTime:0.000030s ]
INFO: [ app_init ] --END-- [ RunTime:0.000173s ]
INFO: [ app_begin ] --START--
INFO: Run Behavior\ReadHtmlCacheBehavior [ RunTime:0.000792s ]
INFO: [ app_begin ] --END-- [ RunTime:0.000948s ]
SQL: SHOW COLUMNS FROM `nb_blog` [ RunTime:0.0036s ]
SQL: SELECT * FROM `nb_blog` WHERE ( artid=22 AND username="wang" )  [ RunTime:0.0003s ]
INFO: [ view_parse ] --START--
INFO: [ template_filter ] --START--
INFO: Run Behavior\ContentReplaceBehavior [ RunTime:0.000058s ]
INFO: [ template_filter ] --END-- [ RunTime:0.000149s ]
NOTIC: [8] Undefined variable: name D:\wamp\www\My\Application\Runtime\Cache\Blog\1ef2d4d57a616643ff2c43c2de394463.php 第 24 行.
NOTIC: [8] Use of undefined constant arttitle - assumed 'arttitle' D:\wamp\www\My\Application\Runtime\Cache\Blog\1ef2d4d57a616643ff2c43c2de394463.php 第 32 行.
NOTIC: [8] Use of undefined constant username - assumed 'username' D:\wamp\www\My\Application\Runtime\Cache\Blog\1ef2d4d57a616643ff2c43c2de394463.php 第 33 行.
NOTIC: [8] Use of undefined constant artdate - assumed 'artdate' D:\wamp\www\My\Application\Runtime\Cache\Blog\1ef2d4d57a616643ff2c43c2de394463.php 第 33 行.
NOTIC: [8] Use of undefined constant artcontent - assumed 'artcontent' D:\wamp\www\My\Application\Runtime\Cache\Blog\1ef2d4d57a616643ff2c43c2de394463.php 第 38 行.
NOTIC: [8] Use of undefined constant artremark1 - assumed 'artremark1' D:\wamp\www\My\Application\Runtime\Cache\Blog\1ef2d4d57a616643ff2c43c2de394463.php 第 43 行.
NOTIC: [8] Use of undefined constant artid - assumed 'artid' D:\wamp\www\My\Application\Runtime\Cache\Blog\1ef2d4d57a616643ff2c43c2de394463.php 第 45 行.
NOTIC: [8] Use of undefined constant artid - assumed 'artid' D:\wamp\www\My\Application\Runtime\Cache\Blog\1ef2d4d57a616643ff2c43c2de394463.php 第 46 行.
INFO: Run Behavior\ParseTemplateBehavior [ RunTime:0.006871s ]
INFO: [ view_parse ] --END-- [ RunTime:0.006956s ]
INFO: [ view_filter ] --START--
INFO: Run Behavior\WriteHtmlCacheBehavior [ RunTime:0.000285s ]
INFO: [ view_filter ] --END-- [ RunTime:0.000360s ]
INFO: [ app_end ] --START--
INFO: Run Behavior\ShowPageTraceBehavior [ RunTime:0.000460s ]
INFO: [ app_end ] --END-- [ RunTime:0.000538s ]

