[ 2016-04-03T14:10:29+08:00 ] 127.0.0.1 /index.php/Blog/Index/index.shtml
INFO: [ app_init ] --START--
INFO: Run Behavior\BuildLiteBehavior [ RunTime:0.000091s ]
INFO: [ app_init ] --END-- [ RunTime:0.000640s ]
INFO: [ app_begin ] --START--
INFO: Run Behavior\ReadHtmlCacheBehavior [ RunTime:0.005797s ]
INFO: [ app_begin ] --END-- [ RunTime:0.007122s ]
SQL: SHOW COLUMNS FROM `nb_blog` [ RunTime:0.0517s ]
SQL: SELECT * FROM `nb_blog` WHERE ( username="wang" ) ORDER BY artid desc  [ RunTime:0.0010s ]
INFO: [ view_parse ] --START--
INFO: [ template_filter ] --START--
INFO: Run Behavior\ContentReplaceBehavior [ RunTime:0.000386s ]
INFO: [ template_filter ] --END-- [ RunTime:0.000872s ]
INFO: Run Behavior\ParseTemplateBehavior [ RunTime:0.079640s ]
INFO: [ view_parse ] --END-- [ RunTime:0.080063s ]
INFO: [ view_filter ] --START--
INFO: Run Behavior\WriteHtmlCacheBehavior [ RunTime:0.001575s ]
INFO: [ view_filter ] --END-- [ RunTime:0.001931s ]
INFO: [ app_end ] --START--
INFO: Run Behavior\ShowPageTraceBehavior [ RunTime:0.002086s ]
INFO: [ app_end ] --END-- [ RunTime:0.002387s ]

[ 2016-04-03T14:43:26+08:00 ] 127.0.0.1 /index.php/Blog/index/index.shtml
INFO: [ app_init ] --START--
INFO: Run Behavior\BuildLiteBehavior [ RunTime:0.000079s ]
INFO: [ app_init ] --END-- [ RunTime:0.000530s ]
INFO: [ app_begin ] --START--
INFO: Run Behavior\ReadHtmlCacheBehavior [ RunTime:0.004161s ]
INFO: [ app_begin ] --END-- [ RunTime:0.004632s ]
SQL: SHOW COLUMNS FROM `nb_blog` [ RunTime:0.0096s ]
SQL: SELECT * FROM `nb_blog` WHERE ( username="wang" ) ORDER BY artid desc  [ RunTime:0.0009s ]
SQL: SELECT COUNT(artid) AS tp_count FROM `nb_blog` WHERE `artdate` LIKE '2016-03' LIMIT 1   [ RunTime:0.0214s ]
INFO: [ view_parse ] --START--
INFO: [ template_filter ] --START--
INFO: Run Behavior\ContentReplaceBehavior [ RunTime:0.000241s ]
INFO: [ template_filter ] --END-- [ RunTime:0.000582s ]
INFO: Run Behavior\ParseTemplateBehavior [ RunTime:0.037824s ]
INFO: [ view_parse ] --END-- [ RunTime:0.038156s ]
INFO: [ view_filter ] --START--
INFO: Run Behavior\WriteHtmlCacheBehavior [ RunTime:0.001803s ]
INFO: [ view_filter ] --END-- [ RunTime:0.002735s ]
INFO: [ app_end ] --START--
INFO: Run Behavior\ShowPageTraceBehavior [ RunTime:0.002955s ]
INFO: [ app_end ] --END-- [ RunTime:0.003388s ]

[ 2016-04-03T14:45:15+08:00 ] 127.0.0.1 /index.php/Blog/index/index.shtml
INFO: [ app_init ] --START--
INFO: Run Behavior\BuildLiteBehavior [ RunTime:0.000068s ]
INFO: [ app_init ] --END-- [ RunTime:0.000387s ]
INFO: [ app_begin ] --START--
INFO: Run Behavior\ReadHtmlCacheBehavior [ RunTime:0.001911s ]
INFO: [ app_begin ] --END-- [ RunTime:0.002370s ]
SQL: SHOW COLUMNS FROM `nb_blog` [ RunTime:0.0165s ]
SQL: SELECT * FROM `nb_blog` WHERE ( username="wang" ) ORDER BY artid desc  [ RunTime:0.0015s ]
SQL: SELECT * FROM `nb_blog` WHERE `artdate` LIKE '2016-03'  [ RunTime:0.0013s ]
INFO: [ view_parse ] --START--
INFO: [ template_filter ] --START--
INFO: Run Behavior\ContentReplaceBehavior [ RunTime:0.000248s ]
INFO: [ template_filter ] --END-- [ RunTime:0.000586s ]
INFO: Run Behavior\ParseTemplateBehavior [ RunTime:0.072613s ]
INFO: [ view_parse ] --END-- [ RunTime:0.073138s ]
INFO: [ view_filter ] --START--
INFO: Run Behavior\WriteHtmlCacheBehavior [ RunTime:0.001948s ]
INFO: [ view_filter ] --END-- [ RunTime:0.002329s ]
INFO: [ app_end ] --START--
INFO: Run Behavior\ShowPageTraceBehavior [ RunTime:0.003569s ]
INFO: [ app_end ] --END-- [ RunTime:0.004368s ]

[ 2016-04-03T14:47:02+08:00 ] 127.0.0.1 /index.php/Blog/index/index.shtml
INFO: [ app_init ] --START--
INFO: Run Behavior\BuildLiteBehavior [ RunTime:0.000085s ]
INFO: [ app_init ] --END-- [ RunTime:0.000570s ]
INFO: [ app_begin ] --START--
INFO: Run Behavior\ReadHtmlCacheBehavior [ RunTime:0.003228s ]
INFO: [ app_begin ] --END-- [ RunTime:0.003650s ]
SQL: SHOW COLUMNS FROM `nb_blog` [ RunTime:0.0102s ]
SQL: SELECT * FROM `nb_blog` WHERE ( username="wang" ) ORDER BY artid desc  [ RunTime:0.0013s ]
SQL: SELECT * FROM `nb_blog` WHERE ( artdate like "%2016-03%" )  [ RunTime:0.0008s ]
INFO: [ view_parse ] --START--
INFO: [ template_filter ] --START--
INFO: Run Behavior\ContentReplaceBehavior [ RunTime:0.000757s ]
INFO: [ template_filter ] --END-- [ RunTime:0.001307s ]
INFO: Run Behavior\ParseTemplateBehavior [ RunTime:0.118955s ]
INFO: [ view_parse ] --END-- [ RunTime:0.119588s ]
INFO: [ view_filter ] --START--
INFO: Run Behavior\WriteHtmlCacheBehavior [ RunTime:0.002747s ]
INFO: [ view_filter ] --END-- [ RunTime:0.003313s ]
INFO: [ app_end ] --START--
INFO: Run Behavior\ShowPageTraceBehavior [ RunTime:0.003994s ]
INFO: [ app_end ] --END-- [ RunTime:0.005040s ]

[ 2016-04-03T14:47:18+08:00 ] 127.0.0.1 /index.php/Blog/index/index.shtml
INFO: [ app_init ] --START--
INFO: Run Behavior\BuildLiteBehavior [ RunTime:0.000101s ]
INFO: [ app_init ] --END-- [ RunTime:0.000534s ]
INFO: [ app_begin ] --START--
INFO: Run Behavior\ReadHtmlCacheBehavior [ RunTime:0.002379s ]
INFO: [ app_begin ] --END-- [ RunTime:0.002830s ]
SQL: SHOW COLUMNS FROM `nb_blog` [ RunTime:0.0163s ]
SQL: SELECT * FROM `nb_blog` WHERE ( username="wang" ) ORDER BY artid desc  [ RunTime:0.0033s ]
SQL: SELECT COUNT(*) AS tp_count FROM `nb_blog` WHERE ( artdate like "%2016-03%" ) LIMIT 1   [ RunTime:0.0011s ]
INFO: [ view_parse ] --START--
INFO: [ template_filter ] --START--
INFO: Run Behavior\ContentReplaceBehavior [ RunTime:0.000317s ]
INFO: [ template_filter ] --END-- [ RunTime:0.000749s ]
INFO: Run Behavior\ParseTemplateBehavior [ RunTime:0.053475s ]
INFO: [ view_parse ] --END-- [ RunTime:0.053913s ]
INFO: [ view_filter ] --START--
INFO: Run Behavior\WriteHtmlCacheBehavior [ RunTime:0.001566s ]
INFO: [ view_filter ] --END-- [ RunTime:0.001967s ]
INFO: [ app_end ] --START--
INFO: Run Behavior\ShowPageTraceBehavior [ RunTime:0.002344s ]
INFO: [ app_end ] --END-- [ RunTime:0.002743s ]

