[ 2016-04-01T20:29:00+08:00 ] 127.0.0.1 /index.php/Blog/index/index.shtml
INFO: [ app_init ] --START--
INFO: Run Behavior\BuildLiteBehavior [ RunTime:0.000053s ]
INFO: [ app_init ] --END-- [ RunTime:0.000311s ]
INFO: [ app_begin ] --START--
INFO: Run Behavior\ReadHtmlCacheBehavior [ RunTime:0.003656s ]
INFO: [ app_begin ] --END-- [ RunTime:0.004377s ]
INFO: [ view_parse ] --START--
INFO: [ template_filter ] --START--
INFO: Run Behavior\ContentReplaceBehavior [ RunTime:0.000227s ]
INFO: [ template_filter ] --END-- [ RunTime:0.000649s ]
INFO: Run Behavior\ParseTemplateBehavior [ RunTime:0.068291s ]
INFO: [ view_parse ] --END-- [ RunTime:0.068687s ]
INFO: [ view_filter ] --START--
INFO: Run Behavior\WriteHtmlCacheBehavior [ RunTime:0.044618s ]
INFO: [ view_filter ] --END-- [ RunTime:0.044925s ]

[ 2016-04-01T20:29:13+08:00 ] 127.0.0.1 /index.php/Blog/Index/index.shtml
INFO: [ app_init ] --START--
INFO: Run Behavior\BuildLiteBehavior [ RunTime:0.000124s ]
INFO: [ app_init ] --END-- [ RunTime:0.000770s ]
INFO: [ app_begin ] --START--
INFO: Run Behavior\ReadHtmlCacheBehavior [ RunTime:0.002869s ]
INFO: [ app_begin ] --END-- [ RunTime:0.003422s ]
SQL: SHOW COLUMNS FROM `nb_blog` [ RunTime:0.0097s ]
SQL: SELECT * FROM `nb_blog` WHERE ( username="wang" )  [ RunTime:0.0017s ]
INFO: [ view_parse ] --START--
INFO: [ template_filter ] --START--
INFO: Run Behavior\ContentReplaceBehavior [ RunTime:0.000436s ]
INFO: [ template_filter ] --END-- [ RunTime:0.001042s ]
INFO: Run Behavior\ParseTemplateBehavior [ RunTime:0.076016s ]
INFO: [ view_parse ] --END-- [ RunTime:0.076448s ]
INFO: [ view_filter ] --START--
INFO: Run Behavior\WriteHtmlCacheBehavior [ RunTime:0.001530s ]
INFO: [ view_filter ] --END-- [ RunTime:0.002005s ]
INFO: [ app_end ] --START--
INFO: Run Behavior\ShowPageTraceBehavior [ RunTime:0.003074s ]
INFO: [ app_end ] --END-- [ RunTime:0.003769s ]

[ 2016-04-01T20:30:23+08:00 ] 127.0.0.1 /index.php/Blog/Index/index.shtml
INFO: [ app_init ] --START--
INFO: Run Behavior\BuildLiteBehavior [ RunTime:0.000062s ]
INFO: [ app_init ] --END-- [ RunTime:0.000419s ]
INFO: [ app_begin ] --START--
INFO: Run Behavior\ReadHtmlCacheBehavior [ RunTime:0.002065s ]
INFO: [ app_begin ] --END-- [ RunTime:0.002378s ]
SQL: SHOW COLUMNS FROM `nb_blog` [ RunTime:0.0114s ]
SQL: SELECT * FROM `nb_blog` WHERE ( username="wang" )  [ RunTime:0.0008s ]
INFO: [ view_parse ] --START--
INFO: [ template_filter ] --START--
INFO: Run Behavior\ContentReplaceBehavior [ RunTime:0.000240s ]
INFO: [ template_filter ] --END-- [ RunTime:0.000552s ]
INFO: Run Behavior\ParseTemplateBehavior [ RunTime:0.037603s ]
INFO: [ view_parse ] --END-- [ RunTime:0.037939s ]
INFO: [ view_filter ] --START--
INFO: Run Behavior\WriteHtmlCacheBehavior [ RunTime:0.001863s ]
INFO: [ view_filter ] --END-- [ RunTime:0.002158s ]
INFO: [ app_end ] --START--
INFO: Run Behavior\ShowPageTraceBehavior [ RunTime:0.002195s ]
INFO: [ app_end ] --END-- [ RunTime:0.002493s ]

[ 2016-04-01T21:01:09+08:00 ] 127.0.0.1 /index.php/Blog/Index/index.shtml
INFO: [ app_init ] --START--
INFO: Run Behavior\BuildLiteBehavior [ RunTime:0.000088s ]
INFO: [ app_init ] --END-- [ RunTime:0.000484s ]
INFO: [ app_begin ] --START--
INFO: Run Behavior\ReadHtmlCacheBehavior [ RunTime:0.002593s ]
INFO: [ app_begin ] --END-- [ RunTime:0.003021s ]
SQL: SHOW COLUMNS FROM `nb_blog` [ RunTime:0.0159s ]
SQL: SELECT * FROM `nb_blog` WHERE ( username="wang" ) ORDER BY artid desc  [ RunTime:0.0011s ]
INFO: [ view_parse ] --START--
INFO: [ template_filter ] --START--
INFO: Run Behavior\ContentReplaceBehavior [ RunTime:0.000292s ]
INFO: [ template_filter ] --END-- [ RunTime:0.000692s ]
INFO: Run Behavior\ParseTemplateBehavior [ RunTime:0.052222s ]
INFO: [ view_parse ] --END-- [ RunTime:0.052729s ]
INFO: [ view_filter ] --START--
INFO: Run Behavior\WriteHtmlCacheBehavior [ RunTime:0.001959s ]
INFO: [ view_filter ] --END-- [ RunTime:0.002324s ]
INFO: [ app_end ] --START--
INFO: Run Behavior\ShowPageTraceBehavior [ RunTime:0.002839s ]
INFO: [ app_end ] --END-- [ RunTime:0.003194s ]

[ 2016-04-01T21:01:21+08:00 ] 127.0.0.1 /index.php/Blog/Index/index.shtml
INFO: [ app_init ] --START--
INFO: Run Behavior\BuildLiteBehavior [ RunTime:0.000144s ]
INFO: [ app_init ] --END-- [ RunTime:0.000520s ]
INFO: [ app_begin ] --START--
INFO: Run Behavior\ReadHtmlCacheBehavior [ RunTime:0.003915s ]
INFO: [ app_begin ] --END-- [ RunTime:0.004398s ]
SQL: SHOW COLUMNS FROM `nb_blog` [ RunTime:0.0116s ]
SQL: SELECT * FROM `nb_blog` WHERE ( username="wang" ) ORDER BY artid desc  [ RunTime:0.0012s ]
INFO: [ view_parse ] --START--
INFO: [ template_filter ] --START--
INFO: Run Behavior\ContentReplaceBehavior [ RunTime:0.000303s ]
INFO: [ template_filter ] --END-- [ RunTime:0.000725s ]
INFO: Run Behavior\ParseTemplateBehavior [ RunTime:0.052542s ]
INFO: [ view_parse ] --END-- [ RunTime:0.052954s ]
INFO: [ view_filter ] --START--
INFO: Run Behavior\WriteHtmlCacheBehavior [ RunTime:0.001459s ]
INFO: [ view_filter ] --END-- [ RunTime:0.001890s ]
INFO: [ app_end ] --START--
INFO: Run Behavior\ShowPageTraceBehavior [ RunTime:0.002004s ]
INFO: [ app_end ] --END-- [ RunTime:0.002288s ]

[ 2016-04-01T21:01:23+08:00 ] 127.0.0.1 /index.php/Blog/Index/index.shtml
INFO: [ app_init ] --START--
INFO: Run Behavior\BuildLiteBehavior [ RunTime:0.000079s ]
INFO: [ app_init ] --END-- [ RunTime:0.000496s ]
INFO: [ app_begin ] --START--
INFO: Run Behavior\ReadHtmlCacheBehavior [ RunTime:0.002827s ]
INFO: [ app_begin ] --END-- [ RunTime:0.003211s ]
SQL: SHOW COLUMNS FROM `nb_blog` [ RunTime:0.0123s ]
SQL: SELECT * FROM `nb_blog` WHERE ( username="wang" ) ORDER BY artid desc  [ RunTime:0.0012s ]
INFO: [ view_parse ] --START--
INFO: [ template_filter ] --START--
INFO: Run Behavior\ContentReplaceBehavior [ RunTime:0.000295s ]
INFO: [ template_filter ] --END-- [ RunTime:0.000691s ]
INFO: Run Behavior\ParseTemplateBehavior [ RunTime:0.044254s ]
INFO: [ view_parse ] --END-- [ RunTime:0.044662s ]
INFO: [ view_filter ] --START--
INFO: Run Behavior\WriteHtmlCacheBehavior [ RunTime:0.001929s ]
INFO: [ view_filter ] --END-- [ RunTime:0.002313s ]
INFO: [ app_end ] --START--
INFO: Run Behavior\ShowPageTraceBehavior [ RunTime:0.002787s ]
INFO: [ app_end ] --END-- [ RunTime:0.003231s ]

[ 2016-04-01T21:01:24+08:00 ] 127.0.0.1 /index.php/Blog/Index/index.shtml
INFO: [ app_init ] --START--
INFO: Run Behavior\BuildLiteBehavior [ RunTime:0.000078s ]
INFO: [ app_init ] --END-- [ RunTime:0.000474s ]
INFO: [ app_begin ] --START--
INFO: Run Behavior\ReadHtmlCacheBehavior [ RunTime:0.003033s ]
INFO: [ app_begin ] --END-- [ RunTime:0.003447s ]
SQL: SHOW COLUMNS FROM `nb_blog` [ RunTime:0.0111s ]
SQL: SELECT * FROM `nb_blog` WHERE ( username="wang" ) ORDER BY artid desc  [ RunTime:0.0009s ]
INFO: [ view_parse ] --START--
INFO: [ template_filter ] --START--
INFO: Run Behavior\ContentReplaceBehavior [ RunTime:0.000234s ]
INFO: [ template_filter ] --END-- [ RunTime:0.000581s ]
INFO: Run Behavior\ParseTemplateBehavior [ RunTime:0.036444s ]
INFO: [ view_parse ] --END-- [ RunTime:0.036830s ]
INFO: [ view_filter ] --START--
INFO: Run Behavior\WriteHtmlCacheBehavior [ RunTime:0.001343s ]
INFO: [ view_filter ] --END-- [ RunTime:0.001624s ]
INFO: [ app_end ] --START--
INFO: Run Behavior\ShowPageTraceBehavior [ RunTime:0.001932s ]
INFO: [ app_end ] --END-- [ RunTime:0.002206s ]

[ 2016-04-01T21:01:25+08:00 ] 127.0.0.1 /index.php/Blog/Index/index.shtml
INFO: [ app_init ] --START--
INFO: Run Behavior\BuildLiteBehavior [ RunTime:0.000078s ]
INFO: [ app_init ] --END-- [ RunTime:0.000472s ]
INFO: [ app_begin ] --START--
INFO: Run Behavior\ReadHtmlCacheBehavior [ RunTime:0.003077s ]
INFO: [ app_begin ] --END-- [ RunTime:0.003531s ]
SQL: SHOW COLUMNS FROM `nb_blog` [ RunTime:0.0125s ]
SQL: SELECT * FROM `nb_blog` WHERE ( username="wang" ) ORDER BY artid desc  [ RunTime:0.0015s ]
INFO: [ view_parse ] --START--
INFO: [ template_filter ] --START--
INFO: Run Behavior\ContentReplaceBehavior [ RunTime:0.000298s ]
INFO: [ template_filter ] --END-- [ RunTime:0.000760s ]
INFO: Run Behavior\ParseTemplateBehavior [ RunTime:0.044742s ]
INFO: [ view_parse ] --END-- [ RunTime:0.045219s ]
INFO: [ view_filter ] --START--
INFO: Run Behavior\WriteHtmlCacheBehavior [ RunTime:0.003489s ]
INFO: [ view_filter ] --END-- [ RunTime:0.003898s ]
INFO: [ app_end ] --START--
INFO: Run Behavior\ShowPageTraceBehavior [ RunTime:0.005157s ]
INFO: [ app_end ] --END-- [ RunTime:0.005926s ]

[ 2016-04-01T21:01:32+08:00 ] 127.0.0.1 /index.php/Blog/Index/index.shtml
INFO: [ app_init ] --START--
INFO: Run Behavior\BuildLiteBehavior [ RunTime:0.000077s ]
INFO: [ app_init ] --END-- [ RunTime:0.000415s ]
INFO: [ app_begin ] --START--
INFO: Run Behavior\ReadHtmlCacheBehavior [ RunTime:0.001764s ]
INFO: [ app_begin ] --END-- [ RunTime:0.002096s ]
SQL: SHOW COLUMNS FROM `nb_blog` [ RunTime:0.0096s ]
SQL: SELECT * FROM `nb_blog` WHERE ( username="wang" ) ORDER BY artid desc  [ RunTime:0.0009s ]
INFO: [ view_parse ] --START--
INFO: [ template_filter ] --START--
INFO: Run Behavior\ContentReplaceBehavior [ RunTime:0.000290s ]
INFO: [ template_filter ] --END-- [ RunTime:0.000615s ]
INFO: Run Behavior\ParseTemplateBehavior [ RunTime:0.035360s ]
INFO: [ view_parse ] --END-- [ RunTime:0.035736s ]
INFO: [ view_filter ] --START--
INFO: Run Behavior\WriteHtmlCacheBehavior [ RunTime:0.001038s ]
INFO: [ view_filter ] --END-- [ RunTime:0.001313s ]
INFO: [ app_end ] --START--
INFO: Run Behavior\ShowPageTraceBehavior [ RunTime:0.001750s ]
INFO: [ app_end ] --END-- [ RunTime:0.002028s ]

[ 2016-04-01T21:12:58+08:00 ] 127.0.0.1 /index.php/Blog/Index/index.shtml
INFO: [ app_init ] --START--
INFO: Run Behavior\BuildLiteBehavior [ RunTime:0.000080s ]
INFO: [ app_init ] --END-- [ RunTime:0.000489s ]
INFO: [ app_begin ] --START--
INFO: Run Behavior\ReadHtmlCacheBehavior [ RunTime:0.002654s ]
INFO: [ app_begin ] --END-- [ RunTime:0.003135s ]
SQL: SHOW COLUMNS FROM `nb_blog` [ RunTime:0.0136s ]
SQL: SELECT * FROM `nb_blog` WHERE ( username="wang" ) ORDER BY artid desc  [ RunTime:0.0011s ]
INFO: [ view_parse ] --START--
INFO: [ template_filter ] --START--
INFO: Run Behavior\ContentReplaceBehavior [ RunTime:0.000255s ]
INFO: [ template_filter ] --END-- [ RunTime:0.000689s ]
INFO: Run Behavior\ParseTemplateBehavior [ RunTime:0.045644s ]
INFO: [ view_parse ] --END-- [ RunTime:0.046005s ]
INFO: [ view_filter ] --START--
INFO: Run Behavior\WriteHtmlCacheBehavior [ RunTime:0.001090s ]
INFO: [ view_filter ] --END-- [ RunTime:0.001373s ]
INFO: [ app_end ] --START--
INFO: Run Behavior\ShowPageTraceBehavior [ RunTime:0.003407s ]
INFO: [ app_end ] --END-- [ RunTime:0.003711s ]

[ 2016-04-01T21:13:10+08:00 ] 127.0.0.1 /index.php/Blog/Index/index.shtml
INFO: [ app_init ] --START--
INFO: Run Behavior\BuildLiteBehavior [ RunTime:0.000080s ]
INFO: [ app_init ] --END-- [ RunTime:0.000461s ]
INFO: [ app_begin ] --START--
INFO: Run Behavior\ReadHtmlCacheBehavior [ RunTime:0.002654s ]
INFO: [ app_begin ] --END-- [ RunTime:0.003098s ]
SQL: SHOW COLUMNS FROM `nb_blog` [ RunTime:0.0127s ]
SQL: SELECT * FROM `nb_blog` WHERE ( username="wang" ) ORDER BY artid desc  [ RunTime:0.0011s ]
INFO: [ view_parse ] --START--
INFO: [ template_filter ] --START--
INFO: Run Behavior\ContentReplaceBehavior [ RunTime:0.000284s ]
INFO: [ template_filter ] --END-- [ RunTime:0.000678s ]
INFO: Run Behavior\ParseTemplateBehavior [ RunTime:0.046778s ]
INFO: [ view_parse ] --END-- [ RunTime:0.047524s ]
INFO: [ view_filter ] --START--
INFO: Run Behavior\WriteHtmlCacheBehavior [ RunTime:0.002320s ]
INFO: [ view_filter ] --END-- [ RunTime:0.002760s ]
INFO: [ app_end ] --START--
INFO: Run Behavior\ShowPageTraceBehavior [ RunTime:0.002792s ]
INFO: [ app_end ] --END-- [ RunTime:0.003149s ]

[ 2016-04-01T21:14:08+08:00 ] 127.0.0.1 /index.php/Blog/Index/index.shtml
INFO: [ app_init ] --START--
INFO: Run Behavior\BuildLiteBehavior [ RunTime:0.000088s ]
INFO: [ app_init ] --END-- [ RunTime:0.000535s ]
INFO: [ app_begin ] --START--
INFO: Run Behavior\ReadHtmlCacheBehavior [ RunTime:0.003772s ]
INFO: [ app_begin ] --END-- [ RunTime:0.004273s ]
SQL: SHOW COLUMNS FROM `nb_blog` [ RunTime:0.0119s ]
SQL: SELECT * FROM `nb_blog` WHERE ( username="wang" ) ORDER BY artid desc  [ RunTime:0.0014s ]
INFO: [ view_parse ] --START--
INFO: [ template_filter ] --START--
INFO: Run Behavior\ContentReplaceBehavior [ RunTime:0.000221s ]
INFO: [ template_filter ] --END-- [ RunTime:0.000651s ]
INFO: Run Behavior\ParseTemplateBehavior [ RunTime:0.048788s ]
INFO: [ view_parse ] --END-- [ RunTime:0.049286s ]
INFO: [ view_filter ] --START--
INFO: Run Behavior\WriteHtmlCacheBehavior [ RunTime:0.001920s ]
INFO: [ view_filter ] --END-- [ RunTime:0.002417s ]
INFO: [ app_end ] --START--
INFO: Run Behavior\ShowPageTraceBehavior [ RunTime:0.002401s ]
INFO: [ app_end ] --END-- [ RunTime:0.002828s ]

[ 2016-04-01T21:14:09+08:00 ] 127.0.0.1 /index.php/Blog/Index/add.shtml
INFO: [ app_init ] --START--
INFO: Run Behavior\BuildLiteBehavior [ RunTime:0.000279s ]
INFO: [ app_init ] --END-- [ RunTime:0.000761s ]
INFO: [ app_begin ] --START--
INFO: Run Behavior\ReadHtmlCacheBehavior [ RunTime:0.002106s ]
INFO: [ app_begin ] --END-- [ RunTime:0.002530s ]
INFO: [ view_parse ] --START--
INFO: [ template_filter ] --START--
INFO: Run Behavior\ContentReplaceBehavior [ RunTime:0.000224s ]
INFO: [ template_filter ] --END-- [ RunTime:0.000690s ]
INFO: Run Behavior\ParseTemplateBehavior [ RunTime:0.038039s ]
INFO: [ view_parse ] --END-- [ RunTime:0.038424s ]
INFO: [ view_filter ] --START--
INFO: Run Behavior\WriteHtmlCacheBehavior [ RunTime:0.001327s ]
INFO: [ view_filter ] --END-- [ RunTime:0.001696s ]
INFO: [ app_end ] --START--
INFO: Run Behavior\ShowPageTraceBehavior [ RunTime:0.002055s ]
INFO: [ app_end ] --END-- [ RunTime:0.002420s ]

