[ 2016-03-30T21:46:36+08:00 ] 127.0.0.1 /index.php/Blog/Index/index.shtml
INFO: [ app_init ] --START--
INFO: Run Behavior\BuildLiteBehavior [ RunTime:0.000078s ]
INFO: [ app_init ] --END-- [ RunTime:0.000449s ]
INFO: [ app_begin ] --START--
INFO: Run Behavior\ReadHtmlCacheBehavior [ RunTime:0.002204s ]
INFO: [ app_begin ] --END-- [ RunTime:0.002573s ]
INFO: [ view_parse ] --START--
INFO: [ template_filter ] --START--
INFO: Run Behavior\ContentReplaceBehavior [ RunTime:0.000221s ]
INFO: [ template_filter ] --END-- [ RunTime:0.000610s ]
INFO: Run Behavior\ParseTemplateBehavior [ RunTime:0.042473s ]
INFO: [ view_parse ] --END-- [ RunTime:0.042916s ]
INFO: [ view_filter ] --START--
INFO: Run Behavior\WriteHtmlCacheBehavior [ RunTime:0.001399s ]
INFO: [ view_filter ] --END-- [ RunTime:0.001746s ]

[ 2016-03-30T21:46:45+08:00 ] 127.0.0.1 /index.php/Blog/Index/index.shtml
INFO: [ app_init ] --START--
INFO: Run Behavior\BuildLiteBehavior [ RunTime:0.000077s ]
INFO: [ app_init ] --END-- [ RunTime:0.000485s ]
INFO: [ app_begin ] --START--
INFO: Run Behavior\ReadHtmlCacheBehavior [ RunTime:0.002433s ]
INFO: [ app_begin ] --END-- [ RunTime:0.002950s ]
SQL: SHOW COLUMNS FROM `nb_blog` [ RunTime:0.1392s ]
SQL: SELECT * FROM `nb_blog` WHERE ( username="wang" )  [ RunTime:0.0010s ]
INFO: [ view_parse ] --START--
INFO: [ template_filter ] --START--
INFO: Run Behavior\ContentReplaceBehavior [ RunTime:0.005684s ]
INFO: [ template_filter ] --END-- [ RunTime:0.006103s ]
INFO: Run Behavior\ParseTemplateBehavior [ RunTime:0.154172s ]
INFO: [ view_parse ] --END-- [ RunTime:0.154555s ]
INFO: [ view_filter ] --START--
INFO: Run Behavior\WriteHtmlCacheBehavior [ RunTime:0.001242s ]
INFO: [ view_filter ] --END-- [ RunTime:0.001528s ]
INFO: [ app_end ] --START--
INFO: Run Behavior\ShowPageTraceBehavior [ RunTime:0.002085s ]
INFO: [ app_end ] --END-- [ RunTime:0.002369s ]

[ 2016-03-30T21:46:45+08:00 ] 127.0.0.1 /index.php/Blog/Index/img/authors/1.png
INFO: [ app_init ] --START--
INFO: Run Behavior\BuildLiteBehavior [ RunTime:0.000111s ]
INFO: [ app_init ] --END-- [ RunTime:0.000650s ]

[ 2016-03-30T21:46:45+08:00 ] 127.0.0.1 /index.php/Blog/Index/img/authors/4.png
INFO: [ app_init ] --START--
INFO: Run Behavior\BuildLiteBehavior [ RunTime:0.000069s ]
INFO: [ app_init ] --END-- [ RunTime:0.000421s ]

[ 2016-03-30T21:46:45+08:00 ] 127.0.0.1 /index.php/Blog/Index/img/authors/3.png
INFO: [ app_init ] --START--
INFO: Run Behavior\BuildLiteBehavior [ RunTime:0.000122s ]
INFO: [ app_init ] --END-- [ RunTime:0.000707s ]

[ 2016-03-30T21:46:45+08:00 ] 127.0.0.1 /index.php/Blog/Index/img/authors/2.png
INFO: [ app_init ] --START--
INFO: Run Behavior\BuildLiteBehavior [ RunTime:0.000129s ]
INFO: [ app_init ] --END-- [ RunTime:0.000617s ]

[ 2016-03-30T21:46:45+08:00 ] 127.0.0.1 /index.php/Blog/Index/img/authors/6.png
INFO: [ app_init ] --START--
INFO: Run Behavior\BuildLiteBehavior [ RunTime:0.000104s ]
INFO: [ app_init ] --END-- [ RunTime:0.000571s ]

[ 2016-03-30T21:46:45+08:00 ] 127.0.0.1 /index.php/Blog/Index/img/authors/5.png
INFO: [ app_init ] --START--
INFO: Run Behavior\BuildLiteBehavior [ RunTime:0.000100s ]
INFO: [ app_init ] --END-- [ RunTime:0.000594s ]

[ 2016-03-30T21:46:45+08:00 ] 127.0.0.1 /index.php/Blog/Index/img/authors/7.png
INFO: [ app_init ] --START--
INFO: Run Behavior\BuildLiteBehavior [ RunTime:0.000088s ]
INFO: [ app_init ] --END-- [ RunTime:0.000565s ]

[ 2016-03-30T21:46:45+08:00 ] 127.0.0.1 /index.php/Blog/Index/img/authors/8.png
INFO: [ app_init ] --START--
INFO: Run Behavior\BuildLiteBehavior [ RunTime:0.000065s ]
INFO: [ app_init ] --END-- [ RunTime:0.000372s ]

[ 2016-03-30T21:46:45+08:00 ] 127.0.0.1 /index.php/Blog/Index/img/authors/1.png
INFO: [ app_init ] --START--
INFO: Run Behavior\BuildLiteBehavior [ RunTime:0.000105s ]
INFO: [ app_init ] --END-- [ RunTime:0.000600s ]

[ 2016-03-30T21:47:35+08:00 ] 127.0.0.1 /index.php/Blog/Index/index.shtml
INFO: [ app_init ] --START--
INFO: Run Behavior\BuildLiteBehavior [ RunTime:0.000121s ]
INFO: [ app_init ] --END-- [ RunTime:0.000922s ]
INFO: [ app_begin ] --START--
INFO: Run Behavior\ReadHtmlCacheBehavior [ RunTime:0.002334s ]
INFO: [ app_begin ] --END-- [ RunTime:0.002753s ]
SQL: SHOW COLUMNS FROM `nb_blog` [ RunTime:0.0118s ]
SQL: SELECT * FROM `nb_blog` WHERE ( username="wang" )  [ RunTime:0.0009s ]
INFO: [ view_parse ] --START--
INFO: [ template_filter ] --START--
INFO: Run Behavior\ContentReplaceBehavior [ RunTime:0.003469s ]
INFO: [ template_filter ] --END-- [ RunTime:0.003847s ]
INFO: Run Behavior\ParseTemplateBehavior [ RunTime:0.154188s ]
INFO: [ view_parse ] --END-- [ RunTime:0.154671s ]
INFO: [ view_filter ] --START--
INFO: Run Behavior\WriteHtmlCacheBehavior [ RunTime:0.001148s ]
INFO: [ view_filter ] --END-- [ RunTime:0.001663s ]
INFO: [ app_end ] --START--
INFO: Run Behavior\ShowPageTraceBehavior [ RunTime:0.001746s ]
INFO: [ app_end ] --END-- [ RunTime:0.002028s ]

[ 2016-03-30T21:47:35+08:00 ] 127.0.0.1 /index.php/Blog/Index/img/authors/1.png
INFO: [ app_init ] --START--
INFO: Run Behavior\BuildLiteBehavior [ RunTime:0.000071s ]
INFO: [ app_init ] --END-- [ RunTime:0.000418s ]

[ 2016-03-30T21:47:35+08:00 ] 127.0.0.1 /index.php/Blog/Index/img/authors/2.png
INFO: [ app_init ] --START--
INFO: Run Behavior\BuildLiteBehavior [ RunTime:0.000186s ]
INFO: [ app_init ] --END-- [ RunTime:0.000687s ]

[ 2016-03-30T21:47:36+08:00 ] 127.0.0.1 /index.php/Blog/Index/img/authors/6.png
INFO: [ app_init ] --START--
INFO: Run Behavior\BuildLiteBehavior [ RunTime:0.000111s ]
INFO: [ app_init ] --END-- [ RunTime:0.000627s ]

[ 2016-03-30T21:47:36+08:00 ] 127.0.0.1 /index.php/Blog/Index/img/authors/8.png
INFO: [ app_init ] --START--
INFO: Run Behavior\BuildLiteBehavior [ RunTime:0.000107s ]
INFO: [ app_init ] --END-- [ RunTime:0.000611s ]

[ 2016-03-30T21:47:36+08:00 ] 127.0.0.1 /index.php/Blog/Index/img/authors/3.png
INFO: [ app_init ] --START--
INFO: Run Behavior\BuildLiteBehavior [ RunTime:0.000106s ]
INFO: [ app_init ] --END-- [ RunTime:0.000672s ]

[ 2016-03-30T21:47:36+08:00 ] 127.0.0.1 /index.php/Blog/Index/img/authors/7.png
INFO: [ app_init ] --START--
INFO: Run Behavior\BuildLiteBehavior [ RunTime:0.000109s ]
INFO: [ app_init ] --END-- [ RunTime:0.000667s ]

[ 2016-03-30T21:47:36+08:00 ] 127.0.0.1 /index.php/Blog/Index/img/authors/5.png
INFO: [ app_init ] --START--
INFO: Run Behavior\BuildLiteBehavior [ RunTime:0.000103s ]
INFO: [ app_init ] --END-- [ RunTime:0.000597s ]

[ 2016-03-30T21:47:36+08:00 ] 127.0.0.1 /index.php/Blog/Index/img/authors/1.png
INFO: [ app_init ] --START--
INFO: Run Behavior\BuildLiteBehavior [ RunTime:0.001300s ]
INFO: [ app_init ] --END-- [ RunTime:0.001881s ]

[ 2016-03-30T21:47:36+08:00 ] 127.0.0.1 /index.php/Blog/Index/img/authors/4.png
INFO: [ app_init ] --START--
INFO: Run Behavior\BuildLiteBehavior [ RunTime:0.000110s ]
INFO: [ app_init ] --END-- [ RunTime:0.000640s ]

[ 2016-03-30T21:47:36+08:00 ] 127.0.0.1 /index.php/Blog/Index/img/authors/2.png
INFO: [ app_init ] --START--
INFO: Run Behavior\BuildLiteBehavior [ RunTime:0.000100s ]
INFO: [ app_init ] --END-- [ RunTime:0.000587s ]

[ 2016-03-30T21:47:38+08:00 ] 127.0.0.1 /index.php/Blog/Index/index2.html
INFO: [ app_init ] --START--
INFO: Run Behavior\BuildLiteBehavior [ RunTime:0.000077s ]
INFO: [ app_init ] --END-- [ RunTime:0.000510s ]
INFO: [ app_begin ] --START--
INFO: Run Behavior\ReadHtmlCacheBehavior [ RunTime:0.001317s ]
INFO: [ app_begin ] --END-- [ RunTime:0.001565s ]
ERR: 非法操作:index2.html

[ 2016-03-30T21:47:55+08:00 ] 127.0.0.1 /index.php/Blog/Index/index.shtml
INFO: [ app_init ] --START--
INFO: Run Behavior\BuildLiteBehavior [ RunTime:0.000050s ]
INFO: [ app_init ] --END-- [ RunTime:0.000281s ]
INFO: [ app_begin ] --START--
INFO: Run Behavior\ReadHtmlCacheBehavior [ RunTime:0.001106s ]
INFO: [ app_begin ] --END-- [ RunTime:0.001339s ]
SQL: SHOW COLUMNS FROM `nb_blog` [ RunTime:0.0092s ]
SQL: SELECT * FROM `nb_blog` WHERE ( username="wang" )  [ RunTime:0.0011s ]
INFO: [ view_parse ] --START--
INFO: [ template_filter ] --START--
INFO: Run Behavior\ContentReplaceBehavior [ RunTime:0.003430s ]
INFO: [ template_filter ] --END-- [ RunTime:0.003940s ]
INFO: Run Behavior\ParseTemplateBehavior [ RunTime:0.103454s ]
INFO: [ view_parse ] --END-- [ RunTime:0.103713s ]
INFO: [ view_filter ] --START--
INFO: Run Behavior\WriteHtmlCacheBehavior [ RunTime:0.000761s ]
INFO: [ view_filter ] --END-- [ RunTime:0.000959s ]
INFO: [ app_end ] --START--
INFO: Run Behavior\ShowPageTraceBehavior [ RunTime:0.001058s ]
INFO: [ app_end ] --END-- [ RunTime:0.001261s ]

[ 2016-03-30T21:47:55+08:00 ] 127.0.0.1 /index.php/Blog/Index/img/authors/1.png
INFO: [ app_init ] --START--
INFO: Run Behavior\BuildLiteBehavior [ RunTime:0.000069s ]
INFO: [ app_init ] --END-- [ RunTime:0.000599s ]

[ 2016-03-30T21:47:55+08:00 ] 127.0.0.1 /index.php/Blog/Index/img/authors/2.png
INFO: [ app_init ] --START--
INFO: Run Behavior\BuildLiteBehavior [ RunTime:0.000078s ]
INFO: [ app_init ] --END-- [ RunTime:0.000474s ]

[ 2016-03-30T21:47:56+08:00 ] 127.0.0.1 /index.php/Blog/Index/img/authors/3.png
INFO: [ app_init ] --START--
INFO: Run Behavior\BuildLiteBehavior [ RunTime:0.000075s ]
INFO: [ app_init ] --END-- [ RunTime:0.000465s ]

[ 2016-03-30T21:47:56+08:00 ] 127.0.0.1 /index.php/Blog/Index/img/authors/6.png
INFO: [ app_init ] --START--
INFO: Run Behavior\BuildLiteBehavior [ RunTime:0.000075s ]
INFO: [ app_init ] --END-- [ RunTime:0.000438s ]

[ 2016-03-30T21:47:56+08:00 ] 127.0.0.1 /index.php/Blog/Index/img/authors/5.png
INFO: [ app_init ] --START--
INFO: Run Behavior\BuildLiteBehavior [ RunTime:0.000066s ]
INFO: [ app_init ] --END-- [ RunTime:0.000393s ]

[ 2016-03-30T21:47:56+08:00 ] 127.0.0.1 /index.php/Blog/Index/img/authors/4.png
INFO: [ app_init ] --START--
INFO: Run Behavior\BuildLiteBehavior [ RunTime:0.000074s ]
INFO: [ app_init ] --END-- [ RunTime:0.000434s ]

[ 2016-03-30T21:47:56+08:00 ] 127.0.0.1 /index.php/Blog/Index/img/authors/7.png
INFO: [ app_init ] --START--
INFO: Run Behavior\BuildLiteBehavior [ RunTime:0.000068s ]
INFO: [ app_init ] --END-- [ RunTime:0.000400s ]

[ 2016-03-30T21:47:56+08:00 ] 127.0.0.1 /index.php/Blog/Index/img/authors/8.png
INFO: [ app_init ] --START--
INFO: Run Behavior\BuildLiteBehavior [ RunTime:0.000076s ]
INFO: [ app_init ] --END-- [ RunTime:0.000636s ]

[ 2016-03-30T21:47:56+08:00 ] 127.0.0.1 /index.php/Blog/Index/img/authors/2.png
INFO: [ app_init ] --START--
INFO: Run Behavior\BuildLiteBehavior [ RunTime:0.000105s ]
INFO: [ app_init ] --END-- [ RunTime:0.000456s ]

[ 2016-03-30T21:49:03+08:00 ] 127.0.0.1 /index.php/Blog/Index/index.shtml
INFO: [ app_init ] --START--
INFO: Run Behavior\BuildLiteBehavior [ RunTime:0.000078s ]
INFO: [ app_init ] --END-- [ RunTime:0.000458s ]
INFO: [ app_begin ] --START--
INFO: Run Behavior\ReadHtmlCacheBehavior [ RunTime:0.002170s ]
INFO: [ app_begin ] --END-- [ RunTime:0.002899s ]
SQL: SHOW COLUMNS FROM `nb_blog` [ RunTime:0.0117s ]
SQL: SELECT * FROM `nb_blog` WHERE ( username="wang" )  [ RunTime:0.0011s ]
INFO: [ view_parse ] --START--
INFO: [ template_filter ] --START--
INFO: Run Behavior\ContentReplaceBehavior [ RunTime:0.000646s ]
INFO: [ template_filter ] --END-- [ RunTime:0.001187s ]
INFO: Run Behavior\ParseTemplateBehavior [ RunTime:0.035957s ]
INFO: [ view_parse ] --END-- [ RunTime:0.036465s ]
INFO: [ view_filter ] --START--
INFO: Run Behavior\WriteHtmlCacheBehavior [ RunTime:0.001362s ]
INFO: [ view_filter ] --END-- [ RunTime:0.001708s ]
INFO: [ app_end ] --START--
INFO: Run Behavior\ShowPageTraceBehavior [ RunTime:0.002121s ]
INFO: [ app_end ] --END-- [ RunTime:0.002469s ]

[ 2016-03-30T21:49:03+08:00 ] 127.0.0.1 /index.php/Blog/Index/img/authors/2.png
INFO: [ app_init ] --START--
INFO: Run Behavior\BuildLiteBehavior [ RunTime:0.000080s ]
INFO: [ app_init ] --END-- [ RunTime:0.000469s ]

[ 2016-03-30T21:49:03+08:00 ] 127.0.0.1 /index.php/Blog/Index/img/authors/1.png
INFO: [ app_init ] --START--
INFO: Run Behavior\BuildLiteBehavior [ RunTime:0.000089s ]
INFO: [ app_init ] --END-- [ RunTime:0.000531s ]

[ 2016-03-30T21:49:03+08:00 ] 127.0.0.1 /index.php/Blog/Index/img/authors/1.png
INFO: [ app_init ] --START--
INFO: Run Behavior\BuildLiteBehavior [ RunTime:0.000071s ]
INFO: [ app_init ] --END-- [ RunTime:0.000440s ]

[ 2016-03-30T21:49:03+08:00 ] 127.0.0.1 /index.php/Blog/Index/img/authors/2.png
INFO: [ app_init ] --START--
INFO: Run Behavior\BuildLiteBehavior [ RunTime:0.000100s ]
INFO: [ app_init ] --END-- [ RunTime:0.000598s ]

[ 2016-03-30T21:49:52+08:00 ] 127.0.0.1 /index.php/Blog/Index/index.shtml
INFO: [ app_init ] --START--
INFO: Run Behavior\BuildLiteBehavior [ RunTime:0.000086s ]
INFO: [ app_init ] --END-- [ RunTime:0.000581s ]
INFO: [ app_begin ] --START--
INFO: Run Behavior\ReadHtmlCacheBehavior [ RunTime:0.002544s ]
INFO: [ app_begin ] --END-- [ RunTime:0.002952s ]
SQL: SHOW COLUMNS FROM `nb_blog` [ RunTime:0.0092s ]
SQL: SELECT * FROM `nb_blog` WHERE ( username="wang" )  [ RunTime:0.0009s ]
INFO: [ view_parse ] --START--
INFO: [ template_filter ] --START--
INFO: Run Behavior\ContentReplaceBehavior [ RunTime:0.000428s ]
INFO: [ template_filter ] --END-- [ RunTime:0.000757s ]
INFO: Run Behavior\ParseTemplateBehavior [ RunTime:0.027498s ]
INFO: [ view_parse ] --END-- [ RunTime:0.027810s ]
INFO: [ view_filter ] --START--
INFO: Run Behavior\WriteHtmlCacheBehavior [ RunTime:0.001303s ]
INFO: [ view_filter ] --END-- [ RunTime:0.001588s ]
INFO: [ app_end ] --START--
INFO: Run Behavior\ShowPageTraceBehavior [ RunTime:0.002249s ]
INFO: [ app_end ] --END-- [ RunTime:0.002647s ]

[ 2016-03-30T21:49:53+08:00 ] 127.0.0.1 /index.php/Blog/Index/img/authors/1.png
INFO: [ app_init ] --START--
INFO: Run Behavior\BuildLiteBehavior [ RunTime:0.000069s ]
INFO: [ app_init ] --END-- [ RunTime:0.000564s ]

[ 2016-03-30T21:49:53+08:00 ] 127.0.0.1 /index.php/Blog/Index/img/authors/1.png
INFO: [ app_init ] --START--
INFO: Run Behavior\BuildLiteBehavior [ RunTime:0.000113s ]
INFO: [ app_init ] --END-- [ RunTime:0.000658s ]

[ 2016-03-30T21:51:19+08:00 ] 127.0.0.1 /index.php/Blog/Index/index.shtml
INFO: [ app_init ] --START--
INFO: Run Behavior\BuildLiteBehavior [ RunTime:0.000081s ]
INFO: [ app_init ] --END-- [ RunTime:0.000485s ]
INFO: [ app_begin ] --START--
INFO: Run Behavior\ReadHtmlCacheBehavior [ RunTime:0.002377s ]
INFO: [ app_begin ] --END-- [ RunTime:0.002805s ]
SQL: SHOW COLUMNS FROM `nb_blog` [ RunTime:0.0129s ]
SQL: SELECT * FROM `nb_blog` WHERE ( username="wang" )  [ RunTime:0.0012s ]
INFO: [ view_parse ] --START--
INFO: [ template_filter ] --START--
INFO: Run Behavior\ContentReplaceBehavior [ RunTime:0.000547s ]
INFO: [ template_filter ] --END-- [ RunTime:0.000946s ]
INFO: Run Behavior\ParseTemplateBehavior [ RunTime:0.034179s ]
INFO: [ view_parse ] --END-- [ RunTime:0.034579s ]
INFO: [ view_filter ] --START--
INFO: Run Behavior\WriteHtmlCacheBehavior [ RunTime:0.001366s ]
INFO: [ view_filter ] --END-- [ RunTime:0.001772s ]
INFO: [ app_end ] --START--
INFO: Run Behavior\ShowPageTraceBehavior [ RunTime:0.002351s ]
INFO: [ app_end ] --END-- [ RunTime:0.002755s ]

[ 2016-03-30T21:52:00+08:00 ] 127.0.0.1 /index.php/Blog/Index/index.shtml
INFO: [ app_init ] --START--
INFO: Run Behavior\BuildLiteBehavior [ RunTime:0.000060s ]
INFO: [ app_init ] --END-- [ RunTime:0.000356s ]
INFO: [ app_begin ] --START--
INFO: Run Behavior\ReadHtmlCacheBehavior [ RunTime:0.001585s ]
INFO: [ app_begin ] --END-- [ RunTime:0.001896s ]
SQL: SHOW COLUMNS FROM `nb_blog` [ RunTime:0.0082s ]
SQL: SELECT * FROM `nb_blog` WHERE ( username="wang" )  [ RunTime:0.0009s ]
INFO: [ view_parse ] --START--
INFO: [ template_filter ] --START--
INFO: Run Behavior\ContentReplaceBehavior [ RunTime:0.000353s ]
INFO: [ template_filter ] --END-- [ RunTime:0.000693s ]
INFO: Run Behavior\ParseTemplateBehavior [ RunTime:0.025117s ]
INFO: [ view_parse ] --END-- [ RunTime:0.025404s ]
INFO: [ view_filter ] --START--
INFO: Run Behavior\WriteHtmlCacheBehavior [ RunTime:0.001040s ]
INFO: [ view_filter ] --END-- [ RunTime:0.001500s ]
INFO: [ app_end ] --START--
INFO: Run Behavior\ShowPageTraceBehavior [ RunTime:0.001438s ]
INFO: [ app_end ] --END-- [ RunTime:0.001690s ]

[ 2016-03-30T21:52:58+08:00 ] 127.0.0.1 /index.php/Blog/Index/index.shtml
INFO: [ app_init ] --START--
INFO: Run Behavior\BuildLiteBehavior [ RunTime:0.000077s ]
INFO: [ app_init ] --END-- [ RunTime:0.000455s ]
INFO: [ app_begin ] --START--
INFO: Run Behavior\ReadHtmlCacheBehavior [ RunTime:0.001964s ]
INFO: [ app_begin ] --END-- [ RunTime:0.002613s ]
SQL: SHOW COLUMNS FROM `nb_blog` [ RunTime:0.0109s ]
SQL: SELECT * FROM `nb_blog` WHERE ( username="wang" )  [ RunTime:0.0011s ]
INFO: [ view_parse ] --START--
INFO: [ template_filter ] --START--
INFO: Run Behavior\ContentReplaceBehavior [ RunTime:0.000557s ]
INFO: [ template_filter ] --END-- [ RunTime:0.000975s ]
INFO: Run Behavior\ParseTemplateBehavior [ RunTime:0.038605s ]
INFO: [ view_parse ] --END-- [ RunTime:0.039256s ]
INFO: [ view_filter ] --START--
INFO: Run Behavior\WriteHtmlCacheBehavior [ RunTime:0.001751s ]
INFO: [ view_filter ] --END-- [ RunTime:0.004239s ]
INFO: [ app_end ] --START--
INFO: Run Behavior\ShowPageTraceBehavior [ RunTime:0.002127s ]
INFO: [ app_end ] --END-- [ RunTime:0.002493s ]

[ 2016-03-30T21:53:00+08:00 ] 127.0.0.1 /index.php/Blog/Home/index.shtml
INFO: [ app_init ] --START--
INFO: Run Behavior\BuildLiteBehavior [ RunTime:0.000085s ]
INFO: [ app_init ] --END-- [ RunTime:0.000623s ]
INFO: [ app_begin ] --START--
INFO: Run Behavior\ReadHtmlCacheBehavior [ RunTime:0.002453s ]
INFO: [ app_begin ] --END-- [ RunTime:0.003031s ]
ERR: 无法加载控制器:Home

[ 2016-03-30T21:53:20+08:00 ] 127.0.0.1 /index.php/Blog/Index/index.shtml
INFO: [ app_init ] --START--
INFO: Run Behavior\BuildLiteBehavior [ RunTime:0.000086s ]
INFO: [ app_init ] --END-- [ RunTime:0.000488s ]
INFO: [ app_begin ] --START--
INFO: Run Behavior\ReadHtmlCacheBehavior [ RunTime:0.002048s ]
INFO: [ app_begin ] --END-- [ RunTime:0.002469s ]
SQL: SHOW COLUMNS FROM `nb_blog` [ RunTime:0.0124s ]
SQL: SELECT * FROM `nb_blog` WHERE ( username="wang" )  [ RunTime:0.0011s ]
INFO: [ view_parse ] --START--
INFO: [ template_filter ] --START--
INFO: Run Behavior\ContentReplaceBehavior [ RunTime:0.000569s ]
INFO: [ template_filter ] --END-- [ RunTime:0.001002s ]
INFO: Run Behavior\ParseTemplateBehavior [ RunTime:0.036467s ]
INFO: [ view_parse ] --END-- [ RunTime:0.036868s ]
INFO: [ view_filter ] --START--
INFO: Run Behavior\WriteHtmlCacheBehavior [ RunTime:0.001293s ]
INFO: [ view_filter ] --END-- [ RunTime:0.001791s ]
INFO: [ app_end ] --START--
INFO: Run Behavior\ShowPageTraceBehavior [ RunTime:0.002312s ]
INFO: [ app_end ] --END-- [ RunTime:0.002680s ]

[ 2016-03-30T21:54:33+08:00 ] 127.0.0.1 /index.php/Blog/Index/index.shtml
INFO: [ app_init ] --START--
INFO: Run Behavior\BuildLiteBehavior [ RunTime:0.000080s ]
INFO: [ app_init ] --END-- [ RunTime:0.000477s ]
INFO: [ app_begin ] --START--
INFO: Run Behavior\ReadHtmlCacheBehavior [ RunTime:0.002727s ]
INFO: [ app_begin ] --END-- [ RunTime:0.003119s ]
SQL: SHOW COLUMNS FROM `nb_blog` [ RunTime:0.0123s ]
SQL: SELECT * FROM `nb_blog` WHERE ( username="wang" )  [ RunTime:0.0015s ]
INFO: [ view_parse ] --START--
INFO: [ template_filter ] --START--
INFO: Run Behavior\ContentReplaceBehavior [ RunTime:0.000523s ]
INFO: [ template_filter ] --END-- [ RunTime:0.000948s ]
INFO: Run Behavior\ParseTemplateBehavior [ RunTime:0.037211s ]
INFO: [ view_parse ] --END-- [ RunTime:0.037597s ]
INFO: [ view_filter ] --START--
INFO: Run Behavior\WriteHtmlCacheBehavior [ RunTime:0.001504s ]
INFO: [ view_filter ] --END-- [ RunTime:0.001860s ]
INFO: [ app_end ] --START--
INFO: Run Behavior\ShowPageTraceBehavior [ RunTime:0.002159s ]
INFO: [ app_end ] --END-- [ RunTime:0.002508s ]

[ 2016-03-30T21:56:14+08:00 ] 127.0.0.1 /index.php/Blog/Index/index.shtml
INFO: [ app_init ] --START--
INFO: Run Behavior\BuildLiteBehavior [ RunTime:0.000082s ]
INFO: [ app_init ] --END-- [ RunTime:0.000484s ]
INFO: [ app_begin ] --START--
INFO: Run Behavior\ReadHtmlCacheBehavior [ RunTime:0.002366s ]
INFO: [ app_begin ] --END-- [ RunTime:0.002799s ]
SQL: SHOW COLUMNS FROM `nb_blog` [ RunTime:0.0127s ]
SQL: SELECT * FROM `nb_blog` WHERE ( username="wang" )  [ RunTime:0.0013s ]
INFO: [ view_parse ] --START--
INFO: [ template_filter ] --START--
INFO: Run Behavior\ContentReplaceBehavior [ RunTime:0.000361s ]
INFO: [ template_filter ] --END-- [ RunTime:0.000813s ]
INFO: Run Behavior\ParseTemplateBehavior [ RunTime:0.029695s ]
INFO: [ view_parse ] --END-- [ RunTime:0.030083s ]
INFO: [ view_filter ] --START--
INFO: Run Behavior\WriteHtmlCacheBehavior [ RunTime:0.001439s ]
INFO: [ view_filter ] --END-- [ RunTime:0.001786s ]
INFO: [ app_end ] --START--
INFO: Run Behavior\ShowPageTraceBehavior [ RunTime:0.002180s ]
INFO: [ app_end ] --END-- [ RunTime:0.002583s ]

[ 2016-03-30T21:59:30+08:00 ] 127.0.0.1 /index.php/Blog/Index/index.shtml
INFO: [ app_init ] --START--
INFO: Run Behavior\BuildLiteBehavior [ RunTime:0.000081s ]
INFO: [ app_init ] --END-- [ RunTime:0.000485s ]
INFO: [ app_begin ] --START--
INFO: Run Behavior\ReadHtmlCacheBehavior [ RunTime:0.002295s ]
INFO: [ app_begin ] --END-- [ RunTime:0.002924s ]
SQL: SHOW COLUMNS FROM `nb_blog` [ RunTime:0.0123s ]
SQL: SELECT * FROM `nb_blog` WHERE ( username="wang" )  [ RunTime:0.0012s ]
INFO: [ view_parse ] --START--
INFO: [ template_filter ] --START--
INFO: Run Behavior\ContentReplaceBehavior [ RunTime:0.000392s ]
INFO: [ template_filter ] --END-- [ RunTime:0.000795s ]
NOTIC: [8] Undefined index: remark1 D:\wamp\www\MyBeta\Application\Runtime\Cache\Blog\7a45950d5f532f124e11843449b10532.php 第 44 行.
NOTIC: [8] Undefined index: remark1 D:\wamp\www\MyBeta\Application\Runtime\Cache\Blog\7a45950d5f532f124e11843449b10532.php 第 44 行.
INFO: Run Behavior\ParseTemplateBehavior [ RunTime:0.045371s ]
INFO: [ view_parse ] --END-- [ RunTime:0.046024s ]
INFO: [ view_filter ] --START--
INFO: Run Behavior\WriteHtmlCacheBehavior [ RunTime:0.002236s ]
INFO: [ view_filter ] --END-- [ RunTime:0.002676s ]
INFO: [ app_end ] --START--
INFO: Run Behavior\ShowPageTraceBehavior [ RunTime:0.002286s ]
INFO: [ app_end ] --END-- [ RunTime:0.002712s ]

[ 2016-03-30T21:59:48+08:00 ] 127.0.0.1 /index.php/Blog/Index/index.shtml
INFO: [ app_init ] --START--
INFO: Run Behavior\BuildLiteBehavior [ RunTime:0.000082s ]
INFO: [ app_init ] --END-- [ RunTime:0.000478s ]
INFO: [ app_begin ] --START--
INFO: Run Behavior\ReadHtmlCacheBehavior [ RunTime:0.002295s ]
INFO: [ app_begin ] --END-- [ RunTime:0.002733s ]
SQL: SHOW COLUMNS FROM `nb_blog` [ RunTime:0.0115s ]
SQL: SELECT * FROM `nb_blog` WHERE ( username="wang" )  [ RunTime:0.0011s ]
INFO: [ view_parse ] --START--
INFO: [ template_filter ] --START--
INFO: Run Behavior\ContentReplaceBehavior [ RunTime:0.000385s ]
INFO: [ template_filter ] --END-- [ RunTime:0.000828s ]
NOTIC: [8] Undefined index: remark1 D:\wamp\www\MyBeta\Application\Runtime\Cache\Blog\7a45950d5f532f124e11843449b10532.php 第 44 行.
NOTIC: [8] Undefined index: remark1 D:\wamp\www\MyBeta\Application\Runtime\Cache\Blog\7a45950d5f532f124e11843449b10532.php 第 44 行.
INFO: Run Behavior\ParseTemplateBehavior [ RunTime:0.040296s ]
INFO: [ view_parse ] --END-- [ RunTime:0.040675s ]
INFO: [ view_filter ] --START--
INFO: Run Behavior\WriteHtmlCacheBehavior [ RunTime:0.001455s ]
INFO: [ view_filter ] --END-- [ RunTime:0.001808s ]
INFO: [ app_end ] --START--
INFO: Run Behavior\ShowPageTraceBehavior [ RunTime:0.002235s ]
INFO: [ app_end ] --END-- [ RunTime:0.002589s ]

[ 2016-03-30T22:00:26+08:00 ] 127.0.0.1 /index.php/Blog/Index/index.shtml
INFO: [ app_init ] --START--
INFO: Run Behavior\BuildLiteBehavior [ RunTime:0.000199s ]
INFO: [ app_init ] --END-- [ RunTime:0.000662s ]
INFO: [ app_begin ] --START--
INFO: Run Behavior\ReadHtmlCacheBehavior [ RunTime:0.002720s ]
INFO: [ app_begin ] --END-- [ RunTime:0.003315s ]
SQL: SHOW COLUMNS FROM `nb_blog` [ RunTime:0.0128s ]
SQL: SELECT * FROM `nb_blog` WHERE ( username="wang" )  [ RunTime:0.0013s ]
INFO: [ view_parse ] --START--
INFO: [ template_filter ] --START--
INFO: Run Behavior\ContentReplaceBehavior [ RunTime:0.000388s ]
INFO: [ template_filter ] --END-- [ RunTime:0.000847s ]
INFO: Run Behavior\ParseTemplateBehavior [ RunTime:0.038307s ]
INFO: [ view_parse ] --END-- [ RunTime:0.038691s ]
INFO: [ view_filter ] --START--
INFO: Run Behavior\WriteHtmlCacheBehavior [ RunTime:0.001456s ]
INFO: [ view_filter ] --END-- [ RunTime:0.001806s ]
INFO: [ app_end ] --START--
INFO: Run Behavior\ShowPageTraceBehavior [ RunTime:0.002119s ]
INFO: [ app_end ] --END-- [ RunTime:0.002473s ]

[ 2016-03-30T22:04:58+08:00 ] 127.0.0.1 /index.php/Blog/Index/index.shtml
INFO: [ app_init ] --START--
INFO: Run Behavior\BuildLiteBehavior [ RunTime:0.000079s ]
INFO: [ app_init ] --END-- [ RunTime:0.000474s ]
INFO: [ app_begin ] --START--
INFO: Run Behavior\ReadHtmlCacheBehavior [ RunTime:0.004644s ]
INFO: [ app_begin ] --END-- [ RunTime:0.005061s ]
SQL: SHOW COLUMNS FROM `nb_blog` [ RunTime:0.0103s ]
SQL: SELECT * FROM `nb_blog` WHERE ( username="wang" )  [ RunTime:0.0013s ]
INFO: [ view_parse ] --START--
INFO: [ template_filter ] --START--
INFO: Run Behavior\ContentReplaceBehavior [ RunTime:0.000221s ]
INFO: [ template_filter ] --END-- [ RunTime:0.000545s ]
NOTIC: [8] Undefined variable: artcontent D:\wamp\www\MyBeta\Application\Runtime\Cache\Blog\7a45950d5f532f124e11843449b10532.php 第 71 行.
NOTIC: [8] Undefined variable: artcontent D:\wamp\www\MyBeta\Application\Runtime\Cache\Blog\7a45950d5f532f124e11843449b10532.php 第 71 行.
INFO: Run Behavior\ParseTemplateBehavior [ RunTime:0.033989s ]
INFO: [ view_parse ] --END-- [ RunTime:0.034357s ]
INFO: [ view_filter ] --START--
INFO: Run Behavior\WriteHtmlCacheBehavior [ RunTime:0.001376s ]
INFO: [ view_filter ] --END-- [ RunTime:0.001797s ]
INFO: [ app_end ] --START--
INFO: Run Behavior\ShowPageTraceBehavior [ RunTime:0.001638s ]
INFO: [ app_end ] --END-- [ RunTime:0.001926s ]

[ 2016-03-30T22:05:38+08:00 ] 127.0.0.1 /index.php/Blog/Index/index.shtml
INFO: [ app_init ] --START--
INFO: Run Behavior\BuildLiteBehavior [ RunTime:0.000081s ]
INFO: [ app_init ] --END-- [ RunTime:0.000487s ]
INFO: [ app_begin ] --START--
INFO: Run Behavior\ReadHtmlCacheBehavior [ RunTime:0.002335s ]
INFO: [ app_begin ] --END-- [ RunTime:0.002705s ]
SQL: SHOW COLUMNS FROM `nb_blog` [ RunTime:0.0118s ]
SQL: SELECT * FROM `nb_blog` WHERE ( username="wang" )  [ RunTime:0.0015s ]
INFO: [ view_parse ] --START--
INFO: [ template_filter ] --START--
INFO: Run Behavior\ContentReplaceBehavior [ RunTime:0.000275s ]
INFO: [ template_filter ] --END-- [ RunTime:0.000727s ]
INFO: Run Behavior\ParseTemplateBehavior [ RunTime:0.042455s ]
INFO: [ view_parse ] --END-- [ RunTime:0.042845s ]
INFO: [ view_filter ] --START--
INFO: Run Behavior\WriteHtmlCacheBehavior [ RunTime:0.001301s ]
INFO: [ view_filter ] --END-- [ RunTime:0.001735s ]
INFO: [ app_end ] --START--
INFO: Run Behavior\ShowPageTraceBehavior [ RunTime:0.002236s ]
INFO: [ app_end ] --END-- [ RunTime:0.002649s ]

[ 2016-03-30T22:06:29+08:00 ] 127.0.0.1 /index.php/Blog/Index/index.shtml
INFO: [ app_init ] --START--
INFO: Run Behavior\BuildLiteBehavior [ RunTime:0.000058s ]
INFO: [ app_init ] --END-- [ RunTime:0.000332s ]
INFO: [ app_begin ] --START--
INFO: Run Behavior\ReadHtmlCacheBehavior [ RunTime:0.001300s ]
INFO: [ app_begin ] --END-- [ RunTime:0.001570s ]
SQL: SHOW COLUMNS FROM `nb_blog` [ RunTime:0.0083s ]
SQL: SELECT * FROM `nb_blog` WHERE ( username="wang" )  [ RunTime:0.0007s ]
INFO: [ view_parse ] --START--
INFO: [ template_filter ] --START--
INFO: Run Behavior\ContentReplaceBehavior [ RunTime:0.000202s ]
INFO: [ template_filter ] --END-- [ RunTime:0.000485s ]
INFO: Run Behavior\ParseTemplateBehavior [ RunTime:0.031919s ]
INFO: [ view_parse ] --END-- [ RunTime:0.032204s ]
INFO: [ view_filter ] --START--
INFO: Run Behavior\WriteHtmlCacheBehavior [ RunTime:0.000708s ]
INFO: [ view_filter ] --END-- [ RunTime:0.000985s ]
INFO: [ app_end ] --START--
INFO: Run Behavior\ShowPageTraceBehavior [ RunTime:0.001390s ]
INFO: [ app_end ] --END-- [ RunTime:0.001639s ]

[ 2016-03-30T22:11:56+08:00 ] 127.0.0.1 /index.php/Blog/Index/index.shtml
INFO: [ app_init ] --START--
INFO: Run Behavior\BuildLiteBehavior [ RunTime:0.000068s ]
INFO: [ app_init ] --END-- [ RunTime:0.000456s ]
INFO: [ app_begin ] --START--
INFO: Run Behavior\ReadHtmlCacheBehavior [ RunTime:0.001827s ]
INFO: [ app_begin ] --END-- [ RunTime:0.002138s ]
SQL: SHOW COLUMNS FROM `nb_blog` [ RunTime:0.0095s ]
SQL: SELECT * FROM `nb_blog` WHERE ( username="wang" )  [ RunTime:0.0010s ]
INFO: [ view_parse ] --START--
INFO: [ template_filter ] --START--
INFO: Run Behavior\ContentReplaceBehavior [ RunTime:0.000220s ]
INFO: [ template_filter ] --END-- [ RunTime:0.000533s ]
INFO: Run Behavior\ParseTemplateBehavior [ RunTime:0.033793s ]
INFO: [ view_parse ] --END-- [ RunTime:0.034106s ]
INFO: [ view_filter ] --START--
INFO: Run Behavior\WriteHtmlCacheBehavior [ RunTime:0.001250s ]
INFO: [ view_filter ] --END-- [ RunTime:0.001527s ]
INFO: [ app_end ] --START--
INFO: Run Behavior\ShowPageTraceBehavior [ RunTime:0.002117s ]
INFO: [ app_end ] --END-- [ RunTime:0.002489s ]

[ 2016-03-30T22:12:46+08:00 ] 127.0.0.1 /index.php/Blog/Index/index.shtml
INFO: [ app_init ] --START--
INFO: Run Behavior\BuildLiteBehavior [ RunTime:0.000084s ]
INFO: [ app_init ] --END-- [ RunTime:0.000502s ]
INFO: [ app_begin ] --START--
INFO: Run Behavior\ReadHtmlCacheBehavior [ RunTime:0.002907s ]
INFO: [ app_begin ] --END-- [ RunTime:0.003336s ]
SQL: SHOW COLUMNS FROM `nb_blog` [ RunTime:0.0113s ]
SQL: SELECT * FROM `nb_blog` WHERE ( username="wang" )  [ RunTime:0.0015s ]
INFO: [ view_parse ] --START--
INFO: [ template_filter ] --START--
INFO: Run Behavior\ContentReplaceBehavior [ RunTime:0.000238s ]
INFO: [ template_filter ] --END-- [ RunTime:0.001553s ]
INFO: Run Behavior\ParseTemplateBehavior [ RunTime:0.046493s ]
INFO: [ view_parse ] --END-- [ RunTime:0.046906s ]
INFO: [ view_filter ] --START--
INFO: Run Behavior\WriteHtmlCacheBehavior [ RunTime:0.001112s ]
INFO: [ view_filter ] --END-- [ RunTime:0.001387s ]
INFO: [ app_end ] --START--
INFO: Run Behavior\ShowPageTraceBehavior [ RunTime:0.001786s ]
INFO: [ app_end ] --END-- [ RunTime:0.002247s ]

[ 2016-03-30T22:12:53+08:00 ] 127.0.0.1 /index.php/Blog/Index/index.shtml
INFO: [ app_init ] --START--
INFO: Run Behavior\BuildLiteBehavior [ RunTime:0.000079s ]
INFO: [ app_init ] --END-- [ RunTime:0.000470s ]
INFO: [ app_begin ] --START--
INFO: Run Behavior\ReadHtmlCacheBehavior [ RunTime:0.002386s ]
INFO: [ app_begin ] --END-- [ RunTime:0.002766s ]
SQL: SHOW COLUMNS FROM `nb_blog` [ RunTime:0.0120s ]
SQL: SELECT * FROM `nb_blog` WHERE ( username="wang" )  [ RunTime:0.0012s ]
INFO: [ view_parse ] --START--
INFO: [ template_filter ] --START--
INFO: Run Behavior\ContentReplaceBehavior [ RunTime:0.000281s ]
INFO: [ template_filter ] --END-- [ RunTime:0.000679s ]
INFO: Run Behavior\ParseTemplateBehavior [ RunTime:0.043364s ]
INFO: [ view_parse ] --END-- [ RunTime:0.043763s ]
INFO: [ view_filter ] --START--
INFO: Run Behavior\WriteHtmlCacheBehavior [ RunTime:0.001918s ]
INFO: [ view_filter ] --END-- [ RunTime:0.002347s ]
INFO: [ app_end ] --START--
INFO: Run Behavior\ShowPageTraceBehavior [ RunTime:0.002795s ]
INFO: [ app_end ] --END-- [ RunTime:0.003218s ]

[ 2016-03-30T22:14:49+08:00 ] 127.0.0.1 /index.php/Blog/Index/index.shtml
INFO: [ app_init ] --START--
INFO: Run Behavior\BuildLiteBehavior [ RunTime:0.000131s ]
INFO: [ app_init ] --END-- [ RunTime:0.000557s ]
INFO: [ app_begin ] --START--
INFO: Run Behavior\ReadHtmlCacheBehavior [ RunTime:0.002415s ]
INFO: [ app_begin ] --END-- [ RunTime:0.002806s ]
SQL: SHOW COLUMNS FROM `nb_blog` [ RunTime:0.0120s ]
SQL: SELECT * FROM `nb_blog` WHERE ( username="wang" )  [ RunTime:0.0011s ]
INFO: [ view_parse ] --START--
INFO: [ template_filter ] --START--
INFO: Run Behavior\ContentReplaceBehavior [ RunTime:0.000282s ]
INFO: [ template_filter ] --END-- [ RunTime:0.000732s ]
INFO: Run Behavior\ParseTemplateBehavior [ RunTime:0.048242s ]
INFO: [ view_parse ] --END-- [ RunTime:0.048646s ]
INFO: [ view_filter ] --START--
INFO: Run Behavior\WriteHtmlCacheBehavior [ RunTime:0.001426s ]
INFO: [ view_filter ] --END-- [ RunTime:0.001784s ]
INFO: [ app_end ] --START--
INFO: Run Behavior\ShowPageTraceBehavior [ RunTime:0.002437s ]
INFO: [ app_end ] --END-- [ RunTime:0.002981s ]

[ 2016-03-30T22:15:44+08:00 ] 127.0.0.1 /index.php/Blog/Index/index.shtml
INFO: [ app_init ] --START--
INFO: Run Behavior\BuildLiteBehavior [ RunTime:0.000081s ]
INFO: [ app_init ] --END-- [ RunTime:0.000482s ]
INFO: [ app_begin ] --START--
INFO: Run Behavior\ReadHtmlCacheBehavior [ RunTime:0.002191s ]
INFO: [ app_begin ] --END-- [ RunTime:0.002595s ]
SQL: SHOW COLUMNS FROM `nb_blog` [ RunTime:0.0132s ]
SQL: SELECT * FROM `nb_blog` WHERE ( username="wang" )  [ RunTime:0.0012s ]
INFO: [ view_parse ] --START--
INFO: [ template_filter ] --START--
INFO: Run Behavior\ContentReplaceBehavior [ RunTime:0.000281s ]
INFO: [ template_filter ] --END-- [ RunTime:0.000688s ]
INFO: Run Behavior\ParseTemplateBehavior [ RunTime:0.047559s ]
INFO: [ view_parse ] --END-- [ RunTime:0.047960s ]
INFO: [ view_filter ] --START--
INFO: Run Behavior\WriteHtmlCacheBehavior [ RunTime:0.001410s ]
INFO: [ view_filter ] --END-- [ RunTime:0.001765s ]
INFO: [ app_end ] --START--
INFO: Run Behavior\ShowPageTraceBehavior [ RunTime:0.002077s ]
INFO: [ app_end ] --END-- [ RunTime:0.002444s ]

[ 2016-03-30T22:16:08+08:00 ] 127.0.0.1 /index.php/Blog/Index/index.shtml
INFO: [ app_init ] --START--
INFO: Run Behavior\BuildLiteBehavior [ RunTime:0.000081s ]
INFO: [ app_init ] --END-- [ RunTime:0.000548s ]
INFO: [ app_begin ] --START--
INFO: Run Behavior\ReadHtmlCacheBehavior [ RunTime:0.002585s ]
INFO: [ app_begin ] --END-- [ RunTime:0.003439s ]
SQL: SHOW COLUMNS FROM `nb_blog` [ RunTime:0.0122s ]
SQL: SELECT * FROM `nb_blog` WHERE ( username="wang" )  [ RunTime:0.0013s ]
INFO: [ view_parse ] --START--
INFO: [ template_filter ] --START--
INFO: Run Behavior\ContentReplaceBehavior [ RunTime:0.000281s ]
INFO: [ template_filter ] --END-- [ RunTime:0.000739s ]
INFO: Run Behavior\ParseTemplateBehavior [ RunTime:0.043117s ]
INFO: [ view_parse ] --END-- [ RunTime:0.043527s ]
INFO: [ view_filter ] --START--
INFO: Run Behavior\WriteHtmlCacheBehavior [ RunTime:0.001419s ]
INFO: [ view_filter ] --END-- [ RunTime:0.001791s ]
INFO: [ app_end ] --START--
INFO: Run Behavior\ShowPageTraceBehavior [ RunTime:0.002213s ]
INFO: [ app_end ] --END-- [ RunTime:0.002573s ]

[ 2016-03-30T22:16:14+08:00 ] 127.0.0.1 /index.php/Blog/Index/index.shtml
INFO: [ app_init ] --START--
INFO: Run Behavior\BuildLiteBehavior [ RunTime:0.000078s ]
INFO: [ app_init ] --END-- [ RunTime:0.000925s ]
INFO: [ app_begin ] --START--
INFO: Run Behavior\ReadHtmlCacheBehavior [ RunTime:0.002008s ]
INFO: [ app_begin ] --END-- [ RunTime:0.002373s ]
SQL: SHOW COLUMNS FROM `nb_blog` [ RunTime:0.0122s ]
SQL: SELECT * FROM `nb_blog` WHERE ( username="wang" )  [ RunTime:0.0015s ]
INFO: [ view_parse ] --START--
INFO: [ template_filter ] --START--
INFO: Run Behavior\ContentReplaceBehavior [ RunTime:0.000285s ]
INFO: [ template_filter ] --END-- [ RunTime:0.000680s ]
INFO: Run Behavior\ParseTemplateBehavior [ RunTime:0.042441s ]
INFO: [ view_parse ] --END-- [ RunTime:0.042859s ]
INFO: [ view_filter ] --START--
INFO: Run Behavior\WriteHtmlCacheBehavior [ RunTime:0.001232s ]
INFO: [ view_filter ] --END-- [ RunTime:0.001597s ]
INFO: [ app_end ] --START--
INFO: Run Behavior\ShowPageTraceBehavior [ RunTime:0.001941s ]
INFO: [ app_end ] --END-- [ RunTime:0.002297s ]

[ 2016-03-30T22:19:03+08:00 ] 127.0.0.1 /index.php/Blog/Index/index.shtml
INFO: [ app_init ] --START--
INFO: Run Behavior\BuildLiteBehavior [ RunTime:0.000144s ]
INFO: [ app_init ] --END-- [ RunTime:0.000622s ]
INFO: [ app_begin ] --START--
INFO: Run Behavior\ReadHtmlCacheBehavior [ RunTime:0.002364s ]
INFO: [ app_begin ] --END-- [ RunTime:0.002814s ]
SQL: SHOW COLUMNS FROM `nb_blog` [ RunTime:0.0116s ]
SQL: SELECT * FROM `nb_blog` WHERE ( username="wang" )  [ RunTime:0.0011s ]
INFO: [ view_parse ] --START--
INFO: [ template_filter ] --START--
INFO: Run Behavior\ContentReplaceBehavior [ RunTime:0.000288s ]
INFO: [ template_filter ] --END-- [ RunTime:0.000731s ]
INFO: Run Behavior\ParseTemplateBehavior [ RunTime:0.044727s ]
INFO: [ view_parse ] --END-- [ RunTime:0.045171s ]
INFO: [ view_filter ] --START--
INFO: Run Behavior\WriteHtmlCacheBehavior [ RunTime:0.001621s ]
INFO: [ view_filter ] --END-- [ RunTime:0.002177s ]
INFO: [ app_end ] --START--
INFO: Run Behavior\ShowPageTraceBehavior [ RunTime:0.002496s ]
INFO: [ app_end ] --END-- [ RunTime:0.002862s ]

[ 2016-03-30T22:20:34+08:00 ] 127.0.0.1 /index.php/Blog/Index/index.shtml
INFO: [ app_init ] --START--
INFO: Run Behavior\BuildLiteBehavior [ RunTime:0.000081s ]
INFO: [ app_init ] --END-- [ RunTime:0.000494s ]
INFO: [ app_begin ] --START--
INFO: Run Behavior\ReadHtmlCacheBehavior [ RunTime:0.002448s ]
INFO: [ app_begin ] --END-- [ RunTime:0.002815s ]
SQL: SHOW COLUMNS FROM `nb_blog` [ RunTime:0.0122s ]
SQL: SELECT * FROM `nb_blog` WHERE ( username="wang" )  [ RunTime:0.0012s ]
INFO: [ view_parse ] --START--
INFO: [ template_filter ] --START--
INFO: Run Behavior\ContentReplaceBehavior [ RunTime:0.000292s ]
INFO: [ template_filter ] --END-- [ RunTime:0.000707s ]
INFO: Run Behavior\ParseTemplateBehavior [ RunTime:0.042494s ]
INFO: [ view_parse ] --END-- [ RunTime:0.042879s ]
INFO: [ view_filter ] --START--
INFO: Run Behavior\WriteHtmlCacheBehavior [ RunTime:0.001483s ]
INFO: [ view_filter ] --END-- [ RunTime:0.001837s ]
INFO: [ app_end ] --START--
INFO: Run Behavior\ShowPageTraceBehavior [ RunTime:0.002238s ]
INFO: [ app_end ] --END-- [ RunTime:0.002645s ]

[ 2016-03-30T22:23:07+08:00 ] 127.0.0.1 /index.php/Blog/Index/index.shtml
INFO: [ app_init ] --START--
INFO: Run Behavior\BuildLiteBehavior [ RunTime:0.000082s ]
INFO: [ app_init ] --END-- [ RunTime:0.000499s ]
INFO: [ app_begin ] --START--
INFO: Run Behavior\ReadHtmlCacheBehavior [ RunTime:0.002280s ]
INFO: [ app_begin ] --END-- [ RunTime:0.002673s ]
SQL: SHOW COLUMNS FROM `nb_blog` [ RunTime:0.0112s ]
SQL: SELECT * FROM `nb_blog` WHERE ( username="wang" )  [ RunTime:0.0013s ]
INFO: [ view_parse ] --START--
INFO: [ template_filter ] --START--
INFO: Run Behavior\ContentReplaceBehavior [ RunTime:0.000287s ]
INFO: [ template_filter ] --END-- [ RunTime:0.000678s ]
INFO: Run Behavior\ParseTemplateBehavior [ RunTime:0.044951s ]
INFO: [ view_parse ] --END-- [ RunTime:0.045347s ]
INFO: [ view_filter ] --START--
INFO: Run Behavior\WriteHtmlCacheBehavior [ RunTime:0.001693s ]
INFO: [ view_filter ] --END-- [ RunTime:0.002081s ]
INFO: [ app_end ] --START--
INFO: Run Behavior\ShowPageTraceBehavior [ RunTime:0.002688s ]
INFO: [ app_end ] --END-- [ RunTime:0.003064s ]

[ 2016-03-30T22:24:14+08:00 ] 127.0.0.1 /index.php/Blog/Index/index.shtml
INFO: [ app_init ] --START--
INFO: Run Behavior\BuildLiteBehavior [ RunTime:0.000080s ]
INFO: [ app_init ] --END-- [ RunTime:0.000493s ]
INFO: [ app_begin ] --START--
INFO: Run Behavior\ReadHtmlCacheBehavior [ RunTime:0.002571s ]
INFO: [ app_begin ] --END-- [ RunTime:0.002957s ]
SQL: SHOW COLUMNS FROM `nb_blog` [ RunTime:0.0093s ]
SQL: SELECT * FROM `nb_blog` WHERE ( username="wang" )  [ RunTime:0.0011s ]
INFO: [ view_parse ] --START--
INFO: [ template_filter ] --START--
INFO: Run Behavior\ContentReplaceBehavior [ RunTime:0.000224s ]
INFO: [ template_filter ] --END-- [ RunTime:0.000602s ]
INFO: Run Behavior\ParseTemplateBehavior [ RunTime:0.034161s ]
INFO: [ view_parse ] --END-- [ RunTime:0.034627s ]
INFO: [ view_filter ] --START--
INFO: Run Behavior\WriteHtmlCacheBehavior [ RunTime:0.001036s ]
INFO: [ view_filter ] --END-- [ RunTime:0.001315s ]
INFO: [ app_end ] --START--
INFO: Run Behavior\ShowPageTraceBehavior [ RunTime:0.002190s ]
INFO: [ app_end ] --END-- [ RunTime:0.002482s ]

[ 2016-03-30T22:24:51+08:00 ] 127.0.0.1 /index.php/Blog/Index/index.shtml
INFO: [ app_init ] --START--
INFO: Run Behavior\BuildLiteBehavior [ RunTime:0.000080s ]
INFO: [ app_init ] --END-- [ RunTime:0.000498s ]
INFO: [ app_begin ] --START--
INFO: Run Behavior\ReadHtmlCacheBehavior [ RunTime:0.002261s ]
INFO: [ app_begin ] --END-- [ RunTime:0.002644s ]
SQL: SHOW COLUMNS FROM `nb_blog` [ RunTime:0.0122s ]
SQL: SELECT * FROM `nb_blog` WHERE ( username="wang" )  [ RunTime:0.0013s ]
INFO: [ view_parse ] --START--
INFO: [ template_filter ] --START--
INFO: Run Behavior\ContentReplaceBehavior [ RunTime:0.000281s ]
INFO: [ template_filter ] --END-- [ RunTime:0.000677s ]
INFO: Run Behavior\ParseTemplateBehavior [ RunTime:0.045300s ]
INFO: [ view_parse ] --END-- [ RunTime:0.045704s ]
INFO: [ view_filter ] --START--
INFO: Run Behavior\WriteHtmlCacheBehavior [ RunTime:0.001335s ]
INFO: [ view_filter ] --END-- [ RunTime:0.001700s ]
INFO: [ app_end ] --START--
INFO: Run Behavior\ShowPageTraceBehavior [ RunTime:0.002174s ]
INFO: [ app_end ] --END-- [ RunTime:0.002600s ]

[ 2016-03-30T22:25:36+08:00 ] 127.0.0.1 /index.php/Blog/Index/index.shtml
INFO: [ app_init ] --START--
INFO: Run Behavior\BuildLiteBehavior [ RunTime:0.000080s ]
INFO: [ app_init ] --END-- [ RunTime:0.000800s ]
INFO: [ app_begin ] --START--
INFO: Run Behavior\ReadHtmlCacheBehavior [ RunTime:0.002127s ]
INFO: [ app_begin ] --END-- [ RunTime:0.002556s ]
SQL: SHOW COLUMNS FROM `nb_blog` [ RunTime:0.0175s ]
SQL: SELECT * FROM `nb_blog` WHERE ( username="wang" )  [ RunTime:0.0013s ]
INFO: [ view_parse ] --START--
INFO: [ template_filter ] --START--
INFO: Run Behavior\ContentReplaceBehavior [ RunTime:0.000321s ]
INFO: [ template_filter ] --END-- [ RunTime:0.000732s ]
INFO: Run Behavior\ParseTemplateBehavior [ RunTime:0.054262s ]
INFO: [ view_parse ] --END-- [ RunTime:0.054666s ]
INFO: [ view_filter ] --START--
INFO: Run Behavior\WriteHtmlCacheBehavior [ RunTime:0.001260s ]
INFO: [ view_filter ] --END-- [ RunTime:0.001747s ]
INFO: [ app_end ] --START--
INFO: Run Behavior\ShowPageTraceBehavior [ RunTime:0.001943s ]
INFO: [ app_end ] --END-- [ RunTime:0.002326s ]

[ 2016-03-30T22:26:07+08:00 ] 127.0.0.1 /index.php/Blog/Index/index.shtml
INFO: [ app_init ] --START--
INFO: Run Behavior\BuildLiteBehavior [ RunTime:0.000081s ]
INFO: [ app_init ] --END-- [ RunTime:0.000489s ]
INFO: [ app_begin ] --START--
INFO: Run Behavior\ReadHtmlCacheBehavior [ RunTime:0.001937s ]
INFO: [ app_begin ] --END-- [ RunTime:0.002428s ]
SQL: SHOW COLUMNS FROM `nb_blog` [ RunTime:0.0110s ]
SQL: SELECT * FROM `nb_blog` WHERE ( username="wang" )  [ RunTime:0.0011s ]
INFO: [ view_parse ] --START--
INFO: [ template_filter ] --START--
INFO: Run Behavior\ContentReplaceBehavior [ RunTime:0.000294s ]
INFO: [ template_filter ] --END-- [ RunTime:0.000697s ]
INFO: Run Behavior\ParseTemplateBehavior [ RunTime:0.043449s ]
INFO: [ view_parse ] --END-- [ RunTime:0.043844s ]
INFO: [ view_filter ] --START--
INFO: Run Behavior\WriteHtmlCacheBehavior [ RunTime:0.001195s ]
INFO: [ view_filter ] --END-- [ RunTime:0.001598s ]
INFO: [ app_end ] --START--
INFO: Run Behavior\ShowPageTraceBehavior [ RunTime:0.001975s ]
INFO: [ app_end ] --END-- [ RunTime:0.002325s ]

[ 2016-03-30T22:26:43+08:00 ] 127.0.0.1 /index.php/Blog/Index/index.shtml
INFO: [ app_init ] --START--
INFO: Run Behavior\BuildLiteBehavior [ RunTime:0.000078s ]
INFO: [ app_init ] --END-- [ RunTime:0.000620s ]
INFO: [ app_begin ] --START--
INFO: Run Behavior\ReadHtmlCacheBehavior [ RunTime:0.002527s ]
INFO: [ app_begin ] --END-- [ RunTime:0.002921s ]
SQL: SHOW COLUMNS FROM `nb_blog` [ RunTime:0.0125s ]
SQL: SELECT * FROM `nb_blog` WHERE ( username="wang" )  [ RunTime:0.0012s ]
INFO: [ view_parse ] --START--
INFO: [ template_filter ] --START--
INFO: Run Behavior\ContentReplaceBehavior [ RunTime:0.000229s ]
INFO: [ template_filter ] --END-- [ RunTime:0.000616s ]
INFO: Run Behavior\ParseTemplateBehavior [ RunTime:0.035084s ]
INFO: [ view_parse ] --END-- [ RunTime:0.035422s ]
INFO: [ view_filter ] --START--
INFO: Run Behavior\WriteHtmlCacheBehavior [ RunTime:0.001900s ]
INFO: [ view_filter ] --END-- [ RunTime:0.002183s ]
INFO: [ app_end ] --START--
INFO: Run Behavior\ShowPageTraceBehavior [ RunTime:0.001618s ]
INFO: [ app_end ] --END-- [ RunTime:0.001984s ]

[ 2016-03-30T22:27:29+08:00 ] 127.0.0.1 /index.php/Blog/Index/index.shtml
INFO: [ app_init ] --START--
INFO: Run Behavior\BuildLiteBehavior [ RunTime:0.000215s ]
INFO: [ app_init ] --END-- [ RunTime:0.000634s ]
INFO: [ app_begin ] --START--
INFO: Run Behavior\ReadHtmlCacheBehavior [ RunTime:0.002364s ]
INFO: [ app_begin ] --END-- [ RunTime:0.002859s ]
SQL: SHOW COLUMNS FROM `nb_blog` [ RunTime:0.0121s ]
SQL: SELECT * FROM `nb_blog` WHERE ( username="wang" )  [ RunTime:0.0012s ]
INFO: [ view_parse ] --START--
INFO: [ template_filter ] --START--
INFO: Run Behavior\ContentReplaceBehavior [ RunTime:0.000282s ]
INFO: [ template_filter ] --END-- [ RunTime:0.000783s ]
INFO: Run Behavior\ParseTemplateBehavior [ RunTime:0.044111s ]
INFO: [ view_parse ] --END-- [ RunTime:0.044583s ]
INFO: [ view_filter ] --START--
INFO: Run Behavior\WriteHtmlCacheBehavior [ RunTime:0.001350s ]
INFO: [ view_filter ] --END-- [ RunTime:0.001755s ]
INFO: [ app_end ] --START--
INFO: Run Behavior\ShowPageTraceBehavior [ RunTime:0.002886s ]
INFO: [ app_end ] --END-- [ RunTime:0.003270s ]

[ 2016-03-30T22:27:56+08:00 ] 127.0.0.1 /index.php/Blog/Index/index.shtml
INFO: [ app_init ] --START--
INFO: Run Behavior\BuildLiteBehavior [ RunTime:0.000062s ]
INFO: [ app_init ] --END-- [ RunTime:0.000355s ]
INFO: [ app_begin ] --START--
INFO: Run Behavior\ReadHtmlCacheBehavior [ RunTime:0.002110s ]
INFO: [ app_begin ] --END-- [ RunTime:0.002465s ]
SQL: SHOW COLUMNS FROM `nb_blog` [ RunTime:0.0094s ]
SQL: SELECT * FROM `nb_blog` WHERE ( username="wang" )  [ RunTime:0.0009s ]
INFO: [ view_parse ] --START--
INFO: [ template_filter ] --START--
INFO: Run Behavior\ContentReplaceBehavior [ RunTime:0.000203s ]
INFO: [ template_filter ] --END-- [ RunTime:0.000547s ]
INFO: Run Behavior\ParseTemplateBehavior [ RunTime:0.030838s ]
INFO: [ view_parse ] --END-- [ RunTime:0.031122s ]
INFO: [ view_filter ] --START--
INFO: Run Behavior\WriteHtmlCacheBehavior [ RunTime:0.001058s ]
INFO: [ view_filter ] --END-- [ RunTime:0.001392s ]
INFO: [ app_end ] --START--
INFO: Run Behavior\ShowPageTraceBehavior [ RunTime:0.001696s ]
INFO: [ app_end ] --END-- [ RunTime:0.002000s ]

[ 2016-03-30T22:28:17+08:00 ] 127.0.0.1 /index.php/Blog/Index/index.shtml
INFO: [ app_init ] --START--
INFO: Run Behavior\BuildLiteBehavior [ RunTime:0.000086s ]
INFO: [ app_init ] --END-- [ RunTime:0.000558s ]
INFO: [ app_begin ] --START--
INFO: Run Behavior\ReadHtmlCacheBehavior [ RunTime:0.002349s ]
INFO: [ app_begin ] --END-- [ RunTime:0.002731s ]
SQL: SHOW COLUMNS FROM `nb_blog` [ RunTime:0.0119s ]
SQL: SELECT * FROM `nb_blog` WHERE ( username="wang" )  [ RunTime:0.0011s ]
INFO: [ view_parse ] --START--
INFO: [ template_filter ] --START--
INFO: Run Behavior\ContentReplaceBehavior [ RunTime:0.000282s ]
INFO: [ template_filter ] --END-- [ RunTime:0.000730s ]
INFO: Run Behavior\ParseTemplateBehavior [ RunTime:0.044792s ]
INFO: [ view_parse ] --END-- [ RunTime:0.045200s ]
INFO: [ view_filter ] --START--
INFO: Run Behavior\WriteHtmlCacheBehavior [ RunTime:0.001671s ]
INFO: [ view_filter ] --END-- [ RunTime:0.002106s ]
INFO: [ app_end ] --START--
INFO: Run Behavior\ShowPageTraceBehavior [ RunTime:0.002267s ]
INFO: [ app_end ] --END-- [ RunTime:0.002754s ]

[ 2016-03-30T22:29:55+08:00 ] 127.0.0.1 /index.php/Blog/Index/index.shtml
INFO: [ app_init ] --START--
INFO: Run Behavior\BuildLiteBehavior [ RunTime:0.000128s ]
INFO: [ app_init ] --END-- [ RunTime:0.000975s ]
INFO: [ app_begin ] --START--
INFO: Run Behavior\ReadHtmlCacheBehavior [ RunTime:0.007868s ]
INFO: [ app_begin ] --END-- [ RunTime:0.012643s ]
SQL: SHOW COLUMNS FROM `nb_blog` [ RunTime:0.0163s ]
SQL: SELECT * FROM `nb_blog` WHERE ( username="wang" )  [ RunTime:0.0017s ]
INFO: [ view_parse ] --START--
INFO: [ template_filter ] --START--
INFO: Run Behavior\ContentReplaceBehavior [ RunTime:0.000228s ]
INFO: [ template_filter ] --END-- [ RunTime:0.000547s ]
INFO: Run Behavior\ParseTemplateBehavior [ RunTime:0.039029s ]
INFO: [ view_parse ] --END-- [ RunTime:0.039580s ]
INFO: [ view_filter ] --START--
INFO: Run Behavior\WriteHtmlCacheBehavior [ RunTime:0.001399s ]
INFO: [ view_filter ] --END-- [ RunTime:0.001793s ]
INFO: [ app_end ] --START--
INFO: Run Behavior\ShowPageTraceBehavior [ RunTime:0.001726s ]
INFO: [ app_end ] --END-- [ RunTime:0.002003s ]

[ 2016-03-30T22:34:26+08:00 ] 127.0.0.1 /index.php/Blog/Index/index.shtml
INFO: [ app_init ] --START--
INFO: Run Behavior\BuildLiteBehavior [ RunTime:0.000062s ]
INFO: [ app_init ] --END-- [ RunTime:0.000500s ]
INFO: [ app_begin ] --START--
INFO: Run Behavior\ReadHtmlCacheBehavior [ RunTime:0.002119s ]
INFO: [ app_begin ] --END-- [ RunTime:0.002487s ]
SQL: SHOW COLUMNS FROM `nb_blog` [ RunTime:0.0088s ]
SQL: SELECT * FROM `nb_blog` WHERE ( username="wang" )  [ RunTime:0.0010s ]
INFO: [ view_parse ] --START--
INFO: [ template_filter ] --START--
INFO: Run Behavior\ContentReplaceBehavior [ RunTime:0.000229s ]
INFO: [ template_filter ] --END-- [ RunTime:0.000545s ]
INFO: Run Behavior\ParseTemplateBehavior [ RunTime:0.033461s ]
INFO: [ view_parse ] --END-- [ RunTime:0.033793s ]
INFO: [ view_filter ] --START--
INFO: Run Behavior\WriteHtmlCacheBehavior [ RunTime:0.001520s ]
INFO: [ view_filter ] --END-- [ RunTime:0.002157s ]
INFO: [ app_end ] --START--
INFO: Run Behavior\ShowPageTraceBehavior [ RunTime:0.002049s ]
INFO: [ app_end ] --END-- [ RunTime:0.002334s ]

[ 2016-03-30T22:34:46+08:00 ] 127.0.0.1 /index.php/Blog/Index/index.shtml
INFO: [ app_init ] --START--
INFO: Run Behavior\BuildLiteBehavior [ RunTime:0.000060s ]
INFO: [ app_init ] --END-- [ RunTime:0.000356s ]
INFO: [ app_begin ] --START--
INFO: Run Behavior\ReadHtmlCacheBehavior [ RunTime:0.001749s ]
INFO: [ app_begin ] --END-- [ RunTime:0.002094s ]
SQL: SHOW COLUMNS FROM `nb_blog` [ RunTime:0.0079s ]
SQL: SELECT * FROM `nb_blog` WHERE ( username="wang" )  [ RunTime:0.0010s ]
INFO: [ view_parse ] --START--
INFO: [ template_filter ] --START--
INFO: Run Behavior\ContentReplaceBehavior [ RunTime:0.000282s ]
INFO: [ template_filter ] --END-- [ RunTime:0.000679s ]
INFO: Run Behavior\ParseTemplateBehavior [ RunTime:0.043940s ]
INFO: [ view_parse ] --END-- [ RunTime:0.044362s ]
INFO: [ view_filter ] --START--
INFO: Run Behavior\WriteHtmlCacheBehavior [ RunTime:0.001364s ]
INFO: [ view_filter ] --END-- [ RunTime:0.001732s ]
INFO: [ app_end ] --START--
INFO: Run Behavior\ShowPageTraceBehavior [ RunTime:0.002327s ]
INFO: [ app_end ] --END-- [ RunTime:0.002703s ]

[ 2016-03-30T22:35:05+08:00 ] 127.0.0.1 /index.php/Blog/Index/index.shtml
INFO: [ app_init ] --START--
INFO: Run Behavior\BuildLiteBehavior [ RunTime:0.000080s ]
INFO: [ app_init ] --END-- [ RunTime:0.000522s ]
INFO: [ app_begin ] --START--
INFO: Run Behavior\ReadHtmlCacheBehavior [ RunTime:0.003013s ]
INFO: [ app_begin ] --END-- [ RunTime:0.003429s ]
SQL: SHOW COLUMNS FROM `nb_blog` [ RunTime:0.0467s ]
SQL: SELECT * FROM `nb_blog` WHERE ( username="wang" )  [ RunTime:0.0017s ]
INFO: [ view_parse ] --START--
INFO: [ template_filter ] --START--
INFO: Run Behavior\ContentReplaceBehavior [ RunTime:0.000351s ]
INFO: [ template_filter ] --END-- [ RunTime:0.000872s ]
INFO: Run Behavior\ParseTemplateBehavior [ RunTime:0.049316s ]
INFO: [ view_parse ] --END-- [ RunTime:0.049768s ]
INFO: [ view_filter ] --START--
INFO: Run Behavior\WriteHtmlCacheBehavior [ RunTime:0.001534s ]
INFO: [ view_filter ] --END-- [ RunTime:0.002840s ]
INFO: [ app_end ] --START--
INFO: Run Behavior\ShowPageTraceBehavior [ RunTime:0.002403s ]
INFO: [ app_end ] --END-- [ RunTime:0.003075s ]

[ 2016-03-30T22:35:14+08:00 ] 127.0.0.1 /index.php/Blog/Index/index.shtml
INFO: [ app_init ] --START--
INFO: Run Behavior\BuildLiteBehavior [ RunTime:0.000079s ]
INFO: [ app_init ] --END-- [ RunTime:0.000479s ]
INFO: [ app_begin ] --START--
INFO: Run Behavior\ReadHtmlCacheBehavior [ RunTime:0.002227s ]
INFO: [ app_begin ] --END-- [ RunTime:0.002616s ]
SQL: SHOW COLUMNS FROM `nb_blog` [ RunTime:0.0107s ]
SQL: SELECT * FROM `nb_blog` WHERE ( username="wang" )  [ RunTime:0.0011s ]
INFO: [ view_parse ] --START--
INFO: [ template_filter ] --START--
INFO: Run Behavior\ContentReplaceBehavior [ RunTime:0.000281s ]
INFO: [ template_filter ] --END-- [ RunTime:0.000740s ]
INFO: Run Behavior\ParseTemplateBehavior [ RunTime:0.044453s ]
INFO: [ view_parse ] --END-- [ RunTime:0.044915s ]
INFO: [ view_filter ] --START--
INFO: Run Behavior\WriteHtmlCacheBehavior [ RunTime:0.001231s ]
INFO: [ view_filter ] --END-- [ RunTime:0.001664s ]
INFO: [ app_end ] --START--
INFO: Run Behavior\ShowPageTraceBehavior [ RunTime:0.002086s ]
INFO: [ app_end ] --END-- [ RunTime:0.002580s ]

[ 2016-03-30T22:35:23+08:00 ] 127.0.0.1 /index.php/Blog/Index/index.shtml
INFO: [ app_init ] --START--
INFO: Run Behavior\BuildLiteBehavior [ RunTime:0.000251s ]
INFO: [ app_init ] --END-- [ RunTime:0.000672s ]
INFO: [ app_begin ] --START--
INFO: Run Behavior\ReadHtmlCacheBehavior [ RunTime:0.002633s ]
INFO: [ app_begin ] --END-- [ RunTime:0.003068s ]
SQL: SHOW COLUMNS FROM `nb_blog` [ RunTime:0.0104s ]
SQL: SELECT * FROM `nb_blog` WHERE ( username="wang" )  [ RunTime:0.0011s ]
INFO: [ view_parse ] --START--
INFO: [ template_filter ] --START--
INFO: Run Behavior\ContentReplaceBehavior [ RunTime:0.000281s ]
INFO: [ template_filter ] --END-- [ RunTime:0.000725s ]
INFO: Run Behavior\ParseTemplateBehavior [ RunTime:0.051684s ]
INFO: [ view_parse ] --END-- [ RunTime:0.052099s ]
INFO: [ view_filter ] --START--
INFO: Run Behavior\WriteHtmlCacheBehavior [ RunTime:0.001269s ]
INFO: [ view_filter ] --END-- [ RunTime:0.001626s ]
INFO: [ app_end ] --START--
INFO: Run Behavior\ShowPageTraceBehavior [ RunTime:0.002247s ]
INFO: [ app_end ] --END-- [ RunTime:0.002612s ]

[ 2016-03-30T22:35:38+08:00 ] 127.0.0.1 /index.php/Blog/Index/index.shtml
INFO: [ app_init ] --START--
INFO: Run Behavior\BuildLiteBehavior [ RunTime:0.000080s ]
INFO: [ app_init ] --END-- [ RunTime:0.000468s ]
INFO: [ app_begin ] --START--
INFO: Run Behavior\ReadHtmlCacheBehavior [ RunTime:0.002132s ]
INFO: [ app_begin ] --END-- [ RunTime:0.002825s ]
SQL: SHOW COLUMNS FROM `nb_blog` [ RunTime:0.0116s ]
SQL: SELECT * FROM `nb_blog` WHERE ( username="wang" )  [ RunTime:0.0010s ]
INFO: [ view_parse ] --START--
INFO: [ template_filter ] --START--
INFO: Run Behavior\ContentReplaceBehavior [ RunTime:0.000222s ]
INFO: [ template_filter ] --END-- [ RunTime:0.000535s ]
INFO: Run Behavior\ParseTemplateBehavior [ RunTime:0.036230s ]
INFO: [ view_parse ] --END-- [ RunTime:0.036604s ]
INFO: [ view_filter ] --START--
INFO: Run Behavior\WriteHtmlCacheBehavior [ RunTime:0.001005s ]
INFO: [ view_filter ] --END-- [ RunTime:0.001290s ]
INFO: [ app_end ] --START--
INFO: Run Behavior\ShowPageTraceBehavior [ RunTime:0.001418s ]
INFO: [ app_end ] --END-- [ RunTime:0.001764s ]

[ 2016-03-30T22:35:40+08:00 ] 127.0.0.1 /index.php/Blog/Index/index.shtml
INFO: [ app_init ] --START--
INFO: Run Behavior\BuildLiteBehavior [ RunTime:0.000079s ]
INFO: [ app_init ] --END-- [ RunTime:0.000500s ]
INFO: [ app_begin ] --START--
INFO: Run Behavior\ReadHtmlCacheBehavior [ RunTime:0.002322s ]
INFO: [ app_begin ] --END-- [ RunTime:0.002786s ]
SQL: SHOW COLUMNS FROM `nb_blog` [ RunTime:0.0136s ]
SQL: SELECT * FROM `nb_blog` WHERE ( username="wang" )  [ RunTime:0.0012s ]
INFO: [ view_parse ] --START--
INFO: [ template_filter ] --START--
INFO: Run Behavior\ContentReplaceBehavior [ RunTime:0.000354s ]
INFO: [ template_filter ] --END-- [ RunTime:0.001563s ]
INFO: Run Behavior\ParseTemplateBehavior [ RunTime:0.045892s ]
INFO: [ view_parse ] --END-- [ RunTime:0.046317s ]
INFO: [ view_filter ] --START--
INFO: Run Behavior\WriteHtmlCacheBehavior [ RunTime:0.001021s ]
INFO: [ view_filter ] --END-- [ RunTime:0.001307s ]
INFO: [ app_end ] --START--
INFO: Run Behavior\ShowPageTraceBehavior [ RunTime:0.001684s ]
INFO: [ app_end ] --END-- [ RunTime:0.001967s ]

[ 2016-03-30T22:35:50+08:00 ] 127.0.0.1 /index.php/Blog/Index/index.shtml
INFO: [ app_init ] --START--
INFO: Run Behavior\BuildLiteBehavior [ RunTime:0.000114s ]
INFO: [ app_init ] --END-- [ RunTime:0.000497s ]
INFO: [ app_begin ] --START--
INFO: Run Behavior\ReadHtmlCacheBehavior [ RunTime:0.002018s ]
INFO: [ app_begin ] --END-- [ RunTime:0.002531s ]
SQL: SHOW COLUMNS FROM `nb_blog` [ RunTime:0.0106s ]
SQL: SELECT * FROM `nb_blog` WHERE ( username="wang" )  [ RunTime:0.0014s ]
INFO: [ view_parse ] --START--
INFO: [ template_filter ] --START--
INFO: Run Behavior\ContentReplaceBehavior [ RunTime:0.000348s ]
INFO: [ template_filter ] --END-- [ RunTime:0.000748s ]
INFO: Run Behavior\ParseTemplateBehavior [ RunTime:0.042274s ]
INFO: [ view_parse ] --END-- [ RunTime:0.042652s ]
INFO: [ view_filter ] --START--
INFO: Run Behavior\WriteHtmlCacheBehavior [ RunTime:0.001197s ]
INFO: [ view_filter ] --END-- [ RunTime:0.001959s ]
INFO: [ app_end ] --START--
INFO: Run Behavior\ShowPageTraceBehavior [ RunTime:0.007363s ]
INFO: [ app_end ] --END-- [ RunTime:0.007896s ]

[ 2016-03-30T22:36:40+08:00 ] 127.0.0.1 /index.php/Blog/Index/index.shtml
INFO: [ app_init ] --START--
INFO: Run Behavior\BuildLiteBehavior [ RunTime:0.000081s ]
INFO: [ app_init ] --END-- [ RunTime:0.000549s ]
INFO: [ app_begin ] --START--
INFO: Run Behavior\ReadHtmlCacheBehavior [ RunTime:0.002563s ]
INFO: [ app_begin ] --END-- [ RunTime:0.002963s ]
SQL: SHOW COLUMNS FROM `nb_blog` [ RunTime:0.0082s ]
SQL: SELECT * FROM `nb_blog` WHERE ( username="wang" )  [ RunTime:0.0010s ]
INFO: [ view_parse ] --START--
INFO: [ template_filter ] --START--
INFO: Run Behavior\ContentReplaceBehavior [ RunTime:0.000224s ]
INFO: [ template_filter ] --END-- [ RunTime:0.000538s ]
INFO: Run Behavior\ParseTemplateBehavior [ RunTime:0.035405s ]
INFO: [ view_parse ] --END-- [ RunTime:0.035880s ]
INFO: [ view_filter ] --START--
INFO: Run Behavior\WriteHtmlCacheBehavior [ RunTime:0.001836s ]
INFO: [ view_filter ] --END-- [ RunTime:0.002152s ]
INFO: [ app_end ] --START--
INFO: Run Behavior\ShowPageTraceBehavior [ RunTime:0.001796s ]
INFO: [ app_end ] --END-- [ RunTime:0.002386s ]

[ 2016-03-30T22:37:28+08:00 ] 127.0.0.1 /index.php/Blog/Index/index.shtml
INFO: [ app_init ] --START--
INFO: Run Behavior\BuildLiteBehavior [ RunTime:0.000083s ]
INFO: [ app_init ] --END-- [ RunTime:0.000633s ]
INFO: [ app_begin ] --START--
INFO: Run Behavior\ReadHtmlCacheBehavior [ RunTime:0.002305s ]
INFO: [ app_begin ] --END-- [ RunTime:0.002754s ]
SQL: SHOW COLUMNS FROM `nb_blog` [ RunTime:0.0113s ]
SQL: SELECT * FROM `nb_blog` WHERE ( username="wang" )  [ RunTime:0.0020s ]
INFO: [ view_parse ] --START--
INFO: [ template_filter ] --START--
INFO: Run Behavior\ContentReplaceBehavior [ RunTime:0.000286s ]
INFO: [ template_filter ] --END-- [ RunTime:0.000710s ]
INFO: Run Behavior\ParseTemplateBehavior [ RunTime:0.045682s ]
INFO: [ view_parse ] --END-- [ RunTime:0.046135s ]
INFO: [ view_filter ] --START--
INFO: Run Behavior\WriteHtmlCacheBehavior [ RunTime:0.001322s ]
INFO: [ view_filter ] --END-- [ RunTime:0.002412s ]
INFO: [ app_end ] --START--
INFO: Run Behavior\ShowPageTraceBehavior [ RunTime:0.003429s ]
INFO: [ app_end ] --END-- [ RunTime:0.003826s ]

[ 2016-03-30T22:37:30+08:00 ] 127.0.0.1 /index.php/Blog/Index/index.shtml
INFO: [ app_init ] --START--
INFO: Run Behavior\BuildLiteBehavior [ RunTime:0.000082s ]
INFO: [ app_init ] --END-- [ RunTime:0.000481s ]
INFO: [ app_begin ] --START--
INFO: Run Behavior\ReadHtmlCacheBehavior [ RunTime:0.002238s ]
INFO: [ app_begin ] --END-- [ RunTime:0.002648s ]
SQL: SHOW COLUMNS FROM `nb_blog` [ RunTime:0.0112s ]
SQL: SELECT * FROM `nb_blog` WHERE ( username="wang" )  [ RunTime:0.0016s ]
INFO: [ view_parse ] --START--
INFO: [ template_filter ] --START--
INFO: Run Behavior\ContentReplaceBehavior [ RunTime:0.000233s ]
INFO: [ template_filter ] --END-- [ RunTime:0.000747s ]
INFO: Run Behavior\ParseTemplateBehavior [ RunTime:0.041633s ]
INFO: [ view_parse ] --END-- [ RunTime:0.041977s ]
INFO: [ view_filter ] --START--
INFO: Run Behavior\WriteHtmlCacheBehavior [ RunTime:0.001259s ]
INFO: [ view_filter ] --END-- [ RunTime:0.001531s ]
INFO: [ app_end ] --START--
INFO: Run Behavior\ShowPageTraceBehavior [ RunTime:0.001718s ]
INFO: [ app_end ] --END-- [ RunTime:0.001992s ]

[ 2016-03-30T22:37:39+08:00 ] 127.0.0.1 /index.php/Blog/Index/index.shtml
INFO: [ app_init ] --START--
INFO: Run Behavior\BuildLiteBehavior [ RunTime:0.000130s ]
INFO: [ app_init ] --END-- [ RunTime:0.000522s ]
INFO: [ app_begin ] --START--
INFO: Run Behavior\ReadHtmlCacheBehavior [ RunTime:0.002089s ]
INFO: [ app_begin ] --END-- [ RunTime:0.002510s ]
SQL: SHOW COLUMNS FROM `nb_blog` [ RunTime:0.0134s ]
SQL: SELECT * FROM `nb_blog` WHERE ( username="wang" )  [ RunTime:0.0012s ]
INFO: [ view_parse ] --START--
INFO: [ template_filter ] --START--
INFO: Run Behavior\ContentReplaceBehavior [ RunTime:0.000281s ]
INFO: [ template_filter ] --END-- [ RunTime:0.000680s ]
INFO: Run Behavior\ParseTemplateBehavior [ RunTime:0.044910s ]
INFO: [ view_parse ] --END-- [ RunTime:0.045306s ]
INFO: [ view_filter ] --START--
INFO: Run Behavior\WriteHtmlCacheBehavior [ RunTime:0.001363s ]
INFO: [ view_filter ] --END-- [ RunTime:0.001727s ]
INFO: [ app_end ] --START--
INFO: Run Behavior\ShowPageTraceBehavior [ RunTime:0.002147s ]
INFO: [ app_end ] --END-- [ RunTime:0.002656s ]

[ 2016-03-30T22:37:58+08:00 ] 127.0.0.1 /index.php/Blog/Index/index.shtml
INFO: [ app_init ] --START--
INFO: Run Behavior\BuildLiteBehavior [ RunTime:0.000081s ]
INFO: [ app_init ] --END-- [ RunTime:0.000493s ]
INFO: [ app_begin ] --START--
INFO: Run Behavior\ReadHtmlCacheBehavior [ RunTime:0.002424s ]
INFO: [ app_begin ] --END-- [ RunTime:0.002914s ]
SQL: SHOW COLUMNS FROM `nb_blog` [ RunTime:0.0131s ]
SQL: SELECT * FROM `nb_blog` WHERE ( username="wang" )  [ RunTime:0.0011s ]
INFO: [ view_parse ] --START--
INFO: [ template_filter ] --START--
INFO: Run Behavior\ContentReplaceBehavior [ RunTime:0.000286s ]
INFO: [ template_filter ] --END-- [ RunTime:0.000737s ]
INFO: Run Behavior\ParseTemplateBehavior [ RunTime:0.045138s ]
INFO: [ view_parse ] --END-- [ RunTime:0.045746s ]
INFO: [ view_filter ] --START--
INFO: Run Behavior\WriteHtmlCacheBehavior [ RunTime:0.001684s ]
INFO: [ view_filter ] --END-- [ RunTime:0.002048s ]
INFO: [ app_end ] --START--
INFO: Run Behavior\ShowPageTraceBehavior [ RunTime:0.002167s ]
INFO: [ app_end ] --END-- [ RunTime:0.002540s ]

[ 2016-03-30T22:38:15+08:00 ] 127.0.0.1 /index.php/Blog/Index/index.shtml
INFO: [ app_init ] --START--
INFO: Run Behavior\BuildLiteBehavior [ RunTime:0.000082s ]
INFO: [ app_init ] --END-- [ RunTime:0.000615s ]
INFO: [ app_begin ] --START--
INFO: Run Behavior\ReadHtmlCacheBehavior [ RunTime:0.002253s ]
INFO: [ app_begin ] --END-- [ RunTime:0.002640s ]
SQL: SHOW COLUMNS FROM `nb_blog` [ RunTime:0.0122s ]
SQL: SELECT * FROM `nb_blog` WHERE ( username="wang" )  [ RunTime:0.0011s ]
INFO: [ view_parse ] --START--
INFO: [ template_filter ] --START--
INFO: Run Behavior\ContentReplaceBehavior [ RunTime:0.000283s ]
INFO: [ template_filter ] --END-- [ RunTime:0.000727s ]
INFO: Run Behavior\ParseTemplateBehavior [ RunTime:0.043326s ]
INFO: [ view_parse ] --END-- [ RunTime:0.043714s ]
INFO: [ view_filter ] --START--
INFO: Run Behavior\WriteHtmlCacheBehavior [ RunTime:0.001327s ]
INFO: [ view_filter ] --END-- [ RunTime:0.001679s ]
INFO: [ app_end ] --START--
INFO: Run Behavior\ShowPageTraceBehavior [ RunTime:0.002205s ]
INFO: [ app_end ] --END-- [ RunTime:0.002574s ]

[ 2016-03-30T22:38:18+08:00 ] 127.0.0.1 /index.php/Blog/Index/index.shtml
INFO: [ app_init ] --START--
INFO: Run Behavior\BuildLiteBehavior [ RunTime:0.000064s ]
INFO: [ app_init ] --END-- [ RunTime:0.000379s ]
INFO: [ app_begin ] --START--
INFO: Run Behavior\ReadHtmlCacheBehavior [ RunTime:0.001518s ]
INFO: [ app_begin ] --END-- [ RunTime:0.001801s ]
SQL: SHOW COLUMNS FROM `nb_blog` [ RunTime:0.0111s ]
SQL: SELECT * FROM `nb_blog` WHERE ( username="wang" )  [ RunTime:0.0012s ]
INFO: [ view_parse ] --START--
INFO: [ template_filter ] --START--
INFO: Run Behavior\ContentReplaceBehavior [ RunTime:0.000255s ]
INFO: [ template_filter ] --END-- [ RunTime:0.000585s ]
INFO: Run Behavior\ParseTemplateBehavior [ RunTime:0.040262s ]
INFO: [ view_parse ] --END-- [ RunTime:0.040670s ]
INFO: [ view_filter ] --START--
INFO: Run Behavior\WriteHtmlCacheBehavior [ RunTime:0.000988s ]
INFO: [ view_filter ] --END-- [ RunTime:0.001266s ]
INFO: [ app_end ] --START--
INFO: Run Behavior\ShowPageTraceBehavior [ RunTime:0.001477s ]
INFO: [ app_end ] --END-- [ RunTime:0.001810s ]

[ 2016-03-30T22:38:34+08:00 ] 127.0.0.1 /index.php/Blog/Index/index.shtml
INFO: [ app_init ] --START--
INFO: Run Behavior\BuildLiteBehavior [ RunTime:0.000082s ]
INFO: [ app_init ] --END-- [ RunTime:0.000490s ]
INFO: [ app_begin ] --START--
INFO: Run Behavior\ReadHtmlCacheBehavior [ RunTime:0.002223s ]
INFO: [ app_begin ] --END-- [ RunTime:0.002664s ]
SQL: SHOW COLUMNS FROM `nb_blog` [ RunTime:0.0098s ]
SQL: SELECT * FROM `nb_blog` WHERE ( username="wang" )  [ RunTime:0.0010s ]
INFO: [ view_parse ] --START--
INFO: [ template_filter ] --START--
INFO: Run Behavior\ContentReplaceBehavior [ RunTime:0.000227s ]
INFO: [ template_filter ] --END-- [ RunTime:0.000550s ]
INFO: Run Behavior\ParseTemplateBehavior [ RunTime:0.032274s ]
INFO: [ view_parse ] --END-- [ RunTime:0.032580s ]
INFO: [ view_filter ] --START--
INFO: Run Behavior\WriteHtmlCacheBehavior [ RunTime:0.000973s ]
INFO: [ view_filter ] --END-- [ RunTime:0.001249s ]
INFO: [ app_end ] --START--
INFO: Run Behavior\ShowPageTraceBehavior [ RunTime:0.001640s ]
INFO: [ app_end ] --END-- [ RunTime:0.002098s ]

[ 2016-03-30T22:38:56+08:00 ] 127.0.0.1 /index.php/Blog/Index/index.shtml
INFO: [ app_init ] --START--
INFO: Run Behavior\BuildLiteBehavior [ RunTime:0.000079s ]
INFO: [ app_init ] --END-- [ RunTime:0.000523s ]
INFO: [ app_begin ] --START--
INFO: Run Behavior\ReadHtmlCacheBehavior [ RunTime:0.001878s ]
INFO: [ app_begin ] --END-- [ RunTime:0.002245s ]
SQL: SHOW COLUMNS FROM `nb_blog` [ RunTime:0.0115s ]
SQL: SELECT * FROM `nb_blog` WHERE ( username="wang" )  [ RunTime:0.0012s ]
INFO: [ view_parse ] --START--
INFO: [ template_filter ] --START--
INFO: Run Behavior\ContentReplaceBehavior [ RunTime:0.000284s ]
INFO: [ template_filter ] --END-- [ RunTime:0.000759s ]
INFO: Run Behavior\ParseTemplateBehavior [ RunTime:0.042802s ]
INFO: [ view_parse ] --END-- [ RunTime:0.043187s ]
INFO: [ view_filter ] --START--
INFO: Run Behavior\WriteHtmlCacheBehavior [ RunTime:0.001189s ]
INFO: [ view_filter ] --END-- [ RunTime:0.001541s ]
INFO: [ app_end ] --START--
INFO: Run Behavior\ShowPageTraceBehavior [ RunTime:0.003045s ]
INFO: [ app_end ] --END-- [ RunTime:0.003430s ]

[ 2016-03-30T22:39:05+08:00 ] 127.0.0.1 /index.php/Blog/Index/index.shtml
INFO: [ app_init ] --START--
INFO: Run Behavior\BuildLiteBehavior [ RunTime:0.000083s ]
INFO: [ app_init ] --END-- [ RunTime:0.000631s ]
INFO: [ app_begin ] --START--
INFO: Run Behavior\ReadHtmlCacheBehavior [ RunTime:0.002290s ]
INFO: [ app_begin ] --END-- [ RunTime:0.002675s ]
SQL: SHOW COLUMNS FROM `nb_blog` [ RunTime:0.0109s ]
SQL: SELECT * FROM `nb_blog` WHERE ( username="wang" )  [ RunTime:0.0011s ]
INFO: [ view_parse ] --START--
INFO: [ template_filter ] --START--
INFO: Run Behavior\ContentReplaceBehavior [ RunTime:0.000281s ]
INFO: [ template_filter ] --END-- [ RunTime:0.000673s ]
INFO: Run Behavior\ParseTemplateBehavior [ RunTime:0.044910s ]
INFO: [ view_parse ] --END-- [ RunTime:0.045401s ]
INFO: [ view_filter ] --START--
INFO: Run Behavior\WriteHtmlCacheBehavior [ RunTime:0.001693s ]
INFO: [ view_filter ] --END-- [ RunTime:0.002155s ]
INFO: [ app_end ] --START--
INFO: Run Behavior\ShowPageTraceBehavior [ RunTime:0.002802s ]
INFO: [ app_end ] --END-- [ RunTime:0.003247s ]

[ 2016-03-30T22:39:25+08:00 ] 127.0.0.1 /index.php/Blog/Index/index.shtml
INFO: [ app_init ] --START--
INFO: Run Behavior\BuildLiteBehavior [ RunTime:0.000082s ]
INFO: [ app_init ] --END-- [ RunTime:0.000480s ]
INFO: [ app_begin ] --START--
INFO: Run Behavior\ReadHtmlCacheBehavior [ RunTime:0.001907s ]
INFO: [ app_begin ] --END-- [ RunTime:0.002285s ]
SQL: SHOW COLUMNS FROM `nb_blog` [ RunTime:0.0105s ]
SQL: SELECT * FROM `nb_blog` WHERE ( username="wang" )  [ RunTime:0.0010s ]
INFO: [ view_parse ] --START--
INFO: [ template_filter ] --START--
INFO: Run Behavior\ContentReplaceBehavior [ RunTime:0.000283s ]
INFO: [ template_filter ] --END-- [ RunTime:0.000747s ]
INFO: Run Behavior\ParseTemplateBehavior [ RunTime:0.041335s ]
INFO: [ view_parse ] --END-- [ RunTime:0.041678s ]
INFO: [ view_filter ] --START--
INFO: Run Behavior\WriteHtmlCacheBehavior [ RunTime:0.000823s ]
INFO: [ view_filter ] --END-- [ RunTime:0.001108s ]
INFO: [ app_end ] --START--
INFO: Run Behavior\ShowPageTraceBehavior [ RunTime:0.001677s ]
INFO: [ app_end ] --END-- [ RunTime:0.001979s ]

[ 2016-03-30T22:39:40+08:00 ] 127.0.0.1 /index.php/Blog/Index/index.shtml
INFO: [ app_init ] --START--
INFO: Run Behavior\BuildLiteBehavior [ RunTime:0.000078s ]
INFO: [ app_init ] --END-- [ RunTime:0.000499s ]
INFO: [ app_begin ] --START--
INFO: Run Behavior\ReadHtmlCacheBehavior [ RunTime:0.002311s ]
INFO: [ app_begin ] --END-- [ RunTime:0.002767s ]
SQL: SHOW COLUMNS FROM `nb_blog` [ RunTime:0.0218s ]
SQL: SELECT * FROM `nb_blog` WHERE ( username="wang" )  [ RunTime:0.0014s ]
INFO: [ view_parse ] --START--
INFO: [ template_filter ] --START--
INFO: Run Behavior\ContentReplaceBehavior [ RunTime:0.000391s ]
INFO: [ template_filter ] --END-- [ RunTime:0.000903s ]
INFO: Run Behavior\ParseTemplateBehavior [ RunTime:0.056265s ]
INFO: [ view_parse ] --END-- [ RunTime:0.056830s ]
INFO: [ view_filter ] --START--
INFO: Run Behavior\WriteHtmlCacheBehavior [ RunTime:0.001489s ]
INFO: [ view_filter ] --END-- [ RunTime:0.001935s ]
INFO: [ app_end ] --START--
INFO: Run Behavior\ShowPageTraceBehavior [ RunTime:0.002869s ]
INFO: [ app_end ] --END-- [ RunTime:0.003358s ]

[ 2016-03-30T22:40:51+08:00 ] 127.0.0.1 /index.php/Blog/Index/index.shtml
INFO: [ app_init ] --START--
INFO: Run Behavior\BuildLiteBehavior [ RunTime:0.000063s ]
INFO: [ app_init ] --END-- [ RunTime:0.000373s ]
INFO: [ app_begin ] --START--
INFO: Run Behavior\ReadHtmlCacheBehavior [ RunTime:0.001633s ]
INFO: [ app_begin ] --END-- [ RunTime:0.001939s ]
SQL: SHOW COLUMNS FROM `nb_blog` [ RunTime:0.0085s ]
SQL: SELECT * FROM `nb_blog` WHERE ( username="wang" )  [ RunTime:0.0010s ]
INFO: [ view_parse ] --START--
INFO: [ template_filter ] --START--
INFO: Run Behavior\ContentReplaceBehavior [ RunTime:0.000228s ]
INFO: [ template_filter ] --END-- [ RunTime:0.000554s ]
INFO: Run Behavior\ParseTemplateBehavior [ RunTime:0.038563s ]
INFO: [ view_parse ] --END-- [ RunTime:0.038891s ]
INFO: [ view_filter ] --START--
INFO: Run Behavior\WriteHtmlCacheBehavior [ RunTime:0.005347s ]
INFO: [ view_filter ] --END-- [ RunTime:0.005670s ]
INFO: [ app_end ] --START--
INFO: Run Behavior\ShowPageTraceBehavior [ RunTime:0.001592s ]
INFO: [ app_end ] --END-- [ RunTime:0.001878s ]

[ 2016-03-30T22:41:11+08:00 ] 127.0.0.1 /index.php/Blog/Index/index.shtml
INFO: [ app_init ] --START--
INFO: Run Behavior\BuildLiteBehavior [ RunTime:0.000087s ]
INFO: [ app_init ] --END-- [ RunTime:0.000607s ]
INFO: [ app_begin ] --START--
INFO: Run Behavior\ReadHtmlCacheBehavior [ RunTime:0.002298s ]
INFO: [ app_begin ] --END-- [ RunTime:0.002680s ]
SQL: SHOW COLUMNS FROM `nb_blog` [ RunTime:0.0104s ]
SQL: SELECT * FROM `nb_blog` WHERE ( username="wang" )  [ RunTime:0.0011s ]
INFO: [ view_parse ] --START--
INFO: [ template_filter ] --START--
INFO: Run Behavior\ContentReplaceBehavior [ RunTime:0.000285s ]
INFO: [ template_filter ] --END-- [ RunTime:0.000682s ]
INFO: Run Behavior\ParseTemplateBehavior [ RunTime:0.044244s ]
INFO: [ view_parse ] --END-- [ RunTime:0.044633s ]
INFO: [ view_filter ] --START--
INFO: Run Behavior\WriteHtmlCacheBehavior [ RunTime:0.001216s ]
INFO: [ view_filter ] --END-- [ RunTime:0.001601s ]
INFO: [ app_end ] --START--
INFO: Run Behavior\ShowPageTraceBehavior [ RunTime:0.002526s ]
INFO: [ app_end ] --END-- [ RunTime:0.002993s ]

[ 2016-03-30T22:41:24+08:00 ] 127.0.0.1 /index.php/Blog/Index/index.shtml
INFO: [ app_init ] --START--
INFO: Run Behavior\BuildLiteBehavior [ RunTime:0.000080s ]
INFO: [ app_init ] --END-- [ RunTime:0.000479s ]
INFO: [ app_begin ] --START--
INFO: Run Behavior\ReadHtmlCacheBehavior [ RunTime:0.001937s ]
INFO: [ app_begin ] --END-- [ RunTime:0.002314s ]
SQL: SHOW COLUMNS FROM `nb_blog` [ RunTime:0.0108s ]
SQL: SELECT * FROM `nb_blog` WHERE ( username="wang" )  [ RunTime:0.0010s ]
INFO: [ view_parse ] --START--
INFO: [ template_filter ] --START--
INFO: Run Behavior\ContentReplaceBehavior [ RunTime:0.000444s ]
INFO: [ template_filter ] --END-- [ RunTime:0.000891s ]
INFO: Run Behavior\ParseTemplateBehavior [ RunTime:0.044446s ]
INFO: [ view_parse ] --END-- [ RunTime:0.044851s ]
INFO: [ view_filter ] --START--
INFO: Run Behavior\WriteHtmlCacheBehavior [ RunTime:0.001157s ]
INFO: [ view_filter ] --END-- [ RunTime:0.001511s ]
INFO: [ app_end ] --START--
INFO: Run Behavior\ShowPageTraceBehavior [ RunTime:0.002575s ]
INFO: [ app_end ] --END-- [ RunTime:0.002938s ]

[ 2016-03-30T22:42:20+08:00 ] 127.0.0.1 /index.php/Blog/Index/index.shtml
INFO: [ app_init ] --START--
INFO: Run Behavior\BuildLiteBehavior [ RunTime:0.000080s ]
INFO: [ app_init ] --END-- [ RunTime:0.000465s ]
INFO: [ app_begin ] --START--
INFO: Run Behavior\ReadHtmlCacheBehavior [ RunTime:0.002415s ]
INFO: [ app_begin ] --END-- [ RunTime:0.002793s ]
SQL: SHOW COLUMNS FROM `nb_blog` [ RunTime:0.0112s ]
SQL: SELECT * FROM `nb_blog` WHERE ( username="wang" )  [ RunTime:0.0011s ]
INFO: [ view_parse ] --START--
INFO: [ template_filter ] --START--
INFO: Run Behavior\ContentReplaceBehavior [ RunTime:0.000363s ]
INFO: [ template_filter ] --END-- [ RunTime:0.000768s ]
INFO: Run Behavior\ParseTemplateBehavior [ RunTime:0.044184s ]
INFO: [ view_parse ] --END-- [ RunTime:0.044577s ]
INFO: [ view_filter ] --START--
INFO: Run Behavior\WriteHtmlCacheBehavior [ RunTime:0.001384s ]
INFO: [ view_filter ] --END-- [ RunTime:0.001767s ]
INFO: [ app_end ] --START--
INFO: Run Behavior\ShowPageTraceBehavior [ RunTime:0.002448s ]
INFO: [ app_end ] --END-- [ RunTime:0.002994s ]

[ 2016-03-30T22:45:53+08:00 ] 127.0.0.1 /index.php/Blog/Index/index.shtml?u=wang
INFO: [ app_init ] --START--
INFO: Run Behavior\BuildLiteBehavior [ RunTime:0.000080s ]
INFO: [ app_init ] --END-- [ RunTime:0.000485s ]
INFO: [ app_begin ] --START--
INFO: Run Behavior\ReadHtmlCacheBehavior [ RunTime:0.002308s ]
INFO: [ app_begin ] --END-- [ RunTime:0.002755s ]
SQL: SHOW COLUMNS FROM `nb_blog` [ RunTime:0.0085s ]
SQL: SELECT * FROM `nb_blog` WHERE ( username="wang" )  [ RunTime:0.0009s ]
INFO: [ view_parse ] --START--
INFO: [ template_filter ] --START--
INFO: Run Behavior\ContentReplaceBehavior [ RunTime:0.000227s ]
INFO: [ template_filter ] --END-- [ RunTime:0.000544s ]
INFO: Run Behavior\ParseTemplateBehavior [ RunTime:0.033995s ]
INFO: [ view_parse ] --END-- [ RunTime:0.034296s ]
INFO: [ view_filter ] --START--
INFO: Run Behavior\WriteHtmlCacheBehavior [ RunTime:0.001292s ]
INFO: [ view_filter ] --END-- [ RunTime:0.001566s ]
INFO: [ app_end ] --START--
INFO: Run Behavior\ShowPageTraceBehavior [ RunTime:0.001886s ]
INFO: [ app_end ] --END-- [ RunTime:0.002301s ]

[ 2016-03-30T22:46:21+08:00 ] 127.0.0.1 /index.php/Blog/Index/index.shtml?u=wang
INFO: [ app_init ] --START--
INFO: Run Behavior\BuildLiteBehavior [ RunTime:0.000080s ]
INFO: [ app_init ] --END-- [ RunTime:0.000464s ]
INFO: [ app_begin ] --START--
INFO: Run Behavior\ReadHtmlCacheBehavior [ RunTime:0.002278s ]
INFO: [ app_begin ] --END-- [ RunTime:0.002654s ]
SQL: SHOW COLUMNS FROM `nb_blog` [ RunTime:0.0110s ]
SQL: SELECT * FROM `nb_blog` WHERE ( username="wang" )  [ RunTime:0.0011s ]
INFO: [ view_parse ] --START--
INFO: [ template_filter ] --START--
INFO: Run Behavior\ContentReplaceBehavior [ RunTime:0.000344s ]
INFO: [ template_filter ] --END-- [ RunTime:0.000743s ]
INFO: Run Behavior\ParseTemplateBehavior [ RunTime:0.044194s ]
INFO: [ view_parse ] --END-- [ RunTime:0.044642s ]
INFO: [ view_filter ] --START--
INFO: Run Behavior\WriteHtmlCacheBehavior [ RunTime:0.001853s ]
INFO: [ view_filter ] --END-- [ RunTime:0.002224s ]
INFO: [ app_end ] --START--
INFO: Run Behavior\ShowPageTraceBehavior [ RunTime:0.002141s ]
INFO: [ app_end ] --END-- [ RunTime:0.002548s ]

[ 2016-03-30T22:47:11+08:00 ] 127.0.0.1 /index.php/Blog/Index/index.shtml?u=wang
INFO: [ app_init ] --START--
INFO: Run Behavior\BuildLiteBehavior [ RunTime:0.000081s ]
INFO: [ app_init ] --END-- [ RunTime:0.000479s ]
INFO: [ app_begin ] --START--
INFO: Run Behavior\ReadHtmlCacheBehavior [ RunTime:0.002015s ]
INFO: [ app_begin ] --END-- [ RunTime:0.002397s ]
SQL: SHOW COLUMNS FROM `nb_blog` [ RunTime:0.0103s ]
SQL: SELECT * FROM `nb_blog` WHERE ( username="wang" )  [ RunTime:0.0010s ]
INFO: [ view_parse ] --START--
INFO: [ template_filter ] --START--
INFO: Run Behavior\ContentReplaceBehavior [ RunTime:0.000232s ]
INFO: [ template_filter ] --END-- [ RunTime:0.000554s ]
INFO: Run Behavior\ParseTemplateBehavior [ RunTime:0.036640s ]
INFO: [ view_parse ] --END-- [ RunTime:0.037765s ]
INFO: [ view_filter ] --START--
INFO: Run Behavior\WriteHtmlCacheBehavior [ RunTime:0.000899s ]
INFO: [ view_filter ] --END-- [ RunTime:0.001175s ]
INFO: [ app_end ] --START--
INFO: Run Behavior\ShowPageTraceBehavior [ RunTime:0.001591s ]
INFO: [ app_end ] --END-- [ RunTime:0.001870s ]

[ 2016-03-30T22:51:17+08:00 ] 127.0.0.1 /index.php/Blog/Index/index.shtml?u=wang
INFO: [ app_init ] --START--
INFO: Run Behavior\BuildLiteBehavior [ RunTime:0.000082s ]
INFO: [ app_init ] --END-- [ RunTime:0.000547s ]
INFO: [ app_begin ] --START--
INFO: Run Behavior\ReadHtmlCacheBehavior [ RunTime:0.002928s ]
INFO: [ app_begin ] --END-- [ RunTime:0.003325s ]
SQL: SHOW COLUMNS FROM `nb_blog` [ RunTime:0.0123s ]
SQL: SELECT * FROM `nb_blog` WHERE ( username="wang" )  [ RunTime:0.0012s ]
INFO: [ view_parse ] --START--
INFO: [ template_filter ] --START--
INFO: Run Behavior\ContentReplaceBehavior [ RunTime:0.000288s ]
INFO: [ template_filter ] --END-- [ RunTime:0.000689s ]
INFO: Run Behavior\ParseTemplateBehavior [ RunTime:0.042687s ]
INFO: [ view_parse ] --END-- [ RunTime:0.043106s ]
INFO: [ view_filter ] --START--
INFO: Run Behavior\WriteHtmlCacheBehavior [ RunTime:0.001349s ]
INFO: [ view_filter ] --END-- [ RunTime:0.001703s ]
INFO: [ app_end ] --START--
INFO: Run Behavior\ShowPageTraceBehavior [ RunTime:0.002523s ]
INFO: [ app_end ] --END-- [ RunTime:0.002880s ]

[ 2016-03-30T22:53:57+08:00 ] 127.0.0.1 /index.php/Blog/Index/index.shtml?u=wang
INFO: [ app_init ] --START--
INFO: Run Behavior\BuildLiteBehavior [ RunTime:0.000109s ]
INFO: [ app_init ] --END-- [ RunTime:0.000665s ]
INFO: [ app_begin ] --START--
INFO: Run Behavior\ReadHtmlCacheBehavior [ RunTime:0.008120s ]
INFO: [ app_begin ] --END-- [ RunTime:0.009028s ]
SQL: SHOW COLUMNS FROM `nb_blog` [ RunTime:0.0096s ]
SQL: SELECT * FROM `nb_blog` WHERE ( username="wang" )  [ RunTime:0.0010s ]
INFO: [ view_parse ] --START--
INFO: [ template_filter ] --START--
INFO: Run Behavior\ContentReplaceBehavior [ RunTime:0.000293s ]
INFO: [ template_filter ] --END-- [ RunTime:0.000701s ]
INFO: Run Behavior\ParseTemplateBehavior [ RunTime:0.038266s ]
INFO: [ view_parse ] --END-- [ RunTime:0.038805s ]
INFO: [ view_filter ] --START--
INFO: Run Behavior\WriteHtmlCacheBehavior [ RunTime:0.001342s ]
INFO: [ view_filter ] --END-- [ RunTime:0.001838s ]
INFO: [ app_end ] --START--
INFO: Run Behavior\ShowPageTraceBehavior [ RunTime:0.002250s ]
INFO: [ app_end ] --END-- [ RunTime:0.002727s ]

[ 2016-03-30T22:54:24+08:00 ] 127.0.0.1 /index.php/Blog/Index/index.shtml?u=wang
INFO: [ app_init ] --START--
INFO: Run Behavior\BuildLiteBehavior [ RunTime:0.000081s ]
INFO: [ app_init ] --END-- [ RunTime:0.000496s ]
INFO: [ app_begin ] --START--
INFO: Run Behavior\ReadHtmlCacheBehavior [ RunTime:0.002360s ]
INFO: [ app_begin ] --END-- [ RunTime:0.002748s ]
SQL: SHOW COLUMNS FROM `nb_blog` [ RunTime:0.0117s ]
SQL: SELECT * FROM `nb_blog` WHERE ( username="wang" )  [ RunTime:0.0011s ]
INFO: [ view_parse ] --START--
INFO: [ template_filter ] --START--
INFO: Run Behavior\ContentReplaceBehavior [ RunTime:0.000287s ]
INFO: [ template_filter ] --END-- [ RunTime:0.000724s ]
INFO: Run Behavior\ParseTemplateBehavior [ RunTime:0.044818s ]
INFO: [ view_parse ] --END-- [ RunTime:0.045289s ]
INFO: [ view_filter ] --START--
INFO: Run Behavior\WriteHtmlCacheBehavior [ RunTime:0.001458s ]
INFO: [ view_filter ] --END-- [ RunTime:0.001812s ]
INFO: [ app_end ] --START--
INFO: Run Behavior\ShowPageTraceBehavior [ RunTime:0.002178s ]
INFO: [ app_end ] --END-- [ RunTime:0.002581s ]

